2025-11-17 22:45:15.497 [info] Reading sessions from keychain...
2025-11-17 22:45:15.497 [info] Getting sessions for all scopes...
2025-11-17 22:45:15.497 [info] Got stored sessions!
2025-11-17 22:45:15.497 [info] Got 1 verified sessions.
2025-11-17 22:45:15.497 [info] Got 1 sessions for ...
2025-11-17 22:45:15.497 [info] Getting sessions for all scopes...
2025-11-17 22:45:15.497 [info] Got 1 sessions for ...
2025-11-17 22:45:15.497 [info] Getting sessions for all scopes...
2025-11-17 22:45:15.497 [info] Got 1 sessions for ...
2025-11-17 22:45:15.497 [info] Getting sessions for all scopes...
2025-11-17 22:45:15.497 [info] Got 1 sessions for ...
2025-11-17 22:45:15.497 [info] Getting sessions for all scopes...
2025-11-17 22:45:15.497 [info] Got 1 sessions for ...
2025-11-17 22:45:15.497 [info] Getting sessions for all scopes...
2025-11-17 22:45:15.497 [info] Got 1 sessions for ...
2025-11-17 22:45:15.497 [info] Getting sessions for all scopes...
2025-11-17 22:45:15.497 [info] Got 1 sessions for ...
2025-11-17 22:45:15.497 [info] Getting sessions for all scopes...
2025-11-17 22:45:15.497 [info] Got 1 sessions for ...
2025-11-17 22:45:15.497 [info] Getting sessions for all scopes...
2025-11-17 22:45:15.497 [info] Got 1 sessions for ...
2025-11-17 22:45:15.497 [info] Getting sessions for all scopes...
2025-11-17 22:45:15.497 [info] Got 1 sessions for ...
2025-11-17 22:45:15.497 [info] Getting sessions for all scopes...
2025-11-17 22:45:15.497 [info] Got 1 sessions for ...
2025-11-17 22:45:15.497 [info] Getting sessions for all scopes...
2025-11-17 22:45:15.497 [info] Got 1 sessions for ...
2025-11-17 22:45:15.497 [info] Getting sessions for all scopes...
2025-11-17 22:45:15.497 [info] Got 1 sessions for ...
2025-11-17 22:45:15.497 [info] Getting sessions for all scopes...
2025-11-17 22:45:15.497 [info] Got 1 sessions for ...
2025-11-17 22:45:15.497 [info] Getting sessions for all scopes...
2025-11-17 22:45:15.497 [info] Got 1 sessions for ...
2025-11-17 22:45:15.497 [info] Getting sessions for all scopes...
2025-11-17 22:45:15.497 [info] Got 1 sessions for ...
2025-11-17 22:45:15.497 [info] Getting sessions for all scopes...
2025-11-17 22:45:15.497 [info] Got 1 sessions for ...
2025-11-17 22:45:15.497 [info] Getting sessions for all scopes...
2025-11-17 22:45:15.497 [info] Got 1 sessions for ...
2025-11-17 22:45:15.569 [info] Getting sessions for read:user,repo,user:email,workflow...
2025-11-17 22:45:15.569 [info] Got 0 sessions for read:user,repo,user:email,workflow...
2025-11-17 22:45:15.648 [info] Getting sessions for user:email...
2025-11-17 22:45:15.648 [info] Got 1 sessions for user:email...
2025-11-17 22:45:15.650 [info] Getting sessions for read:user,repo,user:email,workflow...
2025-11-17 22:45:15.650 [info] Got 0 sessions for read:user,repo,user:email,workflow...
2025-11-17 22:45:19.032 [info] Getting sessions for all scopes...
2025-11-17 22:45:19.032 [info] Got 1 sessions for ...
2025-11-17 22:45:19.034 [info] Getting sessions for all scopes...
2025-11-17 22:45:19.034 [info] Got 1 sessions for ...
2025-11-17 22:45:19.034 [info] Getting sessions for all scopes...
2025-11-17 22:45:19.034 [info] Got 1 sessions for ...
2025-11-17 22:45:19.117 [info] Getting sessions for all scopes...
2025-11-17 22:45:19.117 [info] Got 1 sessions for ...
2025-11-17 22:45:19.403 [info] Getting sessions for read:user,repo,user:email,workflow...
2025-11-17 22:45:19.403 [info] Got 0 sessions for read:user,repo,user:email,workflow...
2025-11-17 22:45:19.779 [info] Getting sessions for all scopes...
2025-11-17 22:45:19.779 [info] Got 1 sessions for ...
2025-11-17 22:45:19.803 [info] Getting sessions for all scopes...
2025-11-17 22:45:19.803 [info] Got 1 sessions for ...
2025-11-17 22:45:19.803 [info] Getting sessions for read:user,repo,user:email,workflow...
2025-11-17 22:45:19.803 [info] Got 0 sessions for read:user,repo,user:email,workflow...
2025-11-17 22:45:19.806 [info] FetcherService: Electron fetch failed with status: 429 
2025-11-17 22:45:19.837 [info] Getting sessions for user:email...
2025-11-17 22:45:19.837 [info] Got 1 sessions for user:email...
2025-11-17 22:45:19.837 [info] Getting sessions for read:user,repo,user:email,workflow...
2025-11-17 22:45:19.837 [info] Got 0 sessions for read:user,repo,user:email,workflow...
2025-11-17 22:45:19.915 [info] Getting sessions for read:user,repo,user:email,workflow...
2025-11-17 22:45:19.915 [info] Got 0 sessions for read:user,repo,user:email,workflow...
2025-11-17 22:45:19.941 [info] Getting sessions for read:user...
2025-11-17 22:45:19.942 [info] Got 0 sessions for read:user...
2025-11-17 22:45:20.192 [info] Getting sessions for user:email...
2025-11-17 22:45:20.192 [info] Got 1 sessions for user:email...
2025-11-17 22:45:20.392 [info] Getting sessions for read:user,repo,user:email,workflow...
2025-11-17 22:45:20.392 [info] Got 0 sessions for read:user,repo,user:email,workflow...
2025-11-17 22:45:20.561 [info] Getting sessions for all scopes...
2025-11-17 22:45:20.561 [info] Got 1 sessions for ...
2025-11-17 22:45:20.561 [info] Getting sessions for all scopes...
2025-11-17 22:45:20.561 [info] Got 1 sessions for ...
2025-11-17 22:45:20.606 [info] Getting sessions for read:user,repo,user:email,workflow...
2025-11-17 22:45:20.606 [info] Got 0 sessions for read:user,repo,user:email,workflow...
2025-11-17 22:45:20.608 [info] Getting sessions for user:email...
2025-11-17 22:45:20.608 [info] Got 1 sessions for user:email...
2025-11-17 22:45:20.608 [info] Getting sessions for read:user,repo,user:email,workflow...
2025-11-17 22:45:20.608 [info] Got 0 sessions for read:user,repo,user:email,workflow...
2025-11-17 22:45:20.765 [info] Getting sessions for all scopes...
2025-11-17 22:45:20.765 [info] Got 1 sessions for ...
2025-11-17 22:45:20.773 [info] Getting sessions for all scopes...
2025-11-17 22:45:20.773 [info] Got 1 sessions for ...
2025-11-17 22:45:20.773 [info] Getting sessions for all scopes...
2025-11-17 22:45:20.773 [info] Got 1 sessions for ...
2025-11-17 22:45:20.775 [info] Getting sessions for all scopes...
2025-11-17 22:45:20.775 [info] Got 1 sessions for ...
2025-11-17 22:45:20.797 [info] Getting sessions for read:user,repo,user:email,workflow...
2025-11-17 22:45:20.797 [info] Got 0 sessions for read:user,repo,user:email,workflow...
2025-11-17 22:45:20.804 [info] Getting sessions for user:email...
2025-11-17 22:45:20.805 [info] Got 1 sessions for user:email...
2025-11-17 22:45:20.805 [info] Getting sessions for read:user,repo,user:email,workflow...
2025-11-17 22:45:20.805 [info] Got 0 sessions for read:user,repo,user:email,workflow...
2025-11-17 22:45:20.814 [info] Getting sessions for all scopes...
2025-11-17 22:45:20.814 [info] Got 1 sessions for ...
2025-11-17 22:45:20.816 [info] Getting sessions for read:user,repo,user:email,workflow...
2025-11-17 22:45:20.816 [info] Got 0 sessions for read:user,repo,user:email,workflow...
2025-11-17 22:45:20.820 [info] Getting sessions for user:email...
2025-11-17 22:45:20.820 [info] Got 1 sessions for user:email...
2025-11-17 22:45:20.840 [info] FetcherService: Node fetch failed with status: 429 Too Many Requests
2025-11-17 22:45:21.726 [info] FetcherService: Node http/s failed with status: 429 Too Many Requests
2025-11-17 22:47:41.149 [info] Getting sessions for all scopes...
2025-11-17 22:47:41.149 [info] Got 1 sessions for ...
2025-11-17 22:47:41.150 [info] Getting sessions for read:user,repo,user:email,workflow...
2025-11-17 22:47:41.150 [info] Got 0 sessions for read:user,repo,user:email,workflow...
2025-11-17 22:47:41.151 [info] Getting sessions for read:user,repo,user:email,workflow...
2025-11-17 22:47:41.151 [info] Got 0 sessions for read:user,repo,user:email,workflow...
2025-11-17 22:47:41.152 [info] Getting sessions for all scopes...
2025-11-17 22:47:41.152 [info] Got 1 sessions for ...
2025-11-17 22:47:41.158 [info] Getting sessions for read:user,repo,user:email,workflow...
2025-11-17 22:47:41.158 [info] Got 0 sessions for read:user,repo,user:email,workflow...
2025-11-17 22:47:41.159 [info] Getting sessions for user:email...
2025-11-17 22:47:41.159 [info] Got 1 sessions for user:email...
2025-11-17 22:47:42.340 [info] Getting sessions for all scopes...
2025-11-17 22:47:42.340 [info] Got 1 sessions for ...
2025-11-17 22:47:42.340 [info] Getting sessions for all scopes...
2025-11-17 22:47:42.340 [info] Got 1 sessions for ...
2025-11-17 22:47:42.358 [info] Getting sessions for read:user,repo,user:email,workflow...
2025-11-17 22:47:42.358 [info] Got 0 sessions for read:user,repo,user:email,workflow...
2025-11-17 22:47:42.364 [info] Getting sessions for user:email...
2025-11-17 22:47:42.364 [info] Got 1 sessions for user:email...
2025-11-17 22:47:42.365 [info] Getting sessions for read:user,repo,user:email,workflow...
2025-11-17 22:47:42.365 [info] Got 0 sessions for read:user,repo,user:email,workflow...
2025-11-17 22:47:42.370 [info] Getting sessions for all scopes...
2025-11-17 22:47:42.370 [info] Got 1 sessions for ...
2025-11-17 22:47:42.373 [info] Getting sessions for read:user,repo,user:email,workflow...
2025-11-17 22:47:42.373 [info] Got 0 sessions for read:user,repo,user:email,workflow...
2025-11-17 22:47:42.374 [info] Getting sessions for user:email...
2025-11-17 22:47:42.374 [info] Got 1 sessions for user:email...
2025-11-17 22:47:43.168 [info] Getting sessions for all scopes...
2025-11-17 22:47:43.168 [info] Got 1 sessions for ...
2025-11-17 22:47:43.168 [info] Getting sessions for all scopes...
2025-11-17 22:47:43.168 [info] Got 1 sessions for ...
2025-11-17 22:47:43.171 [info] Getting sessions for read:user,repo,user:email,workflow...
2025-11-17 22:47:43.171 [info] Got 0 sessions for read:user,repo,user:email,workflow...
2025-11-17 22:47:43.173 [info] Getting sessions for user:email...
2025-11-17 22:47:43.173 [info] Got 1 sessions for user:email...
2025-11-17 22:47:43.173 [info] Getting sessions for read:user,repo,user:email,workflow...
2025-11-17 22:47:43.174 [info] Got 0 sessions for read:user,repo,user:email,workflow...
2025-11-17 22:47:43.240 [info] Getting sessions for all scopes...
2025-11-17 22:47:43.240 [info] Got 1 sessions for ...
2025-11-17 22:47:43.243 [info] Getting sessions for read:user,repo,user:email,workflow...
2025-11-17 22:47:43.243 [info] Got 0 sessions for read:user,repo,user:email,workflow...
2025-11-17 22:47:43.246 [info] Getting sessions for user:email...
2025-11-17 22:47:43.246 [info] Got 1 sessions for user:email...
2025-11-17 22:47:44.119 [info] Getting sessions for all scopes...
2025-11-17 22:47:44.119 [info] Got 1 sessions for ...
2025-11-17 22:47:44.119 [info] Getting sessions for all scopes...
2025-11-17 22:47:44.119 [info] Got 1 sessions for ...
2025-11-17 22:47:44.121 [info] Getting sessions for read:user,repo,user:email,workflow...
2025-11-17 22:47:44.121 [info] Got 0 sessions for read:user,repo,user:email,workflow...
2025-11-17 22:47:44.124 [info] Getting sessions for user:email...
2025-11-17 22:47:44.124 [info] Got 1 sessions for user:email...
2025-11-17 22:57:11.447 [info] Getting sessions for all scopes...
2025-11-17 22:57:11.447 [info] Got 1 sessions for ...
2025-11-17 22:57:11.450 [info] Getting sessions for read:user,repo,user:email,workflow...
2025-11-17 22:57:11.450 [info] Got 0 sessions for read:user,repo,user:email,workflow...
2025-11-17 22:57:11.452 [info] Getting sessions for read:user,repo,user:email,workflow...
2025-11-17 22:57:11.452 [info] Got 0 sessions for read:user,repo,user:email,workflow...
2025-11-17 22:57:11.454 [info] Getting sessions for all scopes...
2025-11-17 22:57:11.454 [info] Got 1 sessions for ...
2025-11-17 22:57:11.455 [info] Getting sessions for read:user,repo,user:email,workflow...
2025-11-17 22:57:11.455 [info] Got 0 sessions for read:user,repo,user:email,workflow...
2025-11-17 22:57:11.457 [info] Getting sessions for user:email...
2025-11-17 22:57:11.457 [info] Got 1 sessions for user:email...
2025-11-17 22:57:12.604 [info] Getting sessions for all scopes...
2025-11-17 22:57:12.604 [info] Got 1 sessions for ...
2025-11-17 22:57:12.610 [info] Getting sessions for all scopes...
2025-11-17 22:57:12.610 [info] Got 1 sessions for ...
2025-11-17 22:57:12.611 [info] Getting sessions for read:user,repo,user:email,workflow...
2025-11-17 22:57:12.611 [info] Got 0 sessions for read:user,repo,user:email,workflow...
2025-11-17 22:57:12.612 [info] Getting sessions for user:email...
2025-11-17 22:57:12.612 [info] Got 1 sessions for user:email...
2025-11-17 22:57:12.613 [info] Getting sessions for read:user,repo,user:email,workflow...
2025-11-17 22:57:12.613 [info] Got 0 sessions for read:user,repo,user:email,workflow...
2025-11-17 22:57:12.618 [info] Getting sessions for all scopes...
2025-11-17 22:57:12.618 [info] Got 1 sessions for ...
2025-11-17 22:57:12.620 [info] Getting sessions for read:user,repo,user:email,workflow...
2025-11-17 22:57:12.620 [info] Got 0 sessions for read:user,repo,user:email,workflow...
2025-11-17 22:57:12.620 [info] Getting sessions for user:email...
2025-11-17 22:57:12.620 [info] Got 1 sessions for user:email...
2025-11-17 22:57:13.083 [info] Getting sessions for all scopes...
2025-11-17 22:57:13.083 [info] Got 1 sessions for ...
2025-11-17 22:57:13.086 [info] Getting sessions for read:user,repo,user:email,workflow...
2025-11-17 22:57:13.087 [info] Got 0 sessions for read:user,repo,user:email,workflow...
2025-11-17 22:57:13.088 [info] Getting sessions for user:email...
2025-11-17 22:57:13.088 [info] Got 1 sessions for user:email...
2025-11-17 23:23:56.600 [info] Getting sessions for all scopes...
2025-11-17 23:23:56.601 [info] Got 1 sessions for ...
2025-11-17 23:23:56.603 [info] Getting sessions for read:user,repo,user:email,workflow...
2025-11-17 23:23:56.603 [info] Got 0 sessions for read:user,repo,user:email,workflow...
2025-11-17 23:23:56.605 [info] Getting sessions for user:email...
2025-11-17 23:23:56.605 [info] Got 1 sessions for user:email...
2025-11-17 23:23:57.196 [info] Getting sessions for all scopes...
2025-11-17 23:23:57.196 [info] Got 1 sessions for ...
2025-11-17 23:23:57.196 [info] Getting sessions for all scopes...
2025-11-17 23:23:57.196 [info] Got 1 sessions for ...
2025-11-17 23:23:57.198 [info] Getting sessions for read:user,repo,user:email,workflow...
2025-11-17 23:23:57.198 [info] Got 0 sessions for read:user,repo,user:email,workflow...
2025-11-17 23:23:57.199 [info] Getting sessions for user:email...
2025-11-17 23:23:57.199 [info] Got 1 sessions for user:email...
2025-11-17 23:23:57.199 [info] Getting sessions for read:user,repo,user:email,workflow...
2025-11-17 23:23:57.199 [info] Got 0 sessions for read:user,repo,user:email,workflow...
2025-11-17 23:23:57.207 [info] Getting sessions for all scopes...
2025-11-17 23:23:57.207 [info] Got 1 sessions for ...
2025-11-17 23:23:57.208 [info] Getting sessions for read:user,repo,user:email,workflow...
2025-11-17 23:23:57.208 [info] Got 0 sessions for read:user,repo,user:email,workflow...
2025-11-17 23:23:57.209 [info] Getting sessions for read:user,repo,user:email,workflow...
2025-11-17 23:23:57.209 [info] Got 0 sessions for read:user,repo,user:email,workflow...
2025-11-17 23:23:57.210 [info] Getting sessions for all scopes...
2025-11-17 23:23:57.210 [info] Got 1 sessions for ...
2025-11-17 23:23:57.211 [info] Getting sessions for read:user,repo,user:email,workflow...
2025-11-17 23:23:57.211 [info] Got 0 sessions for read:user,repo,user:email,workflow...
2025-11-17 23:23:57.211 [info] Getting sessions for user:email...
2025-11-17 23:23:57.211 [info] Got 1 sessions for user:email...
2025-11-17 23:24:33.460 [info] Getting sessions for all scopes...
2025-11-17 23:24:33.460 [info] Got 1 sessions for ...
2025-11-17 23:24:33.503 [info] Getting sessions for read:user,repo,user:email,workflow...
2025-11-17 23:24:33.503 [info] Got 0 sessions for read:user,repo,user:email,workflow...
2025-11-17 23:24:33.541 [info] Getting sessions for read:user,repo,user:email,workflow...
2025-11-17 23:24:33.541 [info] Got 0 sessions for read:user,repo,user:email,workflow...
2025-11-17 23:24:33.543 [info] Getting sessions for all scopes...
2025-11-17 23:24:33.543 [info] Got 1 sessions for ...
2025-11-17 23:24:33.544 [info] Getting sessions for read:user,repo,user:email,workflow...
2025-11-17 23:24:33.544 [info] Got 0 sessions for read:user,repo,user:email,workflow...
2025-11-17 23:24:33.545 [info] Getting sessions for user:email...
2025-11-17 23:24:33.545 [info] Got 1 sessions for user:email...
2025-11-17 23:25:00.431 [info] Getting sessions for all scopes...
2025-11-17 23:25:00.431 [info] Got 1 sessions for ...
2025-11-17 23:25:00.439 [info] Getting sessions for read:user,repo,user:email,workflow...
2025-11-17 23:25:00.439 [info] Got 0 sessions for read:user,repo,user:email,workflow...
2025-11-17 23:25:00.440 [info] Getting sessions for read:user,repo,user:email,workflow...
2025-11-17 23:25:00.440 [info] Got 0 sessions for read:user,repo,user:email,workflow...
2025-11-17 23:25:00.441 [info] Getting sessions for all scopes...
2025-11-17 23:25:00.441 [info] Got 1 sessions for ...
2025-11-17 23:25:00.442 [info] Getting sessions for read:user,repo,user:email,workflow...
2025-11-17 23:25:00.442 [info] Got 0 sessions for read:user,repo,user:email,workflow...
2025-11-17 23:25:00.443 [info] Getting sessions for user:email...
2025-11-17 23:25:00.443 [info] Got 1 sessions for user:email...
2025-11-17 23:25:02.136 [info] Getting sessions for all scopes...
2025-11-17 23:25:02.137 [info] Got 1 sessions for ...
2025-11-17 23:25:02.137 [info] Getting sessions for all scopes...
2025-11-17 23:25:02.137 [info] Got 1 sessions for ...
2025-11-17 23:25:02.138 [info] Getting sessions for read:user,repo,user:email,workflow...
2025-11-17 23:25:02.138 [info] Got 0 sessions for read:user,repo,user:email,workflow...
2025-11-17 23:25:02.140 [info] Getting sessions for user:email...
2025-11-17 23:25:02.140 [info] Got 1 sessions for user:email...
2025-11-17 23:25:02.140 [info] Getting sessions for read:user,repo,user:email,workflow...
2025-11-17 23:25:02.140 [info] Got 0 sessions for read:user,repo,user:email,workflow...
2025-11-17 23:25:02.150 [info] Getting sessions for all scopes...
2025-11-17 23:25:02.150 [info] Got 1 sessions for ...
2025-11-17 23:25:02.151 [info] Getting sessions for read:user,repo,user:email,workflow...
2025-11-17 23:25:02.151 [info] Got 0 sessions for read:user,repo,user:email,workflow...
2025-11-17 23:25:02.152 [info] Getting sessions for user:email...
2025-11-17 23:25:02.152 [info] Got 1 sessions for user:email...
2025-11-17 23:25:02.590 [info] Getting sessions for all scopes...
2025-11-17 23:25:02.590 [info] Got 1 sessions for ...
2025-11-17 23:25:02.593 [info] Getting sessions for read:user,repo,user:email,workflow...
2025-11-17 23:25:02.593 [info] Got 0 sessions for read:user,repo,user:email,workflow...
2025-11-17 23:25:02.595 [info] Getting sessions for user:email...
2025-11-17 23:25:02.595 [info] Got 1 sessions for user:email...
2025-11-17 23:52:43.197 [info] Getting sessions for all scopes...
2025-11-17 23:52:43.197 [info] Got 1 sessions for ...
2025-11-17 23:52:43.582 [info] Getting sessions for read:user,repo,user:email,workflow...
2025-11-17 23:52:43.582 [info] Got 0 sessions for read:user,repo,user:email,workflow...
2025-11-17 23:52:43.583 [info] Getting sessions for user:email...
2025-11-17 23:52:43.583 [info] Got 1 sessions for user:email...
2025-11-17 23:52:44.583 [info] Getting sessions for all scopes...
2025-11-17 23:52:44.583 [info] Got 1 sessions for ...
2025-11-17 23:52:44.584 [info] Getting sessions for all scopes...
2025-11-17 23:52:44.584 [info] Got 1 sessions for ...
2025-11-17 23:52:44.589 [info] Getting sessions for read:user,repo,user:email,workflow...
2025-11-17 23:52:44.589 [info] Got 0 sessions for read:user,repo,user:email,workflow...
2025-11-17 23:52:44.592 [info] Getting sessions for user:email...
2025-11-17 23:52:44.592 [info] Got 1 sessions for user:email...
2025-11-17 23:52:44.593 [info] Getting sessions for read:user,repo,user:email,workflow...
2025-11-17 23:52:44.593 [info] Got 0 sessions for read:user,repo,user:email,workflow...
2025-11-17 23:52:44.615 [info] Getting sessions for all scopes...
2025-11-17 23:52:44.615 [info] Got 1 sessions for ...
2025-11-17 23:52:44.617 [info] Getting sessions for read:user,repo,user:email,workflow...
2025-11-17 23:52:44.617 [info] Got 0 sessions for read:user,repo,user:email,workflow...
2025-11-17 23:52:44.619 [info] Getting sessions for read:user,repo,user:email,workflow...
2025-11-17 23:52:44.619 [info] Got 0 sessions for read:user,repo,user:email,workflow...
2025-11-17 23:52:44.623 [info] Getting sessions for all scopes...
2025-11-17 23:52:44.623 [info] Got 1 sessions for ...
2025-11-17 23:52:44.625 [info] Getting sessions for read:user,repo,user:email,workflow...
2025-11-17 23:52:44.625 [info] Got 0 sessions for read:user,repo,user:email,workflow...
2025-11-17 23:52:44.626 [info] Getting sessions for user:email...
2025-11-17 23:52:44.626 [info] Got 1 sessions for user:email...
2025-11-17 23:52:45.977 [info] Getting sessions for all scopes...
2025-11-17 23:52:45.977 [info] Got 1 sessions for ...
2025-11-17 23:52:45.978 [info] Getting sessions for read:user,repo,user:email,workflow...
2025-11-17 23:52:45.979 [info] Got 0 sessions for read:user,repo,user:email,workflow...
2025-11-17 23:52:45.980 [info] Getting sessions for read:user,repo,user:email,workflow...
2025-11-17 23:52:45.980 [info] Got 0 sessions for read:user,repo,user:email,workflow...
2025-11-17 23:52:45.981 [info] Getting sessions for all scopes...
2025-11-17 23:52:45.981 [info] Got 1 sessions for ...
2025-11-17 23:52:45.983 [info] Getting sessions for read:user,repo,user:email,workflow...
2025-11-17 23:52:45.983 [info] Got 0 sessions for read:user,repo,user:email,workflow...
2025-11-17 23:52:45.984 [info] Getting sessions for user:email...
2025-11-17 23:52:45.984 [info] Got 1 sessions for user:email...
2025-11-17 23:52:47.751 [info] Getting sessions for all scopes...
2025-11-17 23:52:47.751 [info] Got 1 sessions for ...
2025-11-17 23:52:47.761 [info] Getting sessions for all scopes...
2025-11-17 23:52:47.761 [info] Got 1 sessions for ...
2025-11-17 23:52:47.763 [info] Getting sessions for read:user,repo,user:email,workflow...
2025-11-17 23:52:47.763 [info] Got 0 sessions for read:user,repo,user:email,workflow...
2025-11-17 23:52:47.770 [info] Getting sessions for user:email...
2025-11-17 23:52:47.770 [info] Got 1 sessions for user:email...
2025-11-17 23:52:47.770 [info] Getting sessions for read:user,repo,user:email,workflow...
2025-11-17 23:52:47.770 [info] Got 0 sessions for read:user,repo,user:email,workflow...
2025-11-17 23:52:47.774 [info] Getting sessions for all scopes...
2025-11-17 23:52:47.774 [info] Got 1 sessions for ...
2025-11-17 23:52:47.775 [info] Getting sessions for read:user,repo,user:email,workflow...
2025-11-17 23:52:47.775 [info] Got 0 sessions for read:user,repo,user:email,workflow...
2025-11-17 23:52:47.776 [info] Getting sessions for user:email...
2025-11-17 23:52:47.776 [info] Got 1 sessions for user:email...
2025-11-17 23:52:48.980 [info] Getting sessions for all scopes...
2025-11-17 23:52:48.980 [info] Got 1 sessions for ...
2025-11-17 23:52:48.981 [info] Getting sessions for read:user,repo,user:email,workflow...
2025-11-17 23:52:48.981 [info] Got 0 sessions for read:user,repo,user:email,workflow...
2025-11-17 23:52:48.983 [info] Getting sessions for user:email...
2025-11-17 23:52:48.983 [info] Got 1 sessions for user:email...
2025-11-18 00:14:43.011 [info] Getting sessions for all scopes...
2025-11-18 00:14:43.021 [info] Got 1 sessions for ...
2025-11-18 00:14:43.346 [info] Getting sessions for read:user,repo,user:email,workflow...
2025-11-18 00:14:43.346 [info] Got 0 sessions for read:user,repo,user:email,workflow...
2025-11-18 00:14:43.351 [info] Getting sessions for user:email...
2025-11-18 00:14:43.351 [info] Got 1 sessions for user:email...
2025-11-18 00:14:44.482 [info] Getting sessions for all scopes...
2025-11-18 00:14:44.482 [info] Got 1 sessions for ...
2025-11-18 00:14:44.482 [info] Getting sessions for all scopes...
2025-11-18 00:14:44.482 [info] Got 1 sessions for ...
2025-11-18 00:14:44.495 [info] Getting sessions for read:user,repo,user:email,workflow...
2025-11-18 00:14:44.495 [info] Got 0 sessions for read:user,repo,user:email,workflow...
2025-11-18 00:14:44.500 [info] Getting sessions for user:email...
2025-11-18 00:14:44.500 [info] Got 1 sessions for user:email...
2025-11-18 00:14:44.501 [info] Getting sessions for read:user,repo,user:email,workflow...
2025-11-18 00:14:44.501 [info] Got 0 sessions for read:user,repo,user:email,workflow...
2025-11-18 00:14:44.517 [info] Getting sessions for all scopes...
2025-11-18 00:14:44.517 [info] Got 1 sessions for ...
2025-11-18 00:14:44.519 [info] Getting sessions for read:user,repo,user:email,workflow...
2025-11-18 00:14:44.519 [info] Got 0 sessions for read:user,repo,user:email,workflow...
2025-11-18 00:14:44.521 [info] Getting sessions for read:user,repo,user:email,workflow...
2025-11-18 00:14:44.521 [info] Got 0 sessions for read:user,repo,user:email,workflow...
2025-11-18 00:14:44.526 [info] Getting sessions for all scopes...
2025-11-18 00:14:44.526 [info] Got 1 sessions for ...
2025-11-18 00:14:44.528 [info] Getting sessions for read:user,repo,user:email,workflow...
2025-11-18 00:14:44.528 [info] Got 0 sessions for read:user,repo,user:email,workflow...
2025-11-18 00:14:44.532 [info] Getting sessions for user:email...
2025-11-18 00:14:44.532 [info] Got 1 sessions for user:email...
2025-11-18 00:15:03.656 [info] Getting sessions for all scopes...
2025-11-18 00:15:03.656 [info] Got 1 sessions for ...
2025-11-18 00:15:03.670 [info] Getting sessions for read:user,repo,user:email,workflow...
2025-11-18 00:15:03.670 [info] Got 0 sessions for read:user,repo,user:email,workflow...
2025-11-18 00:15:03.672 [info] Getting sessions for read:user,repo,user:email,workflow...
2025-11-18 00:15:03.672 [info] Got 0 sessions for read:user,repo,user:email,workflow...
2025-11-18 00:15:03.674 [info] Getting sessions for all scopes...
2025-11-18 00:15:03.674 [info] Got 1 sessions for ...
2025-11-18 00:15:03.675 [info] Getting sessions for read:user,repo,user:email,workflow...
2025-11-18 00:15:03.675 [info] Got 0 sessions for read:user,repo,user:email,workflow...
2025-11-18 00:15:03.681 [info] Getting sessions for user:email...
2025-11-18 00:15:03.681 [info] Got 1 sessions for user:email...
2025-11-18 00:15:04.968 [info] Getting sessions for all scopes...
2025-11-18 00:15:04.968 [info] Got 1 sessions for ...
2025-11-18 00:15:05.005 [info] Getting sessions for read:user,repo,user:email,workflow...
2025-11-18 00:15:05.005 [info] Got 0 sessions for read:user,repo,user:email,workflow...
2025-11-18 00:15:05.006 [info] Getting sessions for all scopes...
2025-11-18 00:15:05.006 [info] Got 1 sessions for ...
2025-11-18 00:15:05.072 [info] Getting sessions for user:email...
2025-11-18 00:15:05.072 [info] Got 1 sessions for user:email...
2025-11-18 00:15:05.072 [info] Getting sessions for read:user,repo,user:email,workflow...
2025-11-18 00:15:05.072 [info] Got 0 sessions for read:user,repo,user:email,workflow...
2025-11-18 00:15:05.075 [info] Getting sessions for read:user,repo,user:email,workflow...
2025-11-18 00:15:05.075 [info] Got 0 sessions for read:user,repo,user:email,workflow...
2025-11-18 00:15:05.080 [info] Getting sessions for all scopes...
2025-11-18 00:15:05.080 [info] Got 1 sessions for ...
2025-11-18 00:15:05.081 [info] Getting sessions for read:user,repo,user:email,workflow...
2025-11-18 00:15:05.081 [info] Got 0 sessions for read:user,repo,user:email,workflow...
2025-11-18 00:15:05.082 [info] Getting sessions for user:email...
2025-11-18 00:15:05.082 [info] Got 1 sessions for user:email...
2025-11-18 00:15:05.910 [info] Getting sessions for all scopes...
2025-11-18 00:15:05.910 [info] Got 1 sessions for ...
2025-11-18 00:15:05.914 [info] Getting sessions for read:user,repo,user:email,workflow...
2025-11-18 00:15:05.914 [info] Got 0 sessions for read:user,repo,user:email,workflow...
2025-11-18 00:15:05.916 [info] Getting sessions for user:email...
2025-11-18 00:15:05.916 [info] Got 1 sessions for user:email...
2025-11-18 09:22:20.176 [info] Getting sessions for all scopes...
2025-11-18 09:22:20.186 [info] Got 1 sessions for ...
2025-11-18 09:22:20.356 [info] Getting sessions for read:user,repo,user:email,workflow...
2025-11-18 09:22:20.356 [info] Got 0 sessions for read:user,repo,user:email,workflow...
2025-11-18 09:22:20.372 [info] Getting sessions for user:email...
2025-11-18 09:22:20.372 [info] Got 1 sessions for user:email...
2025-11-18 09:22:21.243 [info] Getting sessions for all scopes...
2025-11-18 09:22:21.243 [info] Got 1 sessions for ...
2025-11-18 09:22:21.244 [info] Getting sessions for all scopes...
2025-11-18 09:22:21.244 [info] Got 1 sessions for ...
2025-11-18 09:22:21.256 [info] Getting sessions for read:user,repo,user:email,workflow...
2025-11-18 09:22:21.256 [info] Got 0 sessions for read:user,repo,user:email,workflow...
2025-11-18 09:22:21.287 [info] Getting sessions for user:email...
2025-11-18 09:22:21.287 [info] Got 1 sessions for user:email...
2025-11-18 09:22:21.287 [info] Getting sessions for read:user,repo,user:email,workflow...
2025-11-18 09:22:21.287 [info] Got 0 sessions for read:user,repo,user:email,workflow...
2025-11-18 09:22:21.324 [info] Getting sessions for all scopes...
2025-11-18 09:22:21.324 [info] Got 1 sessions for ...
2025-11-18 09:22:21.344 [info] Getting sessions for read:user,repo,user:email,workflow...
2025-11-18 09:22:21.344 [info] Got 0 sessions for read:user,repo,user:email,workflow...
2025-11-18 09:22:21.456 [info] Getting sessions for read:user,repo,user:email,workflow...
2025-11-18 09:22:21.456 [info] Got 0 sessions for read:user,repo,user:email,workflow...
2025-11-18 09:22:21.515 [info] Getting sessions for all scopes...
2025-11-18 09:22:21.516 [info] Got 1 sessions for ...
2025-11-18 09:22:21.519 [info] Getting sessions for read:user,repo,user:email,workflow...
2025-11-18 09:22:21.519 [info] Got 0 sessions for read:user,repo,user:email,workflow...
2025-11-18 09:22:21.521 [info] Getting sessions for user:email...
2025-11-18 09:22:21.522 [info] Got 1 sessions for user:email...
2025-11-18 09:29:28.547 [info] Getting sessions for all scopes...
2025-11-18 09:29:28.547 [info] Got 1 sessions for ...
2025-11-18 09:29:28.666 [info] Getting sessions for read:user,repo,user:email,workflow...
2025-11-18 09:29:28.666 [info] Got 0 sessions for read:user,repo,user:email,workflow...
2025-11-18 09:29:28.706 [info] Getting sessions for read:user,repo,user:email,workflow...
2025-11-18 09:29:28.706 [info] Got 0 sessions for read:user,repo,user:email,workflow...
2025-11-18 09:29:28.707 [info] Getting sessions for all scopes...
2025-11-18 09:29:28.707 [info] Got 1 sessions for ...
2025-11-18 09:29:28.709 [info] Getting sessions for read:user,repo,user:email,workflow...
2025-11-18 09:29:28.709 [info] Got 0 sessions for read:user,repo,user:email,workflow...
2025-11-18 09:29:28.714 [info] Getting sessions for user:email...
2025-11-18 09:29:28.714 [info] Got 1 sessions for user:email...
2025-11-18 09:55:56.401 [info] Getting sessions for all scopes...
2025-11-18 09:55:56.411 [info] Got 1 sessions for ...
2025-11-18 09:55:56.413 [info] Getting sessions for read:user,repo,user:email,workflow...
2025-11-18 09:55:56.413 [info] Got 0 sessions for read:user,repo,user:email,workflow...
2025-11-18 09:55:56.414 [info] Getting sessions for user:email...
2025-11-18 09:55:56.414 [info] Got 1 sessions for user:email...
2025-11-18 09:55:57.165 [info] Getting sessions for all scopes...
2025-11-18 09:55:57.165 [info] Got 1 sessions for ...
2025-11-18 09:55:57.165 [info] Getting sessions for all scopes...
2025-11-18 09:55:57.165 [info] Got 1 sessions for ...
2025-11-18 09:55:57.168 [info] Getting sessions for read:user,repo,user:email,workflow...
2025-11-18 09:55:57.168 [info] Got 0 sessions for read:user,repo,user:email,workflow...
2025-11-18 09:55:57.170 [info] Getting sessions for user:email...
2025-11-18 09:55:57.170 [info] Got 1 sessions for user:email...
2025-11-18 09:55:57.171 [info] Getting sessions for read:user,repo,user:email,workflow...
2025-11-18 09:55:57.171 [info] Got 0 sessions for read:user,repo,user:email,workflow...
2025-11-18 09:55:57.186 [info] Getting sessions for all scopes...
2025-11-18 09:55:57.186 [info] Got 1 sessions for ...
2025-11-18 09:55:57.188 [info] Getting sessions for read:user,repo,user:email,workflow...
2025-11-18 09:55:57.188 [info] Got 0 sessions for read:user,repo,user:email,workflow...
2025-11-18 09:55:57.192 [info] Getting sessions for read:user,repo,user:email,workflow...
2025-11-18 09:55:57.192 [info] Got 0 sessions for read:user,repo,user:email,workflow...
2025-11-18 09:55:57.196 [info] Getting sessions for all scopes...
2025-11-18 09:55:57.196 [info] Got 1 sessions for ...
2025-11-18 09:55:57.198 [info] Getting sessions for read:user,repo,user:email,workflow...
2025-11-18 09:55:57.198 [info] Got 0 sessions for read:user,repo,user:email,workflow...
2025-11-18 09:55:57.200 [info] Getting sessions for user:email...
2025-11-18 09:55:57.200 [info] Got 1 sessions for user:email...
2025-11-18 09:56:01.320 [info] Getting sessions for all scopes...
2025-11-18 09:56:01.320 [info] Got 1 sessions for ...
2025-11-18 09:56:01.338 [info] Getting sessions for read:user,repo,user:email,workflow...
2025-11-18 09:56:01.338 [info] Got 0 sessions for read:user,repo,user:email,workflow...
2025-11-18 09:56:01.340 [info] Getting sessions for read:user,repo,user:email,workflow...
2025-11-18 09:56:01.340 [info] Got 0 sessions for read:user,repo,user:email,workflow...
2025-11-18 09:56:01.342 [info] Getting sessions for all scopes...
2025-11-18 09:56:01.342 [info] Got 1 sessions for ...
2025-11-18 09:56:01.344 [info] Getting sessions for read:user,repo,user:email,workflow...
2025-11-18 09:56:01.344 [info] Got 0 sessions for read:user,repo,user:email,workflow...
2025-11-18 09:56:01.345 [info] Getting sessions for user:email...
2025-11-18 09:56:01.345 [info] Got 1 sessions for user:email...
2025-11-18 09:56:03.551 [info] Getting sessions for all scopes...
2025-11-18 09:56:03.551 [info] Got 1 sessions for ...
2025-11-18 09:56:03.554 [info] Getting sessions for read:user,repo,user:email,workflow...
2025-11-18 09:56:03.554 [info] Got 0 sessions for read:user,repo,user:email,workflow...
2025-11-18 09:56:03.556 [info] Getting sessions for user:email...
2025-11-18 09:56:03.556 [info] Got 1 sessions for user:email...
2025-11-18 09:56:03.568 [info] Getting sessions for all scopes...
2025-11-18 09:56:03.568 [info] Got 1 sessions for ...
2025-11-18 09:56:03.572 [info] Getting sessions for read:user,repo,user:email,workflow...
2025-11-18 09:56:03.572 [info] Got 0 sessions for read:user,repo,user:email,workflow...
2025-11-18 09:56:03.574 [info] Getting sessions for read:user,repo,user:email,workflow...
2025-11-18 09:56:03.574 [info] Got 0 sessions for read:user,repo,user:email,workflow...
2025-11-18 09:56:03.587 [info] Getting sessions for all scopes...
2025-11-18 09:56:03.587 [info] Got 1 sessions for ...
2025-11-18 09:56:03.589 [info] Getting sessions for read:user,repo,user:email,workflow...
2025-11-18 09:56:03.589 [info] Got 0 sessions for read:user,repo,user:email,workflow...
2025-11-18 09:56:03.590 [info] Getting sessions for user:email...
2025-11-18 09:56:03.590 [info] Got 1 sessions for user:email...
2025-11-18 09:56:04.139 [info] Getting sessions for all scopes...
2025-11-18 09:56:04.139 [info] Got 1 sessions for ...
2025-11-18 09:56:04.142 [info] Getting sessions for read:user,repo,user:email,workflow...
2025-11-18 09:56:04.142 [info] Got 0 sessions for read:user,repo,user:email,workflow...
2025-11-18 09:56:04.146 [info] Getting sessions for user:email...
2025-11-18 09:56:04.146 [info] Got 1 sessions for user:email...
2025-11-18 10:01:04.438 [info] Getting sessions for all scopes...
2025-11-18 10:01:04.448 [info] Got 1 sessions for ...
2025-11-18 10:01:06.464 [info] Getting sessions for read:user,repo,user:email,workflow...
2025-11-18 10:01:06.464 [info] Got 0 sessions for read:user,repo,user:email,workflow...
2025-11-18 10:01:06.484 [info] Getting sessions for read:user,repo,user:email,workflow...
2025-11-18 10:01:06.484 [info] Got 0 sessions for read:user,repo,user:email,workflow...
2025-11-18 10:01:06.486 [info] Getting sessions for all scopes...
2025-11-18 10:01:06.486 [info] Got 1 sessions for ...
2025-11-18 10:01:06.488 [info] Getting sessions for read:user,repo,user:email,workflow...
2025-11-18 10:01:06.488 [info] Got 0 sessions for read:user,repo,user:email,workflow...
2025-11-18 10:01:06.489 [info] Getting sessions for user:email...
2025-11-18 10:01:06.489 [info] Got 1 sessions for user:email...
2025-11-18 10:01:10.056 [info] Getting sessions for all scopes...
2025-11-18 10:01:10.056 [info] Got 1 sessions for ...
2025-11-18 10:01:10.058 [info] Getting sessions for read:user,repo,user:email,workflow...
2025-11-18 10:01:10.058 [info] Got 0 sessions for read:user,repo,user:email,workflow...
2025-11-18 10:01:10.060 [info] Getting sessions for user:email...
2025-11-18 10:01:10.060 [info] Got 1 sessions for user:email...
2025-11-18 10:01:10.073 [info] Getting sessions for all scopes...
2025-11-18 10:01:10.073 [info] Got 1 sessions for ...
2025-11-18 10:01:10.075 [info] Getting sessions for read:user,repo,user:email,workflow...
2025-11-18 10:01:10.075 [info] Got 0 sessions for read:user,repo,user:email,workflow...
2025-11-18 10:01:10.076 [info] Getting sessions for read:user,repo,user:email,workflow...
2025-11-18 10:01:10.076 [info] Got 0 sessions for read:user,repo,user:email,workflow...
2025-11-18 10:01:10.078 [info] Getting sessions for all scopes...
2025-11-18 10:01:10.078 [info] Got 1 sessions for ...
2025-11-18 10:01:10.086 [info] Getting sessions for read:user,repo,user:email,workflow...
2025-11-18 10:01:10.086 [info] Got 0 sessions for read:user,repo,user:email,workflow...
2025-11-18 10:01:10.087 [info] Getting sessions for user:email...
2025-11-18 10:01:10.087 [info] Got 1 sessions for user:email...
2025-11-18 10:01:10.955 [info] Getting sessions for all scopes...
2025-11-18 10:01:10.955 [info] Got 1 sessions for ...
2025-11-18 10:01:10.957 [info] Getting sessions for read:user,repo,user:email,workflow...
2025-11-18 10:01:10.957 [info] Got 0 sessions for read:user,repo,user:email,workflow...
2025-11-18 10:01:10.960 [info] Getting sessions for user:email...
2025-11-18 10:01:10.960 [info] Got 1 sessions for user:email...
2025-11-18 10:01:12.012 [info] Getting sessions for all scopes...
2025-11-18 10:01:12.012 [info] Got 1 sessions for ...
2025-11-18 10:01:12.013 [info] Getting sessions for read:user,repo,user:email,workflow...
2025-11-18 10:01:12.013 [info] Got 0 sessions for read:user,repo,user:email,workflow...
2025-11-18 10:01:12.017 [info] Getting sessions for user:email...
2025-11-18 10:01:12.017 [info] Got 1 sessions for user:email...
2025-11-18 10:24:32.619 [info] Getting sessions for all scopes...
2025-11-18 10:24:32.619 [info] Got 1 sessions for ...
2025-11-18 10:24:33.486 [info] Getting sessions for read:user,repo,user:email,workflow...
2025-11-18 10:24:33.486 [info] Got 0 sessions for read:user,repo,user:email,workflow...
2025-11-18 10:24:33.487 [info] Getting sessions for user:email...
2025-11-18 10:24:33.487 [info] Got 1 sessions for user:email...
2025-11-18 10:24:34.512 [info] Getting sessions for all scopes...
2025-11-18 10:24:34.512 [info] Got 1 sessions for ...
2025-11-18 10:24:34.512 [info] Getting sessions for all scopes...
2025-11-18 10:24:34.512 [info] Got 1 sessions for ...
2025-11-18 10:24:34.516 [info] Getting sessions for read:user,repo,user:email,workflow...
2025-11-18 10:24:34.516 [info] Got 0 sessions for read:user,repo,user:email,workflow...
2025-11-18 10:24:34.518 [info] Getting sessions for user:email...
2025-11-18 10:24:34.518 [info] Got 1 sessions for user:email...
2025-11-18 10:24:34.518 [info] Getting sessions for read:user,repo,user:email,workflow...
2025-11-18 10:24:34.518 [info] Got 0 sessions for read:user,repo,user:email,workflow...
2025-11-18 10:24:34.535 [info] Getting sessions for all scopes...
2025-11-18 10:24:34.535 [info] Got 1 sessions for ...
2025-11-18 10:24:34.538 [info] Getting sessions for read:user,repo,user:email,workflow...
2025-11-18 10:24:34.538 [info] Got 0 sessions for read:user,repo,user:email,workflow...
2025-11-18 10:24:34.541 [info] Getting sessions for read:user,repo,user:email,workflow...
2025-11-18 10:24:34.541 [info] Got 0 sessions for read:user,repo,user:email,workflow...
2025-11-18 10:24:34.544 [info] Getting sessions for all scopes...
2025-11-18 10:24:34.544 [info] Got 1 sessions for ...
2025-11-18 10:24:34.547 [info] Getting sessions for read:user,repo,user:email,workflow...
2025-11-18 10:24:34.547 [info] Got 0 sessions for read:user,repo,user:email,workflow...
2025-11-18 10:24:34.549 [info] Getting sessions for user:email...
2025-11-18 10:24:34.549 [info] Got 1 sessions for user:email...
2025-11-18 10:24:38.253 [info] Getting sessions for all scopes...
2025-11-18 10:24:38.253 [info] Got 1 sessions for ...
2025-11-18 10:24:38.295 [info] Getting sessions for read:user,repo,user:email,workflow...
2025-11-18 10:24:38.295 [info] Got 0 sessions for read:user,repo,user:email,workflow...
2025-11-18 10:24:38.297 [info] Getting sessions for read:user,repo,user:email,workflow...
2025-11-18 10:24:38.297 [info] Got 0 sessions for read:user,repo,user:email,workflow...
2025-11-18 10:24:38.298 [info] Getting sessions for all scopes...
2025-11-18 10:24:38.299 [info] Got 1 sessions for ...
2025-11-18 10:24:38.300 [info] Getting sessions for read:user,repo,user:email,workflow...
2025-11-18 10:24:38.300 [info] Got 0 sessions for read:user,repo,user:email,workflow...
2025-11-18 10:24:38.302 [info] Getting sessions for user:email...
2025-11-18 10:24:38.302 [info] Got 1 sessions for user:email...
2025-11-18 10:24:40.603 [info] Getting sessions for all scopes...
2025-11-18 10:24:40.603 [info] Got 1 sessions for ...
2025-11-18 10:24:40.613 [info] Getting sessions for all scopes...
2025-11-18 10:24:40.613 [info] Got 1 sessions for ...
2025-11-18 10:24:40.616 [info] Getting sessions for read:user,repo,user:email,workflow...
2025-11-18 10:24:40.616 [info] Got 0 sessions for read:user,repo,user:email,workflow...
2025-11-18 10:24:40.618 [info] Getting sessions for user:email...
2025-11-18 10:24:40.618 [info] Got 1 sessions for user:email...
2025-11-18 10:24:40.619 [info] Getting sessions for read:user,repo,user:email,workflow...
2025-11-18 10:24:40.619 [info] Got 0 sessions for read:user,repo,user:email,workflow...
2025-11-18 10:24:40.625 [info] Getting sessions for all scopes...
2025-11-18 10:24:40.625 [info] Got 1 sessions for ...
2025-11-18 10:24:40.635 [info] Getting sessions for read:user,repo,user:email,workflow...
2025-11-18 10:24:40.635 [info] Got 0 sessions for read:user,repo,user:email,workflow...
2025-11-18 10:24:40.636 [info] Getting sessions for user:email...
2025-11-18 10:24:40.636 [info] Got 1 sessions for user:email...
2025-11-18 10:24:41.654 [info] Getting sessions for all scopes...
2025-11-18 10:24:41.654 [info] Got 1 sessions for ...
2025-11-18 10:24:41.656 [info] Getting sessions for read:user,repo,user:email,workflow...
2025-11-18 10:24:41.656 [info] Got 0 sessions for read:user,repo,user:email,workflow...
2025-11-18 10:24:41.658 [info] Getting sessions for user:email...
2025-11-18 10:24:41.658 [info] Got 1 sessions for user:email...
2025-11-18 10:24:44.630 [info] Getting sessions for all scopes...
2025-11-18 10:24:44.630 [info] Got 1 sessions for ...
2025-11-18 10:24:44.632 [info] Getting sessions for read:user,repo,user:email,workflow...
2025-11-18 10:24:44.632 [info] Got 0 sessions for read:user,repo,user:email,workflow...
2025-11-18 10:24:44.634 [info] Getting sessions for user:email...
2025-11-18 10:24:44.634 [info] Got 1 sessions for user:email...
2025-11-18 10:31:32.879 [info] Getting sessions for all scopes...
2025-11-18 10:31:32.879 [info] Got 1 sessions for ...
2025-11-18 10:31:33.592 [info] Getting sessions for read:user,repo,user:email,workflow...
2025-11-18 10:31:33.592 [info] Got 0 sessions for read:user,repo,user:email,workflow...
2025-11-18 10:31:33.605 [info] Getting sessions for read:user,repo,user:email,workflow...
2025-11-18 10:31:33.605 [info] Got 0 sessions for read:user,repo,user:email,workflow...
2025-11-18 10:31:33.612 [info] Getting sessions for all scopes...
2025-11-18 10:31:33.612 [info] Got 1 sessions for ...
2025-11-18 10:31:33.616 [info] Getting sessions for read:user,repo,user:email,workflow...
2025-11-18 10:31:33.616 [info] Got 0 sessions for read:user,repo,user:email,workflow...
2025-11-18 10:31:33.624 [info] Getting sessions for user:email...
2025-11-18 10:31:33.624 [info] Got 1 sessions for user:email...
2025-11-18 10:31:35.790 [info] Getting sessions for all scopes...
2025-11-18 10:31:35.790 [info] Got 1 sessions for ...
2025-11-18 10:31:35.795 [info] Getting sessions for all scopes...
2025-11-18 10:31:35.795 [info] Got 1 sessions for ...
2025-11-18 10:31:35.797 [info] Getting sessions for read:user,repo,user:email,workflow...
2025-11-18 10:31:35.797 [info] Got 0 sessions for read:user,repo,user:email,workflow...
2025-11-18 10:31:35.826 [info] Getting sessions for user:email...
2025-11-18 10:31:35.826 [info] Got 1 sessions for user:email...
2025-11-18 10:31:35.828 [info] Getting sessions for read:user,repo,user:email,workflow...
2025-11-18 10:31:35.828 [info] Got 0 sessions for read:user,repo,user:email,workflow...
2025-11-18 10:31:35.835 [info] Getting sessions for all scopes...
2025-11-18 10:31:35.835 [info] Got 1 sessions for ...
2025-11-18 10:31:35.838 [info] Getting sessions for read:user,repo,user:email,workflow...
2025-11-18 10:31:35.838 [info] Got 0 sessions for read:user,repo,user:email,workflow...
2025-11-18 10:31:35.839 [info] Getting sessions for user:email...
2025-11-18 10:31:35.839 [info] Got 1 sessions for user:email...
2025-11-18 10:31:36.782 [info] Getting sessions for all scopes...
2025-11-18 10:31:36.783 [info] Got 1 sessions for ...
2025-11-18 10:31:36.786 [info] Getting sessions for read:user,repo,user:email,workflow...
2025-11-18 10:31:36.786 [info] Got 0 sessions for read:user,repo,user:email,workflow...
2025-11-18 10:31:36.788 [info] Getting sessions for user:email...
2025-11-18 10:31:36.788 [info] Got 1 sessions for user:email...
2025-11-18 10:31:39.011 [info] Getting sessions for all scopes...
2025-11-18 10:31:39.011 [info] Got 1 sessions for ...
2025-11-18 10:31:39.016 [info] Getting sessions for read:user,repo,user:email,workflow...
2025-11-18 10:31:39.016 [info] Got 0 sessions for read:user,repo,user:email,workflow...
2025-11-18 10:31:39.017 [info] Getting sessions for user:email...
2025-11-18 10:31:39.017 [info] Got 1 sessions for user:email...
2025-11-18 10:39:50.876 [info] Getting sessions for read:user,repo,user:email,workflow...
2025-11-18 10:39:50.876 [info] Got 0 sessions for read:user,repo,user:email,workflow...
2025-11-18 10:39:50.878 [info] Getting sessions for read:user...
2025-11-18 10:39:50.878 [info] Got 0 sessions for read:user...
2025-11-18 10:39:50.880 [info] Getting sessions for user:email...
2025-11-18 10:39:50.880 [info] Got 1 sessions for user:email...
2025-11-18 14:06:06.034 [info] Getting sessions for all scopes...
2025-11-18 14:06:06.034 [info] Got 1 sessions for ...
2025-11-18 14:06:06.412 [info] Getting sessions for read:user,repo,user:email,workflow...
2025-11-18 14:06:06.412 [info] Got 0 sessions for read:user,repo,user:email,workflow...
2025-11-18 14:06:06.413 [info] Getting sessions for user:email...
2025-11-18 14:06:06.413 [info] Got 1 sessions for user:email...
2025-11-18 14:06:07.242 [info] Getting sessions for all scopes...
2025-11-18 14:06:07.242 [info] Got 1 sessions for ...
2025-11-18 14:06:07.243 [info] Getting sessions for all scopes...
2025-11-18 14:06:07.243 [info] Got 1 sessions for ...
2025-11-18 14:06:07.244 [info] Getting sessions for read:user,repo,user:email,workflow...
2025-11-18 14:06:07.244 [info] Got 0 sessions for read:user,repo,user:email,workflow...
2025-11-18 14:06:07.245 [info] Getting sessions for user:email...
2025-11-18 14:06:07.245 [info] Got 1 sessions for user:email...
2025-11-18 14:06:07.246 [info] Getting sessions for read:user,repo,user:email,workflow...
2025-11-18 14:06:07.246 [info] Got 0 sessions for read:user,repo,user:email,workflow...
2025-11-18 14:06:07.253 [info] Getting sessions for all scopes...
2025-11-18 14:06:07.253 [info] Got 1 sessions for ...
2025-11-18 14:06:07.254 [info] Getting sessions for read:user,repo,user:email,workflow...
2025-11-18 14:06:07.254 [info] Got 0 sessions for read:user,repo,user:email,workflow...
2025-11-18 14:06:07.255 [info] Getting sessions for read:user,repo,user:email,workflow...
2025-11-18 14:06:07.255 [info] Got 0 sessions for read:user,repo,user:email,workflow...
2025-11-18 14:06:07.257 [info] Getting sessions for all scopes...
2025-11-18 14:06:07.257 [info] Got 1 sessions for ...
2025-11-18 14:06:07.258 [info] Getting sessions for read:user,repo,user:email,workflow...
2025-11-18 14:06:07.258 [info] Got 0 sessions for read:user,repo,user:email,workflow...
2025-11-18 14:06:07.259 [info] Getting sessions for user:email...
2025-11-18 14:06:07.259 [info] Got 1 sessions for user:email...
2025-11-18 14:06:08.909 [info] Getting sessions for all scopes...
2025-11-18 14:06:08.909 [info] Got 1 sessions for ...
2025-11-18 14:06:08.911 [info] Getting sessions for read:user,repo,user:email,workflow...
2025-11-18 14:06:08.911 [info] Got 0 sessions for read:user,repo,user:email,workflow...
2025-11-18 14:06:08.912 [info] Getting sessions for read:user,repo,user:email,workflow...
2025-11-18 14:06:08.912 [info] Got 0 sessions for read:user,repo,user:email,workflow...
2025-11-18 14:06:08.914 [info] Getting sessions for all scopes...
2025-11-18 14:06:08.914 [info] Got 1 sessions for ...
2025-11-18 14:06:08.915 [info] Getting sessions for read:user,repo,user:email,workflow...
2025-11-18 14:06:08.915 [info] Got 0 sessions for read:user,repo,user:email,workflow...
2025-11-18 14:06:08.916 [info] Getting sessions for user:email...
2025-11-18 14:06:08.916 [info] Got 1 sessions for user:email...
2025-11-18 14:06:10.013 [info] Getting sessions for all scopes...
2025-11-18 14:06:10.014 [info] Got 1 sessions for ...
2025-11-18 14:06:10.024 [info] Getting sessions for read:user,repo,user:email,workflow...
2025-11-18 14:06:10.024 [info] Got 0 sessions for read:user,repo,user:email,workflow...
2025-11-18 14:06:10.025 [info] Getting sessions for all scopes...
2025-11-18 14:06:10.025 [info] Got 1 sessions for ...
2025-11-18 14:06:10.026 [info] Getting sessions for user:email...
2025-11-18 14:06:10.026 [info] Got 1 sessions for user:email...
2025-11-18 14:06:10.027 [info] Getting sessions for read:user,repo,user:email,workflow...
2025-11-18 14:06:10.027 [info] Got 0 sessions for read:user,repo,user:email,workflow...
2025-11-18 14:06:10.034 [info] Getting sessions for read:user,repo,user:email,workflow...
2025-11-18 14:06:10.034 [info] Got 0 sessions for read:user,repo,user:email,workflow...
2025-11-18 14:06:10.037 [info] Getting sessions for all scopes...
2025-11-18 14:06:10.038 [info] Got 1 sessions for ...
2025-11-18 14:06:10.039 [info] Getting sessions for read:user,repo,user:email,workflow...
2025-11-18 14:06:10.039 [info] Got 0 sessions for read:user,repo,user:email,workflow...
2025-11-18 14:06:10.040 [info] Getting sessions for user:email...
2025-11-18 14:06:10.040 [info] Got 1 sessions for user:email...
2025-11-18 14:06:10.525 [info] Getting sessions for all scopes...
2025-11-18 14:06:10.525 [info] Got 1 sessions for ...
2025-11-18 14:06:10.527 [info] Getting sessions for read:user,repo,user:email,workflow...
2025-11-18 14:06:10.527 [info] Got 0 sessions for read:user,repo,user:email,workflow...
2025-11-18 14:06:10.529 [info] Getting sessions for user:email...
2025-11-18 14:06:10.529 [info] Got 1 sessions for user:email...
2025-11-18 14:13:50.025 [info] Getting sessions for all scopes...
2025-11-18 14:13:50.025 [info] Got 1 sessions for ...
2025-11-18 14:13:50.032 [info] Getting sessions for read:user,repo,user:email,workflow...
2025-11-18 14:13:50.032 [info] Got 0 sessions for read:user,repo,user:email,workflow...
2025-11-18 14:13:50.033 [info] Getting sessions for read:user,repo,user:email,workflow...
2025-11-18 14:13:50.033 [info] Got 0 sessions for read:user,repo,user:email,workflow...
2025-11-18 14:13:50.033 [info] Getting sessions for all scopes...
2025-11-18 14:13:50.033 [info] Got 1 sessions for ...
2025-11-18 14:13:50.035 [info] Getting sessions for read:user,repo,user:email,workflow...
2025-11-18 14:13:50.035 [info] Got 0 sessions for read:user,repo,user:email,workflow...
2025-11-18 14:13:50.036 [info] Getting sessions for user:email...
2025-11-18 14:13:50.036 [info] Got 1 sessions for user:email...
2025-11-18 14:13:51.852 [info] Getting sessions for all scopes...
2025-11-18 14:13:51.852 [info] Got 1 sessions for ...
2025-11-18 14:13:51.852 [info] Getting sessions for all scopes...
2025-11-18 14:13:51.852 [info] Got 1 sessions for ...
2025-11-18 14:13:51.852 [info] Getting sessions for read:user,repo,user:email,workflow...
2025-11-18 14:13:51.852 [info] Got 0 sessions for read:user,repo,user:email,workflow...
2025-11-18 14:13:51.853 [info] Getting sessions for user:email...
2025-11-18 14:13:51.853 [info] Got 1 sessions for user:email...
2025-11-18 14:13:51.853 [info] Getting sessions for read:user,repo,user:email,workflow...
2025-11-18 14:13:51.853 [info] Got 0 sessions for read:user,repo,user:email,workflow...
2025-11-18 14:13:51.856 [info] Getting sessions for all scopes...
2025-11-18 14:13:51.856 [info] Got 1 sessions for ...
2025-11-18 14:13:51.856 [info] Getting sessions for read:user,repo,user:email,workflow...
2025-11-18 14:13:51.857 [info] Got 0 sessions for read:user,repo,user:email,workflow...
2025-11-18 14:13:51.857 [info] Getting sessions for user:email...
2025-11-18 14:13:51.857 [info] Got 1 sessions for user:email...
2025-11-18 14:13:52.921 [info] Getting sessions for all scopes...
2025-11-18 14:13:52.921 [info] Got 1 sessions for ...
2025-11-18 14:13:52.921 [info] Getting sessions for read:user,repo,user:email,workflow...
2025-11-18 14:13:52.921 [info] Got 0 sessions for read:user,repo,user:email,workflow...
2025-11-18 14:13:52.922 [info] Getting sessions for user:email...
2025-11-18 14:13:52.922 [info] Got 1 sessions for user:email...
2025-11-18 14:16:24.489 [info] Getting sessions for all scopes...
2025-11-18 14:16:24.489 [info] Got 1 sessions for ...
2025-11-18 14:16:24.490 [info] Getting sessions for read:user,repo,user:email,workflow...
2025-11-18 14:16:24.490 [info] Got 0 sessions for read:user,repo,user:email,workflow...
2025-11-18 14:16:24.491 [info] Getting sessions for user:email...
2025-11-18 14:16:24.491 [info] Got 1 sessions for user:email...
2025-11-18 14:32:36.981 [info] Getting sessions for all scopes...
2025-11-18 14:32:36.981 [info] Got 1 sessions for ...
2025-11-18 14:32:37.382 [info] Getting sessions for read:user,repo,user:email,workflow...
2025-11-18 14:32:37.382 [info] Got 0 sessions for read:user,repo,user:email,workflow...
2025-11-18 14:32:37.382 [info] Getting sessions for user:email...
2025-11-18 14:32:37.382 [info] Got 1 sessions for user:email...
2025-11-18 14:32:38.652 [info] Getting sessions for all scopes...
2025-11-18 14:32:38.652 [info] Got 1 sessions for ...
2025-11-18 14:32:38.652 [info] Getting sessions for all scopes...
2025-11-18 14:32:38.652 [info] Got 1 sessions for ...
2025-11-18 14:32:38.664 [info] Getting sessions for read:user,repo,user:email,workflow...
2025-11-18 14:32:38.664 [info] Got 0 sessions for read:user,repo,user:email,workflow...
2025-11-18 14:32:38.666 [info] Getting sessions for user:email...
2025-11-18 14:32:38.666 [info] Got 1 sessions for user:email...
2025-11-18 14:32:38.667 [info] Getting sessions for read:user,repo,user:email,workflow...
2025-11-18 14:32:38.667 [info] Got 0 sessions for read:user,repo,user:email,workflow...
2025-11-18 14:32:38.675 [info] Getting sessions for all scopes...
2025-11-18 14:32:38.675 [info] Got 1 sessions for ...
2025-11-18 14:32:38.676 [info] Getting sessions for read:user,repo,user:email,workflow...
2025-11-18 14:32:38.676 [info] Got 0 sessions for read:user,repo,user:email,workflow...
2025-11-18 14:32:38.677 [info] Getting sessions for read:user,repo,user:email,workflow...
2025-11-18 14:32:38.677 [info] Got 0 sessions for read:user,repo,user:email,workflow...
2025-11-18 14:32:38.678 [info] Getting sessions for all scopes...
2025-11-18 14:32:38.678 [info] Got 1 sessions for ...
2025-11-18 14:32:38.678 [info] Getting sessions for read:user,repo,user:email,workflow...
2025-11-18 14:32:38.678 [info] Got 0 sessions for read:user,repo,user:email,workflow...
2025-11-18 14:32:38.679 [info] Getting sessions for user:email...
2025-11-18 14:32:38.679 [info] Got 1 sessions for user:email...
2025-11-18 14:32:40.330 [info] Getting sessions for all scopes...
2025-11-18 14:32:40.330 [info] Got 1 sessions for ...
2025-11-18 14:32:40.332 [info] Getting sessions for read:user,repo,user:email,workflow...
2025-11-18 14:32:40.332 [info] Got 0 sessions for read:user,repo,user:email,workflow...
2025-11-18 14:32:40.334 [info] Getting sessions for read:user,repo,user:email,workflow...
2025-11-18 14:32:40.334 [info] Got 0 sessions for read:user,repo,user:email,workflow...
2025-11-18 14:32:40.337 [info] Getting sessions for all scopes...
2025-11-18 14:32:40.337 [info] Got 1 sessions for ...
2025-11-18 14:32:40.338 [info] Getting sessions for read:user,repo,user:email,workflow...
2025-11-18 14:32:40.338 [info] Got 0 sessions for read:user,repo,user:email,workflow...
2025-11-18 14:32:40.339 [info] Getting sessions for user:email...
2025-11-18 14:32:40.339 [info] Got 1 sessions for user:email...
2025-11-18 14:32:42.169 [info] Getting sessions for all scopes...
2025-11-18 14:32:42.169 [info] Got 1 sessions for ...
2025-11-18 14:32:42.170 [info] Getting sessions for all scopes...
2025-11-18 14:32:42.170 [info] Got 1 sessions for ...
2025-11-18 14:32:42.172 [info] Getting sessions for read:user,repo,user:email,workflow...
2025-11-18 14:32:42.172 [info] Got 0 sessions for read:user,repo,user:email,workflow...
2025-11-18 14:32:42.173 [info] Getting sessions for user:email...
2025-11-18 14:32:42.173 [info] Got 1 sessions for user:email...
2025-11-18 14:32:42.173 [info] Getting sessions for read:user,repo,user:email,workflow...
2025-11-18 14:32:42.173 [info] Got 0 sessions for read:user,repo,user:email,workflow...
2025-11-18 14:32:42.181 [info] Getting sessions for all scopes...
2025-11-18 14:32:42.181 [info] Got 1 sessions for ...
2025-11-18 14:32:42.183 [info] Getting sessions for read:user,repo,user:email,workflow...
2025-11-18 14:32:42.183 [info] Got 0 sessions for read:user,repo,user:email,workflow...
2025-11-18 14:32:42.184 [info] Getting sessions for user:email...
2025-11-18 14:32:42.184 [info] Got 1 sessions for user:email...
2025-11-18 14:32:43.045 [info] Getting sessions for all scopes...
2025-11-18 14:32:43.045 [info] Got 1 sessions for ...
2025-11-18 14:32:43.049 [info] Getting sessions for read:user,repo,user:email,workflow...
2025-11-18 14:32:43.049 [info] Got 0 sessions for read:user,repo,user:email,workflow...
2025-11-18 14:32:43.051 [info] Getting sessions for user:email...
2025-11-18 14:32:43.051 [info] Got 1 sessions for user:email...
2025-11-18 14:32:45.009 [info] Getting sessions for all scopes...
2025-11-18 14:32:45.009 [info] Got 1 sessions for ...
2025-11-18 14:32:45.009 [info] Getting sessions for read:user,repo,user:email,workflow...
2025-11-18 14:32:45.009 [info] Got 0 sessions for read:user,repo,user:email,workflow...
2025-11-18 14:32:45.010 [info] Getting sessions for user:email...
2025-11-18 14:32:45.010 [info] Got 1 sessions for user:email...
2025-11-18 14:48:38.853 [info] Getting sessions for all scopes...
2025-11-18 14:48:38.853 [info] Got 1 sessions for ...
2025-11-18 14:48:38.855 [info] Getting sessions for read:user,repo,user:email,workflow...
2025-11-18 14:48:38.855 [info] Got 0 sessions for read:user,repo,user:email,workflow...
2025-11-18 14:48:38.857 [info] Getting sessions for read:user,repo,user:email,workflow...
2025-11-18 14:48:38.857 [info] Got 0 sessions for read:user,repo,user:email,workflow...
2025-11-18 14:48:38.859 [info] Getting sessions for all scopes...
2025-11-18 14:48:38.859 [info] Got 1 sessions for ...
2025-11-18 14:48:38.861 [info] Getting sessions for read:user,repo,user:email,workflow...
2025-11-18 14:48:38.861 [info] Got 0 sessions for read:user,repo,user:email,workflow...
2025-11-18 14:48:38.864 [info] Getting sessions for user:email...
2025-11-18 14:48:38.864 [info] Got 1 sessions for user:email...
2025-11-18 14:48:41.582 [info] Getting sessions for all scopes...
2025-11-18 14:48:41.582 [info] Got 1 sessions for ...
2025-11-18 14:48:41.583 [info] Getting sessions for all scopes...
2025-11-18 14:48:41.583 [info] Got 1 sessions for ...
2025-11-18 14:48:41.587 [info] Getting sessions for read:user,repo,user:email,workflow...
2025-11-18 14:48:41.587 [info] Got 0 sessions for read:user,repo,user:email,workflow...
2025-11-18 14:48:41.589 [info] Getting sessions for user:email...
2025-11-18 14:48:41.589 [info] Got 1 sessions for user:email...
2025-11-18 14:48:41.589 [info] Getting sessions for read:user,repo,user:email,workflow...
2025-11-18 14:48:41.589 [info] Got 0 sessions for read:user,repo,user:email,workflow...
2025-11-18 14:48:41.595 [info] Getting sessions for all scopes...
2025-11-18 14:48:41.595 [info] Got 1 sessions for ...
2025-11-18 14:48:41.596 [info] Getting sessions for read:user,repo,user:email,workflow...
2025-11-18 14:48:41.596 [info] Got 0 sessions for read:user,repo,user:email,workflow...
2025-11-18 14:48:41.597 [info] Getting sessions for user:email...
2025-11-18 14:48:41.597 [info] Got 1 sessions for user:email...
2025-11-18 14:48:42.060 [info] Getting sessions for all scopes...
2025-11-18 14:48:42.060 [info] Got 1 sessions for ...
2025-11-18 14:48:42.062 [info] Getting sessions for read:user,repo,user:email,workflow...
2025-11-18 14:48:42.062 [info] Got 0 sessions for read:user,repo,user:email,workflow...
2025-11-18 14:48:42.065 [info] Getting sessions for user:email...
2025-11-18 14:48:42.065 [info] Got 1 sessions for user:email...
2025-11-18 14:48:43.858 [info] Getting sessions for all scopes...
2025-11-18 14:48:43.858 [info] Got 1 sessions for ...
2025-11-18 14:48:43.859 [info] Getting sessions for read:user,repo,user:email,workflow...
2025-11-18 14:48:43.859 [info] Got 0 sessions for read:user,repo,user:email,workflow...
2025-11-18 14:48:43.859 [info] Getting sessions for user:email...
2025-11-18 14:48:43.859 [info] Got 1 sessions for user:email...
2025-11-18 15:00:49.011 [info] Getting sessions for all scopes...
2025-11-18 15:00:49.011 [info] Got 1 sessions for ...
2025-11-18 15:00:49.028 [info] Getting sessions for read:user,repo,user:email,workflow...
2025-11-18 15:00:49.028 [info] Got 0 sessions for read:user,repo,user:email,workflow...
2025-11-18 15:00:49.028 [info] Getting sessions for user:email...
2025-11-18 15:00:49.028 [info] Got 1 sessions for user:email...
2025-11-18 15:00:49.812 [info] Getting sessions for all scopes...
2025-11-18 15:00:49.812 [info] Got 1 sessions for ...
2025-11-18 15:00:49.812 [info] Getting sessions for all scopes...
2025-11-18 15:00:49.812 [info] Got 1 sessions for ...
2025-11-18 15:00:49.824 [info] Getting sessions for read:user,repo,user:email,workflow...
2025-11-18 15:00:49.824 [info] Got 0 sessions for read:user,repo,user:email,workflow...
2025-11-18 15:00:49.825 [info] Getting sessions for user:email...
2025-11-18 15:00:49.825 [info] Got 1 sessions for user:email...
2025-11-18 15:00:49.825 [info] Getting sessions for read:user,repo,user:email,workflow...
2025-11-18 15:00:49.826 [info] Got 0 sessions for read:user,repo,user:email,workflow...
2025-11-18 15:00:49.833 [info] Getting sessions for all scopes...
2025-11-18 15:00:49.833 [info] Got 1 sessions for ...
2025-11-18 15:00:49.834 [info] Getting sessions for read:user,repo,user:email,workflow...
2025-11-18 15:00:49.834 [info] Got 0 sessions for read:user,repo,user:email,workflow...
2025-11-18 15:00:49.835 [info] Getting sessions for read:user,repo,user:email,workflow...
2025-11-18 15:00:49.835 [info] Got 0 sessions for read:user,repo,user:email,workflow...
2025-11-18 15:00:49.836 [info] Getting sessions for all scopes...
2025-11-18 15:00:49.836 [info] Got 1 sessions for ...
2025-11-18 15:00:49.836 [info] Getting sessions for read:user,repo,user:email,workflow...
2025-11-18 15:00:49.836 [info] Got 0 sessions for read:user,repo,user:email,workflow...
2025-11-18 15:00:49.837 [info] Getting sessions for user:email...
2025-11-18 15:00:49.837 [info] Got 1 sessions for user:email...
2025-11-18 15:00:51.307 [info] Getting sessions for all scopes...
2025-11-18 15:00:51.307 [info] Got 1 sessions for ...
2025-11-18 15:00:51.309 [info] Getting sessions for read:user,repo,user:email,workflow...
2025-11-18 15:00:51.309 [info] Got 0 sessions for read:user,repo,user:email,workflow...
2025-11-18 15:00:51.310 [info] Getting sessions for read:user,repo,user:email,workflow...
2025-11-18 15:00:51.310 [info] Got 0 sessions for read:user,repo,user:email,workflow...
2025-11-18 15:00:51.311 [info] Getting sessions for all scopes...
2025-11-18 15:00:51.311 [info] Got 1 sessions for ...
2025-11-18 15:00:51.313 [info] Getting sessions for read:user,repo,user:email,workflow...
2025-11-18 15:00:51.313 [info] Got 0 sessions for read:user,repo,user:email,workflow...
2025-11-18 15:00:51.316 [info] Getting sessions for user:email...
2025-11-18 15:00:51.316 [info] Got 1 sessions for user:email...
2025-11-18 15:00:53.575 [info] Getting sessions for all scopes...
2025-11-18 15:00:53.575 [info] Got 1 sessions for ...
2025-11-18 15:00:53.577 [info] Getting sessions for all scopes...
2025-11-18 15:00:53.577 [info] Got 1 sessions for ...
2025-11-18 15:00:53.585 [info] Getting sessions for read:user,repo,user:email,workflow...
2025-11-18 15:00:53.585 [info] Got 0 sessions for read:user,repo,user:email,workflow...
2025-11-18 15:00:53.589 [info] Getting sessions for user:email...
2025-11-18 15:00:53.589 [info] Got 1 sessions for user:email...
2025-11-18 15:00:53.590 [info] Getting sessions for read:user,repo,user:email,workflow...
2025-11-18 15:00:53.590 [info] Got 0 sessions for read:user,repo,user:email,workflow...
2025-11-18 15:00:53.603 [info] Getting sessions for all scopes...
2025-11-18 15:00:53.603 [info] Got 1 sessions for ...
2025-11-18 15:00:53.604 [info] Getting sessions for read:user,repo,user:email,workflow...
2025-11-18 15:00:53.604 [info] Got 0 sessions for read:user,repo,user:email,workflow...
2025-11-18 15:00:53.605 [info] Getting sessions for user:email...
2025-11-18 15:00:53.605 [info] Got 1 sessions for user:email...
2025-11-18 15:00:54.094 [info] Getting sessions for all scopes...
2025-11-18 15:00:54.094 [info] Got 1 sessions for ...
2025-11-18 15:00:54.096 [info] Getting sessions for read:user,repo,user:email,workflow...
2025-11-18 15:00:54.096 [info] Got 0 sessions for read:user,repo,user:email,workflow...
2025-11-18 15:00:54.097 [info] Getting sessions for user:email...
2025-11-18 15:00:54.097 [info] Got 1 sessions for user:email...
2025-11-18 15:00:56.575 [info] Getting sessions for all scopes...
2025-11-18 15:00:56.576 [info] Got 1 sessions for ...
2025-11-18 15:00:56.576 [info] Getting sessions for read:user,repo,user:email,workflow...
2025-11-18 15:00:56.576 [info] Got 0 sessions for read:user,repo,user:email,workflow...
2025-11-18 15:00:56.577 [info] Getting sessions for user:email...
2025-11-18 15:00:56.577 [info] Got 1 sessions for user:email...
2025-11-18 15:16:44.202 [info] Getting sessions for all scopes...
2025-11-18 15:16:44.202 [info] Got 1 sessions for ...
2025-11-18 15:16:44.205 [info] Getting sessions for read:user,repo,user:email,workflow...
2025-11-18 15:16:44.205 [info] Got 0 sessions for read:user,repo,user:email,workflow...
2025-11-18 15:16:44.208 [info] Getting sessions for read:user,repo,user:email,workflow...
2025-11-18 15:16:44.208 [info] Got 0 sessions for read:user,repo,user:email,workflow...
2025-11-18 15:16:44.210 [info] Getting sessions for all scopes...
2025-11-18 15:16:44.210 [info] Got 1 sessions for ...
2025-11-18 15:16:44.213 [info] Getting sessions for read:user,repo,user:email,workflow...
2025-11-18 15:16:44.213 [info] Got 0 sessions for read:user,repo,user:email,workflow...
2025-11-18 15:16:44.225 [info] Getting sessions for user:email...
2025-11-18 15:16:44.225 [info] Got 1 sessions for user:email...
2025-11-18 15:16:47.770 [info] Getting sessions for all scopes...
2025-11-18 15:16:47.770 [info] Got 1 sessions for ...
2025-11-18 15:16:47.773 [info] Getting sessions for all scopes...
2025-11-18 15:16:47.773 [info] Got 1 sessions for ...
2025-11-18 15:16:47.783 [info] Getting sessions for read:user,repo,user:email,workflow...
2025-11-18 15:16:47.783 [info] Got 0 sessions for read:user,repo,user:email,workflow...
2025-11-18 15:16:47.787 [info] Getting sessions for user:email...
2025-11-18 15:16:47.787 [info] Got 1 sessions for user:email...
2025-11-18 15:16:47.788 [info] Getting sessions for read:user,repo,user:email,workflow...
2025-11-18 15:16:47.788 [info] Got 0 sessions for read:user,repo,user:email,workflow...
2025-11-18 15:16:47.805 [info] Getting sessions for all scopes...
2025-11-18 15:16:47.805 [info] Got 1 sessions for ...
2025-11-18 15:16:47.807 [info] Getting sessions for read:user,repo,user:email,workflow...
2025-11-18 15:16:47.807 [info] Got 0 sessions for read:user,repo,user:email,workflow...
2025-11-18 15:16:47.809 [info] Getting sessions for user:email...
2025-11-18 15:16:47.809 [info] Got 1 sessions for user:email...
2025-11-18 15:16:48.288 [info] Getting sessions for all scopes...
2025-11-18 15:16:48.288 [info] Got 1 sessions for ...
2025-11-18 15:16:48.290 [info] Getting sessions for read:user,repo,user:email,workflow...
2025-11-18 15:16:48.290 [info] Got 0 sessions for read:user,repo,user:email,workflow...
2025-11-18 15:16:48.294 [info] Getting sessions for user:email...
2025-11-18 15:16:48.294 [info] Got 1 sessions for user:email...
2025-11-18 15:16:52.096 [info] Getting sessions for all scopes...
2025-11-18 15:16:52.096 [info] Got 1 sessions for ...
2025-11-18 15:16:52.200 [info] Getting sessions for read:user,repo,user:email,workflow...
2025-11-18 15:16:52.200 [info] Got 0 sessions for read:user,repo,user:email,workflow...
2025-11-18 15:16:52.208 [info] Getting sessions for user:email...
2025-11-18 15:16:52.208 [info] Got 1 sessions for user:email...
2025-11-18 15:45:49.658 [info] Getting sessions for all scopes...
2025-11-18 15:45:49.668 [info] Got 1 sessions for ...
2025-11-18 15:45:49.683 [info] Getting sessions for read:user,repo,user:email,workflow...
2025-11-18 15:45:49.683 [info] Got 0 sessions for read:user,repo,user:email,workflow...
2025-11-18 15:45:49.685 [info] Getting sessions for user:email...
2025-11-18 15:45:49.685 [info] Got 1 sessions for user:email...
2025-11-18 15:45:50.480 [info] Getting sessions for all scopes...
2025-11-18 15:45:50.480 [info] Got 1 sessions for ...
2025-11-18 15:45:50.481 [info] Getting sessions for all scopes...
2025-11-18 15:45:50.481 [info] Got 1 sessions for ...
2025-11-18 15:45:50.503 [info] Getting sessions for read:user,repo,user:email,workflow...
2025-11-18 15:45:50.503 [info] Got 0 sessions for read:user,repo,user:email,workflow...
2025-11-18 15:45:50.506 [info] Getting sessions for user:email...
2025-11-18 15:45:50.506 [info] Got 1 sessions for user:email...
2025-11-18 15:45:50.507 [info] Getting sessions for read:user,repo,user:email,workflow...
2025-11-18 15:45:50.507 [info] Got 0 sessions for read:user,repo,user:email,workflow...
2025-11-18 15:45:50.523 [info] Getting sessions for all scopes...
2025-11-18 15:45:50.523 [info] Got 1 sessions for ...
2025-11-18 15:45:50.526 [info] Getting sessions for read:user,repo,user:email,workflow...
2025-11-18 15:45:50.526 [info] Got 0 sessions for read:user,repo,user:email,workflow...
2025-11-18 15:45:50.531 [info] Getting sessions for read:user,repo,user:email,workflow...
2025-11-18 15:45:50.531 [info] Got 0 sessions for read:user,repo,user:email,workflow...
2025-11-18 15:45:50.534 [info] Getting sessions for all scopes...
2025-11-18 15:45:50.534 [info] Got 1 sessions for ...
2025-11-18 15:45:50.537 [info] Getting sessions for read:user,repo,user:email,workflow...
2025-11-18 15:45:50.537 [info] Got 0 sessions for read:user,repo,user:email,workflow...
2025-11-18 15:45:50.539 [info] Getting sessions for user:email...
2025-11-18 15:45:50.539 [info] Got 1 sessions for user:email...
2025-11-18 15:45:51.940 [info] Getting sessions for all scopes...
2025-11-18 15:45:51.941 [info] Got 1 sessions for ...
2025-11-18 15:45:51.951 [info] Getting sessions for read:user,repo,user:email,workflow...
2025-11-18 15:45:51.952 [info] Got 0 sessions for read:user,repo,user:email,workflow...
2025-11-18 15:45:51.954 [info] Getting sessions for read:user,repo,user:email,workflow...
2025-11-18 15:45:51.954 [info] Got 0 sessions for read:user,repo,user:email,workflow...
2025-11-18 15:45:51.956 [info] Getting sessions for all scopes...
2025-11-18 15:45:51.956 [info] Got 1 sessions for ...
2025-11-18 15:45:51.962 [info] Getting sessions for read:user,repo,user:email,workflow...
2025-11-18 15:45:51.962 [info] Got 0 sessions for read:user,repo,user:email,workflow...
2025-11-18 15:45:51.964 [info] Getting sessions for user:email...
2025-11-18 15:45:51.964 [info] Got 1 sessions for user:email...
2025-11-18 15:45:53.714 [info] Getting sessions for all scopes...
2025-11-18 15:45:53.715 [info] Got 1 sessions for ...
2025-11-18 15:45:53.732 [info] Getting sessions for read:user,repo,user:email,workflow...
2025-11-18 15:45:53.732 [info] Got 0 sessions for read:user,repo,user:email,workflow...
2025-11-18 15:45:53.765 [info] Getting sessions for user:email...
2025-11-18 15:45:53.766 [info] Got 1 sessions for user:email...
2025-11-18 15:45:53.768 [info] Getting sessions for all scopes...
2025-11-18 15:45:53.768 [info] Got 1 sessions for ...
2025-11-18 15:45:53.772 [info] Getting sessions for read:user,repo,user:email,workflow...
2025-11-18 15:45:53.772 [info] Got 0 sessions for read:user,repo,user:email,workflow...
2025-11-18 15:45:53.777 [info] Getting sessions for read:user,repo,user:email,workflow...
2025-11-18 15:45:53.777 [info] Got 0 sessions for read:user,repo,user:email,workflow...
2025-11-18 15:45:53.779 [info] Getting sessions for all scopes...
2025-11-18 15:45:53.779 [info] Got 1 sessions for ...
2025-11-18 15:45:53.780 [info] Getting sessions for read:user,repo,user:email,workflow...
2025-11-18 15:45:53.780 [info] Got 0 sessions for read:user,repo,user:email,workflow...
2025-11-18 15:45:53.781 [info] Getting sessions for user:email...
2025-11-18 15:45:53.781 [info] Got 1 sessions for user:email...
2025-11-18 15:45:54.252 [info] Getting sessions for all scopes...
2025-11-18 15:45:54.252 [info] Got 1 sessions for ...
2025-11-18 15:45:54.254 [info] Getting sessions for read:user,repo,user:email,workflow...
2025-11-18 15:45:54.254 [info] Got 0 sessions for read:user,repo,user:email,workflow...
2025-11-18 15:45:54.258 [info] Getting sessions for user:email...
2025-11-18 15:45:54.258 [info] Got 1 sessions for user:email...
2025-11-18 15:45:57.252 [info] Getting sessions for all scopes...
2025-11-18 15:45:57.252 [info] Got 1 sessions for ...
2025-11-18 15:45:57.257 [info] Getting sessions for read:user,repo,user:email,workflow...
2025-11-18 15:45:57.257 [info] Got 0 sessions for read:user,repo,user:email,workflow...
2025-11-18 15:45:57.260 [info] Getting sessions for user:email...
2025-11-18 15:45:57.260 [info] Got 1 sessions for user:email...
2025-11-18 15:58:22.498 [info] Getting sessions for all scopes...
2025-11-18 15:58:22.498 [info] Got 1 sessions for ...
2025-11-18 15:58:22.501 [info] Getting sessions for read:user,repo,user:email,workflow...
2025-11-18 15:58:22.501 [info] Got 0 sessions for read:user,repo,user:email,workflow...
2025-11-18 15:58:22.504 [info] Getting sessions for read:user,repo,user:email,workflow...
2025-11-18 15:58:22.504 [info] Got 0 sessions for read:user,repo,user:email,workflow...
2025-11-18 15:58:22.506 [info] Getting sessions for all scopes...
2025-11-18 15:58:22.506 [info] Got 1 sessions for ...
2025-11-18 15:58:22.508 [info] Getting sessions for read:user,repo,user:email,workflow...
2025-11-18 15:58:22.508 [info] Got 0 sessions for read:user,repo,user:email,workflow...
2025-11-18 15:58:22.511 [info] Getting sessions for user:email...
2025-11-18 15:58:22.511 [info] Got 1 sessions for user:email...
2025-11-18 15:58:26.699 [info] Getting sessions for all scopes...
2025-11-18 15:58:26.699 [info] Got 1 sessions for ...
2025-11-18 15:58:26.712 [info] Getting sessions for all scopes...
2025-11-18 15:58:26.712 [info] Got 1 sessions for ...
2025-11-18 15:58:26.714 [info] Getting sessions for read:user,repo,user:email,workflow...
2025-11-18 15:58:26.714 [info] Got 0 sessions for read:user,repo,user:email,workflow...
2025-11-18 15:58:26.717 [info] Getting sessions for user:email...
2025-11-18 15:58:26.717 [info] Got 1 sessions for user:email...
2025-11-18 15:58:26.718 [info] Getting sessions for read:user,repo,user:email,workflow...
2025-11-18 15:58:26.718 [info] Got 0 sessions for read:user,repo,user:email,workflow...
2025-11-18 15:58:26.723 [info] Getting sessions for all scopes...
2025-11-18 15:58:26.724 [info] Got 1 sessions for ...
2025-11-18 15:58:26.734 [info] Getting sessions for read:user,repo,user:email,workflow...
2025-11-18 15:58:26.734 [info] Got 0 sessions for read:user,repo,user:email,workflow...
2025-11-18 15:58:26.735 [info] Getting sessions for user:email...
2025-11-18 15:58:26.735 [info] Got 1 sessions for user:email...
2025-11-18 15:58:27.369 [info] Getting sessions for all scopes...
2025-11-18 15:58:27.369 [info] Got 1 sessions for ...
2025-11-18 15:58:27.372 [info] Getting sessions for read:user,repo,user:email,workflow...
2025-11-18 15:58:27.373 [info] Got 0 sessions for read:user,repo,user:email,workflow...
2025-11-18 15:58:27.377 [info] Getting sessions for user:email...
2025-11-18 15:58:27.377 [info] Got 1 sessions for user:email...
2025-11-18 16:05:50.890 [info] Getting sessions for all scopes...
2025-11-18 16:05:50.890 [info] Got 1 sessions for ...
2025-11-18 16:05:51.711 [info] Getting sessions for read:user,repo,user:email,workflow...
2025-11-18 16:05:51.711 [info] Got 0 sessions for read:user,repo,user:email,workflow...
2025-11-18 16:05:51.713 [info] Getting sessions for read:user,repo,user:email,workflow...
2025-11-18 16:05:51.713 [info] Got 0 sessions for read:user,repo,user:email,workflow...
2025-11-18 16:05:51.714 [info] Getting sessions for all scopes...
2025-11-18 16:05:51.714 [info] Got 1 sessions for ...
2025-11-18 16:05:51.717 [info] Getting sessions for read:user,repo,user:email,workflow...
2025-11-18 16:05:51.717 [info] Got 0 sessions for read:user,repo,user:email,workflow...
2025-11-18 16:05:51.719 [info] Getting sessions for user:email...
2025-11-18 16:05:51.719 [info] Got 1 sessions for user:email...
2025-11-18 16:05:56.807 [info] Getting sessions for all scopes...
2025-11-18 16:05:56.807 [info] Got 1 sessions for ...
2025-11-18 16:05:56.816 [info] Getting sessions for read:user,repo,user:email,workflow...
2025-11-18 16:05:56.817 [info] Got 0 sessions for read:user,repo,user:email,workflow...
2025-11-18 16:05:56.818 [info] Getting sessions for all scopes...
2025-11-18 16:05:56.818 [info] Got 1 sessions for ...
2025-11-18 16:05:56.822 [info] Getting sessions for user:email...
2025-11-18 16:05:56.822 [info] Got 1 sessions for user:email...
2025-11-18 16:05:56.823 [info] Getting sessions for read:user,repo,user:email,workflow...
2025-11-18 16:05:56.823 [info] Got 0 sessions for read:user,repo,user:email,workflow...
2025-11-18 16:05:56.828 [info] Getting sessions for read:user,repo,user:email,workflow...
2025-11-18 16:05:56.828 [info] Got 0 sessions for read:user,repo,user:email,workflow...
2025-11-18 16:05:57.431 [info] Getting sessions for all scopes...
2025-11-18 16:05:57.440 [info] Got 1 sessions for ...
2025-11-18 16:05:57.442 [info] Getting sessions for read:user,repo,user:email,workflow...
2025-11-18 16:05:57.442 [info] Got 0 sessions for read:user,repo,user:email,workflow...
2025-11-18 16:05:57.450 [info] Getting sessions for user:email...
2025-11-18 16:05:57.450 [info] Got 1 sessions for user:email...
2025-11-18 16:05:59.774 [info] Getting sessions for all scopes...
2025-11-18 16:05:59.774 [info] Got 1 sessions for ...
2025-11-18 16:05:59.820 [info] Getting sessions for read:user,repo,user:email,workflow...
2025-11-18 16:05:59.820 [info] Got 0 sessions for read:user,repo,user:email,workflow...
2025-11-18 16:05:59.821 [info] Getting sessions for user:email...
2025-11-18 16:05:59.821 [info] Got 1 sessions for user:email...
2025-11-18 16:07:29.165 [info] Getting sessions for all scopes...
2025-11-18 16:07:29.165 [info] Got 1 sessions for ...
2025-11-18 16:07:29.167 [info] Getting sessions for read:user,repo,user:email,workflow...
2025-11-18 16:07:29.167 [info] Got 0 sessions for read:user,repo,user:email,workflow...
2025-11-18 16:07:29.168 [info] Getting sessions for user:email...
2025-11-18 16:07:29.168 [info] Got 1 sessions for user:email...
2025-11-18 16:07:31.295 [info] Getting sessions for all scopes...
2025-11-18 16:07:31.295 [info] Got 1 sessions for ...
2025-11-18 16:07:31.295 [info] Getting sessions for all scopes...
2025-11-18 16:07:31.295 [info] Got 1 sessions for ...
2025-11-18 16:07:31.299 [info] Getting sessions for read:user,repo,user:email,workflow...
2025-11-18 16:07:31.299 [info] Got 0 sessions for read:user,repo,user:email,workflow...
2025-11-18 16:07:31.301 [info] Getting sessions for user:email...
2025-11-18 16:07:31.301 [info] Got 1 sessions for user:email...
2025-11-18 16:07:31.301 [info] Getting sessions for read:user,repo,user:email,workflow...
2025-11-18 16:07:31.301 [info] Got 0 sessions for read:user,repo,user:email,workflow...
2025-11-18 16:07:31.320 [info] Getting sessions for all scopes...
2025-11-18 16:07:31.321 [info] Got 1 sessions for ...
2025-11-18 16:07:31.323 [info] Getting sessions for read:user,repo,user:email,workflow...
2025-11-18 16:07:31.323 [info] Got 0 sessions for read:user,repo,user:email,workflow...
2025-11-18 16:07:31.328 [info] Getting sessions for read:user,repo,user:email,workflow...
2025-11-18 16:07:31.328 [info] Got 0 sessions for read:user,repo,user:email,workflow...
2025-11-18 16:07:31.331 [info] Getting sessions for all scopes...
2025-11-18 16:07:31.331 [info] Got 1 sessions for ...
2025-11-18 16:07:31.333 [info] Getting sessions for read:user,repo,user:email,workflow...
2025-11-18 16:07:31.333 [info] Got 0 sessions for read:user,repo,user:email,workflow...
2025-11-18 16:07:31.336 [info] Getting sessions for user:email...
2025-11-18 16:07:31.336 [info] Got 1 sessions for user:email...
2025-11-18 16:10:47.213 [info] Getting sessions for all scopes...
2025-11-18 16:10:47.213 [info] Got 1 sessions for ...
2025-11-18 16:10:48.051 [info] Getting sessions for read:user,repo,user:email,workflow...
2025-11-18 16:10:48.051 [info] Got 0 sessions for read:user,repo,user:email,workflow...
2025-11-18 16:10:48.053 [info] Getting sessions for read:user,repo,user:email,workflow...
2025-11-18 16:10:48.053 [info] Got 0 sessions for read:user,repo,user:email,workflow...
2025-11-18 16:10:48.054 [info] Getting sessions for all scopes...
2025-11-18 16:10:48.054 [info] Got 1 sessions for ...
2025-11-18 16:10:48.056 [info] Getting sessions for read:user,repo,user:email,workflow...
2025-11-18 16:10:48.056 [info] Got 0 sessions for read:user,repo,user:email,workflow...
2025-11-18 16:10:48.057 [info] Getting sessions for user:email...
2025-11-18 16:10:48.057 [info] Got 1 sessions for user:email...
2025-11-18 16:10:54.951 [info] Getting sessions for all scopes...
2025-11-18 16:10:54.951 [info] Got 1 sessions for ...
2025-11-18 16:10:54.959 [info] Getting sessions for all scopes...
2025-11-18 16:10:54.959 [info] Got 1 sessions for ...
2025-11-18 16:10:54.961 [info] Getting sessions for read:user,repo,user:email,workflow...
2025-11-18 16:10:54.961 [info] Got 0 sessions for read:user,repo,user:email,workflow...
2025-11-18 16:10:54.963 [info] Getting sessions for user:email...
2025-11-18 16:10:54.963 [info] Got 1 sessions for user:email...
2025-11-18 16:10:54.963 [info] Getting sessions for read:user,repo,user:email,workflow...
2025-11-18 16:10:54.963 [info] Got 0 sessions for read:user,repo,user:email,workflow...
2025-11-18 16:10:54.967 [info] Getting sessions for all scopes...
2025-11-18 16:10:54.968 [info] Got 1 sessions for ...
2025-11-18 16:10:54.975 [info] Getting sessions for read:user,repo,user:email,workflow...
2025-11-18 16:10:54.975 [info] Got 0 sessions for read:user,repo,user:email,workflow...
2025-11-18 16:10:54.977 [info] Getting sessions for user:email...
2025-11-18 16:10:54.977 [info] Got 1 sessions for user:email...
2025-11-18 16:10:56.044 [info] Getting sessions for all scopes...
2025-11-18 16:10:56.044 [info] Got 1 sessions for ...
2025-11-18 16:10:56.047 [info] Getting sessions for read:user,repo,user:email,workflow...
2025-11-18 16:10:56.047 [info] Got 0 sessions for read:user,repo,user:email,workflow...
2025-11-18 16:10:56.049 [info] Getting sessions for user:email...
2025-11-18 16:10:56.049 [info] Got 1 sessions for user:email...
2025-11-18 16:25:08.649 [info] Getting sessions for all scopes...
2025-11-18 16:25:08.649 [info] Got 1 sessions for ...
2025-11-18 16:25:08.653 [info] Getting sessions for read:user,repo,user:email,workflow...
2025-11-18 16:25:08.653 [info] Got 0 sessions for read:user,repo,user:email,workflow...
2025-11-18 16:25:08.655 [info] Getting sessions for read:user,repo,user:email,workflow...
2025-11-18 16:25:08.655 [info] Got 0 sessions for read:user,repo,user:email,workflow...
2025-11-18 16:25:08.657 [info] Getting sessions for all scopes...
2025-11-18 16:25:08.657 [info] Got 1 sessions for ...
2025-11-18 16:25:08.659 [info] Getting sessions for read:user,repo,user:email,workflow...
2025-11-18 16:25:08.659 [info] Got 0 sessions for read:user,repo,user:email,workflow...
2025-11-18 16:25:08.661 [info] Getting sessions for user:email...
2025-11-18 16:25:08.661 [info] Got 1 sessions for user:email...
2025-11-18 16:25:11.244 [info] Getting sessions for all scopes...
2025-11-18 16:25:11.244 [info] Got 1 sessions for ...
2025-11-18 16:25:11.252 [info] Getting sessions for all scopes...
2025-11-18 16:25:11.252 [info] Got 1 sessions for ...
2025-11-18 16:25:11.253 [info] Getting sessions for read:user,repo,user:email,workflow...
2025-11-18 16:25:11.253 [info] Got 0 sessions for read:user,repo,user:email,workflow...
2025-11-18 16:25:11.258 [info] Getting sessions for user:email...
2025-11-18 16:25:11.258 [info] Got 1 sessions for user:email...
2025-11-18 16:25:11.259 [info] Getting sessions for read:user,repo,user:email,workflow...
2025-11-18 16:25:11.259 [info] Got 0 sessions for read:user,repo,user:email,workflow...
2025-11-18 16:25:11.271 [info] Getting sessions for all scopes...
2025-11-18 16:25:11.271 [info] Got 1 sessions for ...
2025-11-18 16:25:11.275 [info] Getting sessions for read:user,repo,user:email,workflow...
2025-11-18 16:25:11.275 [info] Got 0 sessions for read:user,repo,user:email,workflow...
2025-11-18 16:25:11.278 [info] Getting sessions for user:email...
2025-11-18 16:25:11.278 [info] Got 1 sessions for user:email...
2025-11-18 16:25:11.807 [info] Getting sessions for all scopes...
2025-11-18 16:25:11.807 [info] Got 1 sessions for ...
2025-11-18 16:25:11.812 [info] Getting sessions for read:user,repo,user:email,workflow...
2025-11-18 16:25:11.812 [info] Got 0 sessions for read:user,repo,user:email,workflow...
2025-11-18 16:25:11.814 [info] Getting sessions for user:email...
2025-11-18 16:25:11.814 [info] Got 1 sessions for user:email...
2025-11-18 16:48:26.611 [info] Getting sessions for all scopes...
2025-11-18 16:48:26.611 [info] Got 1 sessions for ...
2025-11-18 16:48:26.613 [info] Getting sessions for read:user,repo,user:email,workflow...
2025-11-18 16:48:26.613 [info] Got 0 sessions for read:user,repo,user:email,workflow...
2025-11-18 16:48:26.616 [info] Getting sessions for user:email...
2025-11-18 16:48:26.616 [info] Got 1 sessions for user:email...
2025-11-18 16:48:28.022 [info] Getting sessions for all scopes...
2025-11-18 16:48:28.022 [info] Got 1 sessions for ...
2025-11-18 16:48:28.022 [info] Getting sessions for all scopes...
2025-11-18 16:48:28.022 [info] Got 1 sessions for ...
2025-11-18 16:48:28.026 [info] Getting sessions for read:user,repo,user:email,workflow...
2025-11-18 16:48:28.026 [info] Got 0 sessions for read:user,repo,user:email,workflow...
2025-11-18 16:48:28.028 [info] Getting sessions for user:email...
2025-11-18 16:48:28.028 [info] Got 1 sessions for user:email...
2025-11-18 16:48:28.028 [info] Getting sessions for read:user,repo,user:email,workflow...
2025-11-18 16:48:28.028 [info] Got 0 sessions for read:user,repo,user:email,workflow...
2025-11-18 16:48:28.045 [info] Getting sessions for all scopes...
2025-11-18 16:48:28.045 [info] Got 1 sessions for ...
2025-11-18 16:48:28.047 [info] Getting sessions for read:user,repo,user:email,workflow...
2025-11-18 16:48:28.048 [info] Got 0 sessions for read:user,repo,user:email,workflow...
2025-11-18 16:48:28.049 [info] Getting sessions for read:user,repo,user:email,workflow...
2025-11-18 16:48:28.050 [info] Got 0 sessions for read:user,repo,user:email,workflow...
2025-11-18 16:48:28.052 [info] Getting sessions for all scopes...
2025-11-18 16:48:28.052 [info] Got 1 sessions for ...
2025-11-18 16:48:28.055 [info] Getting sessions for read:user,repo,user:email,workflow...
2025-11-18 16:48:28.055 [info] Got 0 sessions for read:user,repo,user:email,workflow...
2025-11-18 16:48:28.057 [info] Getting sessions for user:email...
2025-11-18 16:48:28.057 [info] Got 1 sessions for user:email...
2025-11-18 16:51:49.965 [info] Getting sessions for all scopes...
2025-11-18 16:51:49.965 [info] Got 1 sessions for ...
2025-11-18 16:51:49.996 [info] Getting sessions for read:user,repo,user:email,workflow...
2025-11-18 16:51:49.996 [info] Got 0 sessions for read:user,repo,user:email,workflow...
2025-11-18 16:51:50.195 [info] Getting sessions for read:user,repo,user:email,workflow...
2025-11-18 16:51:50.195 [info] Got 0 sessions for read:user,repo,user:email,workflow...
2025-11-18 16:51:50.285 [info] Getting sessions for all scopes...
2025-11-18 16:51:50.285 [info] Got 1 sessions for ...
2025-11-18 16:51:50.348 [info] Getting sessions for read:user,repo,user:email,workflow...
2025-11-18 16:51:50.348 [info] Got 0 sessions for read:user,repo,user:email,workflow...
2025-11-18 16:51:50.530 [info] Getting sessions for user:email...
2025-11-18 16:51:50.530 [info] Got 1 sessions for user:email...
