2025-11-24 01:13:22.829 [info] [main] Log level: Info
2025-11-24 01:13:22.829 [info] [main] Validating found git in: "git"
2025-11-24 01:13:22.829 [info] [main] Using git "2.47.3" from "git"
2025-11-24 01:13:22.829 [info] [Model][doInitialScan] Initial repository scan started
2025-11-24 01:13:22.829 [info] > git rev-parse --show-toplevel [262ms]
2025-11-24 01:13:22.829 [info] fatal: not a git repository (or any of the parent directories): .git
2025-11-24 01:13:22.829 [info] > git rev-parse --show-toplevel [2361ms]
2025-11-24 01:13:22.961 [info] > git rev-parse --git-dir --git-common-dir --show-superproject-working-tree [125ms]
2025-11-24 01:13:22.986 [info] [Model][openRepository] Opened repository (path): /home/trang/localnsv/mAIware---AI
2025-11-24 01:13:22.986 [info] [Model][openRepository] Opened repository (real path): /home/trang/localnsv/mAIware---AI
2025-11-24 01:13:22.986 [info] [Model][openRepository] Opened repository (kind): repository
2025-11-24 01:13:23.269 [info] > git rev-parse --show-toplevel [25ms]
2025-11-24 01:13:23.269 [info] fatal: not a git repository (or any of the parent directories): .git
2025-11-24 01:13:23.270 [info] > git config --get commit.template [32ms]
2025-11-24 01:13:23.606 [info] > git rev-parse --show-toplevel [15ms]
2025-11-24 01:13:23.606 [info] fatal: not a git repository (or any of the parent directories): .git
2025-11-24 01:13:23.614 [info] > git for-each-ref --format=%(refname)%00%(upstream:short)%00%(objectname)%00%(upstream:track)%00%(upstream:remotename)%00%(upstream:remoteref) refs/heads/main refs/remotes/main [12ms]
2025-11-24 01:13:23.617 [info] > git rev-parse --show-toplevel [3ms]
2025-11-24 01:13:23.617 [info] fatal: not a git repository (or any of the parent directories): .git
2025-11-24 01:13:23.629 [info] > git rev-parse --show-toplevel [2ms]
2025-11-24 01:13:23.660 [info] > git status -z -uall [23ms]
2025-11-24 01:13:23.661 [info] > git for-each-ref --sort -committerdate --format %(refname)%00%(objectname)%00%(*objectname) [11ms]
2025-11-24 01:13:23.701 [info] > git for-each-ref --format=%(refname)%00%(upstream:short)%00%(objectname)%00%(upstream:track)%00%(upstream:remotename)%00%(upstream:remoteref) refs/heads/main refs/remotes/main [11ms]
2025-11-24 01:13:23.709 [info] > git rev-parse --git-dir --git-common-dir --show-superproject-working-tree [51ms]
2025-11-24 01:13:23.717 [info] [Model][openRepository] Opened repository (path): /home/trang/localnsv/mAIware
2025-11-24 01:13:23.717 [info] [Model][openRepository] Opened repository (real path): /home/trang/localnsv/mAIware
2025-11-24 01:13:23.717 [info] [Model][openRepository] Opened repository (kind): repository
2025-11-24 01:13:23.914 [info] > git config --get --local branch.main.vscode-merge-base [205ms]
2025-11-24 01:13:23.923 [info] > git config --get commit.template [223ms]
2025-11-24 01:13:23.965 [info] > git check-ignore -v -z --stdin [33ms]
2025-11-24 01:13:23.966 [info] > git for-each-ref --format=%(refname)%00%(upstream:short)%00%(objectname)%00%(upstream:track)%00%(upstream:remotename)%00%(upstream:remoteref) refs/heads/origin/main refs/remotes/origin/main [43ms]
2025-11-24 01:13:23.975 [info] > git rev-parse --show-toplevel [207ms]
2025-11-24 01:13:23.975 [info] > git config --get commit.template [214ms]
2025-11-24 01:13:23.997 [info] > git merge-base refs/heads/main refs/remotes/origin/main [23ms]
2025-11-24 01:13:24.181 [info] > git diff --name-status -z --diff-filter=ADMR --find-renames=50% a92efc08bc0f8bd09e3be2417116deabbd3ee48a...refs/remotes/origin/main -- [175ms]
2025-11-24 01:13:24.182 [info] > git rev-parse --git-dir --git-common-dir --show-superproject-working-tree [191ms]
2025-11-24 01:13:24.187 [info] [Model][openRepository] Opened repository (path): /home/trang/localnsv/mAIware---CFG
2025-11-24 01:13:24.187 [info] [Model][openRepository] Opened repository (real path): /home/trang/localnsv/mAIware---CFG
2025-11-24 01:13:24.187 [info] [Model][openRepository] Opened repository (kind): repository
2025-11-24 01:13:24.188 [info] > git for-each-ref --format=%(refname)%00%(upstream:short)%00%(objectname)%00%(upstream:track)%00%(upstream:remotename)%00%(upstream:remoteref) refs/heads/main refs/remotes/main [205ms]
2025-11-24 01:13:24.215 [info] > git for-each-ref --format=%(refname)%00%(upstream:short)%00%(objectname)%00%(upstream:track)%00%(upstream:remotename)%00%(upstream:remoteref) refs/heads/main refs/remotes/main [199ms]
2025-11-24 01:13:24.230 [info] > git rev-parse --show-toplevel [19ms]
2025-11-24 01:13:24.230 [info] > git config --get commit.template [26ms]
2025-11-24 01:13:24.382 [info] > git status -z -uall [126ms]
2025-11-24 01:13:24.382 [info] > git status -z -uall [85ms]
2025-11-24 01:13:24.382 [info] > git for-each-ref --sort -committerdate --format %(refname)%00%(objectname)%00%(*objectname) [119ms]
2025-11-24 01:13:24.387 [info] > git for-each-ref --format=%(refname)%00%(upstream:short)%00%(objectname)%00%(upstream:track)%00%(upstream:remotename)%00%(upstream:remoteref) refs/heads/main refs/remotes/main [137ms]
2025-11-24 01:13:24.387 [info] > git rev-parse --git-dir --git-common-dir --show-superproject-working-tree [146ms]
2025-11-24 01:13:24.393 [info] [Model][openRepository] Opened repository (path): /home/trang/localnsv/mAIware-server
2025-11-24 01:13:24.393 [info] [Model][openRepository] Opened repository (real path): /home/trang/localnsv/mAIware-server
2025-11-24 01:13:24.393 [info] [Model][openRepository] Opened repository (kind): repository
2025-11-24 01:13:24.403 [warning] [Git][revParse] Unable to read file: ENOENT: no such file or directory, open '/home/trang/localnsv/mAIware---CFG/.git/refs/remotes/origin/main'
2025-11-24 01:13:24.429 [info] > git for-each-ref --sort -committerdate --format %(refname)%00%(objectname)%00%(*objectname) [124ms]
2025-11-24 01:13:24.470 [info] > git for-each-ref --format=%(refname)%00%(upstream:short)%00%(objectname)%00%(upstream:track)%00%(upstream:remotename)%00%(upstream:remoteref) refs/heads/main refs/remotes/main [27ms]
2025-11-24 01:13:24.478 [info] > git rev-parse --show-toplevel [50ms]
2025-11-24 01:13:24.478 [info] > git config --get commit.template [61ms]
2025-11-24 01:13:24.478 [info] > git rev-parse refs/remotes/origin/main [75ms]
2025-11-24 01:13:24.502 [info] > git status -z -uall [17ms]
2025-11-24 01:13:24.502 [info] > git for-each-ref --sort -committerdate --format %(refname)%00%(objectname)%00%(*objectname) [10ms]
2025-11-24 01:13:24.517 [info] > git config --get --local branch.main.vscode-merge-base [40ms]
2025-11-24 01:13:24.528 [info] > git config --get commit.template [72ms]
2025-11-24 01:13:24.550 [info] > git for-each-ref --format=%(refname)%00%(upstream:short)%00%(objectname)%00%(upstream:track)%00%(upstream:remotename)%00%(upstream:remoteref) refs/heads/origin/main refs/remotes/origin/main [22ms]
2025-11-24 01:13:24.558 [info] > git for-each-ref --format=%(refname)%00%(upstream:short)%00%(objectname)%00%(upstream:track)%00%(upstream:remotename)%00%(upstream:remoteref) refs/heads/main refs/remotes/main [42ms]
2025-11-24 01:13:24.566 [info] > git rev-parse --git-dir --git-common-dir --show-superproject-working-tree [65ms]
2025-11-24 01:13:24.571 [info] [Model][openRepository] Opened repository (path): /home/trang/localnsv/server-old
2025-11-24 01:13:24.571 [info] [Model][openRepository] Opened repository (real path): /home/trang/localnsv/server-old
2025-11-24 01:13:24.571 [info] [Model][openRepository] Opened repository (kind): repository
2025-11-24 01:13:24.573 [info] [Model][doInitialScan] Initial repository scan completed - repositories (5), closed repositories (0), parent repositories (0), unsafe repositories (0)
2025-11-24 01:13:24.594 [info] > git config --get --local branch.main.vscode-merge-base [28ms]
2025-11-24 01:13:24.602 [info] > git merge-base refs/heads/main refs/remotes/origin/main [45ms]
2025-11-24 01:13:24.610 [info] > git config --get commit.template [66ms]
2025-11-24 01:13:24.610 [info] > git for-each-ref --format=%(refname)%00%(upstream:short)%00%(objectname)%00%(upstream:track)%00%(upstream:remotename)%00%(upstream:remoteref) refs/heads/main refs/remotes/main [74ms]
2025-11-24 01:13:24.614 [info] > git diff --name-status -z --diff-filter=ADMR --find-renames=50% c6e32caa9c8ccf45a3a507c150be820953939a0f...refs/remotes/origin/main -- [4ms]
2025-11-24 01:13:24.614 [info] > git for-each-ref --format=%(refname)%00%(upstream:short)%00%(objectname)%00%(upstream:track)%00%(upstream:remotename)%00%(upstream:remoteref) refs/heads/origin/main refs/remotes/origin/main [13ms]
2025-11-24 01:13:24.622 [info] > git config --get commit.template [29ms]
2025-11-24 01:13:24.622 [info] > git for-each-ref --format=%(refname)%00%(upstream:short)%00%(objectname)%00%(upstream:track)%00%(upstream:remotename)%00%(upstream:remoteref) refs/heads/main refs/remotes/main [37ms]
2025-11-24 01:13:24.633 [info] > git merge-base refs/heads/main refs/remotes/origin/main [11ms]
2025-11-24 01:13:24.649 [info] > git for-each-ref --format=%(refname)%00%(upstream:short)%00%(objectname)%00%(upstream:track)%00%(upstream:remotename)%00%(upstream:remoteref) refs/heads/main refs/remotes/main [16ms]
2025-11-24 01:13:24.673 [warning] [Git][revParse] Unable to read file: ENOENT: no such file or directory, open '/home/trang/localnsv/mAIware---CFG/.git/refs/remotes/origin/main'
2025-11-24 01:13:24.673 [info] > git diff --name-status -z --diff-filter=ADMR --find-renames=50% 4349dabcca9a3f2d8d46e9fd2c4eb4d5832090c4...refs/remotes/origin/main -- [32ms]
2025-11-24 01:13:24.792 [info] > git status -z -uall [135ms]
2025-11-24 01:13:24.792 [info] > git status -z -uall [12ms]
2025-11-24 01:13:24.792 [info] > git rev-parse refs/remotes/origin/main [119ms]
2025-11-24 01:13:24.807 [info] > git for-each-ref --sort -committerdate --format %(refname)%00%(objectname)%00%(*objectname) [142ms]
2025-11-24 01:13:24.819 [info] > git for-each-ref --format=%(refname)%00%(upstream:short)%00%(objectname)%00%(upstream:track)%00%(upstream:remotename)%00%(upstream:remoteref) refs/heads/main refs/remotes/main [170ms]
2025-11-24 01:13:24.835 [info] > git status -z -uall [36ms]
2025-11-24 01:13:24.836 [info] > git for-each-ref --format=%(refname)%00%(upstream:short)%00%(objectname)%00%(upstream:track)%00%(upstream:remotename)%00%(upstream:remoteref) refs/heads/main refs/remotes/main [17ms]
2025-11-24 01:13:24.843 [info] > git for-each-ref --sort -committerdate --format %(refname)%00%(objectname)%00%(*objectname) [36ms]
2025-11-24 01:13:24.846 [info] > git for-each-ref --sort -committerdate --format %(refname)%00%(objectname)%00%(*objectname) [59ms]
2025-11-24 01:13:24.854 [info] > git config --get --local branch.main.vscode-merge-base [11ms]
2025-11-24 01:13:24.862 [info] > git config --get commit.template [28ms]
2025-11-24 01:13:24.866 [info] > git for-each-ref --format=%(refname)%00%(upstream:short)%00%(objectname)%00%(upstream:track)%00%(upstream:remotename)%00%(upstream:remoteref) refs/heads/origin/main refs/remotes/origin/main [5ms]
2025-11-24 01:13:24.898 [info] > git status -z -uall [8ms]
2025-11-24 01:13:24.899 [info] > git for-each-ref --format=%(refname)%00%(upstream:short)%00%(objectname)%00%(upstream:track)%00%(upstream:remotename)%00%(upstream:remoteref) refs/heads/main refs/remotes/main [17ms]
2025-11-24 01:13:24.899 [info] > git merge-base refs/heads/main refs/remotes/origin/main [25ms]
2025-11-24 01:13:24.907 [info] > git for-each-ref --sort -committerdate --format %(refname)%00%(objectname)%00%(*objectname) [10ms]
2025-11-24 01:13:24.930 [info] > git for-each-ref --format=%(refname)%00%(upstream:short)%00%(objectname)%00%(upstream:track)%00%(upstream:remotename)%00%(upstream:remoteref) refs/heads/main refs/remotes/main [10ms]
2025-11-24 01:13:24.938 [info] > git diff --name-status -z --diff-filter=ADMR --find-renames=50% 2f24af2427fbe1476d13c38f1b1be14d38c141d6...refs/remotes/origin/main -- [32ms]
2025-11-24 01:13:24.940 [info] > git config --get --local branch.main.vscode-merge-base [2ms]
2025-11-24 01:13:24.947 [info] > git config --get commit.template [17ms]
2025-11-24 01:13:24.967 [info] > git status -z -uall [10ms]
2025-11-24 01:13:24.967 [info] > git for-each-ref --format=%(refname)%00%(upstream:short)%00%(objectname)%00%(upstream:track)%00%(upstream:remotename)%00%(upstream:remoteref) refs/heads/origin/main refs/remotes/origin/main [20ms]
2025-11-24 01:13:24.996 [info] > git for-each-ref --sort -committerdate --format %(refname)%00%(objectname)%00%(*objectname) [30ms]
2025-11-24 01:13:25.000 [info] > git for-each-ref --format=%(refname)%00%(upstream:short)%00%(objectname)%00%(upstream:track)%00%(upstream:remotename)%00%(upstream:remoteref) refs/heads/main refs/remotes/main [9ms]
2025-11-24 01:13:25.000 [info] > git merge-base refs/heads/main refs/remotes/origin/main [19ms]
2025-11-24 01:13:25.011 [info] > git diff --name-status -z --diff-filter=ADMR --find-renames=50% 5d9c1ead87eeaffa567a26c330047cbbddfeb2a5...refs/remotes/origin/main -- [3ms]
2025-11-24 01:13:25.035 [info] > git status -z -uall [9ms]
2025-11-24 01:13:25.036 [info] > git for-each-ref --sort -committerdate --format %(refname)%00%(objectname)%00%(*objectname) [2ms]
2025-11-24 01:13:25.202 [info] > git check-ignore -v -z --stdin [41ms]
2025-11-24 01:13:25.203 [info] > git check-ignore -v -z --stdin [34ms]
2025-11-24 01:13:25.203 [info] > git check-ignore -v -z --stdin [26ms]
2025-11-24 01:13:25.204 [info] > git check-ignore -v -z --stdin [18ms]
2025-11-24 01:13:25.204 [info] > git check-ignore -v -z --stdin [6ms]
2025-11-24 01:13:41.221 [info] > git rev-parse --show-toplevel [24ms]
2025-11-24 01:13:41.221 [info] fatal: not a git repository (or any of the parent directories): .git
2025-11-24 01:13:41.532 [info] > git rev-parse --show-toplevel [11ms]
2025-11-24 01:13:41.532 [info] fatal: not a git repository (or any of the parent directories): .git
2025-11-24 01:14:08.024 [warning] [Git][getHEAD] Failed to parse HEAD file: ENOENT: no such file or directory, open '/home/trang/localnsv/mAIware---CFG/.git/HEAD'
2025-11-24 01:14:08.040 [warning] [Git][getRemotes] Error: ENOENT: no such file or directory, open '/home/trang/localnsv/mAIware---CFG/.git/config'
2025-11-24 01:14:08.063 [warning] [Git][getHEAD] Failed to parse HEAD file: ENOENT: no such file or directory, open '/home/trang/localnsv/mAIware---CFG/.git/HEAD'
2025-11-24 01:14:08.079 [warning] [Git][getRemotes] Error: ENOENT: no such file or directory, open '/home/trang/localnsv/mAIware---CFG/.git/config'
2025-11-24 01:14:08.089 [info] > git config --get commit.template [73ms]
2025-11-24 01:14:08.089 [info] > git config --get commit.template [81ms]
2025-11-24 01:14:08.112 [info] > git for-each-ref --format=%(refname)%00%(upstream:short)%00%(objectname)%00%(upstream:track)%00%(upstream:remotename)%00%(upstream:remoteref) refs/heads/main refs/remotes/main [11ms]
2025-11-24 01:14:08.113 [info] > git for-each-ref --format=%(refname)%00%(upstream:short)%00%(objectname)%00%(upstream:track)%00%(upstream:remotename)%00%(upstream:remoteref) refs/heads/main refs/remotes/main [4ms]
2025-11-24 01:14:08.150 [info] > git status -z -uall [29ms]
2025-11-24 01:14:08.150 [info] > git status -z -uall [12ms]
2025-11-24 01:14:08.151 [info] > git for-each-ref --sort -committerdate --format %(refname)%00%(objectname)%00%(*objectname) [21ms]
2025-11-24 01:14:08.154 [info] > git for-each-ref --sort -committerdate --format %(refname)%00%(objectname)%00%(*objectname) [6ms]
2025-11-24 01:14:40.030 [info] > git check-ignore -v -z --stdin [20ms]
2025-11-24 01:14:40.031 [info] > git check-ignore -v -z --stdin [11ms]
2025-11-24 01:14:40.031 [info] > git check-ignore -v -z --stdin [32ms]
2025-11-24 01:14:40.032 [info] > git check-ignore -v -z --stdin [3ms]
2025-11-24 01:14:44.159 [info] > git check-ignore -v -z --stdin [2ms]
2025-11-24 01:14:45.520 [info] > git check-ignore -v -z --stdin [4ms]
2025-11-24 01:17:07.440 [warning] [Git][getHEAD] Failed to parse HEAD file: ENOENT: no such file or directory, open '/home/trang/localnsv/server-old/.git/HEAD'
2025-11-24 01:17:07.486 [warning] [Git][getRemotes] Error: ENOENT: no such file or directory, open '/home/trang/localnsv/server-old/.git/config'
2025-11-24 01:17:07.555 [warning] [Git][getHEAD] Failed to parse HEAD file: ENOENT: no such file or directory, open '/home/trang/localnsv/server-old/.git/HEAD'
2025-11-24 01:17:07.589 [warning] [Git][getRemotes] Error: ENOENT: no such file or directory, open '/home/trang/localnsv/server-old/.git/config'
2025-11-24 01:17:08.140 [info] > git check-ignore -v -z --stdin [10ms]
2025-11-24 01:17:08.141 [info] > git check-ignore -v -z --stdin [2ms]
2025-11-24 01:22:09.578 [info] > git config --get commit.template [11ms]
2025-11-24 01:22:09.578 [info] > git config --get commit.template [21ms]
2025-11-24 01:22:09.591 [info] > git config --get commit.template [14ms]
2025-11-24 01:22:09.628 [info] > git for-each-ref --format=%(refname)%00%(upstream:short)%00%(objectname)%00%(upstream:track)%00%(upstream:remotename)%00%(upstream:remoteref) refs/heads/main refs/remotes/main [11ms]
2025-11-24 01:22:09.629 [info] > git for-each-ref --format=%(refname)%00%(upstream:short)%00%(objectname)%00%(upstream:track)%00%(upstream:remotename)%00%(upstream:remoteref) refs/heads/main refs/remotes/main [30ms]
2025-11-24 01:22:09.630 [info] > git for-each-ref --format=%(refname)%00%(upstream:short)%00%(objectname)%00%(upstream:track)%00%(upstream:remotename)%00%(upstream:remoteref) refs/heads/main refs/remotes/main [3ms]
2025-11-24 01:22:09.703 [info] > git status -z -uall [63ms]
2025-11-24 01:22:09.703 [info] > git status -z -uall [45ms]
2025-11-24 01:22:09.703 [info] > git status -z -uall [14ms]
2025-11-24 01:22:09.703 [info] > git for-each-ref --sort -committerdate --format %(refname)%00%(objectname)%00%(*objectname) [35ms]
2025-11-24 01:22:09.708 [info] > git for-each-ref --sort -committerdate --format %(refname)%00%(objectname)%00%(*objectname) [59ms]
2025-11-24 01:22:09.713 [info] > git for-each-ref --sort -committerdate --format %(refname)%00%(objectname)%00%(*objectname) [15ms]
2025-11-24 01:24:04.183 [info] > git config --get commit.template [14ms]
2025-11-24 01:24:04.184 [info] > git for-each-ref --format=%(refname)%00%(upstream:short)%00%(objectname)%00%(upstream:track)%00%(upstream:remotename)%00%(upstream:remoteref) refs/heads/main refs/remotes/main [3ms]
2025-11-24 01:24:04.210 [info] > git status -z -uall [15ms]
2025-11-24 01:24:04.212 [info] > git for-each-ref --sort -committerdate --format %(refname)%00%(objectname)%00%(*objectname) [2ms]
2025-11-24 01:28:26.785 [info] > git config --get commit.template [5ms]
2025-11-24 01:28:26.785 [info] > git config --get commit.template [27ms]
2025-11-24 01:28:26.874 [info] > git for-each-ref --format=%(refname)%00%(upstream:short)%00%(objectname)%00%(upstream:track)%00%(upstream:remotename)%00%(upstream:remoteref) refs/heads/main refs/remotes/main [53ms]
2025-11-24 01:28:26.875 [info] > git for-each-ref --format=%(refname)%00%(upstream:short)%00%(objectname)%00%(upstream:track)%00%(upstream:remotename)%00%(upstream:remoteref) refs/heads/main refs/remotes/main [66ms]
2025-11-24 01:28:26.922 [info] > git status -z -uall [36ms]
2025-11-24 01:28:26.922 [info] > git status -z -uall [13ms]
2025-11-24 01:28:26.922 [info] > git for-each-ref --sort -committerdate --format %(refname)%00%(objectname)%00%(*objectname) [25ms]
2025-11-24 01:28:26.928 [info] > git for-each-ref --sort -committerdate --format %(refname)%00%(objectname)%00%(*objectname) [8ms]
2025-11-24 01:28:44.759 [info] > git rev-parse --show-toplevel [3ms]
2025-11-24 01:28:44.759 [info] fatal: not a git repository (or any of the parent directories): .git
2025-11-24 01:29:32.828 [info] > git check-ignore -v -z --stdin [3ms]
2025-11-24 01:29:35.430 [info] > git check-ignore -v -z --stdin [1ms]
2025-11-24 01:33:22.542 [info] > git config --get commit.template [15ms]
2025-11-24 01:33:22.554 [info] > git config --get commit.template [14ms]
2025-11-24 01:33:22.568 [info] > git for-each-ref --format=%(refname)%00%(upstream:short)%00%(objectname)%00%(upstream:track)%00%(upstream:remotename)%00%(upstream:remoteref) refs/heads/main refs/remotes/main [15ms]
2025-11-24 01:33:22.595 [info] > git status -z -uall [14ms]
2025-11-24 01:33:22.596 [info] > git for-each-ref --format=%(refname)%00%(upstream:short)%00%(objectname)%00%(upstream:track)%00%(upstream:remotename)%00%(upstream:remoteref) refs/heads/main refs/remotes/main [28ms]
2025-11-24 01:33:22.596 [info] > git for-each-ref --sort -committerdate --format %(refname)%00%(objectname)%00%(*objectname) [2ms]
2025-11-24 01:33:22.629 [info] > git status -z -uall [13ms]
2025-11-24 01:33:22.633 [info] > git for-each-ref --sort -committerdate --format %(refname)%00%(objectname)%00%(*objectname) [4ms]
2025-11-24 01:35:31.637 [info] > git config --get commit.template [48ms]
2025-11-24 01:35:31.650 [info] > git for-each-ref --format=%(refname)%00%(upstream:short)%00%(objectname)%00%(upstream:track)%00%(upstream:remotename)%00%(upstream:remoteref) refs/heads/main refs/remotes/main [13ms]
2025-11-24 01:35:31.832 [info] > git status -z -uall [72ms]
2025-11-24 01:35:31.848 [info] > git for-each-ref --sort -committerdate --format %(refname)%00%(objectname)%00%(*objectname) [17ms]
2025-11-24 01:40:36.664 [info] > git config --get commit.template [19ms]
2025-11-24 01:40:36.665 [info] > git for-each-ref --format=%(refname)%00%(upstream:short)%00%(objectname)%00%(upstream:track)%00%(upstream:remotename)%00%(upstream:remoteref) refs/heads/main refs/remotes/main [2ms]
2025-11-24 01:40:36.700 [info] > git status -z -uall [19ms]
2025-11-24 01:40:36.703 [info] > git for-each-ref --sort -committerdate --format %(refname)%00%(objectname)%00%(*objectname) [4ms]
2025-11-24 01:41:01.517 [info] > git check-ignore -v -z --stdin [4ms]
2025-11-24 01:42:49.039 [info] > git config --get commit.template [12ms]
2025-11-24 01:42:49.096 [info] [Git][getRemotes] No remotes found in the git config file
2025-11-24 01:42:49.101 [info] > git for-each-ref --format=%(refname)%00%(upstream:short)%00%(objectname)%00%(upstream:track)%00%(upstream:remotename)%00%(upstream:remoteref) refs/heads/master refs/remotes/master [5ms]
2025-11-24 01:42:49.101 [warning] [Git][getBranch] No such branch: master
2025-11-24 01:42:49.153 [info] > git status -z -uall [27ms]
2025-11-24 01:42:49.163 [info] > git for-each-ref --sort -committerdate --format %(refname)%00%(objectname)%00%(*objectname) [11ms]
2025-11-24 01:42:49.248 [info] > git for-each-ref --format=%(refname)%00%(upstream:short)%00%(objectname)%00%(upstream:track)%00%(upstream:remotename)%00%(upstream:remoteref) refs/heads/master refs/remotes/master [1ms]
2025-11-24 01:42:49.249 [warning] [Git][getBranch] No such branch: master
2025-11-24 01:42:49.259 [error] [GitHistoryProvider][resolveHEADMergeBase] Failed to resolve merge base for master: Error: No such branch: master.
2025-11-24 01:43:25.497 [info] > git config --get commit.template [76ms]
2025-11-24 01:43:25.502 [info] > git for-each-ref --format=%(refname)%00%(upstream:short)%00%(objectname)%00%(upstream:track)%00%(upstream:remotename)%00%(upstream:remoteref) refs/heads/master refs/remotes/master [8ms]
2025-11-24 01:43:25.502 [warning] [Git][getBranch] No such branch: master
2025-11-24 01:43:25.623 [info] > git status -z -uall [45ms]
2025-11-24 01:43:25.623 [info] > git for-each-ref --sort -committerdate --format %(refname)%00%(objectname)%00%(*objectname) [17ms]
2025-11-24 01:45:36.363 [info] > git config --get commit.template [17ms]
2025-11-24 01:45:36.450 [info] > git for-each-ref --format=%(refname)%00%(upstream:short)%00%(objectname)%00%(upstream:track)%00%(upstream:remotename)%00%(upstream:remoteref) refs/heads/main refs/remotes/main [1ms]
2025-11-24 01:45:36.520 [info] > git status -z -uall [30ms]
2025-11-24 01:45:36.520 [info] > git for-each-ref --sort -committerdate --format %(refname)%00%(objectname)%00%(*objectname) [1ms]
2025-11-24 01:45:36.547 [info] > git merge-base refs/heads/main refs/remotes/origin/main [3ms]
2025-11-24 01:45:36.593 [info] > git diff --name-status -z --diff-filter=ADMR --find-renames=50% c6e32caa9c8ccf45a3a507c150be820953939a0f...refs/remotes/origin/main -- [3ms]
2025-11-24 01:45:37.105 [info] > git show --textconv :ai-client.js [22ms]
2025-11-24 01:45:37.107 [info] > git ls-files --stage -- ai-client.js [5ms]
2025-11-24 01:45:37.125 [info] > git cat-file -s a604a805fb0758b5b7e341877c00997f217ef39d [3ms]
2025-11-24 01:45:37.196 [info] > git blame --root --incremental d1873ea1a298bd195c9c694fdf6fc9853690f016 -- ai-client.js [3ms]
2025-11-24 01:47:51.806 [info] > git ls-files --stage -- ai-client.js [6ms]
2025-11-24 01:47:51.827 [info] > git config --get commit.template [58ms]
2025-11-24 01:47:51.859 [info] > git for-each-ref --format=%(refname)%00%(upstream:short)%00%(objectname)%00%(upstream:track)%00%(upstream:remotename)%00%(upstream:remoteref) refs/heads/combineAImodel refs/remotes/combineAImodel [4ms]
2025-11-24 01:47:51.946 [info] > git cat-file -s a604a805fb0758b5b7e341877c00997f217ef39d [120ms]
2025-11-24 01:47:51.948 [info] > git status -z -uall [52ms]
2025-11-24 01:47:51.971 [info] > git for-each-ref --sort -committerdate --format %(refname)%00%(objectname)%00%(*objectname) [25ms]
2025-11-24 01:47:52.083 [info] > git show --textconv :ai-client.js [5ms]
2025-11-24 01:47:52.084 [info] > git for-each-ref --format=%(refname)%00%(upstream:short)%00%(objectname)%00%(upstream:track)%00%(upstream:remotename)%00%(upstream:remoteref) refs/heads/combineAImodel refs/remotes/combineAImodel [48ms]
2025-11-24 01:47:52.121 [info] > git config --get --local branch.combineAImodel.vscode-merge-base [8ms]
2025-11-24 01:47:52.121 [warning] [Git][config] git config failed: Failed to execute git
2025-11-24 01:47:52.160 [info] > git reflog combineAImodel --grep-reflog=branch: Created from *. [4ms]
2025-11-24 01:47:52.188 [info] > git reflog HEAD --grep-reflog=checkout: moving from .* to combineAImodel [7ms]
2025-11-24 01:47:52.203 [info] > git for-each-ref --format=%(refname)%00%(upstream:short)%00%(objectname)%00%(upstream:track)%00%(upstream:remotename)%00%(upstream:remoteref) refs/heads/main refs/remotes/main [2ms]
2025-11-24 01:47:52.224 [info] > git for-each-ref --format=%(refname)%00%(upstream:short)%00%(objectname)%00%(upstream:track)%00%(upstream:remotename)%00%(upstream:remoteref) refs/remotes/origin/main [3ms]
2025-11-24 01:47:52.253 [info] > git config --add --local branch.combineAImodel.vscode-merge-base origin/main [4ms]
2025-11-24 01:47:52.291 [info] > git for-each-ref --format=%(refname)%00%(upstream:short)%00%(objectname)%00%(upstream:track)%00%(upstream:remotename)%00%(upstream:remoteref) refs/heads/combineAImodel refs/remotes/combineAImodel [1ms]
2025-11-24 01:47:52.291 [info] > git config --get commit.template [21ms]
2025-11-24 01:47:52.322 [info] > git status -z -uall [19ms]
2025-11-24 01:47:52.327 [info] > git for-each-ref --sort -committerdate --format %(refname)%00%(objectname)%00%(*objectname) [6ms]
2025-11-24 01:48:12.720 [info] > git config --get commit.template [88ms]
2025-11-24 01:48:12.819 [info] > git ls-files --stage -- ai-client.js [100ms]
2025-11-24 01:48:12.903 [info] > git for-each-ref --format=%(refname)%00%(upstream:short)%00%(objectname)%00%(upstream:track)%00%(upstream:remotename)%00%(upstream:remoteref) refs/heads/combineAImodel refs/remotes/combineAImodel [85ms]
2025-11-24 01:48:13.064 [info] > git status -z -uall [91ms]
2025-11-24 01:48:13.065 [info] > git cat-file -s a604a805fb0758b5b7e341877c00997f217ef39d [163ms]
2025-11-24 01:48:13.070 [info] > git for-each-ref --sort -committerdate --format %(refname)%00%(objectname)%00%(*objectname) [11ms]
2025-11-24 01:48:13.268 [info] > git show --textconv :ai-client.js [1ms]
2025-11-24 01:50:01.536 [info] > git config --get commit.template [87ms]
2025-11-24 01:50:01.552 [info] > git ls-files --stage -- ai-client.js [22ms]
2025-11-24 01:50:01.676 [info] > git cat-file -s a604a805fb0758b5b7e341877c00997f217ef39d [34ms]
2025-11-24 01:50:01.679 [info] > git for-each-ref --format=%(refname)%00%(upstream:short)%00%(objectname)%00%(upstream:track)%00%(upstream:remotename)%00%(upstream:remoteref) refs/heads/combineAImodel refs/remotes/combineAImodel [6ms]
2025-11-24 01:50:01.738 [info] > git status -z -uall [35ms]
2025-11-24 01:50:01.753 [info] > git for-each-ref --sort -committerdate --format %(refname)%00%(objectname)%00%(*objectname) [16ms]
2025-11-24 01:50:01.807 [info] > git blame --root --incremental b04be7cb24eb658266316b660fd513927dc0d5ef -- ai-client.js [16ms]
2025-11-24 01:50:02.068 [info] > git show --textconv :ai-client.js [4ms]
2025-11-24 01:51:33.807 [info] > git config --get commit.template [35ms]
2025-11-24 01:51:33.808 [info] > git config --get commit.template [58ms]
2025-11-24 01:51:33.810 [info] > git config --get commit.template [7ms]
2025-11-24 01:51:33.920 [info] > git for-each-ref --format=%(refname)%00%(upstream:short)%00%(objectname)%00%(upstream:track)%00%(upstream:remotename)%00%(upstream:remoteref) refs/heads/master refs/remotes/master [2ms]
2025-11-24 01:51:33.978 [info] > git for-each-ref --format=%(refname)%00%(upstream:short)%00%(objectname)%00%(upstream:track)%00%(upstream:remotename)%00%(upstream:remoteref) refs/heads/main refs/remotes/main [89ms]
2025-11-24 01:51:33.979 [info] > git for-each-ref --format=%(refname)%00%(upstream:short)%00%(objectname)%00%(upstream:track)%00%(upstream:remotename)%00%(upstream:remoteref) refs/heads/combineAImodel refs/remotes/combineAImodel [124ms]
2025-11-24 01:51:34.083 [info] > git status -z -uall [143ms]
2025-11-24 01:51:34.083 [info] > git status -z -uall [45ms]
2025-11-24 01:51:34.084 [info] > git for-each-ref --sort -committerdate --format %(refname)%00%(objectname)%00%(*objectname) [106ms]
2025-11-24 01:51:34.096 [info] > git for-each-ref --sort -committerdate --format %(refname)%00%(objectname)%00%(*objectname) [19ms]
2025-11-24 01:51:34.183 [info] > git status -z -uall [49ms]
2025-11-24 01:51:34.183 [info] > git for-each-ref --sort -committerdate --format %(refname)%00%(objectname)%00%(*objectname) [2ms]
2025-11-24 01:51:44.235 [info] > git config --get commit.template [17ms]
2025-11-24 01:51:44.236 [info] > git for-each-ref --format=%(refname)%00%(upstream:short)%00%(objectname)%00%(upstream:track)%00%(upstream:remotename)%00%(upstream:remoteref) refs/heads/combineAImodel refs/remotes/combineAImodel [1ms]
2025-11-24 01:51:44.326 [info] > git status -z -uall [63ms]
2025-11-24 01:51:44.326 [info] > git for-each-ref --sort -committerdate --format %(refname)%00%(objectname)%00%(*objectname) [4ms]
2025-11-24 01:51:44.376 [info] > git for-each-ref --format=%(refname)%00%(upstream:short)%00%(objectname)%00%(upstream:track)%00%(upstream:remotename)%00%(upstream:remoteref) refs/heads/combineAImodel refs/remotes/combineAImodel [9ms]
2025-11-24 01:51:44.430 [info] > git config --get --local branch.combineAImodel.vscode-merge-base [0ms]
2025-11-24 01:51:44.430 [warning] [Git][config] git config failed: Failed to execute git
2025-11-24 01:51:44.490 [info] > git reflog combineAImodel --grep-reflog=branch: Created from *. [10ms]
2025-11-24 01:51:44.542 [info] > git reflog HEAD --grep-reflog=checkout: moving from .* to combineAImodel [2ms]
2025-11-24 01:51:44.568 [info] > git for-each-ref --format=%(refname)%00%(upstream:short)%00%(objectname)%00%(upstream:track)%00%(upstream:remotename)%00%(upstream:remoteref) refs/heads/master refs/remotes/master [7ms]
2025-11-24 01:51:44.624 [info] > git symbolic-ref --short refs/remotes/origin/HEAD [22ms]
2025-11-24 01:51:44.624 [info] fatal: ref refs/remotes/origin/HEAD is not a symbolic ref
2025-11-24 01:51:44.624 [warning] [Repository][getDefaultBranch] Failed to get default branch details: Failed to execute git.
2025-11-24 01:54:20.511 [info] > git config --get commit.template [6ms]
2025-11-24 01:54:20.552 [info] > git for-each-ref --format=%(refname)%00%(upstream:short)%00%(objectname)%00%(upstream:track)%00%(upstream:remotename)%00%(upstream:remoteref) refs/heads/combineAImodel refs/remotes/combineAImodel [3ms]
2025-11-24 01:54:20.615 [info] > git status -z -uall [34ms]
2025-11-24 01:54:20.621 [info] > git for-each-ref --sort -committerdate --format %(refname)%00%(objectname)%00%(*objectname) [10ms]
2025-11-24 01:54:20.665 [info] > git merge-base refs/heads/combineAImodel refs/remotes/origin/combineAImodel [3ms]
2025-11-24 01:54:20.697 [info] > git diff --name-status -z --diff-filter=ADMR --find-renames=50% 4d07bb7d9936f530d775dbb212c79514df431a12...refs/remotes/origin/combineAImodel -- [3ms]
2025-11-24 01:54:25.694 [info] > git config --get commit.template [17ms]
2025-11-24 01:54:25.696 [info] > git for-each-ref --format=%(refname)%00%(upstream:short)%00%(objectname)%00%(upstream:track)%00%(upstream:remotename)%00%(upstream:remoteref) refs/heads/combineAImodel refs/remotes/combineAImodel [3ms]
2025-11-24 01:54:25.729 [info] > git status -z -uall [20ms]
2025-11-24 01:54:25.729 [info] > git for-each-ref --sort -committerdate --format %(refname)%00%(objectname)%00%(*objectname) [3ms]
2025-11-24 01:56:14.151 [info] > git config --get commit.template [31ms]
2025-11-24 01:56:14.154 [info] > git for-each-ref --format=%(refname)%00%(upstream:short)%00%(objectname)%00%(upstream:track)%00%(upstream:remotename)%00%(upstream:remoteref) refs/heads/combineAImodel refs/remotes/combineAImodel [5ms]
2025-11-24 01:56:14.272 [info] > git status -z -uall [43ms]
2025-11-24 01:56:14.272 [info] > git for-each-ref --sort -committerdate --format %(refname)%00%(objectname)%00%(*objectname) [8ms]
2025-11-24 01:58:06.943 [info] > git config --get commit.template [23ms]
2025-11-24 01:58:06.947 [info] > git for-each-ref --format=%(refname)%00%(upstream:short)%00%(objectname)%00%(upstream:track)%00%(upstream:remotename)%00%(upstream:remoteref) refs/heads/combineAImodel refs/remotes/combineAImodel [5ms]
2025-11-24 01:58:07.039 [info] > git status -z -uall [52ms]
2025-11-24 01:58:07.040 [info] > git for-each-ref --sort -committerdate --format %(refname)%00%(objectname)%00%(*objectname) [5ms]
2025-11-24 02:06:41.524 [info] > git check-ignore -v -z --stdin [17ms]
2025-11-24 02:06:41.525 [info] > git check-ignore -v -z --stdin [2ms]
2025-11-24 02:10:39.076 [info] > git config --get commit.template [15ms]
2025-11-24 02:10:39.078 [info] > git config --get commit.template [3ms]
2025-11-24 02:10:39.100 [info] > git for-each-ref --format=%(refname)%00%(upstream:short)%00%(objectname)%00%(upstream:track)%00%(upstream:remotename)%00%(upstream:remoteref) refs/heads/combineAImodel refs/remotes/combineAImodel [11ms]
2025-11-24 02:10:39.122 [info] > git status -z -uall [12ms]
2025-11-24 02:10:39.122 [info] > git for-each-ref --format=%(refname)%00%(upstream:short)%00%(objectname)%00%(upstream:track)%00%(upstream:remotename)%00%(upstream:remoteref) refs/heads/combineAImodel refs/remotes/combineAImodel [23ms]
2025-11-24 02:10:39.145 [info] > git status -z -uall [12ms]
2025-11-24 02:10:39.146 [info] > git for-each-ref --sort -committerdate --format %(refname)%00%(objectname)%00%(*objectname) [25ms]
2025-11-24 02:10:39.149 [info] > git for-each-ref --sort -committerdate --format %(refname)%00%(objectname)%00%(*objectname) [6ms]
2025-11-24 02:10:44.210 [info] > git config --get commit.template [26ms]
2025-11-24 02:10:44.211 [info] > git config --get commit.template [1ms]
2025-11-24 02:10:44.243 [info] > git for-each-ref --format=%(refname)%00%(upstream:short)%00%(objectname)%00%(upstream:track)%00%(upstream:remotename)%00%(upstream:remoteref) refs/heads/combineAImodel refs/remotes/combineAImodel [18ms]
2025-11-24 02:10:44.267 [info] > git status -z -uall [12ms]
2025-11-24 02:10:44.267 [info] > git for-each-ref --format=%(refname)%00%(upstream:short)%00%(objectname)%00%(upstream:track)%00%(upstream:remotename)%00%(upstream:remoteref) refs/heads/combineAImodel refs/remotes/combineAImodel [25ms]
2025-11-24 02:10:44.291 [info] > git status -z -uall [13ms]
2025-11-24 02:10:44.291 [info] > git for-each-ref --sort -committerdate --format %(refname)%00%(objectname)%00%(*objectname) [25ms]
2025-11-24 02:10:44.295 [info] > git for-each-ref --sort -committerdate --format %(refname)%00%(objectname)%00%(*objectname) [5ms]
2025-11-24 02:24:14.771 [info] > git config --get commit.template [2ms]
2025-11-24 02:24:14.857 [info] > git for-each-ref --format=%(refname)%00%(upstream:short)%00%(objectname)%00%(upstream:track)%00%(upstream:remotename)%00%(upstream:remoteref) refs/heads/combineAImodel refs/remotes/combineAImodel [14ms]
2025-11-24 02:24:14.994 [info] > git status -z -uall [55ms]
2025-11-24 02:24:14.997 [info] > git for-each-ref --sort -committerdate --format %(refname)%00%(objectname)%00%(*objectname) [6ms]
