2025-11-24 01:13:19.985 [info] Reading sessions from keychain...
2025-11-24 01:13:19.985 [info] Getting sessions for all scopes...
2025-11-24 01:13:19.985 [info] Got stored sessions!
2025-11-24 01:13:19.985 [info] Got 1 verified sessions.
2025-11-24 01:13:19.985 [info] Got 1 sessions for ...
2025-11-24 01:13:19.985 [info] Getting sessions for all scopes...
2025-11-24 01:13:19.985 [info] Got 1 sessions for ...
2025-11-24 01:13:19.985 [info] Getting sessions for all scopes...
2025-11-24 01:13:19.985 [info] Got 1 sessions for ...
2025-11-24 01:13:19.985 [info] Getting sessions for all scopes...
2025-11-24 01:13:19.985 [info] Got 1 sessions for ...
2025-11-24 01:13:19.985 [info] Getting sessions for all scopes...
2025-11-24 01:13:19.985 [info] Got 1 sessions for ...
2025-11-24 01:13:19.985 [info] Getting sessions for all scopes...
2025-11-24 01:13:19.985 [info] Got 1 sessions for ...
2025-11-24 01:13:19.985 [info] Getting sessions for all scopes...
2025-11-24 01:13:19.985 [info] Got 1 sessions for ...
2025-11-24 01:13:19.985 [info] Getting sessions for all scopes...
2025-11-24 01:13:19.985 [info] Got 1 sessions for ...
2025-11-24 01:13:19.985 [info] Getting sessions for all scopes...
2025-11-24 01:13:19.985 [info] Got 1 sessions for ...
2025-11-24 01:13:19.985 [info] Getting sessions for all scopes...
2025-11-24 01:13:19.985 [info] Got 1 sessions for ...
2025-11-24 01:13:19.985 [info] Getting sessions for all scopes...
2025-11-24 01:13:19.985 [info] Got 1 sessions for ...
2025-11-24 01:13:19.985 [info] Getting sessions for all scopes...
2025-11-24 01:13:19.985 [info] Got 1 sessions for ...
2025-11-24 01:13:19.985 [info] Getting sessions for all scopes...
2025-11-24 01:13:19.985 [info] Got 1 sessions for ...
2025-11-24 01:13:19.985 [info] Getting sessions for all scopes...
2025-11-24 01:13:19.985 [info] Got 1 sessions for ...
2025-11-24 01:13:19.985 [info] Getting sessions for all scopes...
2025-11-24 01:13:19.985 [info] Got 1 sessions for ...
2025-11-24 01:13:19.985 [info] Getting sessions for all scopes...
2025-11-24 01:13:19.985 [info] Got 1 sessions for ...
2025-11-24 01:13:19.985 [info] Getting sessions for all scopes...
2025-11-24 01:13:19.985 [info] Got 1 sessions for ...
2025-11-24 01:13:19.985 [info] Getting sessions for read:user,repo,user:email,workflow...
2025-11-24 01:13:19.985 [info] Got 0 sessions for read:user,repo,user:email,workflow...
2025-11-24 01:13:19.985 [info] Getting sessions for all scopes...
2025-11-24 01:13:19.985 [info] Got 1 sessions for ...
2025-11-24 01:13:22.700 [info] FetcherService: Electron fetch failed with status: 429 
2025-11-24 01:13:22.702 [info] Getting sessions for user:email...
2025-11-24 01:13:22.703 [info] Got 1 sessions for user:email...
2025-11-24 01:13:22.703 [info] Getting sessions for read:user,repo,user:email,workflow...
2025-11-24 01:13:22.703 [info] Got 0 sessions for read:user,repo,user:email,workflow...
2025-11-24 01:13:22.703 [info] Getting sessions for all scopes...
2025-11-24 01:13:22.703 [info] Got 1 sessions for ...
2025-11-24 01:13:22.749 [info] Getting sessions for all scopes...
2025-11-24 01:13:22.750 [info] Got 1 sessions for ...
2025-11-24 01:13:23.265 [info] Getting sessions for read:user,repo,user:email,workflow...
2025-11-24 01:13:23.265 [info] Got 0 sessions for read:user,repo,user:email,workflow...
2025-11-24 01:13:23.594 [info] Getting sessions for all scopes...
2025-11-24 01:13:23.594 [info] Got 1 sessions for ...
2025-11-24 01:13:23.607 [info] Getting sessions for user:email...
2025-11-24 01:13:23.607 [info] Got 1 sessions for user:email...
2025-11-24 01:13:23.615 [info] Getting sessions for all scopes...
2025-11-24 01:13:23.615 [info] Got 1 sessions for ...
2025-11-24 01:13:23.616 [info] Getting sessions for read:user,repo,user:email,workflow...
2025-11-24 01:13:23.616 [info] Got 0 sessions for read:user,repo,user:email,workflow...
2025-11-24 01:13:23.658 [info] Getting sessions for read:user...
2025-11-24 01:13:23.659 [info] Got 0 sessions for read:user...
2025-11-24 01:13:23.941 [info] FetcherService: Node fetch failed with status: 429 Too Many Requests
2025-11-24 01:13:23.976 [info] Getting sessions for read:user,repo,user:email,workflow...
2025-11-24 01:13:23.976 [info] Got 0 sessions for read:user,repo,user:email,workflow...
2025-11-24 01:13:23.977 [info] Getting sessions for user:email...
2025-11-24 01:13:23.977 [info] Got 1 sessions for user:email...
2025-11-24 01:13:24.290 [info] Getting sessions for all scopes...
2025-11-24 01:13:24.290 [info] Got 1 sessions for ...
2025-11-24 01:13:24.290 [info] Getting sessions for all scopes...
2025-11-24 01:13:24.290 [info] Got 1 sessions for ...
2025-11-24 01:13:24.494 [info] Getting sessions for read:user,repo,user:email,workflow...
2025-11-24 01:13:24.494 [info] Got 0 sessions for read:user,repo,user:email,workflow...
2025-11-24 01:13:24.529 [info] Getting sessions for read:user,repo,user:email,workflow...
2025-11-24 01:13:24.529 [info] Got 0 sessions for read:user,repo,user:email,workflow...
2025-11-24 01:13:24.642 [info] Getting sessions for user:email...
2025-11-24 01:13:24.642 [info] Got 1 sessions for user:email...
2025-11-24 01:13:24.642 [info] Getting sessions for read:user,repo,user:email,workflow...
2025-11-24 01:13:24.642 [info] Got 0 sessions for read:user,repo,user:email,workflow...
2025-11-24 01:13:24.650 [info] Getting sessions for read:user,repo,user:email,workflow...
2025-11-24 01:13:24.650 [info] Got 0 sessions for read:user,repo,user:email,workflow...
2025-11-24 01:13:24.827 [info] Getting sessions for all scopes...
2025-11-24 01:13:24.827 [info] Got 1 sessions for ...
2025-11-24 01:13:24.853 [info] Getting sessions for all scopes...
2025-11-24 01:13:24.853 [info] Got 1 sessions for ...
2025-11-24 01:13:24.853 [info] Getting sessions for all scopes...
2025-11-24 01:13:24.853 [info] Got 1 sessions for ...
2025-11-24 01:13:24.862 [info] Getting sessions for all scopes...
2025-11-24 01:13:24.862 [info] Got 1 sessions for ...
2025-11-24 01:13:24.875 [info] Getting sessions for read:user,repo,user:email,workflow...
2025-11-24 01:13:24.875 [info] Got 0 sessions for read:user,repo,user:email,workflow...
2025-11-24 01:13:24.938 [info] Getting sessions for read:user,repo,user:email,workflow...
2025-11-24 01:13:24.938 [info] Got 0 sessions for read:user,repo,user:email,workflow...
2025-11-24 01:13:24.950 [info] Getting sessions for read:user,repo,user:email,workflow...
2025-11-24 01:13:24.950 [info] Got 0 sessions for read:user,repo,user:email,workflow...
2025-11-24 01:13:25.009 [info] Getting sessions for user:email...
2025-11-24 01:13:25.009 [info] Got 1 sessions for user:email...
2025-11-24 01:13:25.010 [info] Getting sessions for read:user,repo,user:email,workflow...
2025-11-24 01:13:25.010 [info] Got 0 sessions for read:user,repo,user:email,workflow...
2025-11-24 01:13:25.034 [info] Getting sessions for all scopes...
2025-11-24 01:13:25.034 [info] Got 1 sessions for ...
2025-11-24 01:13:25.042 [info] Getting sessions for read:user,repo,user:email,workflow...
2025-11-24 01:13:25.042 [info] Got 0 sessions for read:user,repo,user:email,workflow...
2025-11-24 01:13:25.042 [info] Getting sessions for user:email...
2025-11-24 01:13:25.042 [info] Got 1 sessions for user:email...
2025-11-24 01:13:25.098 [info] FetcherService: Node http/s failed with status: 429 Too Many Requests
2025-11-24 01:22:08.478 [info] Getting sessions for all scopes...
2025-11-24 01:22:08.488 [info] Got 1 sessions for ...
2025-11-24 01:22:08.491 [info] Getting sessions for read:user,repo,user:email,workflow...
2025-11-24 01:22:08.491 [info] Got 0 sessions for read:user,repo,user:email,workflow...
2025-11-24 01:22:08.493 [info] Getting sessions for read:user,repo,user:email,workflow...
2025-11-24 01:22:08.493 [info] Got 0 sessions for read:user,repo,user:email,workflow...
2025-11-24 01:22:08.494 [info] Getting sessions for all scopes...
2025-11-24 01:22:08.494 [info] Got 1 sessions for ...
2025-11-24 01:22:08.495 [info] Getting sessions for read:user,repo,user:email,workflow...
2025-11-24 01:22:08.495 [info] Got 0 sessions for read:user,repo,user:email,workflow...
2025-11-24 01:22:08.496 [info] Getting sessions for user:email...
2025-11-24 01:22:08.496 [info] Got 1 sessions for user:email...
2025-11-24 01:22:09.718 [info] Getting sessions for all scopes...
2025-11-24 01:22:09.719 [info] Got 1 sessions for ...
2025-11-24 01:22:09.719 [info] Getting sessions for all scopes...
2025-11-24 01:22:09.719 [info] Got 1 sessions for ...
2025-11-24 01:22:09.727 [info] Getting sessions for read:user,repo,user:email,workflow...
2025-11-24 01:22:09.727 [info] Got 0 sessions for read:user,repo,user:email,workflow...
2025-11-24 01:22:09.742 [info] Getting sessions for user:email...
2025-11-24 01:22:09.742 [info] Got 1 sessions for user:email...
2025-11-24 01:22:09.742 [info] Getting sessions for read:user,repo,user:email,workflow...
2025-11-24 01:22:09.742 [info] Got 0 sessions for read:user,repo,user:email,workflow...
2025-11-24 01:22:09.756 [info] Getting sessions for all scopes...
2025-11-24 01:22:09.756 [info] Got 1 sessions for ...
2025-11-24 01:22:09.757 [info] Getting sessions for read:user,repo,user:email,workflow...
2025-11-24 01:22:09.757 [info] Got 0 sessions for read:user,repo,user:email,workflow...
2025-11-24 01:22:09.761 [info] Getting sessions for user:email...
2025-11-24 01:22:09.761 [info] Got 1 sessions for user:email...
2025-11-24 01:22:10.535 [info] Getting sessions for all scopes...
2025-11-24 01:22:10.535 [info] Got 1 sessions for ...
2025-11-24 01:22:10.535 [info] Getting sessions for all scopes...
2025-11-24 01:22:10.535 [info] Got 1 sessions for ...
2025-11-24 01:22:10.537 [info] Getting sessions for read:user,repo,user:email,workflow...
2025-11-24 01:22:10.537 [info] Got 0 sessions for read:user,repo,user:email,workflow...
2025-11-24 01:22:10.539 [info] Getting sessions for user:email...
2025-11-24 01:22:10.539 [info] Got 1 sessions for user:email...
2025-11-24 01:22:10.539 [info] Getting sessions for read:user,repo,user:email,workflow...
2025-11-24 01:22:10.539 [info] Got 0 sessions for read:user,repo,user:email,workflow...
2025-11-24 01:22:10.718 [info] Getting sessions for all scopes...
2025-11-24 01:22:10.719 [info] Got 1 sessions for ...
2025-11-24 01:22:10.733 [info] Getting sessions for read:user,repo,user:email,workflow...
2025-11-24 01:22:10.733 [info] Got 0 sessions for read:user,repo,user:email,workflow...
2025-11-24 01:22:10.741 [info] Getting sessions for user:email...
2025-11-24 01:22:10.741 [info] Got 1 sessions for user:email...
2025-11-24 01:22:11.598 [info] Getting sessions for all scopes...
2025-11-24 01:22:11.598 [info] Got 1 sessions for ...
2025-11-24 01:22:11.598 [info] Getting sessions for all scopes...
2025-11-24 01:22:11.599 [info] Got 1 sessions for ...
2025-11-24 01:22:11.600 [info] Getting sessions for read:user,repo,user:email,workflow...
2025-11-24 01:22:11.600 [info] Got 0 sessions for read:user,repo,user:email,workflow...
2025-11-24 01:22:11.601 [info] Getting sessions for user:email...
2025-11-24 01:22:11.601 [info] Got 1 sessions for user:email...
2025-11-24 01:28:38.946 [info] Getting sessions for all scopes...
2025-11-24 01:28:38.946 [info] Got 1 sessions for ...
2025-11-24 01:28:38.947 [info] Getting sessions for read:user,repo,user:email,workflow...
2025-11-24 01:28:38.947 [info] Got 0 sessions for read:user,repo,user:email,workflow...
2025-11-24 01:28:38.949 [info] Getting sessions for user:email...
2025-11-24 01:28:38.949 [info] Got 1 sessions for user:email...
2025-11-24 01:28:45.607 [info] Getting sessions for all scopes...
2025-11-24 01:28:45.607 [info] Got 1 sessions for ...
2025-11-24 01:28:45.608 [info] Getting sessions for read:user,repo,user:email,workflow...
2025-11-24 01:28:45.608 [info] Got 0 sessions for read:user,repo,user:email,workflow...
2025-11-24 01:28:45.609 [info] Getting sessions for user:email...
2025-11-24 01:28:45.609 [info] Got 1 sessions for user:email...
2025-11-24 01:44:23.150 [info] Getting sessions for all scopes...
2025-11-24 01:44:23.152 [info] Got 1 sessions for ...
2025-11-24 01:44:23.166 [info] Getting sessions for read:user,repo,user:email,workflow...
2025-11-24 01:44:23.166 [info] Got 0 sessions for read:user,repo,user:email,workflow...
2025-11-24 01:44:23.175 [info] Getting sessions for user:email...
2025-11-24 01:44:23.175 [info] Got 1 sessions for user:email...
2025-11-24 01:44:24.039 [info] Getting sessions for all scopes...
2025-11-24 01:44:24.039 [info] Got 1 sessions for ...
2025-11-24 01:44:24.051 [info] Getting sessions for all scopes...
2025-11-24 01:44:24.051 [info] Got 1 sessions for ...
2025-11-24 01:44:24.100 [info] Getting sessions for read:user,repo,user:email,workflow...
2025-11-24 01:44:24.100 [info] Got 0 sessions for read:user,repo,user:email,workflow...
2025-11-24 01:44:24.110 [info] Getting sessions for user:email...
2025-11-24 01:44:24.110 [info] Got 1 sessions for user:email...
2025-11-24 01:44:24.116 [info] Getting sessions for read:user,repo,user:email,workflow...
2025-11-24 01:44:24.117 [info] Got 0 sessions for read:user,repo,user:email,workflow...
2025-11-24 01:44:24.175 [info] Getting sessions for all scopes...
2025-11-24 01:44:24.175 [info] Got 1 sessions for ...
2025-11-24 01:44:24.194 [info] Getting sessions for read:user,repo,user:email,workflow...
2025-11-24 01:44:24.194 [info] Got 0 sessions for read:user,repo,user:email,workflow...
2025-11-24 01:44:24.204 [info] Getting sessions for read:user,repo,user:email,workflow...
2025-11-24 01:44:24.204 [info] Got 0 sessions for read:user,repo,user:email,workflow...
2025-11-24 01:44:24.234 [info] Getting sessions for all scopes...
2025-11-24 01:44:24.234 [info] Got 1 sessions for ...
2025-11-24 01:44:24.250 [info] Getting sessions for read:user,repo,user:email,workflow...
2025-11-24 01:44:24.251 [info] Got 0 sessions for read:user,repo,user:email,workflow...
2025-11-24 01:44:24.266 [info] Getting sessions for user:email...
2025-11-24 01:44:24.266 [info] Got 1 sessions for user:email...
2025-11-24 01:45:36.373 [info] Getting sessions for all scopes...
2025-11-24 01:45:36.373 [info] Got 1 sessions for ...
2025-11-24 01:45:36.813 [info] Getting sessions for read:user,repo,user:email,workflow...
2025-11-24 01:45:36.813 [info] Got 0 sessions for read:user,repo,user:email,workflow...
2025-11-24 01:45:36.869 [info] Getting sessions for read:user,repo,user:email,workflow...
2025-11-24 01:45:36.869 [info] Got 0 sessions for read:user,repo,user:email,workflow...
2025-11-24 01:45:36.893 [info] Getting sessions for all scopes...
2025-11-24 01:45:36.893 [info] Got 1 sessions for ...
2025-11-24 01:45:36.903 [info] Getting sessions for read:user,repo,user:email,workflow...
2025-11-24 01:45:36.903 [info] Got 0 sessions for read:user,repo,user:email,workflow...
2025-11-24 01:45:36.924 [info] Getting sessions for user:email...
2025-11-24 01:45:36.924 [info] Got 1 sessions for user:email...
2025-11-24 02:07:22.356 [info] Getting sessions for all scopes...
2025-11-24 02:07:22.356 [info] Got 1 sessions for ...
2025-11-24 02:07:22.361 [info] Getting sessions for read:user,repo,user:email,workflow...
2025-11-24 02:07:22.361 [info] Got 0 sessions for read:user,repo,user:email,workflow...
2025-11-24 02:07:22.363 [info] Getting sessions for user:email...
2025-11-24 02:07:22.363 [info] Got 1 sessions for user:email...
2025-11-24 02:07:23.382 [info] Getting sessions for all scopes...
2025-11-24 02:07:23.382 [info] Got 1 sessions for ...
2025-11-24 02:07:23.382 [info] Getting sessions for all scopes...
2025-11-24 02:07:23.382 [info] Got 1 sessions for ...
2025-11-24 02:07:23.383 [info] Getting sessions for read:user,repo,user:email,workflow...
2025-11-24 02:07:23.383 [info] Got 0 sessions for read:user,repo,user:email,workflow...
2025-11-24 02:07:23.384 [info] Getting sessions for user:email...
2025-11-24 02:07:23.384 [info] Got 1 sessions for user:email...
2025-11-24 02:07:23.385 [info] Getting sessions for read:user,repo,user:email,workflow...
2025-11-24 02:07:23.385 [info] Got 0 sessions for read:user,repo,user:email,workflow...
2025-11-24 02:07:23.394 [info] Getting sessions for all scopes...
2025-11-24 02:07:23.394 [info] Got 1 sessions for ...
2025-11-24 02:07:23.397 [info] Getting sessions for read:user,repo,user:email,workflow...
2025-11-24 02:07:23.397 [info] Got 0 sessions for read:user,repo,user:email,workflow...
2025-11-24 02:07:23.399 [info] Getting sessions for read:user,repo,user:email,workflow...
2025-11-24 02:07:23.399 [info] Got 0 sessions for read:user,repo,user:email,workflow...
2025-11-24 02:07:23.403 [info] Getting sessions for all scopes...
2025-11-24 02:07:23.403 [info] Got 1 sessions for ...
2025-11-24 02:07:23.404 [info] Getting sessions for read:user,repo,user:email,workflow...
2025-11-24 02:07:23.404 [info] Got 0 sessions for read:user,repo,user:email,workflow...
2025-11-24 02:07:23.406 [info] Getting sessions for user:email...
2025-11-24 02:07:23.406 [info] Got 1 sessions for user:email...
2025-11-24 02:07:24.742 [info] Getting sessions for all scopes...
2025-11-24 02:07:24.742 [info] Got 1 sessions for ...
2025-11-24 02:07:24.753 [info] Getting sessions for read:user,repo,user:email,workflow...
2025-11-24 02:07:24.753 [info] Got 0 sessions for read:user,repo,user:email,workflow...
2025-11-24 02:07:24.757 [info] Getting sessions for read:user,repo,user:email,workflow...
2025-11-24 02:07:24.757 [info] Got 0 sessions for read:user,repo,user:email,workflow...
2025-11-24 02:07:24.761 [info] Getting sessions for all scopes...
2025-11-24 02:07:24.761 [info] Got 1 sessions for ...
2025-11-24 02:07:24.765 [info] Getting sessions for read:user,repo,user:email,workflow...
2025-11-24 02:07:24.765 [info] Got 0 sessions for read:user,repo,user:email,workflow...
2025-11-24 02:07:24.768 [info] Getting sessions for user:email...
2025-11-24 02:07:24.768 [info] Got 1 sessions for user:email...
2025-11-24 02:07:26.103 [info] Getting sessions for all scopes...
2025-11-24 02:07:26.103 [info] Got 1 sessions for ...
2025-11-24 02:07:26.130 [info] Getting sessions for read:user,repo,user:email,workflow...
2025-11-24 02:07:26.130 [info] Got 0 sessions for read:user,repo,user:email,workflow...
2025-11-24 02:07:26.132 [info] Getting sessions for all scopes...
2025-11-24 02:07:26.132 [info] Got 1 sessions for ...
2025-11-24 02:07:26.141 [info] Getting sessions for user:email...
2025-11-24 02:07:26.141 [info] Got 1 sessions for user:email...
2025-11-24 02:07:26.148 [info] Getting sessions for read:user,repo,user:email,workflow...
2025-11-24 02:07:26.148 [info] Got 0 sessions for read:user,repo,user:email,workflow...
2025-11-24 02:07:26.152 [info] Getting sessions for read:user,repo,user:email,workflow...
2025-11-24 02:07:26.152 [info] Got 0 sessions for read:user,repo,user:email,workflow...
2025-11-24 02:07:26.153 [info] Getting sessions for all scopes...
2025-11-24 02:07:26.153 [info] Got 1 sessions for ...
2025-11-24 02:07:26.154 [info] Getting sessions for read:user,repo,user:email,workflow...
2025-11-24 02:07:26.154 [info] Got 0 sessions for read:user,repo,user:email,workflow...
2025-11-24 02:07:26.160 [info] Getting sessions for user:email...
2025-11-24 02:07:26.160 [info] Got 1 sessions for user:email...
2025-11-24 02:07:26.572 [info] Getting sessions for all scopes...
2025-11-24 02:07:26.572 [info] Got 1 sessions for ...
2025-11-24 02:07:26.578 [info] Getting sessions for read:user,repo,user:email,workflow...
2025-11-24 02:07:26.578 [info] Got 0 sessions for read:user,repo,user:email,workflow...
2025-11-24 02:07:26.583 [info] Getting sessions for user:email...
2025-11-24 02:07:26.583 [info] Got 1 sessions for user:email...
