2025-11-19 22:06:30.574 [info] Reading sessions from keychain...
2025-11-19 22:06:30.574 [info] Getting sessions for all scopes...
2025-11-19 22:06:30.574 [info] Got stored sessions!
2025-11-19 22:06:30.574 [info] Got 1 verified sessions.
2025-11-19 22:06:30.574 [info] Got 1 sessions for ...
2025-11-19 22:06:30.574 [info] Getting sessions for all scopes...
2025-11-19 22:06:30.574 [info] Got 1 sessions for ...
2025-11-19 22:06:30.574 [info] Getting sessions for all scopes...
2025-11-19 22:06:30.574 [info] Got 1 sessions for ...
2025-11-19 22:06:30.574 [info] Getting sessions for all scopes...
2025-11-19 22:06:30.574 [info] Got 1 sessions for ...
2025-11-19 22:06:30.574 [info] Getting sessions for all scopes...
2025-11-19 22:06:30.574 [info] Got 1 sessions for ...
2025-11-19 22:06:30.574 [info] Getting sessions for all scopes...
2025-11-19 22:06:30.574 [info] Got 1 sessions for ...
2025-11-19 22:06:30.574 [info] Getting sessions for all scopes...
2025-11-19 22:06:30.574 [info] Got 1 sessions for ...
2025-11-19 22:06:30.574 [info] Getting sessions for all scopes...
2025-11-19 22:06:30.574 [info] Got 1 sessions for ...
2025-11-19 22:06:30.574 [info] Getting sessions for all scopes...
2025-11-19 22:06:30.574 [info] Got 1 sessions for ...
2025-11-19 22:06:31.400 [info] Getting sessions for all scopes...
2025-11-19 22:06:31.400 [info] Got 1 sessions for ...
2025-11-19 22:06:31.403 [info] Getting sessions for all scopes...
2025-11-19 22:06:31.403 [info] Got 1 sessions for ...
2025-11-19 22:06:31.403 [info] Getting sessions for all scopes...
2025-11-19 22:06:31.403 [info] Got 1 sessions for ...
2025-11-19 22:06:31.404 [info] Getting sessions for all scopes...
2025-11-19 22:06:31.404 [info] Got 1 sessions for ...
2025-11-19 22:06:31.408 [info] Getting sessions for all scopes...
2025-11-19 22:06:31.408 [info] Got 1 sessions for ...
2025-11-19 22:06:31.409 [info] Getting sessions for all scopes...
2025-11-19 22:06:31.409 [info] Got 1 sessions for ...
2025-11-19 22:06:32.110 [info] Getting sessions for read:user,repo,user:email,workflow...
2025-11-19 22:06:32.110 [info] Got 0 sessions for read:user,repo,user:email,workflow...
2025-11-19 22:06:32.111 [info] Getting sessions for all scopes...
2025-11-19 22:06:32.111 [info] Got 1 sessions for ...
2025-11-19 22:06:32.508 [info] Getting sessions for user:email...
2025-11-19 22:06:32.508 [info] Got 1 sessions for user:email...
2025-11-19 22:06:32.509 [info] Getting sessions for read:user,repo,user:email,workflow...
2025-11-19 22:06:32.509 [info] Got 0 sessions for read:user,repo,user:email,workflow...
2025-11-19 22:06:39.902 [info] FetcherService: Electron fetch failed with status: 429 
2025-11-19 22:06:40.075 [info] Getting sessions for all scopes...
2025-11-19 22:06:40.075 [info] Got 1 sessions for ...
2025-11-19 22:06:40.152 [info] Getting sessions for all scopes...
2025-11-19 22:06:40.152 [info] Got 1 sessions for ...
2025-11-19 22:06:41.011 [info] Getting sessions for all scopes...
2025-11-19 22:06:41.011 [info] Got 1 sessions for ...
2025-11-19 22:06:41.011 [info] Getting sessions for all scopes...
2025-11-19 22:06:41.011 [info] Got 1 sessions for ...
2025-11-19 22:06:41.012 [info] Getting sessions for all scopes...
2025-11-19 22:06:41.012 [info] Got 1 sessions for ...
2025-11-19 22:06:42.664 [info] Getting sessions for all scopes...
2025-11-19 22:06:42.664 [info] Got 1 sessions for ...
2025-11-19 22:06:42.742 [info] Getting sessions for read:user,repo,user:email,workflow...
2025-11-19 22:06:42.742 [info] Got 0 sessions for read:user,repo,user:email,workflow...
2025-11-19 22:06:43.109 [info] FetcherService: Node fetch failed with status: 429 Too Many Requests
2025-11-19 22:06:43.185 [info] Getting sessions for all scopes...
2025-11-19 22:06:43.185 [info] Got 1 sessions for ...
2025-11-19 22:06:43.190 [info] Getting sessions for read:user,repo,user:email,workflow...
2025-11-19 22:06:43.190 [info] Got 0 sessions for read:user,repo,user:email,workflow...
2025-11-19 22:06:43.256 [info] Getting sessions for read:user,repo,user:email,workflow...
2025-11-19 22:06:43.256 [info] Got 0 sessions for read:user,repo,user:email,workflow...
2025-11-19 22:06:43.297 [info] Getting sessions for user:email...
2025-11-19 22:06:43.297 [info] Got 1 sessions for user:email...
2025-11-19 22:06:43.298 [info] Getting sessions for read:user,repo,user:email,workflow...
2025-11-19 22:06:43.298 [info] Got 0 sessions for read:user,repo,user:email,workflow...
2025-11-19 22:06:43.424 [info] Getting sessions for read:user...
2025-11-19 22:06:43.425 [info] Got 0 sessions for read:user...
2025-11-19 22:06:43.496 [info] Getting sessions for user:email...
2025-11-19 22:06:43.496 [info] Got 1 sessions for user:email...
2025-11-19 22:06:44.590 [info] FetcherService: Node http/s failed with status: 429 Too Many Requests
2025-11-19 22:06:44.759 [info] Getting sessions for all scopes...
2025-11-19 22:06:44.759 [info] Got 1 sessions for ...
2025-11-19 22:06:44.759 [info] Getting sessions for all scopes...
2025-11-19 22:06:44.760 [info] Got 1 sessions for ...
2025-11-19 22:06:44.963 [info] Getting sessions for read:user,repo,user:email,workflow...
2025-11-19 22:06:44.963 [info] Got 0 sessions for read:user,repo,user:email,workflow...
2025-11-19 22:06:44.975 [info] Getting sessions for user:email...
2025-11-19 22:06:44.975 [info] Got 1 sessions for user:email...
2025-11-19 22:06:44.977 [info] Getting sessions for read:user,repo,user:email,workflow...
2025-11-19 22:06:44.977 [info] Got 0 sessions for read:user,repo,user:email,workflow...
2025-11-19 22:06:45.340 [info] Getting sessions for all scopes...
2025-11-19 22:06:45.340 [info] Got 1 sessions for ...
2025-11-19 22:06:45.345 [info] Getting sessions for all scopes...
2025-11-19 22:06:45.345 [info] Got 1 sessions for ...
2025-11-19 22:06:45.347 [info] Getting sessions for all scopes...
2025-11-19 22:06:45.347 [info] Got 1 sessions for ...
2025-11-19 22:06:45.355 [info] Getting sessions for all scopes...
2025-11-19 22:06:45.355 [info] Got 1 sessions for ...
2025-11-19 22:06:45.371 [info] Getting sessions for read:user,repo,user:email,workflow...
2025-11-19 22:06:45.371 [info] Got 0 sessions for read:user,repo,user:email,workflow...
2025-11-19 22:06:45.383 [info] Getting sessions for user:email...
2025-11-19 22:06:45.383 [info] Got 1 sessions for user:email...
2025-11-19 22:06:45.386 [info] Getting sessions for read:user,repo,user:email,workflow...
2025-11-19 22:06:45.386 [info] Got 0 sessions for read:user,repo,user:email,workflow...
2025-11-19 22:06:49.456 [info] Getting sessions for all scopes...
2025-11-19 22:06:49.456 [info] Got 1 sessions for ...
2025-11-19 22:06:49.505 [info] Getting sessions for read:user,repo,user:email,workflow...
2025-11-19 22:06:49.505 [info] Got 0 sessions for read:user,repo,user:email,workflow...
2025-11-19 22:06:49.549 [info] Getting sessions for read:user,repo,user:email,workflow...
2025-11-19 22:06:49.549 [info] Got 0 sessions for read:user,repo,user:email,workflow...
2025-11-19 22:06:49.554 [info] Getting sessions for all scopes...
2025-11-19 22:06:49.554 [info] Got 1 sessions for ...
2025-11-19 22:06:49.560 [info] Getting sessions for read:user,repo,user:email,workflow...
2025-11-19 22:06:49.560 [info] Got 0 sessions for read:user,repo,user:email,workflow...
2025-11-19 22:06:49.570 [info] Getting sessions for user:email...
2025-11-19 22:06:49.570 [info] Got 1 sessions for user:email...
2025-11-19 22:26:25.287 [info] Getting sessions for all scopes...
2025-11-19 22:26:25.287 [info] Got 1 sessions for ...
2025-11-19 22:26:25.290 [info] Getting sessions for read:user,repo,user:email,workflow...
2025-11-19 22:26:25.290 [info] Got 0 sessions for read:user,repo,user:email,workflow...
2025-11-19 22:26:25.293 [info] Getting sessions for read:user,repo,user:email,workflow...
2025-11-19 22:26:25.293 [info] Got 0 sessions for read:user,repo,user:email,workflow...
2025-11-19 22:26:25.295 [info] Getting sessions for all scopes...
2025-11-19 22:26:25.295 [info] Got 1 sessions for ...
2025-11-19 22:26:25.299 [info] Getting sessions for read:user,repo,user:email,workflow...
2025-11-19 22:26:25.299 [info] Got 0 sessions for read:user,repo,user:email,workflow...
2025-11-19 22:26:25.302 [info] Getting sessions for user:email...
2025-11-19 22:26:25.302 [info] Got 1 sessions for user:email...
2025-11-19 22:26:27.285 [info] Getting sessions for all scopes...
2025-11-19 22:26:27.285 [info] Got 1 sessions for ...
2025-11-19 22:26:27.336 [info] Getting sessions for all scopes...
2025-11-19 22:26:27.336 [info] Got 1 sessions for ...
2025-11-19 22:26:27.336 [info] Getting sessions for read:user,repo,user:email,workflow...
2025-11-19 22:26:27.336 [info] Got 0 sessions for read:user,repo,user:email,workflow...
2025-11-19 22:26:27.340 [info] Getting sessions for user:email...
2025-11-19 22:26:27.340 [info] Got 1 sessions for user:email...
2025-11-19 22:26:27.340 [info] Getting sessions for read:user,repo,user:email,workflow...
2025-11-19 22:26:27.340 [info] Got 0 sessions for read:user,repo,user:email,workflow...
2025-11-19 22:26:27.348 [info] Getting sessions for all scopes...
2025-11-19 22:26:27.348 [info] Got 1 sessions for ...
2025-11-19 22:26:27.350 [info] Getting sessions for read:user,repo,user:email,workflow...
2025-11-19 22:26:27.350 [info] Got 0 sessions for read:user,repo,user:email,workflow...
2025-11-19 22:26:27.355 [info] Getting sessions for user:email...
2025-11-19 22:26:27.355 [info] Got 1 sessions for user:email...
2025-11-19 22:26:27.710 [info] Getting sessions for all scopes...
2025-11-19 22:26:27.710 [info] Got 1 sessions for ...
2025-11-19 22:26:27.710 [info] Getting sessions for all scopes...
2025-11-19 22:26:27.710 [info] Got 1 sessions for ...
2025-11-19 22:26:27.712 [info] Getting sessions for read:user,repo,user:email,workflow...
2025-11-19 22:26:27.712 [info] Got 0 sessions for read:user,repo,user:email,workflow...
2025-11-19 22:26:27.716 [info] Getting sessions for user:email...
2025-11-19 22:26:27.716 [info] Got 1 sessions for user:email...
2025-11-19 22:26:27.717 [info] Getting sessions for read:user,repo,user:email,workflow...
2025-11-19 22:26:27.717 [info] Got 0 sessions for read:user,repo,user:email,workflow...
2025-11-19 22:26:27.756 [info] Getting sessions for all scopes...
2025-11-19 22:26:27.756 [info] Got 1 sessions for ...
2025-11-19 22:26:27.761 [info] Getting sessions for read:user,repo,user:email,workflow...
2025-11-19 22:26:27.761 [info] Got 0 sessions for read:user,repo,user:email,workflow...
2025-11-19 22:26:27.764 [info] Getting sessions for user:email...
2025-11-19 22:26:27.764 [info] Got 1 sessions for user:email...
2025-11-19 22:26:28.285 [info] Getting sessions for all scopes...
2025-11-19 22:26:28.285 [info] Got 1 sessions for ...
2025-11-19 22:26:28.285 [info] Getting sessions for all scopes...
2025-11-19 22:26:28.285 [info] Got 1 sessions for ...
2025-11-19 22:26:28.346 [info] Getting sessions for read:user,repo,user:email,workflow...
2025-11-19 22:26:28.346 [info] Got 0 sessions for read:user,repo,user:email,workflow...
2025-11-19 22:26:28.347 [info] Getting sessions for user:email...
2025-11-19 22:26:28.347 [info] Got 1 sessions for user:email...
2025-11-19 22:26:29.960 [info] Getting sessions for all scopes...
2025-11-19 22:26:29.960 [info] Got 1 sessions for ...
2025-11-19 22:26:29.961 [info] Getting sessions for read:user,repo,user:email,workflow...
2025-11-19 22:26:29.962 [info] Got 0 sessions for read:user,repo,user:email,workflow...
2025-11-19 22:26:29.962 [info] Getting sessions for user:email...
2025-11-19 22:26:29.962 [info] Got 1 sessions for user:email...
2025-11-19 22:30:26.597 [info] Getting sessions for all scopes...
2025-11-19 22:30:26.598 [info] Got 1 sessions for ...
2025-11-19 22:30:26.604 [info] Getting sessions for read:user,repo,user:email,workflow...
2025-11-19 22:30:26.604 [info] Got 0 sessions for read:user,repo,user:email,workflow...
2025-11-19 22:30:26.606 [info] Getting sessions for read:user,repo,user:email,workflow...
2025-11-19 22:30:26.606 [info] Got 0 sessions for read:user,repo,user:email,workflow...
2025-11-19 22:30:26.607 [info] Getting sessions for all scopes...
2025-11-19 22:30:26.607 [info] Got 1 sessions for ...
2025-11-19 22:30:26.608 [info] Getting sessions for read:user,repo,user:email,workflow...
2025-11-19 22:30:26.608 [info] Got 0 sessions for read:user,repo,user:email,workflow...
2025-11-19 22:30:26.609 [info] Getting sessions for user:email...
2025-11-19 22:30:26.609 [info] Got 1 sessions for user:email...
2025-11-19 22:30:27.581 [info] Getting sessions for all scopes...
2025-11-19 22:30:27.581 [info] Got 1 sessions for ...
2025-11-19 22:30:27.582 [info] Getting sessions for all scopes...
2025-11-19 22:30:27.582 [info] Got 1 sessions for ...
2025-11-19 22:30:27.587 [info] Getting sessions for read:user,repo,user:email,workflow...
2025-11-19 22:30:27.587 [info] Got 0 sessions for read:user,repo,user:email,workflow...
2025-11-19 22:30:27.591 [info] Getting sessions for user:email...
2025-11-19 22:30:27.591 [info] Got 1 sessions for user:email...
2025-11-19 22:30:27.592 [info] Getting sessions for read:user,repo,user:email,workflow...
2025-11-19 22:30:27.592 [info] Got 0 sessions for read:user,repo,user:email,workflow...
2025-11-19 22:30:27.598 [info] Getting sessions for all scopes...
2025-11-19 22:30:27.598 [info] Got 1 sessions for ...
2025-11-19 22:30:27.601 [info] Getting sessions for read:user,repo,user:email,workflow...
2025-11-19 22:30:27.601 [info] Got 0 sessions for read:user,repo,user:email,workflow...
2025-11-19 22:30:27.603 [info] Getting sessions for user:email...
2025-11-19 22:30:27.603 [info] Got 1 sessions for user:email...
2025-11-19 22:30:28.507 [info] Getting sessions for all scopes...
2025-11-19 22:30:28.508 [info] Got 1 sessions for ...
2025-11-19 22:30:28.508 [info] Getting sessions for all scopes...
2025-11-19 22:30:28.508 [info] Got 1 sessions for ...
2025-11-19 22:30:28.510 [info] Getting sessions for all scopes...
2025-11-19 22:30:28.510 [info] Got 1 sessions for ...
2025-11-19 22:30:28.512 [info] Getting sessions for read:user,repo,user:email,workflow...
2025-11-19 22:30:28.512 [info] Got 0 sessions for read:user,repo,user:email,workflow...
2025-11-19 22:30:28.514 [info] Getting sessions for user:email...
2025-11-19 22:30:28.514 [info] Got 1 sessions for user:email...
2025-11-19 22:30:28.515 [info] Getting sessions for read:user,repo,user:email,workflow...
2025-11-19 22:30:28.515 [info] Got 0 sessions for read:user,repo,user:email,workflow...
2025-11-19 22:30:28.537 [info] Getting sessions for all scopes...
2025-11-19 22:30:28.537 [info] Got 1 sessions for ...
2025-11-19 22:30:28.538 [info] Getting sessions for read:user,repo,user:email,workflow...
2025-11-19 22:30:28.538 [info] Got 0 sessions for read:user,repo,user:email,workflow...
2025-11-19 22:30:28.540 [info] Getting sessions for read:user,repo,user:email,workflow...
2025-11-19 22:30:28.540 [info] Got 0 sessions for read:user,repo,user:email,workflow...
2025-11-19 22:30:28.541 [info] Getting sessions for all scopes...
2025-11-19 22:30:28.541 [info] Got 1 sessions for ...
2025-11-19 22:30:28.543 [info] Getting sessions for read:user,repo,user:email,workflow...
2025-11-19 22:30:28.543 [info] Got 0 sessions for read:user,repo,user:email,workflow...
2025-11-19 22:30:28.544 [info] Getting sessions for user:email...
2025-11-19 22:30:28.544 [info] Got 1 sessions for user:email...
2025-11-19 22:30:30.419 [info] Getting sessions for all scopes...
2025-11-19 22:30:30.419 [info] Got 1 sessions for ...
2025-11-19 22:30:30.420 [info] Getting sessions for read:user,repo,user:email,workflow...
2025-11-19 22:30:30.420 [info] Got 0 sessions for read:user,repo,user:email,workflow...
2025-11-19 22:30:30.421 [info] Getting sessions for user:email...
2025-11-19 22:30:30.421 [info] Got 1 sessions for user:email...
2025-11-19 22:32:25.546 [info] Getting sessions for read:user,repo,user:email,workflow...
2025-11-19 22:32:25.546 [info] Got 0 sessions for read:user,repo,user:email,workflow...
2025-11-19 22:32:25.549 [info] Getting sessions for read:user...
2025-11-19 22:32:25.549 [info] Got 0 sessions for read:user...
2025-11-19 22:32:25.554 [info] Getting sessions for user:email...
2025-11-19 22:32:25.554 [info] Got 1 sessions for user:email...
2025-11-19 22:52:02.067 [info] Getting sessions for all scopes...
2025-11-19 22:52:02.067 [info] Got 1 sessions for ...
2025-11-19 22:52:02.069 [info] Getting sessions for read:user,repo,user:email,workflow...
2025-11-19 22:52:02.069 [info] Got 0 sessions for read:user,repo,user:email,workflow...
2025-11-19 22:52:02.070 [info] Getting sessions for user:email...
2025-11-19 22:52:02.071 [info] Got 1 sessions for user:email...
2025-11-19 22:52:03.138 [info] Getting sessions for all scopes...
2025-11-19 22:52:03.138 [info] Got 1 sessions for ...
2025-11-19 22:52:03.145 [info] Getting sessions for all scopes...
2025-11-19 22:52:03.145 [info] Got 1 sessions for ...
2025-11-19 22:52:03.157 [info] Getting sessions for read:user,repo,user:email,workflow...
2025-11-19 22:52:03.157 [info] Got 0 sessions for read:user,repo,user:email,workflow...
2025-11-19 22:52:03.159 [info] Getting sessions for user:email...
2025-11-19 22:52:03.159 [info] Got 1 sessions for user:email...
2025-11-19 22:52:03.159 [info] Getting sessions for read:user,repo,user:email,workflow...
2025-11-19 22:52:03.159 [info] Got 0 sessions for read:user,repo,user:email,workflow...
2025-11-19 22:52:03.166 [info] Getting sessions for all scopes...
2025-11-19 22:52:03.166 [info] Got 1 sessions for ...
2025-11-19 22:52:03.166 [info] Getting sessions for read:user,repo,user:email,workflow...
2025-11-19 22:52:03.167 [info] Got 0 sessions for read:user,repo,user:email,workflow...
2025-11-19 22:52:03.167 [info] Getting sessions for read:user,repo,user:email,workflow...
2025-11-19 22:52:03.167 [info] Got 0 sessions for read:user,repo,user:email,workflow...
2025-11-19 22:52:03.169 [info] Getting sessions for all scopes...
2025-11-19 22:52:03.169 [info] Got 1 sessions for ...
2025-11-19 22:52:03.171 [info] Getting sessions for read:user,repo,user:email,workflow...
2025-11-19 22:52:03.171 [info] Got 0 sessions for read:user,repo,user:email,workflow...
2025-11-19 22:52:03.173 [info] Getting sessions for user:email...
2025-11-19 22:52:03.173 [info] Got 1 sessions for user:email...
2025-11-19 23:00:48.636 [info] Getting sessions for all scopes...
2025-11-19 23:00:48.636 [info] Got 1 sessions for ...
2025-11-19 23:00:48.672 [info] Getting sessions for read:user,repo,user:email,workflow...
2025-11-19 23:00:48.672 [info] Got 0 sessions for read:user,repo,user:email,workflow...
2025-11-19 23:00:48.685 [info] Getting sessions for read:user,repo,user:email,workflow...
2025-11-19 23:00:48.685 [info] Got 0 sessions for read:user,repo,user:email,workflow...
2025-11-19 23:00:48.709 [info] Getting sessions for all scopes...
2025-11-19 23:00:48.709 [info] Got 1 sessions for ...
2025-11-19 23:00:48.715 [info] Getting sessions for read:user,repo,user:email,workflow...
2025-11-19 23:00:48.715 [info] Got 0 sessions for read:user,repo,user:email,workflow...
2025-11-19 23:00:48.748 [info] Getting sessions for user:email...
2025-11-19 23:00:48.748 [info] Got 1 sessions for user:email...
2025-11-19 23:00:50.435 [info] Getting sessions for all scopes...
2025-11-19 23:00:50.435 [info] Got 1 sessions for ...
2025-11-19 23:00:50.441 [info] Getting sessions for read:user,repo,user:email,workflow...
2025-11-19 23:00:50.441 [info] Got 0 sessions for read:user,repo,user:email,workflow...
2025-11-19 23:00:50.443 [info] Getting sessions for user:email...
2025-11-19 23:00:50.443 [info] Got 1 sessions for user:email...
2025-11-19 23:00:50.453 [info] Getting sessions for all scopes...
2025-11-19 23:00:50.453 [info] Got 1 sessions for ...
2025-11-19 23:00:50.454 [info] Getting sessions for read:user,repo,user:email,workflow...
2025-11-19 23:00:50.454 [info] Got 0 sessions for read:user,repo,user:email,workflow...
2025-11-19 23:00:50.455 [info] Getting sessions for read:user,repo,user:email,workflow...
2025-11-19 23:00:50.455 [info] Got 0 sessions for read:user,repo,user:email,workflow...
2025-11-19 23:00:50.457 [info] Getting sessions for all scopes...
2025-11-19 23:00:50.457 [info] Got 1 sessions for ...
2025-11-19 23:00:50.458 [info] Getting sessions for read:user,repo,user:email,workflow...
2025-11-19 23:00:50.458 [info] Got 0 sessions for read:user,repo,user:email,workflow...
2025-11-19 23:00:50.460 [info] Getting sessions for user:email...
2025-11-19 23:00:50.460 [info] Got 1 sessions for user:email...
2025-11-19 23:00:50.876 [info] Getting sessions for all scopes...
2025-11-19 23:00:50.876 [info] Got 1 sessions for ...
2025-11-19 23:00:50.882 [info] Getting sessions for read:user,repo,user:email,workflow...
2025-11-19 23:00:50.882 [info] Got 0 sessions for read:user,repo,user:email,workflow...
2025-11-19 23:00:50.885 [info] Getting sessions for user:email...
2025-11-19 23:00:50.885 [info] Got 1 sessions for user:email...
