2025-11-18 21:58:32.949 [info] Reading sessions from keychain...
2025-11-18 21:58:32.949 [info] Getting sessions for all scopes...
2025-11-18 21:58:32.949 [info] Got stored sessions!
2025-11-18 21:58:32.949 [info] Got 1 verified sessions.
2025-11-18 21:58:32.949 [info] Got 1 sessions for ...
2025-11-18 21:58:32.949 [info] Getting sessions for all scopes...
2025-11-18 21:58:32.949 [info] Got 1 sessions for ...
2025-11-18 21:58:32.949 [info] Getting sessions for all scopes...
2025-11-18 21:58:32.949 [info] Got 1 sessions for ...
2025-11-18 21:58:32.949 [info] Getting sessions for all scopes...
2025-11-18 21:58:32.949 [info] Got 1 sessions for ...
2025-11-18 21:58:32.949 [info] Getting sessions for all scopes...
2025-11-18 21:58:32.949 [info] Got 1 sessions for ...
2025-11-18 21:58:32.949 [info] Getting sessions for all scopes...
2025-11-18 21:58:32.949 [info] Got 1 sessions for ...
2025-11-18 21:58:32.949 [info] Getting sessions for all scopes...
2025-11-18 21:58:32.949 [info] Got 1 sessions for ...
2025-11-18 21:58:32.949 [info] Getting sessions for all scopes...
2025-11-18 21:58:32.949 [info] Got 1 sessions for ...
2025-11-18 21:58:32.949 [info] Getting sessions for all scopes...
2025-11-18 21:58:32.949 [info] Got 1 sessions for ...
2025-11-18 21:58:32.949 [info] Getting sessions for all scopes...
2025-11-18 21:58:32.949 [info] Got 1 sessions for ...
2025-11-18 21:58:32.949 [info] Getting sessions for all scopes...
2025-11-18 21:58:32.949 [info] Got 1 sessions for ...
2025-11-18 21:58:32.949 [info] Getting sessions for all scopes...
2025-11-18 21:58:32.949 [info] Got 1 sessions for ...
2025-11-18 21:58:32.949 [info] Getting sessions for all scopes...
2025-11-18 21:58:32.949 [info] Got 1 sessions for ...
2025-11-18 21:58:32.949 [info] Getting sessions for all scopes...
2025-11-18 21:58:32.949 [info] Got 1 sessions for ...
2025-11-18 21:58:32.949 [info] Getting sessions for all scopes...
2025-11-18 21:58:32.949 [info] Got 1 sessions for ...
2025-11-18 21:58:32.949 [info] Getting sessions for all scopes...
2025-11-18 21:58:32.949 [info] Got 1 sessions for ...
2025-11-18 21:58:32.949 [info] Getting sessions for all scopes...
2025-11-18 21:58:32.949 [info] Got 1 sessions for ...
2025-11-18 21:58:32.949 [info] Getting sessions for read:user,repo,user:email,workflow...
2025-11-18 21:58:32.949 [info] Got 0 sessions for read:user,repo,user:email,workflow...
2025-11-18 21:58:37.612 [info] FetcherService: Electron fetch failed with status: 429 
2025-11-18 21:58:37.629 [info] Getting sessions for user:email...
2025-11-18 21:58:37.629 [info] Got 1 sessions for user:email...
2025-11-18 21:58:37.630 [info] Getting sessions for read:user,repo,user:email,workflow...
2025-11-18 21:58:37.630 [info] Got 0 sessions for read:user,repo,user:email,workflow...
2025-11-18 21:58:37.703 [info] Getting sessions for all scopes...
2025-11-18 21:58:37.703 [info] Got 1 sessions for ...
2025-11-18 21:58:37.736 [info] Getting sessions for all scopes...
2025-11-18 21:58:37.736 [info] Got 1 sessions for ...
2025-11-18 21:58:38.067 [info] Getting sessions for all scopes...
2025-11-18 21:58:38.067 [info] Got 1 sessions for ...
2025-11-18 21:58:39.532 [info] Getting sessions for read:user,repo,user:email,workflow...
2025-11-18 21:58:39.532 [info] Got 0 sessions for read:user,repo,user:email,workflow...
2025-11-18 21:58:39.683 [info] Getting sessions for all scopes...
2025-11-18 21:58:39.684 [info] Got 1 sessions for ...
2025-11-18 21:58:39.760 [info] Getting sessions for all scopes...
2025-11-18 21:58:39.760 [info] Got 1 sessions for ...
2025-11-18 21:58:39.761 [info] Getting sessions for read:user,repo,user:email,workflow...
2025-11-18 21:58:39.761 [info] Got 0 sessions for read:user,repo,user:email,workflow...
2025-11-18 21:58:40.037 [info] FetcherService: Node fetch failed with status: 429 Too Many Requests
2025-11-18 21:58:40.135 [info] Getting sessions for read:user,repo,user:email,workflow...
2025-11-18 21:58:40.135 [info] Got 0 sessions for read:user,repo,user:email,workflow...
2025-11-18 21:58:40.138 [info] Getting sessions for user:email...
2025-11-18 21:58:40.138 [info] Got 1 sessions for user:email...
2025-11-18 21:58:40.276 [info] Getting sessions for read:user...
2025-11-18 21:58:40.276 [info] Got 0 sessions for read:user...
2025-11-18 21:58:41.126 [info] Getting sessions for user:email...
2025-11-18 21:58:41.126 [info] Got 1 sessions for user:email...
2025-11-18 21:58:41.127 [info] Getting sessions for all scopes...
2025-11-18 21:58:41.127 [info] Got 1 sessions for ...
2025-11-18 21:58:41.128 [info] Getting sessions for all scopes...
2025-11-18 21:58:41.128 [info] Got 1 sessions for ...
2025-11-18 21:58:41.425 [info] Getting sessions for read:user,repo,user:email,workflow...
2025-11-18 21:58:41.426 [info] Got 0 sessions for read:user,repo,user:email,workflow...
2025-11-18 21:58:41.436 [info] FetcherService: Node http/s failed with status: 429 Too Many Requests
2025-11-18 21:58:41.453 [info] Getting sessions for user:email...
2025-11-18 21:58:41.453 [info] Got 1 sessions for user:email...
2025-11-18 21:58:41.454 [info] Getting sessions for read:user,repo,user:email,workflow...
2025-11-18 21:58:41.454 [info] Got 0 sessions for read:user,repo,user:email,workflow...
2025-11-18 21:58:41.682 [info] Getting sessions for all scopes...
2025-11-18 21:58:41.682 [info] Got 1 sessions for ...
2025-11-18 21:58:41.711 [info] Getting sessions for all scopes...
2025-11-18 21:58:41.712 [info] Got 1 sessions for ...
2025-11-18 21:58:41.712 [info] Getting sessions for all scopes...
2025-11-18 21:58:41.712 [info] Got 1 sessions for ...
2025-11-18 21:58:41.715 [info] Getting sessions for all scopes...
2025-11-18 21:58:41.715 [info] Got 1 sessions for ...
2025-11-18 21:58:41.722 [info] Getting sessions for read:user,repo,user:email,workflow...
2025-11-18 21:58:41.722 [info] Got 0 sessions for read:user,repo,user:email,workflow...
2025-11-18 21:58:41.729 [info] Getting sessions for user:email...
2025-11-18 21:58:41.729 [info] Got 1 sessions for user:email...
2025-11-18 21:58:41.730 [info] Getting sessions for read:user,repo,user:email,workflow...
2025-11-18 21:58:41.730 [info] Got 0 sessions for read:user,repo,user:email,workflow...
2025-11-18 21:58:41.737 [info] Getting sessions for all scopes...
2025-11-18 21:58:41.737 [info] Got 1 sessions for ...
2025-11-18 21:58:41.740 [info] Getting sessions for read:user,repo,user:email,workflow...
2025-11-18 21:58:41.740 [info] Got 0 sessions for read:user,repo,user:email,workflow...
2025-11-18 21:58:41.745 [info] Getting sessions for user:email...
2025-11-18 21:58:41.745 [info] Got 1 sessions for user:email...
2025-11-18 21:59:08.208 [info] Getting sessions for all scopes...
2025-11-18 21:59:08.208 [info] Got 1 sessions for ...
2025-11-18 21:59:08.217 [info] Getting sessions for read:user,repo,user:email,workflow...
2025-11-18 21:59:08.217 [info] Got 0 sessions for read:user,repo,user:email,workflow...
2025-11-18 21:59:08.223 [info] Getting sessions for read:user,repo,user:email,workflow...
2025-11-18 21:59:08.223 [info] Got 0 sessions for read:user,repo,user:email,workflow...
2025-11-18 21:59:08.227 [info] Getting sessions for all scopes...
2025-11-18 21:59:08.227 [info] Got 1 sessions for ...
2025-11-18 21:59:08.229 [info] Getting sessions for read:user,repo,user:email,workflow...
2025-11-18 21:59:08.229 [info] Got 0 sessions for read:user,repo,user:email,workflow...
2025-11-18 21:59:08.237 [info] Getting sessions for user:email...
2025-11-18 21:59:08.237 [info] Got 1 sessions for user:email...
2025-11-18 21:59:09.373 [info] Getting sessions for all scopes...
2025-11-18 21:59:09.373 [info] Got 1 sessions for ...
2025-11-18 21:59:09.437 [info] Getting sessions for read:user,repo,user:email,workflow...
2025-11-18 21:59:09.437 [info] Got 0 sessions for read:user,repo,user:email,workflow...
2025-11-18 21:59:09.438 [info] Getting sessions for all scopes...
2025-11-18 21:59:09.438 [info] Got 1 sessions for ...
2025-11-18 21:59:09.440 [info] Getting sessions for user:email...
2025-11-18 21:59:09.440 [info] Got 1 sessions for user:email...
2025-11-18 21:59:09.440 [info] Getting sessions for read:user,repo,user:email,workflow...
2025-11-18 21:59:09.440 [info] Got 0 sessions for read:user,repo,user:email,workflow...
2025-11-18 21:59:09.444 [info] Getting sessions for read:user,repo,user:email,workflow...
2025-11-18 21:59:09.444 [info] Got 0 sessions for read:user,repo,user:email,workflow...
2025-11-18 21:59:09.451 [info] Getting sessions for all scopes...
2025-11-18 21:59:09.451 [info] Got 1 sessions for ...
2025-11-18 21:59:09.453 [info] Getting sessions for read:user,repo,user:email,workflow...
2025-11-18 21:59:09.453 [info] Got 0 sessions for read:user,repo,user:email,workflow...
2025-11-18 21:59:09.455 [info] Getting sessions for user:email...
2025-11-18 21:59:09.455 [info] Got 1 sessions for user:email...
2025-11-18 21:59:10.293 [info] Getting sessions for all scopes...
2025-11-18 21:59:10.293 [info] Got 1 sessions for ...
2025-11-18 21:59:10.293 [info] Getting sessions for all scopes...
2025-11-18 21:59:10.293 [info] Got 1 sessions for ...
2025-11-18 21:59:10.302 [info] Getting sessions for read:user,repo,user:email,workflow...
2025-11-18 21:59:10.302 [info] Got 0 sessions for read:user,repo,user:email,workflow...
2025-11-18 21:59:10.304 [info] Getting sessions for user:email...
2025-11-18 21:59:10.304 [info] Got 1 sessions for user:email...
2025-11-18 21:59:10.305 [info] Getting sessions for read:user,repo,user:email,workflow...
2025-11-18 21:59:10.305 [info] Got 0 sessions for read:user,repo,user:email,workflow...
2025-11-18 21:59:10.329 [info] Getting sessions for all scopes...
2025-11-18 21:59:10.329 [info] Got 1 sessions for ...
2025-11-18 21:59:10.334 [info] Getting sessions for read:user,repo,user:email,workflow...
2025-11-18 21:59:10.334 [info] Got 0 sessions for read:user,repo,user:email,workflow...
2025-11-18 21:59:10.337 [info] Getting sessions for user:email...
2025-11-18 21:59:10.337 [info] Got 1 sessions for user:email...
2025-11-18 21:59:10.903 [info] Getting sessions for all scopes...
2025-11-18 21:59:10.903 [info] Got 1 sessions for ...
2025-11-18 21:59:10.903 [info] Getting sessions for all scopes...
2025-11-18 21:59:10.904 [info] Got 1 sessions for ...
2025-11-18 21:59:10.905 [info] Getting sessions for read:user,repo,user:email,workflow...
2025-11-18 21:59:10.905 [info] Got 0 sessions for read:user,repo,user:email,workflow...
2025-11-18 21:59:10.907 [info] Getting sessions for user:email...
2025-11-18 21:59:10.907 [info] Got 1 sessions for user:email...
2025-11-18 22:03:49.110 [info] Getting sessions for all scopes...
2025-11-18 22:03:49.110 [info] Got 1 sessions for ...
2025-11-18 22:03:49.115 [info] Getting sessions for read:user,repo,user:email,workflow...
2025-11-18 22:03:49.115 [info] Got 0 sessions for read:user,repo,user:email,workflow...
2025-11-18 22:03:49.117 [info] Getting sessions for read:user,repo,user:email,workflow...
2025-11-18 22:03:49.117 [info] Got 0 sessions for read:user,repo,user:email,workflow...
2025-11-18 22:03:49.132 [info] Getting sessions for all scopes...
2025-11-18 22:03:49.132 [info] Got 1 sessions for ...
2025-11-18 22:03:49.140 [info] Getting sessions for read:user,repo,user:email,workflow...
2025-11-18 22:03:49.140 [info] Got 0 sessions for read:user,repo,user:email,workflow...
2025-11-18 22:03:49.142 [info] Getting sessions for user:email...
2025-11-18 22:03:49.142 [info] Got 1 sessions for user:email...
2025-11-18 22:03:49.834 [info] Getting sessions for all scopes...
2025-11-18 22:03:49.834 [info] Got 1 sessions for ...
2025-11-18 22:03:49.845 [info] Getting sessions for all scopes...
2025-11-18 22:03:49.845 [info] Got 1 sessions for ...
2025-11-18 22:03:49.853 [info] Getting sessions for read:user,repo,user:email,workflow...
2025-11-18 22:03:49.853 [info] Got 0 sessions for read:user,repo,user:email,workflow...
2025-11-18 22:03:49.869 [info] Getting sessions for user:email...
2025-11-18 22:03:49.869 [info] Got 1 sessions for user:email...
2025-11-18 22:03:49.876 [info] Getting sessions for read:user,repo,user:email,workflow...
2025-11-18 22:03:49.876 [info] Got 0 sessions for read:user,repo,user:email,workflow...
2025-11-18 22:03:49.880 [info] Getting sessions for all scopes...
2025-11-18 22:03:49.880 [info] Got 1 sessions for ...
2025-11-18 22:03:49.901 [info] Getting sessions for read:user,repo,user:email,workflow...
2025-11-18 22:03:49.901 [info] Got 0 sessions for read:user,repo,user:email,workflow...
2025-11-18 22:03:49.928 [info] Getting sessions for user:email...
2025-11-18 22:03:49.928 [info] Got 1 sessions for user:email...
2025-11-18 22:03:50.406 [info] Getting sessions for all scopes...
2025-11-18 22:03:50.407 [info] Got 1 sessions for ...
2025-11-18 22:03:50.409 [info] Getting sessions for read:user,repo,user:email,workflow...
2025-11-18 22:03:50.409 [info] Got 0 sessions for read:user,repo,user:email,workflow...
2025-11-18 22:03:50.411 [info] Getting sessions for user:email...
2025-11-18 22:03:50.411 [info] Got 1 sessions for user:email...
2025-11-18 22:07:39.745 [info] Getting sessions for all scopes...
2025-11-18 22:07:39.745 [info] Got 1 sessions for ...
2025-11-18 22:07:39.754 [info] Getting sessions for read:user,repo,user:email,workflow...
2025-11-18 22:07:39.754 [info] Got 0 sessions for read:user,repo,user:email,workflow...
2025-11-18 22:07:39.757 [info] Getting sessions for read:user,repo,user:email,workflow...
2025-11-18 22:07:39.757 [info] Got 0 sessions for read:user,repo,user:email,workflow...
2025-11-18 22:07:39.759 [info] Getting sessions for all scopes...
2025-11-18 22:07:39.759 [info] Got 1 sessions for ...
2025-11-18 22:07:39.761 [info] Getting sessions for read:user,repo,user:email,workflow...
2025-11-18 22:07:39.761 [info] Got 0 sessions for read:user,repo,user:email,workflow...
2025-11-18 22:07:39.762 [info] Getting sessions for user:email...
2025-11-18 22:07:39.762 [info] Got 1 sessions for user:email...
2025-11-18 22:07:40.835 [info] Getting sessions for all scopes...
2025-11-18 22:07:40.835 [info] Got 1 sessions for ...
2025-11-18 22:07:40.852 [info] Getting sessions for all scopes...
2025-11-18 22:07:40.852 [info] Got 1 sessions for ...
2025-11-18 22:07:40.857 [info] Getting sessions for read:user,repo,user:email,workflow...
2025-11-18 22:07:40.857 [info] Got 0 sessions for read:user,repo,user:email,workflow...
2025-11-18 22:07:40.861 [info] Getting sessions for user:email...
2025-11-18 22:07:40.861 [info] Got 1 sessions for user:email...
2025-11-18 22:07:40.861 [info] Getting sessions for read:user,repo,user:email,workflow...
2025-11-18 22:07:40.862 [info] Got 0 sessions for read:user,repo,user:email,workflow...
2025-11-18 22:07:40.864 [info] Getting sessions for all scopes...
2025-11-18 22:07:40.865 [info] Got 1 sessions for ...
2025-11-18 22:07:40.866 [info] Getting sessions for read:user,repo,user:email,workflow...
2025-11-18 22:07:40.866 [info] Got 0 sessions for read:user,repo,user:email,workflow...
2025-11-18 22:07:40.867 [info] Getting sessions for user:email...
2025-11-18 22:07:40.867 [info] Got 1 sessions for user:email...
2025-11-18 22:07:41.356 [info] Getting sessions for all scopes...
2025-11-18 22:07:41.356 [info] Got 1 sessions for ...
2025-11-18 22:07:41.362 [info] Getting sessions for read:user,repo,user:email,workflow...
2025-11-18 22:07:41.362 [info] Got 0 sessions for read:user,repo,user:email,workflow...
2025-11-18 22:07:41.367 [info] Getting sessions for user:email...
2025-11-18 22:07:41.367 [info] Got 1 sessions for user:email...
2025-11-18 22:08:05.459 [info] Getting sessions for all scopes...
2025-11-18 22:08:05.459 [info] Got 1 sessions for ...
2025-11-18 22:08:05.468 [info] Getting sessions for read:user,repo,user:email,workflow...
2025-11-18 22:08:05.468 [info] Got 0 sessions for read:user,repo,user:email,workflow...
2025-11-18 22:08:05.485 [info] Getting sessions for read:user,repo,user:email,workflow...
2025-11-18 22:08:05.485 [info] Got 0 sessions for read:user,repo,user:email,workflow...
2025-11-18 22:08:05.496 [info] Getting sessions for all scopes...
2025-11-18 22:08:05.497 [info] Got 1 sessions for ...
2025-11-18 22:08:05.507 [info] Getting sessions for read:user,repo,user:email,workflow...
2025-11-18 22:08:05.507 [info] Got 0 sessions for read:user,repo,user:email,workflow...
2025-11-18 22:08:05.525 [info] Getting sessions for user:email...
2025-11-18 22:08:05.525 [info] Got 1 sessions for user:email...
2025-11-18 22:08:06.076 [info] Getting sessions for all scopes...
2025-11-18 22:08:06.076 [info] Got 1 sessions for ...
2025-11-18 22:08:06.077 [info] Getting sessions for all scopes...
2025-11-18 22:08:06.078 [info] Got 1 sessions for ...
2025-11-18 22:08:06.079 [info] Getting sessions for read:user,repo,user:email,workflow...
2025-11-18 22:08:06.079 [info] Got 0 sessions for read:user,repo,user:email,workflow...
2025-11-18 22:08:06.085 [info] Getting sessions for user:email...
2025-11-18 22:08:06.085 [info] Got 1 sessions for user:email...
2025-11-18 22:08:06.087 [info] Getting sessions for read:user,repo,user:email,workflow...
2025-11-18 22:08:06.087 [info] Got 0 sessions for read:user,repo,user:email,workflow...
2025-11-18 22:08:06.090 [info] Getting sessions for all scopes...
2025-11-18 22:08:06.090 [info] Got 1 sessions for ...
2025-11-18 22:08:06.092 [info] Getting sessions for read:user,repo,user:email,workflow...
2025-11-18 22:08:06.092 [info] Got 0 sessions for read:user,repo,user:email,workflow...
2025-11-18 22:08:06.093 [info] Getting sessions for user:email...
2025-11-18 22:08:06.093 [info] Got 1 sessions for user:email...
2025-11-18 22:08:06.966 [info] Getting sessions for all scopes...
2025-11-18 22:08:06.966 [info] Got 1 sessions for ...
2025-11-18 22:08:06.972 [info] Getting sessions for read:user,repo,user:email,workflow...
2025-11-18 22:08:06.972 [info] Got 0 sessions for read:user,repo,user:email,workflow...
2025-11-18 22:08:06.975 [info] Getting sessions for user:email...
2025-11-18 22:08:06.976 [info] Got 1 sessions for user:email...
2025-11-18 22:08:07.587 [info] Getting sessions for all scopes...
2025-11-18 22:08:07.587 [info] Got 1 sessions for ...
2025-11-18 22:08:07.588 [info] Getting sessions for read:user,repo,user:email,workflow...
2025-11-18 22:08:07.588 [info] Got 0 sessions for read:user,repo,user:email,workflow...
2025-11-18 22:08:07.590 [info] Getting sessions for user:email...
2025-11-18 22:08:07.590 [info] Got 1 sessions for user:email...
