2025-11-19 23:11:21.055 [info] [main] Log level: Info
2025-11-19 23:11:21.055 [info] [main] Validating found git in: "git"
2025-11-19 23:11:21.055 [info] [main] Using git "2.47.3" from "git"
2025-11-19 23:11:21.055 [info] [Model][doInitialScan] Initial repository scan started
2025-11-19 23:11:21.055 [info] > git rev-parse --show-toplevel [128ms]
2025-11-19 23:11:21.055 [info] > git rev-parse --git-dir --git-common-dir --show-superproject-working-tree [492ms]
2025-11-19 23:11:21.055 [info] [Model][openRepository] Opened repository (path): /home/trang/localnsv/mAIware-server
2025-11-19 23:11:21.055 [info] [Model][openRepository] Opened repository (real path): /home/trang/localnsv/mAIware-server
2025-11-19 23:11:21.055 [info] [Model][openRepository] Opened repository (kind): repository
2025-11-19 23:11:21.640 [info] > git rev-parse --show-toplevel [526ms]
2025-11-19 23:11:21.641 [info] > git config --get commit.template [573ms]
2025-11-19 23:11:22.142 [info] > git check-ignore -v -z --stdin [120ms]
2025-11-19 23:11:22.145 [info] > git rev-parse --show-toplevel [213ms]
2025-11-19 23:11:22.148 [info] [Model][doInitialScan] Initial repository scan completed - repositories (1), closed repositories (0), parent repositories (0), unsafe repositories (0)
2025-11-19 23:11:22.495 [info] > git for-each-ref --format=%(refname)%00%(upstream:short)%00%(objectname)%00%(upstream:track)%00%(upstream:remotename)%00%(upstream:remoteref) refs/heads/main refs/remotes/main [363ms]
2025-11-19 23:11:24.054 [info] > git status -z -uall [58ms]
2025-11-19 23:11:24.059 [info] > git for-each-ref --sort -committerdate --format %(refname)%00%(objectname)%00%(*objectname) [16ms]
2025-11-19 23:11:24.209 [info] > git for-each-ref --format=%(refname)%00%(upstream:short)%00%(objectname)%00%(upstream:track)%00%(upstream:remotename)%00%(upstream:remoteref) refs/heads/main refs/remotes/main [43ms]
2025-11-19 23:11:24.489 [info] > git config --get --local branch.main.vscode-merge-base [208ms]
2025-11-19 23:11:24.518 [info] > git config --get commit.template [316ms]
2025-11-19 23:11:24.952 [info] > git for-each-ref --format=%(refname)%00%(upstream:short)%00%(objectname)%00%(upstream:track)%00%(upstream:remotename)%00%(upstream:remoteref) refs/heads/origin/main refs/remotes/origin/main [435ms]
2025-11-19 23:11:25.127 [info] > git merge-base refs/heads/main refs/remotes/origin/main [113ms]
2025-11-19 23:11:25.212 [info] > git diff --name-status -z --diff-filter=ADMR --find-renames=50% 8d2b48cf4e2f9c66d99dbb6b90adb2fb15ce4b8f...refs/remotes/origin/main -- [48ms]
2025-11-19 23:11:25.213 [info] > git for-each-ref --format=%(refname)%00%(upstream:short)%00%(objectname)%00%(upstream:track)%00%(upstream:remotename)%00%(upstream:remoteref) refs/heads/main refs/remotes/main [91ms]
2025-11-19 23:11:26.549 [info] > git status -z -uall [532ms]
2025-11-19 23:11:26.550 [info] > git for-each-ref --sort -committerdate --format %(refname)%00%(objectname)%00%(*objectname) [474ms]
2025-11-19 23:11:29.064 [info] > git show --textconv :public/styles.css [55ms]
2025-11-19 23:11:29.075 [info] > git ls-files --stage -- public/styles.css [12ms]
2025-11-19 23:11:29.114 [info] > git cat-file -s 7a5e4ff4f18132dbc80552d5abb7490c304f9615 [14ms]
2025-11-19 23:11:29.427 [info] > git blame --root --incremental 8d2b48cf4e2f9c66d99dbb6b90adb2fb15ce4b8f -- public/styles.css [54ms]
2025-11-19 23:12:15.285 [info] > git show --textconv :public/styles.css [29ms]
2025-11-19 23:12:15.291 [info] > git ls-files --stage -- public/styles.css [7ms]
2025-11-19 23:12:15.315 [info] > git cat-file -s 7a5e4ff4f18132dbc80552d5abb7490c304f9615 [3ms]
2025-11-19 23:12:20.557 [info] > git show --textconv :public/styles.css [38ms]
2025-11-19 23:12:20.558 [info] > git ls-files --stage -- public/styles.css [5ms]
2025-11-19 23:12:20.643 [info] > git cat-file -s 7a5e4ff4f18132dbc80552d5abb7490c304f9615 [49ms]
2025-11-19 23:14:08.628 [info] > git for-each-ref --format=%(refname)%00%(upstream:short)%00%(objectname)%00%(upstream:track)%00%(upstream:remotename)%00%(upstream:remoteref) refs/heads/main refs/remotes/main [3ms]
2025-11-19 23:14:08.628 [info] > git config --get commit.template [38ms]
2025-11-19 23:14:08.652 [info] > git ls-files --stage -- public/styles.css [2ms]
2025-11-19 23:14:08.698 [info] > git status -z -uall [12ms]
2025-11-19 23:14:08.699 [info] > git cat-file -s d87986aeb19cdc3290b9abeff9eb6b1b2cbb55fc [24ms]
2025-11-19 23:14:08.700 [info] > git for-each-ref --sort -committerdate --format %(refname)%00%(objectname)%00%(*objectname) [3ms]
2025-11-19 23:14:08.721 [info] > git show --textconv :public/styles.css [4ms]
2025-11-19 23:14:09.054 [info] > git show --textconv HEAD:public/styles.css [15ms]
2025-11-19 23:14:09.061 [info] > git ls-tree -l HEAD -- public/styles.css [8ms]
2025-11-19 23:43:54.715 [info] > git config --get commit.template [2ms]
2025-11-19 23:43:54.754 [info] > git ls-files --stage -- public/styles.css [14ms]
2025-11-19 23:43:54.800 [info] > git cat-file -s d87986aeb19cdc3290b9abeff9eb6b1b2cbb55fc [34ms]
2025-11-19 23:43:54.800 [info] > git ls-tree -l HEAD -- public/styles.css [47ms]
2025-11-19 23:43:54.809 [info] > git for-each-ref --format=%(refname)%00%(upstream:short)%00%(objectname)%00%(upstream:track)%00%(upstream:remotename)%00%(upstream:remoteref) refs/heads/main refs/remotes/main [10ms]
2025-11-19 23:43:54.861 [info] > git show --textconv :public/styles.css [26ms]
2025-11-19 23:43:54.869 [info] > git show --textconv HEAD:public/styles.css [10ms]
2025-11-19 23:43:54.912 [info] > git status -z -uall [19ms]
2025-11-19 23:43:54.920 [info] > git for-each-ref --sort -committerdate --format %(refname)%00%(objectname)%00%(*objectname) [8ms]
2025-11-19 23:43:54.971 [info] > git merge-base refs/heads/main refs/remotes/origin/main [2ms]
2025-11-19 23:43:54.985 [info] > git blame --root --incremental 192e9bc3bd9a66d244f01f13626841e70e8f03e6 -- public/styles.css [35ms]
2025-11-19 23:43:54.992 [info] > git diff --name-status -z --diff-filter=ADMR --find-renames=50% 192e9bc3bd9a66d244f01f13626841e70e8f03e6...refs/remotes/origin/main -- [7ms]
