2025-11-19 19:11:01.108 [info] Reading sessions from keychain...
2025-11-19 19:11:01.108 [info] Getting sessions for all scopes...
2025-11-19 19:11:01.108 [info] Got stored sessions!
2025-11-19 19:11:01.108 [info] Got 1 verified sessions.
2025-11-19 19:11:01.108 [info] Got 1 sessions for ...
2025-11-19 19:11:01.108 [info] Getting sessions for all scopes...
2025-11-19 19:11:01.108 [info] Got 1 sessions for ...
2025-11-19 19:11:01.108 [info] Getting sessions for all scopes...
2025-11-19 19:11:01.108 [info] Got 1 sessions for ...
2025-11-19 19:11:01.108 [info] Getting sessions for all scopes...
2025-11-19 19:11:01.108 [info] Got 1 sessions for ...
2025-11-19 19:11:01.108 [info] Getting sessions for all scopes...
2025-11-19 19:11:01.108 [info] Got 1 sessions for ...
2025-11-19 19:11:01.108 [info] Getting sessions for all scopes...
2025-11-19 19:11:01.108 [info] Got 1 sessions for ...
2025-11-19 19:11:01.109 [info] Getting sessions for all scopes...
2025-11-19 19:11:01.109 [info] Got 1 sessions for ...
2025-11-19 19:11:01.109 [info] Getting sessions for all scopes...
2025-11-19 19:11:01.109 [info] Got 1 sessions for ...
2025-11-19 19:11:01.109 [info] Getting sessions for all scopes...
2025-11-19 19:11:01.109 [info] Got 1 sessions for ...
2025-11-19 19:11:01.109 [info] Getting sessions for all scopes...
2025-11-19 19:11:01.109 [info] Got 1 sessions for ...
2025-11-19 19:11:01.109 [info] Getting sessions for all scopes...
2025-11-19 19:11:01.109 [info] Got 1 sessions for ...
2025-11-19 19:11:01.109 [info] Getting sessions for all scopes...
2025-11-19 19:11:01.109 [info] Got 1 sessions for ...
2025-11-19 19:11:01.109 [info] Getting sessions for all scopes...
2025-11-19 19:11:01.109 [info] Got 1 sessions for ...
2025-11-19 19:11:01.109 [info] Getting sessions for all scopes...
2025-11-19 19:11:01.109 [info] Got 1 sessions for ...
2025-11-19 19:11:01.109 [info] Getting sessions for all scopes...
2025-11-19 19:11:01.109 [info] Got 1 sessions for ...
2025-11-19 19:11:01.109 [info] Getting sessions for all scopes...
2025-11-19 19:11:01.109 [info] Got 1 sessions for ...
2025-11-19 19:11:01.109 [info] Getting sessions for all scopes...
2025-11-19 19:11:01.109 [info] Got 1 sessions for ...
2025-11-19 19:11:01.109 [info] Getting sessions for all scopes...
2025-11-19 19:11:01.109 [info] Got 1 sessions for ...
2025-11-19 19:11:01.109 [info] Getting sessions for read:user,repo,user:email,workflow...
2025-11-19 19:11:01.109 [info] Got 0 sessions for read:user,repo,user:email,workflow...
2025-11-19 19:11:01.750 [info] Getting sessions for user:email...
2025-11-19 19:11:01.750 [info] Got 1 sessions for user:email...
2025-11-19 19:11:01.751 [info] Getting sessions for read:user,repo,user:email,workflow...
2025-11-19 19:11:01.751 [info] Got 0 sessions for read:user,repo,user:email,workflow...
2025-11-19 19:11:07.743 [info] Getting sessions for all scopes...
2025-11-19 19:11:07.743 [info] Got 1 sessions for ...
2025-11-19 19:11:07.806 [info] FetcherService: Electron fetch failed with status: 429 
2025-11-19 19:11:07.838 [info] Getting sessions for all scopes...
2025-11-19 19:11:07.838 [info] Got 1 sessions for ...
2025-11-19 19:11:08.071 [info] Getting sessions for read:user,repo,user:email,workflow...
2025-11-19 19:11:08.071 [info] Got 0 sessions for read:user,repo,user:email,workflow...
2025-11-19 19:11:09.663 [info] Getting sessions for all scopes...
2025-11-19 19:11:09.663 [info] Got 1 sessions for ...
2025-11-19 19:11:09.785 [info] Getting sessions for user:email...
2025-11-19 19:11:09.785 [info] Got 1 sessions for user:email...
2025-11-19 19:11:09.823 [info] FetcherService: Node fetch failed with status: 429 Too Many Requests
2025-11-19 19:11:09.942 [info] Getting sessions for all scopes...
2025-11-19 19:11:09.943 [info] Got 1 sessions for ...
2025-11-19 19:11:09.943 [info] Getting sessions for read:user,repo,user:email,workflow...
2025-11-19 19:11:09.943 [info] Got 0 sessions for read:user,repo,user:email,workflow...
2025-11-19 19:11:10.149 [info] Getting sessions for read:user...
2025-11-19 19:11:10.149 [info] Got 0 sessions for read:user...
2025-11-19 19:11:10.641 [info] Getting sessions for read:user,repo,user:email,workflow...
2025-11-19 19:11:10.641 [info] Got 0 sessions for read:user,repo,user:email,workflow...
2025-11-19 19:11:10.642 [info] Getting sessions for user:email...
2025-11-19 19:11:10.642 [info] Got 1 sessions for user:email...
2025-11-19 19:11:11.050 [info] Getting sessions for all scopes...
2025-11-19 19:11:11.050 [info] Got 1 sessions for ...
2025-11-19 19:11:11.050 [info] Getting sessions for all scopes...
2025-11-19 19:11:11.050 [info] Got 1 sessions for ...
2025-11-19 19:11:11.249 [info] Getting sessions for read:user,repo,user:email,workflow...
2025-11-19 19:11:11.249 [info] Got 0 sessions for read:user,repo,user:email,workflow...
2025-11-19 19:11:11.254 [info] Getting sessions for user:email...
2025-11-19 19:11:11.254 [info] Got 1 sessions for user:email...
2025-11-19 19:11:11.254 [info] Getting sessions for read:user,repo,user:email,workflow...
2025-11-19 19:11:11.254 [info] Got 0 sessions for read:user,repo,user:email,workflow...
2025-11-19 19:11:11.427 [info] FetcherService: Node http/s failed with status: 429 Too Many Requests
2025-11-19 19:11:11.697 [info] Getting sessions for all scopes...
2025-11-19 19:11:11.697 [info] Got 1 sessions for ...
2025-11-19 19:11:11.719 [info] Getting sessions for all scopes...
2025-11-19 19:11:11.719 [info] Got 1 sessions for ...
2025-11-19 19:11:11.725 [info] Getting sessions for all scopes...
2025-11-19 19:11:11.725 [info] Got 1 sessions for ...
2025-11-19 19:11:11.741 [info] Getting sessions for all scopes...
2025-11-19 19:11:11.741 [info] Got 1 sessions for ...
2025-11-19 19:11:11.756 [info] Getting sessions for read:user,repo,user:email,workflow...
2025-11-19 19:11:11.756 [info] Got 0 sessions for read:user,repo,user:email,workflow...
2025-11-19 19:11:11.761 [info] Getting sessions for user:email...
2025-11-19 19:11:11.761 [info] Got 1 sessions for user:email...
2025-11-19 19:11:11.762 [info] Getting sessions for read:user,repo,user:email,workflow...
2025-11-19 19:11:11.762 [info] Got 0 sessions for read:user,repo,user:email,workflow...
2025-11-19 19:11:11.772 [info] Getting sessions for all scopes...
2025-11-19 19:11:11.772 [info] Got 1 sessions for ...
2025-11-19 19:11:11.775 [info] Getting sessions for read:user,repo,user:email,workflow...
2025-11-19 19:11:11.775 [info] Got 0 sessions for read:user,repo,user:email,workflow...
2025-11-19 19:11:11.777 [info] Getting sessions for user:email...
2025-11-19 19:11:11.777 [info] Got 1 sessions for user:email...
2025-11-19 19:32:51.883 [info] Getting sessions for all scopes...
2025-11-19 19:32:51.884 [info] Got 1 sessions for ...
2025-11-19 19:32:51.891 [info] Getting sessions for read:user,repo,user:email,workflow...
2025-11-19 19:32:51.891 [info] Got 0 sessions for read:user,repo,user:email,workflow...
2025-11-19 19:32:51.894 [info] Getting sessions for user:email...
2025-11-19 19:32:51.894 [info] Got 1 sessions for user:email...
2025-11-19 19:32:53.025 [info] Getting sessions for all scopes...
2025-11-19 19:32:53.025 [info] Got 1 sessions for ...
2025-11-19 19:32:53.025 [info] Getting sessions for all scopes...
2025-11-19 19:32:53.025 [info] Got 1 sessions for ...
2025-11-19 19:32:53.039 [info] Getting sessions for read:user,repo,user:email,workflow...
2025-11-19 19:32:53.039 [info] Got 0 sessions for read:user,repo,user:email,workflow...
2025-11-19 19:32:53.041 [info] Getting sessions for user:email...
2025-11-19 19:32:53.041 [info] Got 1 sessions for user:email...
2025-11-19 19:32:53.042 [info] Getting sessions for read:user,repo,user:email,workflow...
2025-11-19 19:32:53.042 [info] Got 0 sessions for read:user,repo,user:email,workflow...
2025-11-19 19:32:53.060 [info] Getting sessions for all scopes...
2025-11-19 19:32:53.060 [info] Got 1 sessions for ...
2025-11-19 19:32:53.064 [info] Getting sessions for read:user,repo,user:email,workflow...
2025-11-19 19:32:53.064 [info] Got 0 sessions for read:user,repo,user:email,workflow...
2025-11-19 19:32:53.067 [info] Getting sessions for read:user,repo,user:email,workflow...
2025-11-19 19:32:53.067 [info] Got 0 sessions for read:user,repo,user:email,workflow...
2025-11-19 19:33:25.993 [info] Getting sessions for all scopes...
2025-11-19 19:33:25.993 [info] Got 1 sessions for ...
2025-11-19 19:33:26.061 [info] Getting sessions for read:user,repo,user:email,workflow...
2025-11-19 19:33:26.061 [info] Got 0 sessions for read:user,repo,user:email,workflow...
2025-11-19 19:33:26.067 [info] Getting sessions for read:user,repo,user:email,workflow...
2025-11-19 19:33:26.067 [info] Got 0 sessions for read:user,repo,user:email,workflow...
2025-11-19 19:33:26.069 [info] Getting sessions for all scopes...
2025-11-19 19:33:26.069 [info] Got 1 sessions for ...
2025-11-19 19:33:26.070 [info] Getting sessions for read:user,repo,user:email,workflow...
2025-11-19 19:33:26.070 [info] Got 0 sessions for read:user,repo,user:email,workflow...
2025-11-19 19:33:26.071 [info] Getting sessions for user:email...
2025-11-19 19:33:26.071 [info] Got 1 sessions for user:email...
2025-11-19 19:48:14.173 [info] Getting sessions for all scopes...
2025-11-19 19:48:14.174 [info] Got 1 sessions for ...
2025-11-19 19:48:14.178 [info] Getting sessions for read:user,repo,user:email,workflow...
2025-11-19 19:48:14.178 [info] Got 0 sessions for read:user,repo,user:email,workflow...
2025-11-19 19:48:14.183 [info] Getting sessions for read:user,repo,user:email,workflow...
2025-11-19 19:48:14.183 [info] Got 0 sessions for read:user,repo,user:email,workflow...
2025-11-19 19:48:14.187 [info] Getting sessions for all scopes...
2025-11-19 19:48:14.187 [info] Got 1 sessions for ...
2025-11-19 19:48:14.189 [info] Getting sessions for read:user,repo,user:email,workflow...
2025-11-19 19:48:14.189 [info] Got 0 sessions for read:user,repo,user:email,workflow...
2025-11-19 19:48:14.192 [info] Getting sessions for user:email...
2025-11-19 19:48:14.192 [info] Got 1 sessions for user:email...
2025-11-19 19:48:15.537 [info] Getting sessions for all scopes...
2025-11-19 19:48:15.537 [info] Got 1 sessions for ...
2025-11-19 19:48:15.540 [info] Getting sessions for all scopes...
2025-11-19 19:48:15.540 [info] Got 1 sessions for ...
2025-11-19 19:48:15.553 [info] Getting sessions for read:user,repo,user:email,workflow...
2025-11-19 19:48:15.553 [info] Got 0 sessions for read:user,repo,user:email,workflow...
2025-11-19 19:48:15.563 [info] Getting sessions for user:email...
2025-11-19 19:48:15.563 [info] Got 1 sessions for user:email...
2025-11-19 19:48:15.565 [info] Getting sessions for read:user,repo,user:email,workflow...
2025-11-19 19:48:15.565 [info] Got 0 sessions for read:user,repo,user:email,workflow...
2025-11-19 19:48:15.572 [info] Getting sessions for all scopes...
2025-11-19 19:48:15.572 [info] Got 1 sessions for ...
2025-11-19 19:48:15.575 [info] Getting sessions for read:user,repo,user:email,workflow...
2025-11-19 19:48:15.575 [info] Got 0 sessions for read:user,repo,user:email,workflow...
2025-11-19 19:48:15.577 [info] Getting sessions for user:email...
2025-11-19 19:48:15.577 [info] Got 1 sessions for user:email...
2025-11-19 19:48:16.007 [info] Getting sessions for all scopes...
2025-11-19 19:48:16.007 [info] Got 1 sessions for ...
2025-11-19 19:48:16.008 [info] Getting sessions for all scopes...
2025-11-19 19:48:16.008 [info] Got 1 sessions for ...
2025-11-19 19:48:16.009 [info] Getting sessions for read:user,repo,user:email,workflow...
2025-11-19 19:48:16.009 [info] Got 0 sessions for read:user,repo,user:email,workflow...
2025-11-19 19:48:16.012 [info] Getting sessions for user:email...
2025-11-19 19:48:16.012 [info] Got 1 sessions for user:email...
2025-11-19 19:48:16.013 [info] Getting sessions for read:user,repo,user:email,workflow...
2025-11-19 19:48:16.013 [info] Got 0 sessions for read:user,repo,user:email,workflow...
2025-11-19 19:48:16.069 [info] Getting sessions for all scopes...
2025-11-19 19:48:16.069 [info] Got 1 sessions for ...
2025-11-19 19:48:16.078 [info] Getting sessions for read:user,repo,user:email,workflow...
2025-11-19 19:48:16.078 [info] Got 0 sessions for read:user,repo,user:email,workflow...
2025-11-19 19:48:16.084 [info] Getting sessions for user:email...
2025-11-19 19:48:16.084 [info] Got 1 sessions for user:email...
2025-11-19 19:48:16.790 [info] Getting sessions for all scopes...
2025-11-19 19:48:16.790 [info] Got 1 sessions for ...
2025-11-19 19:48:16.790 [info] Getting sessions for all scopes...
2025-11-19 19:48:16.790 [info] Got 1 sessions for ...
2025-11-19 19:48:16.791 [info] Getting sessions for read:user,repo,user:email,workflow...
2025-11-19 19:48:16.791 [info] Got 0 sessions for read:user,repo,user:email,workflow...
2025-11-19 19:48:16.792 [info] Getting sessions for user:email...
2025-11-19 19:48:16.793 [info] Got 1 sessions for user:email...
2025-11-19 19:48:18.032 [info] Getting sessions for all scopes...
2025-11-19 19:48:18.032 [info] Got 1 sessions for ...
2025-11-19 19:48:18.034 [info] Getting sessions for read:user,repo,user:email,workflow...
2025-11-19 19:48:18.034 [info] Got 0 sessions for read:user,repo,user:email,workflow...
2025-11-19 19:48:18.036 [info] Getting sessions for user:email...
2025-11-19 19:48:18.036 [info] Got 1 sessions for user:email...
2025-11-19 19:50:46.130 [info] Getting sessions for all scopes...
2025-11-19 19:50:46.130 [info] Got 1 sessions for ...
2025-11-19 19:50:46.168 [info] Getting sessions for read:user,repo,user:email,workflow...
2025-11-19 19:50:46.168 [info] Got 0 sessions for read:user,repo,user:email,workflow...
2025-11-19 19:50:46.178 [info] Getting sessions for read:user,repo,user:email,workflow...
2025-11-19 19:50:46.178 [info] Got 0 sessions for read:user,repo,user:email,workflow...
2025-11-19 19:50:46.180 [info] Getting sessions for all scopes...
2025-11-19 19:50:46.180 [info] Got 1 sessions for ...
2025-11-19 19:50:46.187 [info] Getting sessions for read:user,repo,user:email,workflow...
2025-11-19 19:50:46.187 [info] Got 0 sessions for read:user,repo,user:email,workflow...
2025-11-19 19:50:46.196 [info] Getting sessions for user:email...
2025-11-19 19:50:46.196 [info] Got 1 sessions for user:email...
2025-11-19 19:50:48.111 [info] Getting sessions for all scopes...
2025-11-19 19:50:48.112 [info] Got 1 sessions for ...
2025-11-19 19:50:48.138 [info] Getting sessions for all scopes...
2025-11-19 19:50:48.138 [info] Got 1 sessions for ...
2025-11-19 19:50:48.139 [info] Getting sessions for read:user,repo,user:email,workflow...
2025-11-19 19:50:48.139 [info] Got 0 sessions for read:user,repo,user:email,workflow...
2025-11-19 19:50:48.155 [info] Getting sessions for user:email...
2025-11-19 19:50:48.155 [info] Got 1 sessions for user:email...
2025-11-19 19:50:48.156 [info] Getting sessions for read:user,repo,user:email,workflow...
2025-11-19 19:50:48.156 [info] Got 0 sessions for read:user,repo,user:email,workflow...
2025-11-19 19:50:48.168 [info] Getting sessions for all scopes...
2025-11-19 19:50:48.168 [info] Got 1 sessions for ...
2025-11-19 19:50:48.173 [info] Getting sessions for read:user,repo,user:email,workflow...
2025-11-19 19:50:48.174 [info] Got 0 sessions for read:user,repo,user:email,workflow...
2025-11-19 19:50:48.179 [info] Getting sessions for user:email...
2025-11-19 19:50:48.179 [info] Got 1 sessions for user:email...
2025-11-19 19:50:48.689 [info] Getting sessions for all scopes...
2025-11-19 19:50:48.689 [info] Got 1 sessions for ...
2025-11-19 19:50:48.692 [info] Getting sessions for read:user,repo,user:email,workflow...
2025-11-19 19:50:48.692 [info] Got 0 sessions for read:user,repo,user:email,workflow...
2025-11-19 19:50:48.694 [info] Getting sessions for user:email...
2025-11-19 19:50:48.695 [info] Got 1 sessions for user:email...
2025-11-19 19:52:01.740 [info] Getting sessions for read:user,repo,user:email,workflow...
2025-11-19 19:52:01.740 [info] Got 0 sessions for read:user,repo,user:email,workflow...
2025-11-19 19:52:01.742 [info] Getting sessions for read:user...
2025-11-19 19:52:01.742 [info] Got 0 sessions for read:user...
2025-11-19 19:52:01.744 [info] Getting sessions for user:email...
2025-11-19 19:52:01.744 [info] Got 1 sessions for user:email...
2025-11-19 19:53:55.585 [info] Getting sessions for all scopes...
2025-11-19 19:53:55.585 [info] Got 1 sessions for ...
2025-11-19 19:53:55.588 [info] Getting sessions for read:user,repo,user:email,workflow...
2025-11-19 19:53:55.588 [info] Got 0 sessions for read:user,repo,user:email,workflow...
2025-11-19 19:53:55.590 [info] Getting sessions for user:email...
2025-11-19 19:53:55.591 [info] Got 1 sessions for user:email...
2025-11-19 19:53:56.197 [info] Getting sessions for all scopes...
2025-11-19 19:53:56.198 [info] Got 1 sessions for ...
2025-11-19 19:53:56.202 [info] Getting sessions for all scopes...
2025-11-19 19:53:56.202 [info] Got 1 sessions for ...
2025-11-19 19:53:56.241 [info] Getting sessions for read:user,repo,user:email,workflow...
2025-11-19 19:53:56.241 [info] Got 0 sessions for read:user,repo,user:email,workflow...
2025-11-19 19:53:56.242 [info] Getting sessions for user:email...
2025-11-19 19:53:56.242 [info] Got 1 sessions for user:email...
2025-11-19 19:53:56.242 [info] Getting sessions for read:user,repo,user:email,workflow...
2025-11-19 19:53:56.242 [info] Got 0 sessions for read:user,repo,user:email,workflow...
2025-11-19 19:53:56.259 [info] Getting sessions for all scopes...
2025-11-19 19:53:56.259 [info] Got 1 sessions for ...
2025-11-19 19:53:56.288 [info] Getting sessions for read:user,repo,user:email,workflow...
2025-11-19 19:53:56.288 [info] Got 0 sessions for read:user,repo,user:email,workflow...
2025-11-19 19:53:56.298 [info] Getting sessions for read:user,repo,user:email,workflow...
2025-11-19 19:53:56.298 [info] Got 0 sessions for read:user,repo,user:email,workflow...
2025-11-19 19:53:56.350 [info] Getting sessions for all scopes...
2025-11-19 19:53:56.350 [info] Got 1 sessions for ...
2025-11-19 19:53:56.353 [info] Getting sessions for read:user,repo,user:email,workflow...
2025-11-19 19:53:56.353 [info] Got 0 sessions for read:user,repo,user:email,workflow...
2025-11-19 19:53:56.355 [info] Getting sessions for user:email...
2025-11-19 19:53:56.356 [info] Got 1 sessions for user:email...
2025-11-19 19:57:32.984 [info] Getting sessions for all scopes...
2025-11-19 19:57:32.985 [info] Got 1 sessions for ...
2025-11-19 19:57:33.029 [info] Getting sessions for read:user,repo,user:email,workflow...
2025-11-19 19:57:33.029 [info] Got 0 sessions for read:user,repo,user:email,workflow...
2025-11-19 19:57:33.033 [info] Getting sessions for read:user,repo,user:email,workflow...
2025-11-19 19:57:33.033 [info] Got 0 sessions for read:user,repo,user:email,workflow...
2025-11-19 19:57:33.037 [info] Getting sessions for all scopes...
2025-11-19 19:57:33.037 [info] Got 1 sessions for ...
2025-11-19 19:57:33.040 [info] Getting sessions for read:user,repo,user:email,workflow...
2025-11-19 19:57:33.040 [info] Got 0 sessions for read:user,repo,user:email,workflow...
2025-11-19 19:57:33.042 [info] Getting sessions for user:email...
2025-11-19 19:57:33.042 [info] Got 1 sessions for user:email...
2025-11-19 19:57:35.653 [info] Getting sessions for all scopes...
2025-11-19 19:57:35.653 [info] Got 1 sessions for ...
2025-11-19 19:57:35.671 [info] Getting sessions for read:user,repo,user:email,workflow...
2025-11-19 19:57:35.671 [info] Got 0 sessions for read:user,repo,user:email,workflow...
2025-11-19 19:57:35.672 [info] Getting sessions for all scopes...
2025-11-19 19:57:35.672 [info] Got 1 sessions for ...
2025-11-19 19:57:35.682 [info] Getting sessions for user:email...
2025-11-19 19:57:35.682 [info] Got 1 sessions for user:email...
2025-11-19 19:57:35.683 [info] Getting sessions for read:user,repo,user:email,workflow...
2025-11-19 19:57:35.683 [info] Got 0 sessions for read:user,repo,user:email,workflow...
2025-11-19 19:57:35.688 [info] Getting sessions for read:user,repo,user:email,workflow...
2025-11-19 19:57:35.688 [info] Got 0 sessions for read:user,repo,user:email,workflow...
2025-11-19 19:57:35.694 [info] Getting sessions for all scopes...
2025-11-19 19:57:35.694 [info] Got 1 sessions for ...
2025-11-19 19:57:35.698 [info] Getting sessions for read:user,repo,user:email,workflow...
2025-11-19 19:57:35.698 [info] Got 0 sessions for read:user,repo,user:email,workflow...
2025-11-19 19:57:35.700 [info] Getting sessions for user:email...
2025-11-19 19:57:35.700 [info] Got 1 sessions for user:email...
2025-11-19 19:57:36.648 [info] Getting sessions for all scopes...
2025-11-19 19:57:36.648 [info] Got 1 sessions for ...
2025-11-19 19:57:36.651 [info] Getting sessions for read:user,repo,user:email,workflow...
2025-11-19 19:57:36.651 [info] Got 0 sessions for read:user,repo,user:email,workflow...
2025-11-19 19:57:36.653 [info] Getting sessions for user:email...
2025-11-19 19:57:36.653 [info] Got 1 sessions for user:email...
2025-11-19 19:57:37.953 [info] Getting sessions for all scopes...
2025-11-19 19:57:37.953 [info] Got 1 sessions for ...
2025-11-19 19:57:37.955 [info] Getting sessions for read:user,repo,user:email,workflow...
2025-11-19 19:57:37.955 [info] Got 0 sessions for read:user,repo,user:email,workflow...
2025-11-19 19:57:37.957 [info] Getting sessions for user:email...
2025-11-19 19:57:37.957 [info] Got 1 sessions for user:email...
