2025-11-19 19:11:07.667 [info] [main] Log level: Info
2025-11-19 19:11:07.667 [info] [main] Validating found git in: "git"
2025-11-19 19:11:07.667 [info] [main] Using git "2.47.3" from "git"
2025-11-19 19:11:07.667 [info] [Model][doInitialScan] Initial repository scan started
2025-11-19 19:11:07.667 [info] > git rev-parse --show-toplevel [34ms]
2025-11-19 19:11:07.667 [info] > git rev-parse --git-dir --git-common-dir --show-superproject-working-tree [40ms]
2025-11-19 19:11:07.667 [info] [Model][openRepository] Opened repository (path): /home/trang/localnsv/mAIware-server
2025-11-19 19:11:07.667 [info] [Model][openRepository] Opened repository (real path): /home/trang/localnsv/mAIware-server
2025-11-19 19:11:07.667 [info] [Model][openRepository] Opened repository (kind): repository
2025-11-19 19:11:07.667 [info] > git rev-parse --show-toplevel [84ms]
2025-11-19 19:11:07.667 [info] > git config --get commit.template [98ms]
2025-11-19 19:11:07.667 [info] > git rev-parse --show-toplevel [313ms]
2025-11-19 19:11:07.667 [info] [Model][doInitialScan] Initial repository scan completed - repositories (1), closed repositories (0), parent repositories (0), unsafe repositories (0)
2025-11-19 19:11:07.713 [info] > git for-each-ref --format=%(refname)%00%(upstream:short)%00%(objectname)%00%(upstream:track)%00%(upstream:remotename)%00%(upstream:remoteref) refs/heads/main refs/remotes/main [6018ms]
2025-11-19 19:11:08.030 [info] > git check-ignore -v -z --stdin [305ms]
2025-11-19 19:11:08.384 [info] > git show --textconv :public/styles.css [325ms]
2025-11-19 19:11:08.384 [info] > git status -z -uall [304ms]
2025-11-19 19:11:08.387 [info] > git ls-files --stage -- public/styles.css [319ms]
2025-11-19 19:11:08.485 [info] > git cat-file -s ff8d16f4b6ef330ccc02bf45f6e061e68741a7b0 [83ms]
2025-11-19 19:11:08.487 [info] > git for-each-ref --sort -committerdate --format %(refname)%00%(objectname)%00%(*objectname) [396ms]
2025-11-19 19:11:09.366 [info] > git for-each-ref --format=%(refname)%00%(upstream:short)%00%(objectname)%00%(upstream:track)%00%(upstream:remotename)%00%(upstream:remoteref) refs/heads/main refs/remotes/main [812ms]
2025-11-19 19:11:09.448 [info] > git config --get --local branch.main.vscode-merge-base [59ms]
2025-11-19 19:11:09.466 [info] > git config --get commit.template [99ms]
2025-11-19 19:11:09.904 [info] > git for-each-ref --format=%(refname)%00%(upstream:short)%00%(objectname)%00%(upstream:track)%00%(upstream:remotename)%00%(upstream:remoteref) refs/heads/origin/main refs/remotes/origin/main [442ms]
2025-11-19 19:11:09.968 [info] > git merge-base refs/heads/main refs/remotes/origin/main [48ms]
2025-11-19 19:11:10.001 [info] > git diff --name-status -z --diff-filter=ADMR --find-renames=50% 092637b358ebd37ca17e653f8fedc2d99f33feee...refs/remotes/origin/main -- [18ms]
2025-11-19 19:11:10.003 [info] > git for-each-ref --format=%(refname)%00%(upstream:short)%00%(objectname)%00%(upstream:track)%00%(upstream:remotename)%00%(upstream:remoteref) refs/heads/main refs/remotes/main [41ms]
2025-11-19 19:11:10.119 [info] > git blame --root --incremental 092637b358ebd37ca17e653f8fedc2d99f33feee -- public/styles.css [86ms]
2025-11-19 19:11:10.199 [info] > git status -z -uall [36ms]
2025-11-19 19:11:10.199 [info] > git for-each-ref --sort -committerdate --format %(refname)%00%(objectname)%00%(*objectname) [16ms]
2025-11-19 19:18:03.582 [info] > git config --get commit.template [21ms]
2025-11-19 19:18:03.587 [info] > git for-each-ref --format=%(refname)%00%(upstream:short)%00%(objectname)%00%(upstream:track)%00%(upstream:remotename)%00%(upstream:remoteref) refs/heads/main refs/remotes/main [8ms]
2025-11-19 19:18:03.628 [info] > git status -z -uall [21ms]
2025-11-19 19:18:03.633 [info] > git for-each-ref --sort -committerdate --format %(refname)%00%(objectname)%00%(*objectname) [7ms]
2025-11-19 19:18:08.673 [info] > git config --get commit.template [2ms]
2025-11-19 19:18:08.709 [info] > git for-each-ref --format=%(refname)%00%(upstream:short)%00%(objectname)%00%(upstream:track)%00%(upstream:remotename)%00%(upstream:remoteref) refs/heads/main refs/remotes/main [8ms]
2025-11-19 19:18:08.767 [info] > git status -z -uall [30ms]
2025-11-19 19:18:08.773 [info] > git for-each-ref --sort -committerdate --format %(refname)%00%(objectname)%00%(*objectname) [8ms]
2025-11-19 19:19:23.516 [info] > git config --get commit.template [6ms]
2025-11-19 19:19:23.540 [info] > git for-each-ref --format=%(refname)%00%(upstream:short)%00%(objectname)%00%(upstream:track)%00%(upstream:remotename)%00%(upstream:remoteref) refs/heads/main refs/remotes/main [4ms]
2025-11-19 19:19:23.577 [info] > git status -z -uall [18ms]
2025-11-19 19:19:23.580 [info] > git for-each-ref --sort -committerdate --format %(refname)%00%(objectname)%00%(*objectname) [4ms]
2025-11-19 19:21:07.659 [info] > git config --get commit.template [4ms]
2025-11-19 19:21:07.689 [info] > git for-each-ref --format=%(refname)%00%(upstream:short)%00%(objectname)%00%(upstream:track)%00%(upstream:remotename)%00%(upstream:remoteref) refs/heads/main refs/remotes/main [6ms]
2025-11-19 19:21:07.735 [info] > git status -z -uall [20ms]
2025-11-19 19:21:07.736 [info] > git for-each-ref --sort -committerdate --format %(refname)%00%(objectname)%00%(*objectname) [3ms]
2025-11-19 19:25:09.676 [info] > git config --get commit.template [24ms]
2025-11-19 19:25:09.688 [info] > git for-each-ref --format=%(refname)%00%(upstream:short)%00%(objectname)%00%(upstream:track)%00%(upstream:remotename)%00%(upstream:remoteref) refs/heads/main refs/remotes/main [16ms]
2025-11-19 19:25:09.729 [info] > git status -z -uall [22ms]
2025-11-19 19:25:09.734 [info] > git for-each-ref --sort -committerdate --format %(refname)%00%(objectname)%00%(*objectname) [6ms]
2025-11-19 19:25:49.366 [info] > git config --get commit.template [19ms]
2025-11-19 19:25:49.367 [info] > git for-each-ref --format=%(refname)%00%(upstream:short)%00%(objectname)%00%(upstream:track)%00%(upstream:remotename)%00%(upstream:remoteref) refs/heads/main refs/remotes/main [4ms]
2025-11-19 19:25:49.392 [info] > git status -z -uall [12ms]
2025-11-19 19:25:49.393 [info] > git for-each-ref --sort -committerdate --format %(refname)%00%(objectname)%00%(*objectname) [2ms]
2025-11-19 19:26:06.886 [info] > git check-ignore -v -z --stdin [3ms]
2025-11-19 19:26:08.586 [info] > git show --textconv :public/styles-new.css [32ms]
2025-11-19 19:26:08.586 [info] > git ls-files --stage -- public/styles-new.css [2ms]
2025-11-19 19:26:08.611 [info] > git cat-file -s 9cc126c6df327af34cc6ffd89ee67d54bf7045d0 [5ms]
2025-11-19 19:26:13.576 [info] > git show --textconv :public/dashboard.html [92ms]
2025-11-19 19:26:13.620 [info] > git ls-files --stage -- public/dashboard.html [47ms]
2025-11-19 19:26:13.963 [info] > git cat-file -s d280392f8f5afcf228668d3ff7c5e5266afef0ee [284ms]
2025-11-19 19:26:14.461 [info] > git blame --root --incremental 092637b358ebd37ca17e653f8fedc2d99f33feee -- public/dashboard.html [48ms]
2025-11-19 19:27:38.969 [info] > git show --textconv :public/styles.css [71ms]
2025-11-19 19:27:38.969 [info] > git ls-files --stage -- public/styles.css [8ms]
2025-11-19 19:27:39.012 [info] > git cat-file -s ff8d16f4b6ef330ccc02bf45f6e061e68741a7b0 [7ms]
2025-11-19 19:27:39.740 [info] > git show --textconv :public/styles-new.css [20ms]
2025-11-19 19:27:39.742 [info] > git ls-files --stage -- public/styles-new.css [4ms]
2025-11-19 19:27:39.765 [info] > git cat-file -s 9cc126c6df327af34cc6ffd89ee67d54bf7045d0 [5ms]
2025-11-19 19:27:43.960 [info] > git show --textconv :public/styles.css [21ms]
2025-11-19 19:27:43.965 [info] > git ls-files --stage -- public/styles.css [6ms]
2025-11-19 19:27:43.989 [info] > git cat-file -s ff8d16f4b6ef330ccc02bf45f6e061e68741a7b0 [2ms]
2025-11-19 19:33:25.991 [info] > git config --get commit.template [32ms]
2025-11-19 19:33:25.995 [info] > git for-each-ref --format=%(refname)%00%(upstream:short)%00%(objectname)%00%(upstream:track)%00%(upstream:remotename)%00%(upstream:remoteref) refs/heads/main refs/remotes/main [5ms]
2025-11-19 19:33:26.047 [info] > git status -z -uall [19ms]
2025-11-19 19:33:26.049 [info] > git for-each-ref --sort -committerdate --format %(refname)%00%(objectname)%00%(*objectname) [5ms]
2025-11-19 19:33:31.088 [info] > git config --get commit.template [17ms]
2025-11-19 19:33:31.090 [info] > git for-each-ref --format=%(refname)%00%(upstream:short)%00%(objectname)%00%(upstream:track)%00%(upstream:remotename)%00%(upstream:remoteref) refs/heads/main refs/remotes/main [3ms]
2025-11-19 19:33:31.124 [info] > git status -z -uall [18ms]
2025-11-19 19:33:31.127 [info] > git for-each-ref --sort -committerdate --format %(refname)%00%(objectname)%00%(*objectname) [4ms]
2025-11-19 19:34:03.217 [info] > git config --get commit.template [44ms]
2025-11-19 19:34:03.221 [info] > git for-each-ref --format=%(refname)%00%(upstream:short)%00%(objectname)%00%(upstream:track)%00%(upstream:remotename)%00%(upstream:remoteref) refs/heads/main refs/remotes/main [5ms]
2025-11-19 19:34:03.258 [info] > git status -z -uall [16ms]
2025-11-19 19:34:03.260 [info] > git for-each-ref --sort -committerdate --format %(refname)%00%(objectname)%00%(*objectname) [3ms]
2025-11-19 19:36:31.254 [info] > git config --get commit.template [3ms]
2025-11-19 19:36:31.280 [info] > git for-each-ref --format=%(refname)%00%(upstream:short)%00%(objectname)%00%(upstream:track)%00%(upstream:remotename)%00%(upstream:remoteref) refs/heads/main refs/remotes/main [3ms]
2025-11-19 19:36:31.312 [info] > git status -z -uall [18ms]
2025-11-19 19:36:31.314 [info] > git for-each-ref --sort -committerdate --format %(refname)%00%(objectname)%00%(*objectname) [3ms]
2025-11-19 19:36:38.607 [info] > git config --get commit.template [15ms]
2025-11-19 19:36:38.609 [info] > git for-each-ref --format=%(refname)%00%(upstream:short)%00%(objectname)%00%(upstream:track)%00%(upstream:remotename)%00%(upstream:remoteref) refs/heads/main refs/remotes/main [3ms]
2025-11-19 19:36:38.638 [info] > git status -z -uall [15ms]
2025-11-19 19:36:38.641 [info] > git for-each-ref --sort -committerdate --format %(refname)%00%(objectname)%00%(*objectname) [4ms]
2025-11-19 19:36:51.203 [info] > git show --textconv :public/dashboard.html [50ms]
2025-11-19 19:36:51.208 [info] > git ls-files --stage -- public/dashboard.html [8ms]
2025-11-19 19:36:51.231 [info] > git cat-file -s d280392f8f5afcf228668d3ff7c5e5266afef0ee [4ms]
2025-11-19 19:37:31.974 [info] > git show --textconv :public/styles.css [41ms]
2025-11-19 19:37:31.974 [info] > git ls-files --stage -- public/styles.css [1ms]
2025-11-19 19:37:32.014 [info] > git cat-file -s ff8d16f4b6ef330ccc02bf45f6e061e68741a7b0 [14ms]
2025-11-19 19:38:13.258 [info] > git show --textconv :public/dashboard.html [28ms]
2025-11-19 19:38:13.275 [info] > git ls-files --stage -- public/dashboard.html [19ms]
2025-11-19 19:38:13.300 [info] > git cat-file -s d280392f8f5afcf228668d3ff7c5e5266afef0ee [1ms]
2025-11-19 19:48:15.460 [info] > git config --get commit.template [15ms]
2025-11-19 19:48:15.474 [info] > git for-each-ref --format=%(refname)%00%(upstream:short)%00%(objectname)%00%(upstream:track)%00%(upstream:remotename)%00%(upstream:remoteref) refs/heads/main refs/remotes/main [2ms]
2025-11-19 19:48:15.501 [info] > git status -z -uall [13ms]
2025-11-19 19:48:15.503 [info] > git for-each-ref --sort -committerdate --format %(refname)%00%(objectname)%00%(*objectname) [3ms]
2025-11-19 19:49:03.680 [info] > git config --get commit.template [1ms]
2025-11-19 19:49:03.701 [info] > git for-each-ref --format=%(refname)%00%(upstream:short)%00%(objectname)%00%(upstream:track)%00%(upstream:remotename)%00%(upstream:remoteref) refs/heads/main refs/remotes/main [3ms]
2025-11-19 19:49:03.735 [info] > git status -z -uall [15ms]
2025-11-19 19:49:03.737 [info] > git for-each-ref --sort -committerdate --format %(refname)%00%(objectname)%00%(*objectname) [4ms]
2025-11-19 19:50:43.300 [info] > git show --textconv :public/styles.css [18ms]
2025-11-19 19:50:43.303 [info] > git ls-files --stage -- public/styles.css [4ms]
2025-11-19 19:50:43.322 [info] > git cat-file -s ff8d16f4b6ef330ccc02bf45f6e061e68741a7b0 [3ms]
2025-11-19 19:50:44.228 [info] > git config --get commit.template [42ms]
2025-11-19 19:50:44.231 [info] > git for-each-ref --format=%(refname)%00%(upstream:short)%00%(objectname)%00%(upstream:track)%00%(upstream:remotename)%00%(upstream:remoteref) refs/heads/main refs/remotes/main [6ms]
2025-11-19 19:50:44.277 [info] > git status -z -uall [20ms]
2025-11-19 19:50:44.280 [info] > git for-each-ref --sort -committerdate --format %(refname)%00%(objectname)%00%(*objectname) [3ms]
2025-11-19 19:51:18.886 [info] > git config --get commit.template [31ms]
2025-11-19 19:51:18.897 [info] > git for-each-ref --format=%(refname)%00%(upstream:short)%00%(objectname)%00%(upstream:track)%00%(upstream:remotename)%00%(upstream:remoteref) refs/heads/main refs/remotes/main [16ms]
2025-11-19 19:51:18.937 [info] > git status -z -uall [16ms]
2025-11-19 19:51:18.940 [info] > git for-each-ref --sort -committerdate --format %(refname)%00%(objectname)%00%(*objectname) [4ms]
2025-11-19 19:52:13.776 [info] > git config --get commit.template [19ms]
2025-11-19 19:52:13.778 [info] > git for-each-ref --format=%(refname)%00%(upstream:short)%00%(objectname)%00%(upstream:track)%00%(upstream:remotename)%00%(upstream:remoteref) refs/heads/main refs/remotes/main [4ms]
2025-11-19 19:52:13.815 [info] > git status -z -uall [18ms]
2025-11-19 19:52:13.818 [info] > git for-each-ref --sort -committerdate --format %(refname)%00%(objectname)%00%(*objectname) [4ms]
2025-11-19 19:52:15.036 [info] > git check-ignore -v -z --stdin [2ms]
2025-11-19 19:52:28.762 [info] > git config --get commit.template [4ms]
2025-11-19 19:52:28.791 [info] > git for-each-ref --format=%(refname)%00%(upstream:short)%00%(objectname)%00%(upstream:track)%00%(upstream:remotename)%00%(upstream:remoteref) refs/heads/main refs/remotes/main [3ms]
2025-11-19 19:52:28.832 [info] > git status -z -uall [25ms]
2025-11-19 19:52:28.832 [info] > git for-each-ref --sort -committerdate --format %(refname)%00%(objectname)%00%(*objectname) [3ms]
2025-11-19 19:52:39.756 [info] > git show --textconv :public/styles.css [33ms]
2025-11-19 19:52:39.767 [info] > git ls-files --stage -- public/styles.css [12ms]
2025-11-19 19:52:39.806 [info] > git cat-file -s ff8d16f4b6ef330ccc02bf45f6e061e68741a7b0 [3ms]
2025-11-19 19:52:48.421 [info] > git show --textconv :public/styles.css [15ms]
2025-11-19 19:52:48.423 [info] > git ls-files --stage -- public/styles.css [3ms]
2025-11-19 19:52:48.437 [info] > git cat-file -s ff8d16f4b6ef330ccc02bf45f6e061e68741a7b0 [2ms]
2025-11-19 19:52:49.705 [info] > git config --get commit.template [17ms]
2025-11-19 19:52:49.707 [info] > git for-each-ref --format=%(refname)%00%(upstream:short)%00%(objectname)%00%(upstream:track)%00%(upstream:remotename)%00%(upstream:remoteref) refs/heads/main refs/remotes/main [3ms]
2025-11-19 19:52:49.749 [info] > git status -z -uall [24ms]
2025-11-19 19:52:49.751 [info] > git for-each-ref --sort -committerdate --format %(refname)%00%(objectname)%00%(*objectname) [6ms]
2025-11-19 19:52:54.796 [info] > git config --get commit.template [16ms]
2025-11-19 19:52:54.798 [info] > git for-each-ref --format=%(refname)%00%(upstream:short)%00%(objectname)%00%(upstream:track)%00%(upstream:remotename)%00%(upstream:remoteref) refs/heads/main refs/remotes/main [4ms]
2025-11-19 19:52:54.831 [info] > git status -z -uall [17ms]
2025-11-19 19:52:54.834 [info] > git for-each-ref --sort -committerdate --format %(refname)%00%(objectname)%00%(*objectname) [4ms]
2025-11-19 19:53:11.140 [info] > git show --textconv :public/styles.css [24ms]
2025-11-19 19:53:11.144 [info] > git ls-files --stage -- public/styles.css [4ms]
2025-11-19 19:53:11.158 [info] > git cat-file -s ff8d16f4b6ef330ccc02bf45f6e061e68741a7b0 [2ms]
2025-11-19 19:53:38.013 [info] > git show --textconv :public/styles.css [26ms]
2025-11-19 19:53:38.017 [info] > git ls-files --stage -- public/styles.css [7ms]
2025-11-19 19:53:38.037 [info] > git cat-file -s ff8d16f4b6ef330ccc02bf45f6e061e68741a7b0 [2ms]
2025-11-19 19:53:46.661 [info] > git check-ignore -v -z --stdin [2ms]
2025-11-19 19:53:49.914 [info] > git show --textconv :public/styles.css [16ms]
2025-11-19 19:53:49.916 [info] > git ls-files --stage -- public/styles.css [3ms]
2025-11-19 19:53:49.931 [info] > git cat-file -s ff8d16f4b6ef330ccc02bf45f6e061e68741a7b0 [2ms]
2025-11-19 19:54:17.126 [info] > git config --get commit.template [7ms]
2025-11-19 19:54:17.146 [info] > git for-each-ref --format=%(refname)%00%(upstream:short)%00%(objectname)%00%(upstream:track)%00%(upstream:remotename)%00%(upstream:remoteref) refs/heads/main refs/remotes/main [4ms]
2025-11-19 19:54:17.181 [info] > git status -z -uall [20ms]
2025-11-19 19:54:17.184 [info] > git for-each-ref --sort -committerdate --format %(refname)%00%(objectname)%00%(*objectname) [4ms]
2025-11-19 19:54:29.522 [info] > git show --textconv :public/styles.css [17ms]
2025-11-19 19:54:29.524 [info] > git ls-files --stage -- public/styles.css [3ms]
2025-11-19 19:54:29.577 [info] > git cat-file -s ff8d16f4b6ef330ccc02bf45f6e061e68741a7b0 [3ms]
2025-11-19 19:54:44.750 [info] > git config --get commit.template [3ms]
2025-11-19 19:54:44.771 [info] > git for-each-ref --format=%(refname)%00%(upstream:short)%00%(objectname)%00%(upstream:track)%00%(upstream:remotename)%00%(upstream:remoteref) refs/heads/main refs/remotes/main [3ms]
2025-11-19 19:54:44.803 [info] > git status -z -uall [17ms]
2025-11-19 19:54:44.806 [info] > git for-each-ref --sort -committerdate --format %(refname)%00%(objectname)%00%(*objectname) [3ms]
2025-11-19 19:55:08.276 [info] > git config --get commit.template [3ms]
2025-11-19 19:55:08.300 [info] > git for-each-ref --format=%(refname)%00%(upstream:short)%00%(objectname)%00%(upstream:track)%00%(upstream:remotename)%00%(upstream:remoteref) refs/heads/main refs/remotes/main [3ms]
2025-11-19 19:55:08.329 [info] > git status -z -uall [16ms]
2025-11-19 19:55:08.331 [info] > git for-each-ref --sort -committerdate --format %(refname)%00%(objectname)%00%(*objectname) [2ms]
2025-11-19 19:59:21.012 [info] > git config --get commit.template [35ms]
2025-11-19 19:59:21.015 [info] > git for-each-ref --format=%(refname)%00%(upstream:short)%00%(objectname)%00%(upstream:track)%00%(upstream:remotename)%00%(upstream:remoteref) refs/heads/main refs/remotes/main [5ms]
2025-11-19 19:59:21.048 [info] > git status -z -uall [18ms]
2025-11-19 19:59:21.052 [info] > git for-each-ref --sort -committerdate --format %(refname)%00%(objectname)%00%(*objectname) [5ms]
2025-11-19 20:01:02.708 [info] > git show --textconv :public/dashboard.html [53ms]
2025-11-19 20:01:02.716 [info] > git ls-files --stage -- public/dashboard.html [9ms]
2025-11-19 20:01:02.739 [info] > git cat-file -s d280392f8f5afcf228668d3ff7c5e5266afef0ee [5ms]
2025-11-19 20:01:19.712 [info] > git config --get commit.template [33ms]
2025-11-19 20:01:19.720 [info] > git for-each-ref --format=%(refname)%00%(upstream:short)%00%(objectname)%00%(upstream:track)%00%(upstream:remotename)%00%(upstream:remoteref) refs/heads/main refs/remotes/main [14ms]
2025-11-19 20:01:19.760 [info] > git status -z -uall [20ms]
2025-11-19 20:01:19.763 [info] > git for-each-ref --sort -committerdate --format %(refname)%00%(objectname)%00%(*objectname) [4ms]
2025-11-19 20:01:21.732 [info] > git check-ignore -v -z --stdin [6ms]
2025-11-19 20:01:32.441 [info] > git show --textconv :public/dashboard.html [33ms]
2025-11-19 20:01:32.449 [info] > git ls-files --stage -- public/dashboard.html [10ms]
2025-11-19 20:01:32.494 [info] > git cat-file -s d280392f8f5afcf228668d3ff7c5e5266afef0ee [22ms]
2025-11-19 20:01:58.351 [info] > git show --textconv :public/styles.css [17ms]
2025-11-19 20:01:58.354 [info] > git ls-files --stage -- public/styles.css [3ms]
2025-11-19 20:01:58.368 [info] > git cat-file -s ff8d16f4b6ef330ccc02bf45f6e061e68741a7b0 [2ms]
2025-11-19 20:06:49.347 [info] > git rev-parse --show-toplevel [4ms]
2025-11-19 20:07:05.982 [info] > git show --textconv :public/styles.css.backup [9ms]
2025-11-19 20:07:05.983 [info] > git ls-files --stage -- public/styles.css.backup [2ms]
2025-11-19 20:07:05.995 [info] > git cat-file -s 0670e4bcf0dde5c55a223dac54c52da3572229d7 [2ms]
2025-11-19 20:07:06.702 [info] > git show --textconv :public/styles.css [11ms]
2025-11-19 20:07:06.704 [info] > git ls-files --stage -- public/styles.css [3ms]
2025-11-19 20:07:06.715 [info] > git cat-file -s ff8d16f4b6ef330ccc02bf45f6e061e68741a7b0 [2ms]
2025-11-19 20:07:08.124 [info] > git show --textconv :public/styles.css.backup [1ms]
2025-11-19 20:07:08.141 [info] > git ls-files --stage -- public/styles.css.backup [2ms]
2025-11-19 20:07:08.159 [info] > git cat-file -s 0670e4bcf0dde5c55a223dac54c52da3572229d7 [2ms]
2025-11-19 20:07:08.651 [info] > git show --textconv :public/styles.css [28ms]
2025-11-19 20:07:08.655 [info] > git ls-files --stage -- public/styles.css [5ms]
2025-11-19 20:07:08.667 [info] > git cat-file -s ff8d16f4b6ef330ccc02bf45f6e061e68741a7b0 [1ms]
2025-11-19 20:07:09.457 [info] > git show --textconv :public/styles.css.backup [11ms]
2025-11-19 20:07:09.457 [info] > git ls-files --stage -- public/styles.css.backup [1ms]
2025-11-19 20:07:09.467 [info] > git cat-file -s 0670e4bcf0dde5c55a223dac54c52da3572229d7 [2ms]
2025-11-19 20:07:10.107 [info] > git show --textconv :public/styles.css [17ms]
2025-11-19 20:07:10.108 [info] > git ls-files --stage -- public/styles.css [2ms]
2025-11-19 20:07:10.135 [info] > git cat-file -s ff8d16f4b6ef330ccc02bf45f6e061e68741a7b0 [2ms]
2025-11-19 20:07:12.621 [info] > git rev-parse --show-toplevel [4ms]
2025-11-19 20:07:14.452 [info] > git show --textconv :public/styles.css [30ms]
2025-11-19 20:07:14.452 [info] > git ls-files --stage -- public/styles.css [1ms]
2025-11-19 20:07:14.476 [info] > git cat-file -s ff8d16f4b6ef330ccc02bf45f6e061e68741a7b0 [3ms]
2025-11-19 20:07:15.507 [info] > git rev-parse --show-toplevel [3ms]
2025-11-19 20:07:17.268 [info] > git show --textconv :public/styles.css [10ms]
2025-11-19 20:07:17.270 [info] > git ls-files --stage -- public/styles.css [2ms]
2025-11-19 20:07:17.280 [info] > git cat-file -s ff8d16f4b6ef330ccc02bf45f6e061e68741a7b0 [2ms]
2025-11-19 20:07:18.162 [info] > git rev-parse --show-toplevel [3ms]
2025-11-19 20:07:19.235 [info] > git show --textconv :public/styles.css [0ms]
2025-11-19 20:07:19.248 [info] > git ls-files --stage -- public/styles.css [1ms]
2025-11-19 20:07:19.257 [info] > git cat-file -s ff8d16f4b6ef330ccc02bf45f6e061e68741a7b0 [2ms]
2025-11-19 20:07:46.416 [info] > git config --get commit.template [16ms]
2025-11-19 20:07:46.418 [info] > git for-each-ref --format=%(refname)%00%(upstream:short)%00%(objectname)%00%(upstream:track)%00%(upstream:remotename)%00%(upstream:remoteref) refs/heads/main refs/remotes/main [3ms]
2025-11-19 20:07:46.440 [info] > git status -z -uall [11ms]
2025-11-19 20:07:46.441 [info] > git for-each-ref --sort -committerdate --format %(refname)%00%(objectname)%00%(*objectname) [2ms]
2025-11-19 20:08:39.297 [info] > git config --get commit.template [1ms]
2025-11-19 20:08:39.310 [info] > git for-each-ref --format=%(refname)%00%(upstream:short)%00%(objectname)%00%(upstream:track)%00%(upstream:remotename)%00%(upstream:remoteref) refs/heads/main refs/remotes/main [1ms]
2025-11-19 20:08:39.330 [info] > git status -z -uall [10ms]
2025-11-19 20:08:39.331 [info] > git for-each-ref --sort -committerdate --format %(refname)%00%(objectname)%00%(*objectname) [1ms]
2025-11-19 20:10:17.523 [info] > git config --get commit.template [11ms]
2025-11-19 20:10:17.524 [info] > git for-each-ref --format=%(refname)%00%(upstream:short)%00%(objectname)%00%(upstream:track)%00%(upstream:remotename)%00%(upstream:remoteref) refs/heads/main refs/remotes/main [2ms]
2025-11-19 20:10:17.544 [info] > git status -z -uall [10ms]
2025-11-19 20:10:17.545 [info] > git for-each-ref --sort -committerdate --format %(refname)%00%(objectname)%00%(*objectname) [2ms]
