2025-11-17 22:45:18.934 [info] [main] Log level: Info
2025-11-17 22:45:18.934 [info] [main] Validating found git in: "git"
2025-11-17 22:45:18.934 [info] [main] Using git "2.47.3" from "git"
2025-11-17 22:45:18.934 [info] [Model][doInitialScan] Initial repository scan started
2025-11-17 22:45:18.934 [info] > git rev-parse --show-toplevel [27ms]
2025-11-17 22:45:18.934 [info] fatal: not a git repository (or any of the parent directories): .git
2025-11-17 22:45:18.934 [info] > git rev-parse --show-toplevel [2ms]
2025-11-17 22:45:18.934 [info] > git rev-parse --git-dir --git-common-dir --show-superproject-working-tree [10ms]
2025-11-17 22:45:18.934 [info] [Model][openRepository] Opened repository (path): /home/trang/localnsv/mAIware
2025-11-17 22:45:18.934 [info] [Model][openRepository] Opened repository (real path): /home/trang/localnsv/mAIware
2025-11-17 22:45:18.934 [info] [Model][openRepository] Opened repository (kind): repository
2025-11-17 22:45:18.934 [info] > git rev-parse --show-toplevel [126ms]
2025-11-17 22:45:18.934 [info] > git config --get commit.template [137ms]
2025-11-17 22:45:18.938 [info] > git rev-parse --git-dir --git-common-dir --show-superproject-working-tree [3066ms]
2025-11-17 22:45:18.950 [info] [Model][openRepository] Opened repository (path): /home/trang/localnsv/mAIware-server
2025-11-17 22:45:18.950 [info] [Model][openRepository] Opened repository (real path): /home/trang/localnsv/mAIware-server
2025-11-17 22:45:18.950 [info] [Model][openRepository] Opened repository (kind): repository
2025-11-17 22:45:18.954 [info] [Model][doInitialScan] Initial repository scan completed - repositories (2), closed repositories (0), parent repositories (0), unsafe repositories (0)
2025-11-17 22:45:19.065 [info] > git for-each-ref --format=%(refname)%00%(upstream:short)%00%(objectname)%00%(upstream:track)%00%(upstream:remotename)%00%(upstream:remoteref) refs/heads/main refs/remotes/main [132ms]
2025-11-17 22:45:19.173 [info] > git check-ignore -v -z --stdin [206ms]
2025-11-17 22:45:19.174 [info] > git rev-parse --show-toplevel [123ms]
2025-11-17 22:45:19.174 [info] fatal: not a git repository (or any of the parent directories): .git
2025-11-17 22:45:19.174 [info] > git config --get commit.template [131ms]
2025-11-17 22:45:19.352 [info] > git for-each-ref --format=%(refname)%00%(upstream:short)%00%(objectname)%00%(upstream:track)%00%(upstream:remotename)%00%(upstream:remoteref) refs/heads/main refs/remotes/main [161ms]
2025-11-17 22:45:19.379 [info] > git status -z -uall [36ms]
2025-11-17 22:45:19.379 [info] > git for-each-ref --sort -committerdate --format %(refname)%00%(objectname)%00%(*objectname) [28ms]
2025-11-17 22:45:19.746 [info] > git for-each-ref --format=%(refname)%00%(upstream:short)%00%(objectname)%00%(upstream:track)%00%(upstream:remotename)%00%(upstream:remoteref) refs/heads/main refs/remotes/main [345ms]
2025-11-17 22:45:19.770 [info] > git check-ignore -v -z --stdin [10ms]
2025-11-17 22:45:19.770 [info] > git check-ignore -v -z --stdin [4ms]
2025-11-17 22:45:19.771 [info] > git config --get --local branch.main.vscode-merge-base [19ms]
2025-11-17 22:45:19.777 [info] > git config --get commit.template [46ms]
2025-11-17 22:45:19.793 [info] > git status -z -uall [7ms]
2025-11-17 22:45:19.793 [info] > git for-each-ref --format=%(refname)%00%(upstream:short)%00%(objectname)%00%(upstream:track)%00%(upstream:remotename)%00%(upstream:remoteref) refs/heads/origin/main refs/remotes/origin/main [16ms]
2025-11-17 22:45:19.815 [info] > git merge-base refs/heads/main refs/remotes/origin/main [14ms]
2025-11-17 22:45:19.823 [info] > git for-each-ref --sort -committerdate --format %(refname)%00%(objectname)%00%(*objectname) [31ms]
2025-11-17 22:45:19.844 [info] > git for-each-ref --format=%(refname)%00%(upstream:short)%00%(objectname)%00%(upstream:track)%00%(upstream:remotename)%00%(upstream:remoteref) refs/heads/main refs/remotes/main [9ms]
2025-11-17 22:45:19.851 [info] > git diff --name-status -z --diff-filter=ADMR --find-renames=50% 6633a76716fa435d8d5fea076c285b83ef3d4377...refs/remotes/origin/main -- [28ms]
2025-11-17 22:45:19.851 [info] > git for-each-ref --format=%(refname)%00%(upstream:short)%00%(objectname)%00%(upstream:track)%00%(upstream:remotename)%00%(upstream:remoteref) refs/heads/main refs/remotes/main [37ms]
2025-11-17 22:45:19.891 [info] > git config --get --local branch.main.vscode-merge-base [40ms]
2025-11-17 22:45:19.899 [info] > git config --get commit.template [56ms]
2025-11-17 22:45:19.906 [info] > git for-each-ref --format=%(refname)%00%(upstream:short)%00%(objectname)%00%(upstream:track)%00%(upstream:remotename)%00%(upstream:remoteref) refs/heads/origin/main refs/remotes/origin/main [7ms]
2025-11-17 22:45:19.933 [info] > git merge-base refs/heads/main refs/remotes/origin/main [19ms]
2025-11-17 22:45:19.960 [info] > git diff --name-status -z --diff-filter=ADMR --find-renames=50% 5d9c1ead87eeaffa567a26c330047cbbddfeb2a5...refs/remotes/origin/main -- [20ms]
2025-11-17 22:45:19.961 [info] > git for-each-ref --format=%(refname)%00%(upstream:short)%00%(objectname)%00%(upstream:track)%00%(upstream:remotename)%00%(upstream:remoteref) refs/heads/main refs/remotes/main [29ms]
2025-11-17 22:45:19.966 [info] > git for-each-ref --sort -committerdate --format %(refname)%00%(objectname)%00%(*objectname) [7ms]
2025-11-17 22:45:20.184 [info] > git status -z -uall [234ms]
2025-11-17 22:45:20.184 [info] > git status -z -uall [203ms]
2025-11-17 22:45:20.184 [info] > git for-each-ref --sort -committerdate --format %(refname)%00%(objectname)%00%(*objectname) [195ms]
2025-11-17 22:45:30.727 [info] > git config --get commit.template [11ms]
2025-11-17 22:45:30.728 [info] > git for-each-ref --format=%(refname)%00%(upstream:short)%00%(objectname)%00%(upstream:track)%00%(upstream:remotename)%00%(upstream:remoteref) refs/heads/main refs/remotes/main [1ms]
2025-11-17 22:45:30.753 [info] > git for-each-ref --sort -committerdate --format %(refname)%00%(objectname)%00%(*objectname) [11ms]
2025-11-17 22:45:30.754 [info] > git status -z -uall [19ms]
2025-11-17 22:47:42.258 [info] > git config --get commit.template [17ms]
2025-11-17 22:47:42.258 [info] > git config --get commit.template [10ms]
2025-11-17 22:47:42.275 [info] > git for-each-ref --format=%(refname)%00%(upstream:short)%00%(objectname)%00%(upstream:track)%00%(upstream:remotename)%00%(upstream:remoteref) refs/heads/main refs/remotes/main [8ms]
2025-11-17 22:47:42.276 [info] > git for-each-ref --format=%(refname)%00%(upstream:short)%00%(objectname)%00%(upstream:track)%00%(upstream:remotename)%00%(upstream:remoteref) refs/heads/main refs/remotes/main [2ms]
2025-11-17 22:47:42.320 [info] > git status -z -uall [36ms]
2025-11-17 22:47:42.320 [info] > git for-each-ref --sort -committerdate --format %(refname)%00%(objectname)%00%(*objectname) [29ms]
2025-11-17 22:47:42.326 [info] > git for-each-ref --sort -committerdate --format %(refname)%00%(objectname)%00%(*objectname) [11ms]
2025-11-17 22:47:42.336 [info] > git status -z -uall [29ms]
2025-11-17 22:51:00.489 [info] > git config --get commit.template [38ms]
2025-11-17 22:51:00.494 [info] > git for-each-ref --format=%(refname)%00%(upstream:short)%00%(objectname)%00%(upstream:track)%00%(upstream:remotename)%00%(upstream:remoteref) refs/heads/main refs/remotes/main [7ms]
2025-11-17 22:51:00.559 [info] > git for-each-ref --sort -committerdate --format %(refname)%00%(objectname)%00%(*objectname) [6ms]
2025-11-17 22:51:00.602 [info] > git status -z -uall [77ms]
2025-11-17 22:51:05.653 [info] > git config --get commit.template [6ms]
2025-11-17 22:51:05.684 [info] > git for-each-ref --format=%(refname)%00%(upstream:short)%00%(objectname)%00%(upstream:track)%00%(upstream:remotename)%00%(upstream:remoteref) refs/heads/main refs/remotes/main [4ms]
2025-11-17 22:51:05.866 [info] > git for-each-ref --sort -committerdate --format %(refname)%00%(objectname)%00%(*objectname) [12ms]
2025-11-17 22:51:05.890 [info] > git status -z -uall [62ms]
2025-11-17 22:55:01.166 [info] > git config --get commit.template [18ms]
2025-11-17 22:55:01.178 [info] > git for-each-ref --format=%(refname)%00%(upstream:short)%00%(objectname)%00%(upstream:track)%00%(upstream:remotename)%00%(upstream:remoteref) refs/heads/main refs/remotes/main [14ms]
2025-11-17 22:55:01.221 [info] > git for-each-ref --sort -committerdate --format %(refname)%00%(objectname)%00%(*objectname) [4ms]
2025-11-17 22:55:01.237 [info] > git status -z -uall [42ms]
2025-11-17 23:00:14.693 [info] > git config --get commit.template [16ms]
2025-11-17 23:00:14.695 [info] > git for-each-ref --format=%(refname)%00%(upstream:short)%00%(objectname)%00%(upstream:track)%00%(upstream:remotename)%00%(upstream:remoteref) refs/heads/main refs/remotes/main [3ms]
2025-11-17 23:00:14.716 [info] > git for-each-ref --sort -committerdate --format %(refname)%00%(objectname)%00%(*objectname) [2ms]
2025-11-17 23:00:14.724 [info] > git status -z -uall [19ms]
2025-11-17 23:17:45.770 [info] > git config --get commit.template [20ms]
2025-11-17 23:17:45.773 [info] > git for-each-ref --format=%(refname)%00%(upstream:short)%00%(objectname)%00%(upstream:track)%00%(upstream:remotename)%00%(upstream:remoteref) refs/heads/main refs/remotes/main [4ms]
2025-11-17 23:17:45.797 [info] > git for-each-ref --sort -committerdate --format %(refname)%00%(objectname)%00%(*objectname) [3ms]
2025-11-17 23:17:45.808 [info] > git status -z -uall [25ms]
2025-11-17 23:24:33.491 [info] > git config --get commit.template [15ms]
2025-11-17 23:24:33.493 [info] > git for-each-ref --format=%(refname)%00%(upstream:short)%00%(objectname)%00%(upstream:track)%00%(upstream:remotename)%00%(upstream:remoteref) refs/heads/main refs/remotes/main [3ms]
2025-11-17 23:24:33.502 [warning] [Git][revParse] Unable to read file: ENOENT: no such file or directory, open '/home/trang/localnsv/mAIware-server/.git/refs/remotes/origin/main'
2025-11-17 23:24:33.505 [info] > git rev-parse refs/remotes/origin/main [4ms]
2025-11-17 23:24:33.524 [info] > git status -z -uall [10ms]
2025-11-17 23:24:33.525 [info] > git for-each-ref --sort -committerdate --format %(refname)%00%(objectname)%00%(*objectname) [2ms]
2025-11-17 23:24:33.548 [info] > git merge-base refs/heads/main refs/remotes/origin/main [11ms]
2025-11-17 23:24:33.559 [info] > git diff --name-status -z --diff-filter=ADMR --find-renames=50% 5590e8971ba5f46b6cda757aff93bc15aa1adc18...refs/remotes/origin/main -- [1ms]
2025-11-17 23:24:38.563 [info] > git config --get commit.template [8ms]
2025-11-17 23:24:38.563 [info] > git for-each-ref --format=%(refname)%00%(upstream:short)%00%(objectname)%00%(upstream:track)%00%(upstream:remotename)%00%(upstream:remoteref) refs/heads/main refs/remotes/main [1ms]
2025-11-17 23:24:38.572 [warning] [Git][revParse] Unable to read file: ENOENT: no such file or directory, open '/home/trang/localnsv/mAIware-server/.git/refs/remotes/origin/main'
2025-11-17 23:24:38.573 [info] > git rev-parse refs/remotes/origin/main [0ms]
2025-11-17 23:24:38.588 [info] > git status -z -uall [8ms]
2025-11-17 23:24:38.589 [info] > git for-each-ref --sort -committerdate --format %(refname)%00%(objectname)%00%(*objectname) [2ms]
2025-11-17 23:27:48.124 [info] > git for-each-ref --format=%(refname)%00%(upstream:short)%00%(objectname)%00%(upstream:track)%00%(upstream:remotename)%00%(upstream:remoteref) refs/heads/main refs/remotes/main [1ms]
2025-11-17 23:27:48.124 [info] > git config --get commit.template [18ms]
2025-11-17 23:27:48.135 [warning] [Git][revParse] Unable to read file: ENOENT: no such file or directory, open '/home/trang/localnsv/mAIware-server/.git/refs/remotes/origin/main'
2025-11-17 23:27:48.137 [info] > git rev-parse refs/remotes/origin/main [2ms]
2025-11-17 23:27:48.191 [info] > git status -z -uall [35ms]
2025-11-17 23:27:48.192 [info] > git for-each-ref --sort -committerdate --format %(refname)%00%(objectname)%00%(*objectname) [25ms]
2025-11-17 23:28:14.275 [info] > git config --get commit.template [15ms]
2025-11-17 23:28:14.276 [info] > git for-each-ref --format=%(refname)%00%(upstream:short)%00%(objectname)%00%(upstream:track)%00%(upstream:remotename)%00%(upstream:remoteref) refs/heads/main refs/remotes/main [2ms]
2025-11-17 23:28:14.286 [warning] [Git][revParse] Unable to read file: ENOENT: no such file or directory, open '/home/trang/localnsv/mAIware-server/.git/refs/remotes/origin/main'
2025-11-17 23:28:14.287 [info] > git rev-parse refs/remotes/origin/main [2ms]
2025-11-17 23:28:14.303 [info] > git status -z -uall [8ms]
2025-11-17 23:28:14.304 [info] > git for-each-ref --sort -committerdate --format %(refname)%00%(objectname)%00%(*objectname) [1ms]
2025-11-17 23:28:26.583 [info] > git config --get commit.template [10ms]
2025-11-17 23:28:26.583 [info] > git for-each-ref --format=%(refname)%00%(upstream:short)%00%(objectname)%00%(upstream:track)%00%(upstream:remotename)%00%(upstream:remoteref) refs/heads/main refs/remotes/main [1ms]
2025-11-17 23:28:26.591 [warning] [Git][revParse] Unable to read file: ENOENT: no such file or directory, open '/home/trang/localnsv/mAIware-server/.git/refs/remotes/origin/main'
2025-11-17 23:28:26.592 [info] > git rev-parse refs/remotes/origin/main [1ms]
2025-11-17 23:28:26.609 [info] > git status -z -uall [9ms]
2025-11-17 23:28:26.610 [info] > git for-each-ref --sort -committerdate --format %(refname)%00%(objectname)%00%(*objectname) [1ms]
2025-11-17 23:45:07.585 [info] > git config --get commit.template [13ms]
2025-11-17 23:45:07.586 [info] > git for-each-ref --format=%(refname)%00%(upstream:short)%00%(objectname)%00%(upstream:track)%00%(upstream:remotename)%00%(upstream:remoteref) refs/heads/main refs/remotes/main [2ms]
2025-11-17 23:45:07.593 [warning] [Git][revParse] Unable to read file: ENOENT: no such file or directory, open '/home/trang/localnsv/mAIware-server/.git/refs/remotes/origin/main'
2025-11-17 23:45:07.594 [info] > git rev-parse refs/remotes/origin/main [1ms]
2025-11-17 23:45:07.612 [info] > git status -z -uall [9ms]
2025-11-17 23:45:07.615 [info] > git for-each-ref --sort -committerdate --format %(refname)%00%(objectname)%00%(*objectname) [3ms]
2025-11-17 23:51:46.667 [info] > git config --get commit.template [13ms]
2025-11-17 23:51:46.668 [info] > git for-each-ref --format=%(refname)%00%(upstream:short)%00%(objectname)%00%(upstream:track)%00%(upstream:remotename)%00%(upstream:remoteref) refs/heads/main refs/remotes/main [2ms]
2025-11-17 23:51:46.737 [info] > git status -z -uall [17ms]
2025-11-17 23:51:46.739 [info] > git for-each-ref --sort -committerdate --format %(refname)%00%(objectname)%00%(*objectname) [3ms]
2025-11-17 23:51:46.764 [info] > git merge-base refs/heads/main refs/remotes/origin/main [5ms]
2025-11-17 23:51:46.779 [info] > git diff --name-status -z --diff-filter=ADMR --find-renames=50% a1dc8e8a7063315c8801c0e44a13ae9373524b81...refs/remotes/origin/main -- [2ms]
2025-11-17 23:51:52.023 [info] > git config --get commit.template [12ms]
2025-11-17 23:51:52.024 [info] > git for-each-ref --format=%(refname)%00%(upstream:short)%00%(objectname)%00%(upstream:track)%00%(upstream:remotename)%00%(upstream:remoteref) refs/heads/main refs/remotes/main [2ms]
2025-11-17 23:51:52.042 [info] > git status -z -uall [10ms]
2025-11-17 23:51:52.043 [info] > git for-each-ref --sort -committerdate --format %(refname)%00%(objectname)%00%(*objectname) [2ms]
2025-11-17 23:55:23.327 [info] > git config --get commit.template [11ms]
2025-11-17 23:55:23.337 [info] > git for-each-ref --format=%(refname)%00%(upstream:short)%00%(objectname)%00%(upstream:track)%00%(upstream:remotename)%00%(upstream:remoteref) refs/heads/main refs/remotes/main [11ms]
2025-11-17 23:55:23.359 [info] > git status -z -uall [10ms]
2025-11-17 23:55:23.360 [info] > git for-each-ref --sort -committerdate --format %(refname)%00%(objectname)%00%(*objectname) [1ms]
2025-11-17 23:55:23.374 [info] > git merge-base refs/heads/main refs/remotes/origin/main [2ms]
2025-11-17 23:55:23.384 [info] > git diff --name-status -z --diff-filter=ADMR --find-renames=50% 6d5974ad27927eddd0952b548e8f4ed7aa04bf3b...refs/remotes/origin/main -- [1ms]
2025-11-18 00:00:24.667 [info] > git check-ignore -v -z --stdin [1ms]
2025-11-18 00:02:05.833 [info] > git show --textconv :public/dashboard.html [24ms]
2025-11-18 00:02:05.836 [info] > git ls-files --stage -- public/dashboard.html [4ms]
2025-11-18 00:02:05.851 [info] > git cat-file -s 0d8ef2ab68802a9139b20fa7dd71fb9428e05666 [1ms]
2025-11-18 00:02:05.909 [info] > git blame --root --incremental 6d5974ad27927eddd0952b548e8f4ed7aa04bf3b -- public/dashboard.html [4ms]
2025-11-18 00:02:06.668 [info] > git config --get commit.template [23ms]
2025-11-18 00:02:06.671 [info] > git for-each-ref --format=%(refname)%00%(upstream:short)%00%(objectname)%00%(upstream:track)%00%(upstream:remotename)%00%(upstream:remoteref) refs/heads/main refs/remotes/main [4ms]
2025-11-18 00:02:06.693 [info] > git status -z -uall [10ms]
2025-11-18 00:02:06.694 [info] > git for-each-ref --sort -committerdate --format %(refname)%00%(objectname)%00%(*objectname) [1ms]
2025-11-18 00:08:29.965 [info] > git config --get commit.template [18ms]
2025-11-18 00:08:29.967 [info] > git for-each-ref --format=%(refname)%00%(upstream:short)%00%(objectname)%00%(upstream:track)%00%(upstream:remotename)%00%(upstream:remoteref) refs/heads/main refs/remotes/main [1ms]
2025-11-18 00:08:29.986 [info] > git status -z -uall [9ms]
2025-11-18 00:08:29.987 [info] > git for-each-ref --sort -committerdate --format %(refname)%00%(objectname)%00%(*objectname) [1ms]
2025-11-18 09:22:21.018 [info] > git check-ignore -v -z --stdin [5ms]
2025-11-18 09:29:28.514 [info] > git config --get commit.template [26ms]
2025-11-18 09:29:28.515 [info] > git config --get commit.template [5ms]
2025-11-18 09:29:28.549 [info] > git for-each-ref --format=%(refname)%00%(upstream:short)%00%(objectname)%00%(upstream:track)%00%(upstream:remotename)%00%(upstream:remoteref) refs/heads/main refs/remotes/main [18ms]
2025-11-18 09:29:28.550 [info] > git for-each-ref --format=%(refname)%00%(upstream:short)%00%(objectname)%00%(upstream:track)%00%(upstream:remotename)%00%(upstream:remoteref) refs/heads/main refs/remotes/main [2ms]
2025-11-18 09:29:28.587 [info] > git status -z -uall [22ms]
2025-11-18 09:29:28.621 [info] > git for-each-ref --sort -committerdate --format %(refname)%00%(objectname)%00%(*objectname) [35ms]
2025-11-18 09:29:28.665 [info] > git status -z -uall [62ms]
2025-11-18 09:29:28.668 [info] > git merge-base refs/heads/main refs/remotes/origin/main [6ms]
2025-11-18 09:29:28.684 [info] > git for-each-ref --sort -committerdate --format %(refname)%00%(objectname)%00%(*objectname) [64ms]
2025-11-18 09:29:28.694 [info] > git diff --name-status -z --diff-filter=ADMR --find-renames=50% 3a63b089de68631bb42f9a5a78fa693520312d27...refs/remotes/origin/main -- [10ms]
2025-11-18 09:29:28.696 [info] > git blame --root --incremental 3a63b089de68631bb42f9a5a78fa693520312d27 -- public/dashboard.html [54ms]
2025-11-18 09:29:41.105 [info] > git config --get commit.template [26ms]
2025-11-18 09:29:41.107 [info] > git for-each-ref --format=%(refname)%00%(upstream:short)%00%(objectname)%00%(upstream:track)%00%(upstream:remotename)%00%(upstream:remoteref) refs/heads/main refs/remotes/main [4ms]
2025-11-18 09:29:41.140 [info] > git status -z -uall [18ms]
2025-11-18 09:29:41.142 [info] > git for-each-ref --sort -committerdate --format %(refname)%00%(objectname)%00%(*objectname) [3ms]
2025-11-18 09:38:22.211 [info] > git config --get commit.template [3ms]
2025-11-18 09:38:22.235 [info] > git for-each-ref --format=%(refname)%00%(upstream:short)%00%(objectname)%00%(upstream:track)%00%(upstream:remotename)%00%(upstream:remoteref) refs/heads/main refs/remotes/main [2ms]
2025-11-18 09:38:22.277 [info] > git status -z -uall [20ms]
2025-11-18 09:38:22.280 [info] > git for-each-ref --sort -committerdate --format %(refname)%00%(objectname)%00%(*objectname) [4ms]
2025-11-18 09:38:27.325 [info] > git config --get commit.template [22ms]
2025-11-18 09:38:27.327 [info] > git for-each-ref --format=%(refname)%00%(upstream:short)%00%(objectname)%00%(upstream:track)%00%(upstream:remotename)%00%(upstream:remoteref) refs/heads/main refs/remotes/main [3ms]
2025-11-18 09:38:27.367 [info] > git status -z -uall [21ms]
2025-11-18 09:38:27.369 [info] > git for-each-ref --sort -committerdate --format %(refname)%00%(objectname)%00%(*objectname) [4ms]
2025-11-18 10:11:13.905 [info] > git config --get commit.template [25ms]
2025-11-18 10:11:13.916 [info] > git for-each-ref --format=%(refname)%00%(upstream:short)%00%(objectname)%00%(upstream:track)%00%(upstream:remotename)%00%(upstream:remoteref) refs/heads/main refs/remotes/main [12ms]
2025-11-18 10:11:13.962 [info] > git status -z -uall [25ms]
2025-11-18 10:11:13.964 [info] > git for-each-ref --sort -committerdate --format %(refname)%00%(objectname)%00%(*objectname) [5ms]
2025-11-18 10:13:02.826 [info] > git config --get commit.template [21ms]
2025-11-18 10:13:02.828 [info] > git for-each-ref --format=%(refname)%00%(upstream:short)%00%(objectname)%00%(upstream:track)%00%(upstream:remotename)%00%(upstream:remoteref) refs/heads/main refs/remotes/main [4ms]
2025-11-18 10:13:02.871 [info] > git status -z -uall [23ms]
2025-11-18 10:13:02.874 [info] > git for-each-ref --sort -committerdate --format %(refname)%00%(objectname)%00%(*objectname) [4ms]
2025-11-18 10:13:23.188 [info] > git config --get commit.template [21ms]
2025-11-18 10:13:23.190 [info] > git for-each-ref --format=%(refname)%00%(upstream:short)%00%(objectname)%00%(upstream:track)%00%(upstream:remotename)%00%(upstream:remoteref) refs/heads/main refs/remotes/main [3ms]
2025-11-18 10:13:23.232 [info] > git status -z -uall [23ms]
2025-11-18 10:13:23.235 [info] > git for-each-ref --sort -committerdate --format %(refname)%00%(objectname)%00%(*objectname) [3ms]
2025-11-18 10:13:38.843 [info] > git config --get commit.template [23ms]
2025-11-18 10:13:38.845 [info] > git for-each-ref --format=%(refname)%00%(upstream:short)%00%(objectname)%00%(upstream:track)%00%(upstream:remotename)%00%(upstream:remoteref) refs/heads/main refs/remotes/main [3ms]
2025-11-18 10:13:38.882 [info] > git status -z -uall [22ms]
2025-11-18 10:13:38.882 [info] > git for-each-ref --sort -committerdate --format %(refname)%00%(objectname)%00%(*objectname) [4ms]
2025-11-18 10:24:28.451 [info] > git config --get commit.template [15ms]
2025-11-18 10:24:28.463 [info] > git for-each-ref --format=%(refname)%00%(upstream:short)%00%(objectname)%00%(upstream:track)%00%(upstream:remotename)%00%(upstream:remoteref) refs/heads/main refs/remotes/main [13ms]
2025-11-18 10:24:28.492 [info] > git status -z -uall [17ms]
2025-11-18 10:24:28.494 [info] > git for-each-ref --sort -committerdate --format %(refname)%00%(objectname)%00%(*objectname) [3ms]
2025-11-18 10:29:05.990 [info] > git config --get commit.template [4ms]
2025-11-18 10:29:06.012 [info] > git for-each-ref --format=%(refname)%00%(upstream:short)%00%(objectname)%00%(upstream:track)%00%(upstream:remotename)%00%(upstream:remoteref) refs/heads/main refs/remotes/main [3ms]
2025-11-18 10:29:06.042 [info] > git status -z -uall [16ms]
2025-11-18 10:29:06.044 [info] > git for-each-ref --sort -committerdate --format %(refname)%00%(objectname)%00%(*objectname) [3ms]
2025-11-18 10:31:27.693 [info] > git show --textconv :public/styles.css [20ms]
2025-11-18 10:31:27.697 [info] > git ls-files --stage -- public/styles.css [5ms]
2025-11-18 10:31:27.726 [info] > git cat-file -s b7e4caecd35f0c54ad8ea04977266aff30d79f34 [13ms]
2025-11-18 10:31:27.800 [info] > git blame --root --incremental 3a63b089de68631bb42f9a5a78fa693520312d27 -- public/styles.css [16ms]
2025-11-18 10:31:28.499 [info] > git config --get commit.template [4ms]
2025-11-18 10:31:28.520 [info] > git for-each-ref --format=%(refname)%00%(upstream:short)%00%(objectname)%00%(upstream:track)%00%(upstream:remotename)%00%(upstream:remoteref) refs/heads/main refs/remotes/main [3ms]
2025-11-18 10:31:28.562 [info] > git status -z -uall [22ms]
2025-11-18 10:31:28.565 [info] > git for-each-ref --sort -committerdate --format %(refname)%00%(objectname)%00%(*objectname) [4ms]
2025-11-18 10:32:41.484 [info] > git config --get commit.template [21ms]
2025-11-18 10:32:41.485 [info] > git for-each-ref --format=%(refname)%00%(upstream:short)%00%(objectname)%00%(upstream:track)%00%(upstream:remotename)%00%(upstream:remoteref) refs/heads/main refs/remotes/main [3ms]
2025-11-18 10:32:41.530 [info] > git status -z -uall [23ms]
2025-11-18 10:32:41.532 [info] > git for-each-ref --sort -committerdate --format %(refname)%00%(objectname)%00%(*objectname) [4ms]
2025-11-18 10:33:15.607 [info] > git config --get commit.template [9ms]
2025-11-18 10:33:15.647 [info] > git for-each-ref --format=%(refname)%00%(upstream:short)%00%(objectname)%00%(upstream:track)%00%(upstream:remotename)%00%(upstream:remoteref) refs/heads/main refs/remotes/main [14ms]
2025-11-18 10:33:15.728 [info] > git status -z -uall [46ms]
2025-11-18 10:33:15.728 [info] > git for-each-ref --sort -committerdate --format %(refname)%00%(objectname)%00%(*objectname) [16ms]
2025-11-18 10:33:57.017 [info] > git config --get commit.template [2ms]
2025-11-18 10:33:57.040 [info] > git for-each-ref --format=%(refname)%00%(upstream:short)%00%(objectname)%00%(upstream:track)%00%(upstream:remotename)%00%(upstream:remoteref) refs/heads/main refs/remotes/main [2ms]
2025-11-18 10:33:57.072 [info] > git status -z -uall [17ms]
2025-11-18 10:33:57.074 [info] > git for-each-ref --sort -committerdate --format %(refname)%00%(objectname)%00%(*objectname) [3ms]
2025-11-18 10:43:25.300 [info] > git config --get commit.template [31ms]
2025-11-18 10:43:25.301 [info] > git for-each-ref --format=%(refname)%00%(upstream:short)%00%(objectname)%00%(upstream:track)%00%(upstream:remotename)%00%(upstream:remoteref) refs/heads/main refs/remotes/main [5ms]
2025-11-18 10:43:25.348 [info] > git status -z -uall [27ms]
2025-11-18 10:43:25.350 [info] > git for-each-ref --sort -committerdate --format %(refname)%00%(objectname)%00%(*objectname) [4ms]
2025-11-18 10:43:26.084 [info] > git show --textconv :public/dashboard.html [38ms]
2025-11-18 10:43:26.086 [info] > git ls-files --stage -- public/dashboard.html [4ms]
2025-11-18 10:43:26.105 [info] > git cat-file -s 2b4ebc22551406e9a57393c59d0ffa0ed5400ed4 [3ms]
2025-11-18 10:43:35.664 [info] > git config --get commit.template [4ms]
2025-11-18 10:43:35.689 [info] > git for-each-ref --format=%(refname)%00%(upstream:short)%00%(objectname)%00%(upstream:track)%00%(upstream:remotename)%00%(upstream:remoteref) refs/heads/main refs/remotes/main [3ms]
2025-11-18 10:43:35.726 [info] > git status -z -uall [18ms]
2025-11-18 10:43:35.727 [info] > git for-each-ref --sort -committerdate --format %(refname)%00%(objectname)%00%(*objectname) [2ms]
2025-11-18 14:17:07.825 [info] > git config --get commit.template [10ms]
2025-11-18 14:17:07.827 [info] > git for-each-ref --format=%(refname)%00%(upstream:short)%00%(objectname)%00%(upstream:track)%00%(upstream:remotename)%00%(upstream:remoteref) refs/heads/main refs/remotes/main [3ms]
2025-11-18 14:17:07.853 [info] > git status -z -uall [12ms]
2025-11-18 14:17:07.855 [info] > git for-each-ref --sort -committerdate --format %(refname)%00%(objectname)%00%(*objectname) [4ms]
2025-11-18 14:17:44.080 [info] > git config --get commit.template [16ms]
2025-11-18 14:17:44.081 [info] > git for-each-ref --format=%(refname)%00%(upstream:short)%00%(objectname)%00%(upstream:track)%00%(upstream:remotename)%00%(upstream:remoteref) refs/heads/main refs/remotes/main [2ms]
2025-11-18 14:17:44.102 [info] > git status -z -uall [10ms]
2025-11-18 14:17:44.103 [info] > git for-each-ref --sort -committerdate --format %(refname)%00%(objectname)%00%(*objectname) [1ms]
2025-11-18 14:18:04.121 [info] > git config --get commit.template [19ms]
2025-11-18 14:18:04.122 [info] > git for-each-ref --format=%(refname)%00%(upstream:short)%00%(objectname)%00%(upstream:track)%00%(upstream:remotename)%00%(upstream:remoteref) refs/heads/main refs/remotes/main [3ms]
2025-11-18 14:18:04.143 [info] > git status -z -uall [10ms]
2025-11-18 14:18:04.144 [info] > git for-each-ref --sort -committerdate --format %(refname)%00%(objectname)%00%(*objectname) [2ms]
2025-11-18 14:19:19.391 [info] > git config --get commit.template [14ms]
2025-11-18 14:19:19.392 [info] > git for-each-ref --format=%(refname)%00%(upstream:short)%00%(objectname)%00%(upstream:track)%00%(upstream:remotename)%00%(upstream:remoteref) refs/heads/main refs/remotes/main [2ms]
2025-11-18 14:19:19.415 [info] > git status -z -uall [12ms]
2025-11-18 14:19:19.416 [info] > git for-each-ref --sort -committerdate --format %(refname)%00%(objectname)%00%(*objectname) [2ms]
2025-11-18 14:19:24.451 [info] > git config --get commit.template [11ms]
2025-11-18 14:19:24.453 [info] > git for-each-ref --format=%(refname)%00%(upstream:short)%00%(objectname)%00%(upstream:track)%00%(upstream:remotename)%00%(upstream:remoteref) refs/heads/main refs/remotes/main [1ms]
2025-11-18 14:19:24.472 [info] > git status -z -uall [11ms]
2025-11-18 14:19:24.473 [info] > git for-each-ref --sort -committerdate --format %(refname)%00%(objectname)%00%(*objectname) [2ms]
2025-11-18 14:32:15.417 [info] > git config --get commit.template [11ms]
2025-11-18 14:32:15.417 [info] > git for-each-ref --format=%(refname)%00%(upstream:short)%00%(objectname)%00%(upstream:track)%00%(upstream:remotename)%00%(upstream:remoteref) refs/heads/main refs/remotes/main [1ms]
2025-11-18 14:32:15.437 [info] > git status -z -uall [10ms]
2025-11-18 14:32:15.439 [info] > git for-each-ref --sort -committerdate --format %(refname)%00%(objectname)%00%(*objectname) [2ms]
2025-11-18 14:34:18.631 [info] > git config --get commit.template [19ms]
2025-11-18 14:34:18.632 [info] > git for-each-ref --format=%(refname)%00%(upstream:short)%00%(objectname)%00%(upstream:track)%00%(upstream:remotename)%00%(upstream:remoteref) refs/heads/main refs/remotes/main [3ms]
2025-11-18 14:34:18.655 [info] > git status -z -uall [12ms]
2025-11-18 14:34:18.655 [info] > git for-each-ref --sort -committerdate --format %(refname)%00%(objectname)%00%(*objectname) [3ms]
2025-11-18 14:34:36.718 [info] > git config --get commit.template [15ms]
2025-11-18 14:34:36.719 [info] > git for-each-ref --format=%(refname)%00%(upstream:short)%00%(objectname)%00%(upstream:track)%00%(upstream:remotename)%00%(upstream:remoteref) refs/heads/main refs/remotes/main [2ms]
2025-11-18 14:34:36.737 [info] > git status -z -uall [9ms]
2025-11-18 14:34:36.738 [info] > git for-each-ref --sort -committerdate --format %(refname)%00%(objectname)%00%(*objectname) [1ms]
2025-11-18 14:48:35.123 [info] > git config --get commit.template [10ms]
2025-11-18 14:48:35.124 [info] > git for-each-ref --format=%(refname)%00%(upstream:short)%00%(objectname)%00%(upstream:track)%00%(upstream:remotename)%00%(upstream:remoteref) refs/heads/main refs/remotes/main [1ms]
2025-11-18 14:48:35.142 [info] > git status -z -uall [9ms]
2025-11-18 14:48:35.143 [info] > git for-each-ref --sort -committerdate --format %(refname)%00%(objectname)%00%(*objectname) [2ms]
2025-11-18 14:49:25.599 [info] > git config --get commit.template [14ms]
2025-11-18 14:49:25.600 [info] > git for-each-ref --format=%(refname)%00%(upstream:short)%00%(objectname)%00%(upstream:track)%00%(upstream:remotename)%00%(upstream:remoteref) refs/heads/main refs/remotes/main [2ms]
2025-11-18 14:49:25.617 [info] > git status -z -uall [9ms]
2025-11-18 14:49:25.618 [info] > git for-each-ref --sort -committerdate --format %(refname)%00%(objectname)%00%(*objectname) [2ms]
2025-11-18 14:49:45.352 [info] > git config --get commit.template [16ms]
2025-11-18 14:49:45.354 [info] > git for-each-ref --format=%(refname)%00%(upstream:short)%00%(objectname)%00%(upstream:track)%00%(upstream:remotename)%00%(upstream:remoteref) refs/heads/main refs/remotes/main [3ms]
2025-11-18 14:49:45.374 [info] > git status -z -uall [10ms]
2025-11-18 14:49:45.375 [info] > git for-each-ref --sort -committerdate --format %(refname)%00%(objectname)%00%(*objectname) [1ms]
2025-11-18 14:49:50.421 [info] > git config --get commit.template [21ms]
2025-11-18 14:49:50.422 [info] > git for-each-ref --format=%(refname)%00%(upstream:short)%00%(objectname)%00%(upstream:track)%00%(upstream:remotename)%00%(upstream:remoteref) refs/heads/main refs/remotes/main [3ms]
2025-11-18 14:49:50.456 [info] > git status -z -uall [16ms]
2025-11-18 14:49:50.458 [info] > git for-each-ref --sort -committerdate --format %(refname)%00%(objectname)%00%(*objectname) [2ms]
2025-11-18 15:00:46.169 [info] > git show --textconv :style.css [15ms]
2025-11-18 15:00:46.171 [info] > git ls-files --stage -- style.css [3ms]
2025-11-18 15:00:46.181 [info] > git cat-file -s eb4f5a339e51c179b35a57513a192768bc5aec87 [1ms]
2025-11-18 15:00:46.217 [info] > git blame --root --incremental a1dc8e8a7063315c8801c0e44a13ae9373524b81 -- style.css [5ms]
2025-11-18 15:00:46.960 [info] > git config --get commit.template [10ms]
2025-11-18 15:00:46.961 [info] > git for-each-ref --format=%(refname)%00%(upstream:short)%00%(objectname)%00%(upstream:track)%00%(upstream:remotename)%00%(upstream:remoteref) refs/heads/main refs/remotes/main [2ms]
2025-11-18 15:00:46.980 [info] > git status -z -uall [9ms]
2025-11-18 15:00:46.981 [info] > git for-each-ref --sort -committerdate --format %(refname)%00%(objectname)%00%(*objectname) [1ms]
2025-11-18 15:01:23.178 [info] > git config --get commit.template [15ms]
2025-11-18 15:01:23.180 [info] > git for-each-ref --format=%(refname)%00%(upstream:short)%00%(objectname)%00%(upstream:track)%00%(upstream:remotename)%00%(upstream:remoteref) refs/heads/main refs/remotes/main [3ms]
2025-11-18 15:01:23.201 [info] > git status -z -uall [10ms]
2025-11-18 15:01:23.204 [info] > git for-each-ref --sort -committerdate --format %(refname)%00%(objectname)%00%(*objectname) [3ms]
2025-11-18 15:16:33.679 [info] > git config --get commit.template [23ms]
2025-11-18 15:16:33.681 [info] > git for-each-ref --format=%(refname)%00%(upstream:short)%00%(objectname)%00%(upstream:track)%00%(upstream:remotename)%00%(upstream:remoteref) refs/heads/main refs/remotes/main [3ms]
2025-11-18 15:16:33.719 [info] > git status -z -uall [18ms]
2025-11-18 15:16:33.722 [info] > git for-each-ref --sort -committerdate --format %(refname)%00%(objectname)%00%(*objectname) [4ms]
2025-11-18 15:16:47.675 [info] > git show --textconv :public/styles.css [21ms]
2025-11-18 15:16:47.679 [info] > git ls-files --stage -- public/styles.css [5ms]
2025-11-18 15:16:47.707 [info] > git cat-file -s 266209fdc5f09215dbb6e30fb2ed98a78c5209ca [4ms]
2025-11-18 15:16:49.564 [info] > git show --textconv :style.css [27ms]
2025-11-18 15:16:49.566 [info] > git ls-files --stage -- style.css [4ms]
2025-11-18 15:16:49.586 [info] > git cat-file -s eb4f5a339e51c179b35a57513a192768bc5aec87 [2ms]
2025-11-18 15:16:52.143 [info] > git show --textconv :public/dashboard.html [24ms]
2025-11-18 15:16:52.143 [info] > git ls-files --stage -- public/dashboard.html [2ms]
2025-11-18 15:16:52.176 [info] > git cat-file -s 0724f52b6073ba2894dac5422983f67f6c297414 [18ms]
2025-11-18 15:17:18.125 [info] > git config --get commit.template [17ms]
2025-11-18 15:17:18.126 [info] > git for-each-ref --format=%(refname)%00%(upstream:short)%00%(objectname)%00%(upstream:track)%00%(upstream:remotename)%00%(upstream:remoteref) refs/heads/main refs/remotes/main [2ms]
2025-11-18 15:17:18.162 [info] > git status -z -uall [19ms]
2025-11-18 15:17:18.166 [info] > git for-each-ref --sort -committerdate --format %(refname)%00%(objectname)%00%(*objectname) [5ms]
2025-11-18 15:45:45.408 [info] > git show --textconv :style.css [21ms]
2025-11-18 15:45:45.421 [info] > git ls-files --stage -- style.css [15ms]
2025-11-18 15:45:45.442 [info] > git cat-file -s eb4f5a339e51c179b35a57513a192768bc5aec87 [3ms]
2025-11-18 15:45:46.277 [info] > git config --get commit.template [32ms]
2025-11-18 15:45:46.291 [info] > git for-each-ref --format=%(refname)%00%(upstream:short)%00%(objectname)%00%(upstream:track)%00%(upstream:remotename)%00%(upstream:remoteref) refs/heads/main refs/remotes/main [15ms]
2025-11-18 15:45:46.343 [info] > git status -z -uall [27ms]
2025-11-18 15:45:46.349 [info] > git for-each-ref --sort -committerdate --format %(refname)%00%(objectname)%00%(*objectname) [7ms]
2025-11-18 15:46:25.386 [info] > git config --get commit.template [18ms]
2025-11-18 15:46:25.388 [info] > git for-each-ref --format=%(refname)%00%(upstream:short)%00%(objectname)%00%(upstream:track)%00%(upstream:remotename)%00%(upstream:remoteref) refs/heads/main refs/remotes/main [3ms]
2025-11-18 15:46:25.424 [info] > git status -z -uall [19ms]
2025-11-18 15:46:25.427 [info] > git for-each-ref --sort -committerdate --format %(refname)%00%(objectname)%00%(*objectname) [4ms]
2025-11-18 15:48:20.981 [info] > git config --get commit.template [19ms]
2025-11-18 15:48:20.983 [info] > git for-each-ref --format=%(refname)%00%(upstream:short)%00%(objectname)%00%(upstream:track)%00%(upstream:remotename)%00%(upstream:remoteref) refs/heads/main refs/remotes/main [3ms]
2025-11-18 15:48:21.020 [info] > git status -z -uall [19ms]
2025-11-18 15:48:21.026 [info] > git for-each-ref --sort -committerdate --format %(refname)%00%(objectname)%00%(*objectname) [7ms]
2025-11-18 15:48:41.733 [info] > git config --get commit.template [23ms]
2025-11-18 15:48:41.735 [info] > git for-each-ref --format=%(refname)%00%(upstream:short)%00%(objectname)%00%(upstream:track)%00%(upstream:remotename)%00%(upstream:remoteref) refs/heads/main refs/remotes/main [4ms]
2025-11-18 15:48:41.778 [info] > git status -z -uall [22ms]
2025-11-18 15:48:41.781 [info] > git for-each-ref --sort -committerdate --format %(refname)%00%(objectname)%00%(*objectname) [4ms]
2025-11-18 15:57:15.612 [info] > git config --get commit.template [27ms]
2025-11-18 15:57:15.630 [info] > git ls-files --stage -- style.css [21ms]
2025-11-18 15:57:15.646 [info] > git for-each-ref --format=%(refname)%00%(upstream:short)%00%(objectname)%00%(upstream:track)%00%(upstream:remotename)%00%(upstream:remoteref) refs/heads/main refs/remotes/main [17ms]
2025-11-18 15:57:15.676 [info] > git status -z -uall [16ms]
2025-11-18 15:57:15.677 [info] > git cat-file -s e23137066d376b05f7226ac9b4c6f2341fca89fa [32ms]
2025-11-18 15:57:15.679 [info] > git for-each-ref --sort -committerdate --format %(refname)%00%(objectname)%00%(*objectname) [4ms]
2025-11-18 15:57:15.726 [info] > git merge-base refs/heads/main refs/remotes/origin/main [25ms]
2025-11-18 15:57:15.751 [info] > git show --textconv :style.css [26ms]
2025-11-18 15:57:15.751 [info] > git diff --name-status -z --diff-filter=ADMR --find-renames=50% 17ea2126411d39bbe3e72a3d321a2a21537fcacf...refs/remotes/origin/main -- [6ms]
2025-11-18 15:57:20.734 [info] > git config --get commit.template [16ms]
2025-11-18 15:57:20.736 [info] > git for-each-ref --format=%(refname)%00%(upstream:short)%00%(objectname)%00%(upstream:track)%00%(upstream:remotename)%00%(upstream:remoteref) refs/heads/main refs/remotes/main [3ms]
2025-11-18 15:57:20.768 [info] > git status -z -uall [17ms]
2025-11-18 15:57:20.771 [info] > git for-each-ref --sort -committerdate --format %(refname)%00%(objectname)%00%(*objectname) [4ms]
2025-11-18 15:57:49.996 [info] > git blame --root --incremental 17ea2126411d39bbe3e72a3d321a2a21537fcacf -- style.css [22ms]
2025-11-18 15:57:50.814 [info] > git config --get commit.template [23ms]
2025-11-18 15:57:50.817 [info] > git for-each-ref --format=%(refname)%00%(upstream:short)%00%(objectname)%00%(upstream:track)%00%(upstream:remotename)%00%(upstream:remoteref) refs/heads/main refs/remotes/main [3ms]
2025-11-18 15:57:50.868 [info] > git status -z -uall [25ms]
2025-11-18 15:57:50.872 [info] > git for-each-ref --sort -committerdate --format %(refname)%00%(objectname)%00%(*objectname) [5ms]
2025-11-18 15:59:10.082 [info] > git config --get commit.template [2ms]
2025-11-18 15:59:10.106 [info] > git for-each-ref --format=%(refname)%00%(upstream:short)%00%(objectname)%00%(upstream:track)%00%(upstream:remotename)%00%(upstream:remoteref) refs/heads/main refs/remotes/main [3ms]
2025-11-18 15:59:10.150 [info] > git status -z -uall [25ms]
2025-11-18 15:59:10.150 [info] > git for-each-ref --sort -committerdate --format %(refname)%00%(objectname)%00%(*objectname) [5ms]
2025-11-18 15:59:43.866 [info] > git config --get commit.template [19ms]
2025-11-18 15:59:43.868 [info] > git for-each-ref --format=%(refname)%00%(upstream:short)%00%(objectname)%00%(upstream:track)%00%(upstream:remotename)%00%(upstream:remoteref) refs/heads/main refs/remotes/main [3ms]
2025-11-18 15:59:43.911 [info] > git status -z -uall [21ms]
2025-11-18 15:59:43.913 [info] > git for-each-ref --sort -committerdate --format %(refname)%00%(objectname)%00%(*objectname) [3ms]
2025-11-18 16:00:18.099 [info] > git config --get commit.template [32ms]
2025-11-18 16:00:18.101 [info] > git for-each-ref --format=%(refname)%00%(upstream:short)%00%(objectname)%00%(upstream:track)%00%(upstream:remotename)%00%(upstream:remoteref) refs/heads/main refs/remotes/main [5ms]
2025-11-18 16:00:18.192 [info] > git status -z -uall [48ms]
2025-11-18 16:00:18.194 [info] > git for-each-ref --sort -committerdate --format %(refname)%00%(objectname)%00%(*objectname) [9ms]
2025-11-18 16:00:23.246 [info] > git config --get commit.template [22ms]
2025-11-18 16:00:23.248 [info] > git for-each-ref --format=%(refname)%00%(upstream:short)%00%(objectname)%00%(upstream:track)%00%(upstream:remotename)%00%(upstream:remoteref) refs/heads/main refs/remotes/main [4ms]
2025-11-18 16:00:23.292 [info] > git status -z -uall [23ms]
2025-11-18 16:00:23.296 [info] > git for-each-ref --sort -committerdate --format %(refname)%00%(objectname)%00%(*objectname) [4ms]
2025-11-18 16:00:48.195 [info] > git config --get commit.template [3ms]
2025-11-18 16:00:48.216 [info] > git for-each-ref --format=%(refname)%00%(upstream:short)%00%(objectname)%00%(upstream:track)%00%(upstream:remotename)%00%(upstream:remoteref) refs/heads/main refs/remotes/main [2ms]
2025-11-18 16:00:48.248 [info] > git status -z -uall [17ms]
2025-11-18 16:00:48.250 [info] > git for-each-ref --sort -committerdate --format %(refname)%00%(objectname)%00%(*objectname) [3ms]
2025-11-18 16:03:31.925 [info] > git config --get commit.template [34ms]
2025-11-18 16:03:31.928 [info] > git for-each-ref --format=%(refname)%00%(upstream:short)%00%(objectname)%00%(upstream:track)%00%(upstream:remotename)%00%(upstream:remoteref) refs/heads/main refs/remotes/main [5ms]
2025-11-18 16:03:31.983 [info] > git status -z -uall [23ms]
2025-11-18 16:03:31.987 [info] > git for-each-ref --sort -committerdate --format %(refname)%00%(objectname)%00%(*objectname) [5ms]
2025-11-18 16:08:00.294 [info] > git config --get commit.template [23ms]
2025-11-18 16:08:00.296 [info] > git for-each-ref --format=%(refname)%00%(upstream:short)%00%(objectname)%00%(upstream:track)%00%(upstream:remotename)%00%(upstream:remoteref) refs/heads/main refs/remotes/main [3ms]
2025-11-18 16:08:00.340 [info] > git status -z -uall [22ms]
2025-11-18 16:08:00.343 [info] > git for-each-ref --sort -committerdate --format %(refname)%00%(objectname)%00%(*objectname) [4ms]
2025-11-18 16:09:47.963 [info] > git config --get commit.template [22ms]
2025-11-18 16:09:47.966 [info] > git for-each-ref --format=%(refname)%00%(upstream:short)%00%(objectname)%00%(upstream:track)%00%(upstream:remotename)%00%(upstream:remoteref) refs/heads/main refs/remotes/main [4ms]
2025-11-18 16:09:48.008 [info] > git status -z -uall [21ms]
2025-11-18 16:09:48.012 [info] > git for-each-ref --sort -committerdate --format %(refname)%00%(objectname)%00%(*objectname) [5ms]
2025-11-18 16:12:47.996 [info] > git config --get commit.template [22ms]
2025-11-18 16:12:47.998 [info] > git for-each-ref --format=%(refname)%00%(upstream:short)%00%(objectname)%00%(upstream:track)%00%(upstream:remotename)%00%(upstream:remoteref) refs/heads/main refs/remotes/main [4ms]
2025-11-18 16:12:48.044 [info] > git status -z -uall [24ms]
2025-11-18 16:12:48.045 [info] > git for-each-ref --sort -committerdate --format %(refname)%00%(objectname)%00%(*objectname) [4ms]
2025-11-18 16:24:20.118 [info] > git config --get commit.template [3ms]
2025-11-18 16:24:20.136 [info] > git for-each-ref --format=%(refname)%00%(upstream:short)%00%(objectname)%00%(upstream:track)%00%(upstream:remotename)%00%(upstream:remoteref) refs/heads/main refs/remotes/main [2ms]
2025-11-18 16:24:20.172 [info] > git status -z -uall [20ms]
2025-11-18 16:24:20.175 [info] > git for-each-ref --sort -committerdate --format %(refname)%00%(objectname)%00%(*objectname) [4ms]
2025-11-18 16:24:20.225 [info] > git merge-base refs/heads/main refs/remotes/origin/main [18ms]
2025-11-18 16:24:20.248 [info] > git diff --name-status -z --diff-filter=ADMR --find-renames=50% 54fb7c0b97ebadc96370ed653f3b021088f9aba3...refs/remotes/origin/main -- [4ms]
2025-11-18 16:24:25.253 [info] > git config --get commit.template [23ms]
2025-11-18 16:24:25.257 [info] > git for-each-ref --format=%(refname)%00%(upstream:short)%00%(objectname)%00%(upstream:track)%00%(upstream:remotename)%00%(upstream:remoteref) refs/heads/main refs/remotes/main [5ms]
2025-11-18 16:24:25.294 [info] > git status -z -uall [20ms]
2025-11-18 16:24:25.297 [info] > git for-each-ref --sort -committerdate --format %(refname)%00%(objectname)%00%(*objectname) [4ms]
2025-11-18 16:25:02.744 [info] > git config --get commit.template [21ms]
2025-11-18 16:25:02.746 [info] > git for-each-ref --format=%(refname)%00%(upstream:short)%00%(objectname)%00%(upstream:track)%00%(upstream:remotename)%00%(upstream:remoteref) refs/heads/main refs/remotes/main [3ms]
2025-11-18 16:25:02.790 [info] > git status -z -uall [21ms]
2025-11-18 16:25:02.793 [info] > git for-each-ref --sort -committerdate --format %(refname)%00%(objectname)%00%(*objectname) [5ms]
2025-11-18 16:26:49.279 [info] > git config --get commit.template [22ms]
2025-11-18 16:26:49.280 [info] > git for-each-ref --format=%(refname)%00%(upstream:short)%00%(objectname)%00%(upstream:track)%00%(upstream:remotename)%00%(upstream:remoteref) refs/heads/main refs/remotes/main [3ms]
2025-11-18 16:26:49.323 [info] > git status -z -uall [21ms]
2025-11-18 16:26:49.327 [info] > git for-each-ref --sort -committerdate --format %(refname)%00%(objectname)%00%(*objectname) [5ms]
2025-11-18 16:27:07.690 [info] > git config --get commit.template [23ms]
2025-11-18 16:27:07.692 [info] > git for-each-ref --format=%(refname)%00%(upstream:short)%00%(objectname)%00%(upstream:track)%00%(upstream:remotename)%00%(upstream:remoteref) refs/heads/main refs/remotes/main [4ms]
2025-11-18 16:27:07.738 [info] > git status -z -uall [26ms]
2025-11-18 16:27:07.742 [info] > git for-each-ref --sort -committerdate --format %(refname)%00%(objectname)%00%(*objectname) [5ms]
2025-11-18 16:27:34.752 [info] > git config --get commit.template [22ms]
2025-11-18 16:27:34.755 [info] > git for-each-ref --format=%(refname)%00%(upstream:short)%00%(objectname)%00%(upstream:track)%00%(upstream:remotename)%00%(upstream:remoteref) refs/heads/main refs/remotes/main [4ms]
2025-11-18 16:27:34.789 [info] > git status -z -uall [17ms]
2025-11-18 16:27:34.791 [info] > git for-each-ref --sort -committerdate --format %(refname)%00%(objectname)%00%(*objectname) [3ms]
2025-11-18 16:51:49.963 [info] > git config --get commit.template [17ms]
2025-11-18 16:51:49.965 [info] > git config --get commit.template [3ms]
2025-11-18 16:51:49.994 [info] > git for-each-ref --format=%(refname)%00%(upstream:short)%00%(objectname)%00%(upstream:track)%00%(upstream:remotename)%00%(upstream:remoteref) refs/heads/cross-machine refs/remotes/cross-machine [15ms]
2025-11-18 16:51:49.996 [info] > git for-each-ref --format=%(refname)%00%(upstream:short)%00%(objectname)%00%(upstream:track)%00%(upstream:remotename)%00%(upstream:remoteref) refs/heads/main refs/remotes/main [3ms]
2025-11-18 16:51:50.028 [info] > git status -z -uall [18ms]
2025-11-18 16:51:50.069 [info] > git status -z -uall [22ms]
2025-11-18 16:51:50.069 [info] > git for-each-ref --sort -committerdate --format %(refname)%00%(objectname)%00%(*objectname) [5ms]
2025-11-18 16:51:50.105 [info] > git for-each-ref --sort -committerdate --format %(refname)%00%(objectname)%00%(*objectname) [78ms]
2025-11-18 16:51:50.154 [info] > git for-each-ref --format=%(refname)%00%(upstream:short)%00%(objectname)%00%(upstream:track)%00%(upstream:remotename)%00%(upstream:remoteref) refs/heads/cross-machine refs/remotes/cross-machine [20ms]
2025-11-18 16:51:50.174 [info] > git merge-base refs/heads/main refs/remotes/origin/main [71ms]
2025-11-18 16:51:50.196 [info] > git diff --name-status -z --diff-filter=ADMR --find-renames=50% 0a7801917b6c4bc0b7776d4fa8150212ae25f2ff...refs/remotes/origin/main -- [4ms]
2025-11-18 16:51:50.197 [info] > git config --get --local branch.cross-machine.vscode-merge-base [23ms]
2025-11-18 16:51:50.197 [warning] [Git][config] git config failed: Failed to execute git
2025-11-18 16:51:50.228 [info] > git reflog cross-machine --grep-reflog=branch: Created from *. [7ms]
2025-11-18 16:51:50.258 [info] > git for-each-ref --format=%(refname)%00%(upstream:short)%00%(objectname)%00%(upstream:track)%00%(upstream:remotename)%00%(upstream:remoteref) refs/remotes/origin/cross-machine [5ms]
2025-11-18 16:51:50.291 [info] > git config --add --local branch.cross-machine.vscode-merge-base origin/cross-machine [7ms]
2025-11-18 16:51:50.319 [info] > git config --get commit.template [4ms]
2025-11-18 16:51:50.351 [info] > git for-each-ref --format=%(refname)%00%(upstream:short)%00%(objectname)%00%(upstream:track)%00%(upstream:remotename)%00%(upstream:remoteref) refs/heads/cross-machine refs/remotes/cross-machine [9ms]
2025-11-18 16:51:50.406 [info] > git status -z -uall [28ms]
2025-11-18 16:51:50.416 [info] > git for-each-ref --sort -committerdate --format %(refname)%00%(objectname)%00%(*objectname) [12ms]
2025-11-18 16:51:50.499 [info] > git merge-base refs/heads/cross-machine refs/remotes/origin/cross-machine [48ms]
2025-11-18 16:51:50.545 [info] > git diff --name-status -z --diff-filter=ADMR --find-renames=50% b4a43790adac2e2b531eb40e8079cdf32657084c...refs/remotes/origin/cross-machine -- [20ms]
2025-11-18 16:51:50.548 [info] > git merge-base refs/heads/cross-machine refs/remotes/origin/cross-machine [53ms]
2025-11-18 16:51:50.575 [info] > git diff --name-status -z --diff-filter=ADMR --find-renames=50% b4a43790adac2e2b531eb40e8079cdf32657084c...refs/remotes/origin/cross-machine -- [4ms]
2025-11-18 16:51:52.674 [info] > git show --textconv :style.css [21ms]
2025-11-18 16:51:52.678 [info] > git ls-files --stage -- style.css [6ms]
2025-11-18 16:51:52.700 [info] > git cat-file -s 1a738fce445c7e42fbb8ddd4437f247bbbb20a20 [3ms]
2025-11-18 16:51:52.861 [info] > git blame --root --incremental b4a43790adac2e2b531eb40e8079cdf32657084c -- style.css [8ms]
2025-11-18 16:51:55.167 [info] > git config --get commit.template [41ms]
2025-11-18 16:51:55.168 [info] > git for-each-ref --format=%(refname)%00%(upstream:short)%00%(objectname)%00%(upstream:track)%00%(upstream:remotename)%00%(upstream:remoteref) refs/heads/main refs/remotes/main [23ms]
2025-11-18 16:51:55.169 [info] > git config --get commit.template [3ms]
2025-11-18 16:51:55.226 [info] > git status -z -uall [21ms]
2025-11-18 16:51:55.227 [info] > git for-each-ref --format=%(refname)%00%(upstream:short)%00%(objectname)%00%(upstream:track)%00%(upstream:remotename)%00%(upstream:remoteref) refs/heads/cross-machine refs/remotes/cross-machine [40ms]
2025-11-18 16:51:55.228 [info] > git for-each-ref --sort -committerdate --format %(refname)%00%(objectname)%00%(*objectname) [3ms]
2025-11-18 16:51:55.266 [info] > git status -z -uall [17ms]
2025-11-18 16:51:55.267 [info] > git for-each-ref --sort -committerdate --format %(refname)%00%(objectname)%00%(*objectname) [4ms]
