2025-11-18 21:33:46.519 [info] Reading sessions from keychain...
2025-11-18 21:33:46.519 [info] Getting sessions for all scopes...
2025-11-18 21:33:46.519 [info] Got stored sessions!
2025-11-18 21:33:46.519 [info] Got 1 verified sessions.
2025-11-18 21:33:46.519 [info] Got 1 sessions for ...
2025-11-18 21:33:46.519 [info] Getting sessions for all scopes...
2025-11-18 21:33:46.519 [info] Got 1 sessions for ...
2025-11-18 21:33:46.519 [info] Getting sessions for all scopes...
2025-11-18 21:33:46.519 [info] Got 1 sessions for ...
2025-11-18 21:33:46.520 [info] Getting sessions for all scopes...
2025-11-18 21:33:46.520 [info] Got 1 sessions for ...
2025-11-18 21:33:46.520 [info] Getting sessions for all scopes...
2025-11-18 21:33:46.520 [info] Got 1 sessions for ...
2025-11-18 21:33:46.520 [info] Getting sessions for all scopes...
2025-11-18 21:33:46.520 [info] Got 1 sessions for ...
2025-11-18 21:33:46.520 [info] Getting sessions for all scopes...
2025-11-18 21:33:46.520 [info] Got 1 sessions for ...
2025-11-18 21:33:46.520 [info] Getting sessions for all scopes...
2025-11-18 21:33:46.520 [info] Got 1 sessions for ...
2025-11-18 21:33:46.520 [info] Getting sessions for all scopes...
2025-11-18 21:33:46.520 [info] Got 1 sessions for ...
2025-11-18 21:33:46.520 [info] Getting sessions for all scopes...
2025-11-18 21:33:46.520 [info] Got 1 sessions for ...
2025-11-18 21:33:46.520 [info] Getting sessions for all scopes...
2025-11-18 21:33:46.520 [info] Got 1 sessions for ...
2025-11-18 21:33:46.520 [info] Getting sessions for all scopes...
2025-11-18 21:33:46.520 [info] Got 1 sessions for ...
2025-11-18 21:33:46.520 [info] Getting sessions for all scopes...
2025-11-18 21:33:46.520 [info] Got 1 sessions for ...
2025-11-18 21:33:46.520 [info] Getting sessions for all scopes...
2025-11-18 21:33:46.520 [info] Got 1 sessions for ...
2025-11-18 21:33:46.520 [info] Getting sessions for all scopes...
2025-11-18 21:33:46.520 [info] Got 1 sessions for ...
2025-11-18 21:33:46.520 [info] Getting sessions for all scopes...
2025-11-18 21:33:46.520 [info] Got 1 sessions for ...
2025-11-18 21:33:48.920 [info] Getting sessions for read:user,repo,user:email,workflow...
2025-11-18 21:33:48.921 [info] Got 0 sessions for read:user,repo,user:email,workflow...
2025-11-18 21:33:53.332 [info] FetcherService: Electron fetch failed with status: 429 
2025-11-18 21:33:53.352 [info] Getting sessions for all scopes...
2025-11-18 21:33:53.352 [info] Got 1 sessions for ...
2025-11-18 21:33:53.389 [info] Getting sessions for all scopes...
2025-11-18 21:33:53.389 [info] Got 1 sessions for ...
2025-11-18 21:33:53.733 [info] Getting sessions for all scopes...
2025-11-18 21:33:53.733 [info] Got 1 sessions for ...
2025-11-18 21:33:53.733 [info] Getting sessions for user:email...
2025-11-18 21:33:53.733 [info] Got 1 sessions for user:email...
2025-11-18 21:33:53.733 [info] Getting sessions for read:user,repo,user:email,workflow...
2025-11-18 21:33:53.734 [info] Got 0 sessions for read:user,repo,user:email,workflow...
2025-11-18 21:33:55.075 [info] Getting sessions for all scopes...
2025-11-18 21:33:55.075 [info] Got 1 sessions for ...
2025-11-18 21:33:55.098 [info] Getting sessions for user:email...
2025-11-18 21:33:55.098 [info] Got 1 sessions for user:email...
2025-11-18 21:33:55.114 [info] Getting sessions for all scopes...
2025-11-18 21:33:55.114 [info] Got 1 sessions for ...
2025-11-18 21:33:55.225 [info] Getting sessions for read:user,repo,user:email,workflow...
2025-11-18 21:33:55.225 [info] Got 0 sessions for read:user,repo,user:email,workflow...
2025-11-18 21:33:55.348 [info] Getting sessions for read:user...
2025-11-18 21:33:55.348 [info] Got 0 sessions for read:user...
2025-11-18 21:33:55.391 [info] FetcherService: Node fetch failed with status: 429 Too Many Requests
2025-11-18 21:33:55.678 [info] Getting sessions for read:user,repo,user:email,workflow...
2025-11-18 21:33:55.678 [info] Got 0 sessions for read:user,repo,user:email,workflow...
2025-11-18 21:33:56.121 [info] Getting sessions for user:email...
2025-11-18 21:33:56.121 [info] Got 1 sessions for user:email...
2025-11-18 21:33:56.853 [info] Getting sessions for all scopes...
2025-11-18 21:33:56.853 [info] Got 1 sessions for ...
2025-11-18 21:33:56.853 [info] Getting sessions for all scopes...
2025-11-18 21:33:56.853 [info] Got 1 sessions for ...
2025-11-18 21:33:57.214 [info] FetcherService: Node http/s failed with status: 429 Too Many Requests
2025-11-18 21:33:57.327 [info] Getting sessions for read:user,repo,user:email,workflow...
2025-11-18 21:33:57.327 [info] Got 0 sessions for read:user,repo,user:email,workflow...
2025-11-18 21:33:57.427 [info] Getting sessions for read:user,repo,user:email,workflow...
2025-11-18 21:33:57.427 [info] Got 0 sessions for read:user,repo,user:email,workflow...
2025-11-18 21:33:57.427 [info] Getting sessions for user:email...
2025-11-18 21:33:57.427 [info] Got 1 sessions for user:email...
2025-11-18 21:33:57.427 [info] Getting sessions for read:user,repo,user:email,workflow...
2025-11-18 21:33:57.427 [info] Got 0 sessions for read:user,repo,user:email,workflow...
2025-11-18 21:33:57.638 [info] Getting sessions for all scopes...
2025-11-18 21:33:57.638 [info] Got 1 sessions for ...
2025-11-18 21:33:57.671 [info] Getting sessions for read:user,repo,user:email,workflow...
2025-11-18 21:33:57.671 [info] Got 0 sessions for read:user,repo,user:email,workflow...
2025-11-18 21:33:57.671 [info] Getting sessions for all scopes...
2025-11-18 21:33:57.671 [info] Got 1 sessions for ...
2025-11-18 21:33:57.671 [info] Getting sessions for all scopes...
2025-11-18 21:33:57.671 [info] Got 1 sessions for ...
2025-11-18 21:33:57.755 [info] Getting sessions for all scopes...
2025-11-18 21:33:57.755 [info] Got 1 sessions for ...
2025-11-18 21:33:57.867 [info] Getting sessions for read:user,repo,user:email,workflow...
2025-11-18 21:33:57.868 [info] Got 0 sessions for read:user,repo,user:email,workflow...
2025-11-18 21:33:57.892 [info] Getting sessions for user:email...
2025-11-18 21:33:57.892 [info] Got 1 sessions for user:email...
2025-11-18 21:33:57.892 [info] Getting sessions for read:user,repo,user:email,workflow...
2025-11-18 21:33:57.892 [info] Got 0 sessions for read:user,repo,user:email,workflow...
2025-11-18 21:33:58.390 [info] Getting sessions for all scopes...
2025-11-18 21:33:58.390 [info] Got 1 sessions for ...
2025-11-18 21:33:58.406 [info] Getting sessions for read:user,repo,user:email,workflow...
2025-11-18 21:33:58.406 [info] Got 0 sessions for read:user,repo,user:email,workflow...
2025-11-18 21:33:58.407 [info] Getting sessions for read:user,repo,user:email,workflow...
2025-11-18 21:33:58.407 [info] Got 0 sessions for read:user,repo,user:email,workflow...
2025-11-18 21:33:58.409 [info] Getting sessions for all scopes...
2025-11-18 21:33:58.409 [info] Got 1 sessions for ...
2025-11-18 21:33:58.410 [info] Getting sessions for read:user,repo,user:email,workflow...
2025-11-18 21:33:58.410 [info] Got 0 sessions for read:user,repo,user:email,workflow...
2025-11-18 21:33:58.411 [info] Getting sessions for user:email...
2025-11-18 21:33:58.411 [info] Got 1 sessions for user:email...
