2025-11-16 04:37:51 Loading main app package /tmp/.mount_Obsidi5q1qTj/resources/obsidian.asar
2025-11-16 04:37:52 Checking for update using Github
2025-11-16 04:37:52 Success.
2025-11-16 04:37:52 Latest version is 1.10.3
2025-11-16 04:37:52 App is up to date.
2025-11-16 05:19:26 Loading main app package /tmp/.mount_ObsidibmDIno/resources/obsidian.asar
2025-11-16 05:19:31 Checking for update using Github
2025-11-16 05:19:32 Success.
2025-11-16 05:19:32 Latest version is 1.10.3
2025-11-16 05:19:32 App is up to date.
2025-11-16 05:23:55 Loading main app package /tmp/.mount_ObsidiN21PRU/resources/obsidian.asar
2025-11-16 05:23:56 Checking for update using Github
2025-11-16 05:23:56 Success.
2025-11-16 05:23:56 Latest version is 1.10.3
2025-11-16 05:23:56 App is up to date.
2025-11-17 02:34:08 Loading main app package /tmp/.mount_ObsidihMeUFm/resources/obsidian.asar
2025-11-17 02:34:09 Checking for update using Github
2025-11-17 02:34:09 Success.
2025-11-17 02:34:09 Latest version is 1.10.3
2025-11-17 02:34:09 App is up to date.
2025-11-17 03:34:08 Checking for update using Github
2025-11-17 08:09:59 Loading main app package /tmp/.mount_ObsidiifHklc/resources/obsidian.asar
2025-11-17 08:10:00 Checking for update using Github
2025-11-17 08:10:01 Success.
2025-11-17 08:10:01 Latest version is 1.10.3
2025-11-17 08:10:01 App is up to date.
2025-11-17 09:09:59 Checking for update using Github
2025-11-17 09:10:00 Success.
2025-11-17 09:10:00 Latest version is 1.10.3
2025-11-17 09:10:00 App is up to date.
2025-11-17 10:09:59 Checking for update using Github
2025-11-17 10:09:59 Failed to check for update using Github (net::ERR_INTERNET_DISCONNECTED)
2025-11-17 10:09:59 Checking for update using obsidian.md
2025-11-17 10:09:59 Failed to check for update using obsidian.md (net::ERR_INTERNET_DISCONNECTED)
2025-11-18 07:45:57 Loading main app package /tmp/.mount_ObsidiNpA5Wx/resources/obsidian.asar
2025-11-18 07:45:58 Checking for update using Github
2025-11-18 07:45:58 Success.
2025-11-18 07:45:58 Latest version is 1.10.3
2025-11-18 07:45:58 App is up to date.
2025-11-18 08:45:57 Checking for update using Github
2025-11-18 08:45:57 Success.
2025-11-18 08:45:57 Latest version is 1.10.3
2025-11-18 08:45:57 App is up to date.
2025-11-18 09:45:57 Checking for update using Github
2025-11-18 09:45:57 Success.
2025-11-18 09:45:57 Latest version is 1.10.3
2025-11-18 09:45:57 App is up to date.
2025-11-18 10:33:04 Loading main app package /tmp/.mount_Obsidi35Yxs5/resources/obsidian.asar
2025-11-18 10:33:06 Checking for update using Github
2025-11-18 10:33:06 Success.
2025-11-18 10:33:06 Latest version is 1.10.3
2025-11-18 10:33:06 App is up to date.
2025-11-20 10:39:34 Loading main app package /tmp/.mount_ObsidiuMZi9i/resources/obsidian.asar
2025-11-20 10:39:34 Checking for update using Github
2025-11-20 10:39:35 Success.
2025-11-20 10:39:35 Latest version is 1.10.3
2025-11-20 10:39:35 App is up to date.
2025-11-20 11:39:34 Checking for update using Github
2025-11-20 11:39:34 Success.
2025-11-20 11:39:34 Latest version is 1.10.3
2025-11-20 11:39:34 App is up to date.
2025-11-20 12:39:34 Checking for update using Github
2025-11-20 12:39:34 Failed to check for update using Github (net::ERR_INTERNET_DISCONNECTED)
2025-11-20 12:39:34 Checking for update using obsidian.md
2025-11-20 12:39:34 Failed to check for update using obsidian.md (net::ERR_INTERNET_DISCONNECTED)
2025-11-25 08:55:22 Loading main app package /tmp/.mount_ObsidiQRAjKD/resources/obsidian.asar
2025-11-25 08:55:23 Checking for update using Github
2025-11-25 08:55:24 Success.
2025-11-25 08:55:24 Latest version is 1.10.3
2025-11-25 08:55:24 App is up to date.
2025-11-25 09:55:22 Checking for update using Github
2025-11-25 09:55:22 Success.
2025-11-25 09:55:22 Latest version is 1.10.3
2025-11-25 09:55:22 App is up to date.
2025-11-25 12:27:50 Checking for update using Github
2025-11-25 12:27:50 Success.
2025-11-25 12:27:50 Latest version is 1.10.3
2025-11-25 12:27:50 App is up to date.
2025-11-25 13:27:50 Checking for update using Github
2025-11-25 13:27:50 Success.
2025-11-25 13:27:50 Latest version is 1.10.3
2025-11-25 13:27:50 App is up to date.
