2025-11-20 16:40:48.807 [info] Reading sessions from keychain...
2025-11-20 16:40:48.807 [info] Getting sessions for all scopes...
2025-11-20 16:40:48.807 [info] Got stored sessions!
2025-11-20 16:40:48.807 [info] Got 1 verified sessions.
2025-11-20 16:40:48.807 [info] Got 1 sessions for ...
2025-11-20 16:40:48.807 [info] Getting sessions for all scopes...
2025-11-20 16:40:48.807 [info] Got 1 sessions for ...
2025-11-20 16:40:48.807 [info] Getting sessions for all scopes...
2025-11-20 16:40:48.807 [info] Got 1 sessions for ...
2025-11-20 16:40:48.807 [info] Getting sessions for all scopes...
2025-11-20 16:40:48.807 [info] Got 1 sessions for ...
2025-11-20 16:40:48.807 [info] Getting sessions for all scopes...
2025-11-20 16:40:48.807 [info] Got 1 sessions for ...
2025-11-20 16:40:48.807 [info] Getting sessions for all scopes...
2025-11-20 16:40:48.807 [info] Got 1 sessions for ...
2025-11-20 16:40:48.807 [info] Getting sessions for all scopes...
2025-11-20 16:40:48.807 [info] Got 1 sessions for ...
2025-11-20 16:40:48.807 [info] Getting sessions for all scopes...
2025-11-20 16:40:48.807 [info] Got 1 sessions for ...
2025-11-20 16:40:48.807 [info] Getting sessions for all scopes...
2025-11-20 16:40:48.807 [info] Got 1 sessions for ...
2025-11-20 16:40:48.807 [info] Getting sessions for all scopes...
2025-11-20 16:40:48.807 [info] Got 1 sessions for ...
2025-11-20 16:40:48.807 [info] Getting sessions for all scopes...
2025-11-20 16:40:48.807 [info] Got 1 sessions for ...
2025-11-20 16:40:48.807 [info] Getting sessions for all scopes...
2025-11-20 16:40:48.807 [info] Got 1 sessions for ...
2025-11-20 16:40:48.807 [info] Getting sessions for all scopes...
2025-11-20 16:40:48.807 [info] Got 1 sessions for ...
2025-11-20 16:40:48.807 [info] Getting sessions for all scopes...
2025-11-20 16:40:48.807 [info] Got 1 sessions for ...
2025-11-20 16:40:48.807 [info] Getting sessions for all scopes...
2025-11-20 16:40:48.807 [info] Got 1 sessions for ...
2025-11-20 16:40:48.807 [info] Getting sessions for all scopes...
2025-11-20 16:40:48.807 [info] Got 1 sessions for ...
2025-11-20 16:40:48.807 [info] Getting sessions for all scopes...
2025-11-20 16:40:48.807 [info] Got 1 sessions for ...
2025-11-20 16:40:48.807 [info] Getting sessions for all scopes...
2025-11-20 16:40:48.807 [info] Got 1 sessions for ...
2025-11-20 16:40:48.832 [info] Getting sessions for read:user,repo,user:email,workflow...
2025-11-20 16:40:48.832 [info] Got 0 sessions for read:user,repo,user:email,workflow...
2025-11-20 16:40:49.171 [info] Getting sessions for all scopes...
2025-11-20 16:40:49.171 [info] Got 1 sessions for ...
2025-11-20 16:40:52.513 [info] Getting sessions for user:email...
2025-11-20 16:40:52.513 [info] Got 1 sessions for user:email...
2025-11-20 16:40:52.513 [info] Getting sessions for read:user,repo,user:email,workflow...
2025-11-20 16:40:52.513 [info] Got 0 sessions for read:user,repo,user:email,workflow...
2025-11-20 16:40:52.547 [info] FetcherService: Electron fetch failed with status: 429 
2025-11-20 16:40:53.604 [info] Getting sessions for all scopes...
2025-11-20 16:40:53.604 [info] Got 1 sessions for ...
2025-11-20 16:40:53.605 [info] Getting sessions for all scopes...
2025-11-20 16:40:53.606 [info] Got 1 sessions for ...
2025-11-20 16:40:53.606 [info] Getting sessions for all scopes...
2025-11-20 16:40:53.606 [info] Got 1 sessions for ...
2025-11-20 16:40:53.606 [info] Getting sessions for all scopes...
2025-11-20 16:40:53.606 [info] Got 1 sessions for ...
2025-11-20 16:40:53.639 [info] Getting sessions for all scopes...
2025-11-20 16:40:53.639 [info] Got 1 sessions for ...
2025-11-20 16:40:53.639 [info] Getting sessions for read:user,repo,user:email,workflow...
2025-11-20 16:40:53.639 [info] Got 0 sessions for read:user,repo,user:email,workflow...
2025-11-20 16:40:53.670 [info] Getting sessions for read:user,repo,user:email,workflow...
2025-11-20 16:40:53.670 [info] Got 0 sessions for read:user,repo,user:email,workflow...
2025-11-20 16:40:53.680 [info] Getting sessions for read:user,repo,user:email,workflow...
2025-11-20 16:40:53.680 [info] Got 0 sessions for read:user,repo,user:email,workflow...
2025-11-20 16:40:53.707 [info] Getting sessions for read:user...
2025-11-20 16:40:53.707 [info] Got 0 sessions for read:user...
2025-11-20 16:40:53.722 [info] Getting sessions for user:email...
2025-11-20 16:40:53.722 [info] Got 1 sessions for user:email...
2025-11-20 16:40:53.722 [info] Getting sessions for read:user,repo,user:email,workflow...
2025-11-20 16:40:53.722 [info] Got 0 sessions for read:user,repo,user:email,workflow...
2025-11-20 16:40:53.723 [info] Getting sessions for user:email...
2025-11-20 16:40:53.723 [info] Got 1 sessions for user:email...
2025-11-20 16:40:54.406 [info] FetcherService: Node fetch failed with status: 429 Too Many Requests
2025-11-20 16:40:55.094 [info] Getting sessions for all scopes...
2025-11-20 16:40:55.094 [info] Got 1 sessions for ...
2025-11-20 16:40:55.094 [info] Getting sessions for all scopes...
2025-11-20 16:40:55.094 [info] Got 1 sessions for ...
2025-11-20 16:40:55.142 [info] Getting sessions for read:user,repo,user:email,workflow...
2025-11-20 16:40:55.142 [info] Got 0 sessions for read:user,repo,user:email,workflow...
2025-11-20 16:40:55.149 [info] Getting sessions for user:email...
2025-11-20 16:40:55.149 [info] Got 1 sessions for user:email...
2025-11-20 16:40:55.149 [info] Getting sessions for read:user,repo,user:email,workflow...
2025-11-20 16:40:55.149 [info] Got 0 sessions for read:user,repo,user:email,workflow...
2025-11-20 16:40:55.375 [info] Getting sessions for all scopes...
2025-11-20 16:40:55.375 [info] Got 1 sessions for ...
2025-11-20 16:40:55.377 [info] Getting sessions for all scopes...
2025-11-20 16:40:55.377 [info] Got 1 sessions for ...
2025-11-20 16:40:55.377 [info] Getting sessions for all scopes...
2025-11-20 16:40:55.377 [info] Got 1 sessions for ...
2025-11-20 16:40:55.381 [info] Getting sessions for all scopes...
2025-11-20 16:40:55.382 [info] Got 1 sessions for ...
2025-11-20 16:40:55.400 [info] Getting sessions for read:user,repo,user:email,workflow...
2025-11-20 16:40:55.400 [info] Got 0 sessions for read:user,repo,user:email,workflow...
2025-11-20 16:40:55.402 [info] Getting sessions for user:email...
2025-11-20 16:40:55.402 [info] Got 1 sessions for user:email...
2025-11-20 16:40:55.402 [info] Getting sessions for read:user,repo,user:email,workflow...
2025-11-20 16:40:55.402 [info] Got 0 sessions for read:user,repo,user:email,workflow...
2025-11-20 16:40:55.413 [info] Getting sessions for all scopes...
2025-11-20 16:40:55.413 [info] Got 1 sessions for ...
2025-11-20 16:40:55.416 [info] Getting sessions for read:user,repo,user:email,workflow...
2025-11-20 16:40:55.416 [info] Got 0 sessions for read:user,repo,user:email,workflow...
2025-11-20 16:40:55.418 [info] Getting sessions for user:email...
2025-11-20 16:40:55.418 [info] Got 1 sessions for user:email...
2025-11-20 16:40:55.670 [info] FetcherService: Node http/s failed with status: 429 Too Many Requests
