Extension "Export to PDF via Scribus" failed to load because a dependency was not met.
Dependency:
	type: executable
	location: path
	string: scribus

Extension "Formula (typst)" failed to load because a dependency was not met.
Dependency:
	type: executable
	location: path
	string: typst

Extension "Formula (pdflatex)" failed to load because a dependency was not met.
Dependency:
	type: executable
	location: path
	string: pdflatex

Extension "GIMP XCF" failed to load because a dependency was not met.
Dependency:
	type: executable
	location: path
	string: gimp

