2025-11-19 22:06:32.510 [info] [main] Log level: Info
2025-11-19 22:06:32.510 [info] [main] Validating found git in: "git"
2025-11-19 22:06:32.510 [info] [main] Using git "2.47.3" from "git"
2025-11-19 22:06:32.510 [info] [Model][doInitialScan] Initial repository scan started
2025-11-19 22:06:32.510 [info] > git rev-parse --show-toplevel [66ms]
2025-11-19 22:06:32.510 [info] > git rev-parse --git-dir --git-common-dir --show-superproject-working-tree [86ms]
2025-11-19 22:06:32.510 [info] [Model][openRepository] Opened repository (path): /home/trang/localnsv/mAIware-server
2025-11-19 22:06:32.510 [info] [Model][openRepository] Opened repository (real path): /home/trang/localnsv/mAIware-server
2025-11-19 22:06:32.510 [info] [Model][openRepository] Opened repository (kind): repository
2025-11-19 22:06:39.787 [info] > git rev-parse --show-toplevel [7257ms]
2025-11-19 22:06:39.789 [info] > git config --get commit.template [7268ms]
2025-11-19 22:06:40.848 [info] > git check-ignore -v -z --stdin [294ms]
2025-11-19 22:06:40.855 [info] > git rev-parse --show-toplevel [634ms]
2025-11-19 22:06:40.859 [info] [Model][doInitialScan] Initial repository scan completed - repositories (1), closed repositories (0), parent repositories (0), unsafe repositories (0)
2025-11-19 22:06:40.949 [info] > git for-each-ref --format=%(refname)%00%(upstream:short)%00%(objectname)%00%(upstream:track)%00%(upstream:remotename)%00%(upstream:remoteref) refs/heads/main refs/remotes/main [239ms]
2025-11-19 22:06:41.547 [info] > git show --textconv :public/styles.css [563ms]
2025-11-19 22:06:41.563 [info] > git ls-files --stage -- public/styles.css [554ms]
2025-11-19 22:06:42.510 [info] > git cat-file -s ff8d16f4b6ef330ccc02bf45f6e061e68741a7b0 [923ms]
2025-11-19 22:06:42.667 [info] > git status -z -uall [136ms]
2025-11-19 22:06:42.667 [info] > git for-each-ref --sort -committerdate --format %(refname)%00%(objectname)%00%(*objectname) [85ms]
2025-11-19 22:06:43.168 [info] > git for-each-ref --format=%(refname)%00%(upstream:short)%00%(objectname)%00%(upstream:track)%00%(upstream:remotename)%00%(upstream:remoteref) refs/heads/main refs/remotes/main [447ms]
2025-11-19 22:06:43.200 [info] > git config --get --local branch.main.vscode-merge-base [19ms]
2025-11-19 22:06:43.223 [info] > git config --get commit.template [150ms]
2025-11-19 22:06:43.234 [info] > git for-each-ref --format=%(refname)%00%(upstream:short)%00%(objectname)%00%(upstream:track)%00%(upstream:remotename)%00%(upstream:remoteref) refs/heads/origin/main refs/remotes/origin/main [13ms]
2025-11-19 22:06:43.279 [info] > git merge-base refs/heads/main refs/remotes/origin/main [30ms]
2025-11-19 22:06:43.377 [info] > git diff --name-status -z --diff-filter=ADMR --find-renames=50% 092637b358ebd37ca17e653f8fedc2d99f33feee...refs/remotes/origin/main -- [82ms]
2025-11-19 22:06:43.378 [info] > git for-each-ref --format=%(refname)%00%(upstream:short)%00%(objectname)%00%(upstream:track)%00%(upstream:remotename)%00%(upstream:remoteref) refs/heads/main refs/remotes/main [103ms]
2025-11-19 22:06:43.443 [info] > git blame --root --incremental 092637b358ebd37ca17e653f8fedc2d99f33feee -- public/styles.css [70ms]
2025-11-19 22:06:43.495 [info] > git status -z -uall [29ms]
2025-11-19 22:06:43.500 [info] > git for-each-ref --sort -committerdate --format %(refname)%00%(objectname)%00%(*objectname) [12ms]
2025-11-19 22:07:26.207 [info] > git show --textconv :public/dashboard.html [71ms]
2025-11-19 22:07:26.229 [info] > git ls-files --stage -- public/dashboard.html [31ms]
2025-11-19 22:07:26.291 [info] > git cat-file -s d280392f8f5afcf228668d3ff7c5e5266afef0ee [8ms]
2025-11-19 22:07:26.607 [info] > git blame --root --incremental 092637b358ebd37ca17e653f8fedc2d99f33feee -- public/dashboard.html [60ms]
2025-11-19 22:23:59.114 [info] > git check-ignore -v -z --stdin [12ms]
2025-11-19 22:24:23.169 [info] > git show --textconv :public/dashboard.html [41ms]
2025-11-19 22:24:23.171 [info] > git ls-files --stage -- public/dashboard.html [28ms]
2025-11-19 22:24:23.187 [info] > git cat-file -s d280392f8f5afcf228668d3ff7c5e5266afef0ee [5ms]
2025-11-19 22:24:34.724 [info] > git config --get commit.template [20ms]
2025-11-19 22:24:34.729 [info] > git for-each-ref --format=%(refname)%00%(upstream:short)%00%(objectname)%00%(upstream:track)%00%(upstream:remotename)%00%(upstream:remoteref) refs/heads/main refs/remotes/main [7ms]
2025-11-19 22:24:34.764 [info] > git status -z -uall [18ms]
2025-11-19 22:24:34.767 [info] > git for-each-ref --sort -committerdate --format %(refname)%00%(objectname)%00%(*objectname) [4ms]
2025-11-19 22:26:08.718 [info] > git config --get commit.template [35ms]
2025-11-19 22:26:08.719 [info] > git for-each-ref --format=%(refname)%00%(upstream:short)%00%(objectname)%00%(upstream:track)%00%(upstream:remotename)%00%(upstream:remoteref) refs/heads/main refs/remotes/main [2ms]
2025-11-19 22:26:08.745 [info] > git status -z -uall [10ms]
2025-11-19 22:26:08.746 [info] > git for-each-ref --sort -committerdate --format %(refname)%00%(objectname)%00%(*objectname) [2ms]
2025-11-19 22:26:27.184 [info] > git config --get commit.template [12ms]
2025-11-19 22:26:27.216 [info] > git for-each-ref --format=%(refname)%00%(upstream:short)%00%(objectname)%00%(upstream:track)%00%(upstream:remotename)%00%(upstream:remoteref) refs/heads/main refs/remotes/main [4ms]
2025-11-19 22:26:27.297 [info] > git status -z -uall [39ms]
2025-11-19 22:26:27.298 [info] > git for-each-ref --sort -committerdate --format %(refname)%00%(objectname)%00%(*objectname) [20ms]
2025-11-19 22:27:32.882 [info] > git config --get commit.template [22ms]
2025-11-19 22:27:32.883 [info] > git for-each-ref --format=%(refname)%00%(upstream:short)%00%(objectname)%00%(upstream:track)%00%(upstream:remotename)%00%(upstream:remoteref) refs/heads/main refs/remotes/main [5ms]
2025-11-19 22:27:32.906 [info] > git status -z -uall [12ms]
2025-11-19 22:27:32.907 [info] > git for-each-ref --sort -committerdate --format %(refname)%00%(objectname)%00%(*objectname) [2ms]
2025-11-19 22:29:34.043 [info] > git config --get commit.template [14ms]
2025-11-19 22:29:34.046 [info] > git for-each-ref --format=%(refname)%00%(upstream:short)%00%(objectname)%00%(upstream:track)%00%(upstream:remotename)%00%(upstream:remoteref) refs/heads/main refs/remotes/main [4ms]
2025-11-19 22:29:34.074 [info] > git status -z -uall [15ms]
2025-11-19 22:29:34.076 [info] > git for-each-ref --sort -committerdate --format %(refname)%00%(objectname)%00%(*objectname) [3ms]
2025-11-19 22:30:57.295 [info] > git config --get commit.template [19ms]
2025-11-19 22:30:57.296 [info] > git for-each-ref --format=%(refname)%00%(upstream:short)%00%(objectname)%00%(upstream:track)%00%(upstream:remotename)%00%(upstream:remoteref) refs/heads/main refs/remotes/main [2ms]
2025-11-19 22:30:57.322 [info] > git status -z -uall [14ms]
2025-11-19 22:30:57.323 [info] > git for-each-ref --sort -committerdate --format %(refname)%00%(objectname)%00%(*objectname) [4ms]
2025-11-19 22:31:00.619 [info] > git show --textconv :public/styles.css [12ms]
2025-11-19 22:31:00.620 [info] > git ls-files --stage -- public/styles.css [2ms]
2025-11-19 22:31:00.633 [info] > git cat-file -s ff8d16f4b6ef330ccc02bf45f6e061e68741a7b0 [3ms]
2025-11-19 22:35:02.988 [info] > git config --get commit.template [9ms]
2025-11-19 22:35:02.988 [info] > git for-each-ref --format=%(refname)%00%(upstream:short)%00%(objectname)%00%(upstream:track)%00%(upstream:remotename)%00%(upstream:remoteref) refs/heads/main refs/remotes/main [1ms]
2025-11-19 22:35:03.005 [info] > git status -z -uall [8ms]
2025-11-19 22:35:03.007 [info] > git for-each-ref --sort -committerdate --format %(refname)%00%(objectname)%00%(*objectname) [2ms]
2025-11-19 22:36:57.105 [info] > git show --textconv :public/dashboard.html [27ms]
2025-11-19 22:36:57.108 [info] > git ls-files --stage -- public/dashboard.html [5ms]
2025-11-19 22:36:57.119 [info] > git cat-file -s d280392f8f5afcf228668d3ff7c5e5266afef0ee [1ms]
2025-11-19 22:36:57.915 [info] > git config --get commit.template [2ms]
2025-11-19 22:36:57.932 [info] > git for-each-ref --format=%(refname)%00%(upstream:short)%00%(objectname)%00%(upstream:track)%00%(upstream:remotename)%00%(upstream:remoteref) refs/heads/main refs/remotes/main [4ms]
2025-11-19 22:36:57.959 [info] > git status -z -uall [12ms]
2025-11-19 22:36:57.960 [info] > git for-each-ref --sort -committerdate --format %(refname)%00%(objectname)%00%(*objectname) [2ms]
2025-11-19 22:37:02.994 [info] > git config --get commit.template [4ms]
2025-11-19 22:37:03.014 [info] > git for-each-ref --format=%(refname)%00%(upstream:short)%00%(objectname)%00%(upstream:track)%00%(upstream:remotename)%00%(upstream:remoteref) refs/heads/main refs/remotes/main [3ms]
2025-11-19 22:37:03.038 [info] > git status -z -uall [12ms]
2025-11-19 22:37:03.039 [info] > git for-each-ref --sort -committerdate --format %(refname)%00%(objectname)%00%(*objectname) [2ms]
2025-11-19 22:39:49.932 [info] > git show --textconv :public/styles.css [10ms]
2025-11-19 22:39:49.933 [info] > git ls-files --stage -- public/styles.css [2ms]
2025-11-19 22:39:49.942 [info] > git cat-file -s ff8d16f4b6ef330ccc02bf45f6e061e68741a7b0 [1ms]
2025-11-19 22:39:57.511 [info] > git config --get commit.template [12ms]
2025-11-19 22:39:57.513 [info] > git for-each-ref --format=%(refname)%00%(upstream:short)%00%(objectname)%00%(upstream:track)%00%(upstream:remotename)%00%(upstream:remoteref) refs/heads/main refs/remotes/main [3ms]
2025-11-19 22:39:57.532 [info] > git status -z -uall [10ms]
2025-11-19 22:39:57.533 [info] > git for-each-ref --sort -committerdate --format %(refname)%00%(objectname)%00%(*objectname) [2ms]
2025-11-19 22:39:58.918 [info] > git rev-parse --show-toplevel [5ms]
2025-11-19 22:39:59.969 [info] > git show --textconv :public/styles.css [12ms]
2025-11-19 22:39:59.971 [info] > git ls-files --stage -- public/styles.css [2ms]
2025-11-19 22:39:59.982 [info] > git cat-file -s ff8d16f4b6ef330ccc02bf45f6e061e68741a7b0 [1ms]
2025-11-19 22:49:04.198 [info] > git config --get commit.template [2ms]
2025-11-19 22:49:04.211 [info] > git for-each-ref --format=%(refname)%00%(upstream:short)%00%(objectname)%00%(upstream:track)%00%(upstream:remotename)%00%(upstream:remoteref) refs/heads/main refs/remotes/main [2ms]
2025-11-19 22:49:04.230 [info] > git status -z -uall [11ms]
2025-11-19 22:49:04.231 [info] > git for-each-ref --sort -committerdate --format %(refname)%00%(objectname)%00%(*objectname) [2ms]
2025-11-19 22:49:17.053 [info] > git config --get commit.template [2ms]
2025-11-19 22:49:17.071 [info] > git for-each-ref --format=%(refname)%00%(upstream:short)%00%(objectname)%00%(upstream:track)%00%(upstream:remotename)%00%(upstream:remoteref) refs/heads/main refs/remotes/main [2ms]
2025-11-19 22:49:17.094 [info] > git status -z -uall [13ms]
2025-11-19 22:49:17.095 [info] > git for-each-ref --sort -committerdate --format %(refname)%00%(objectname)%00%(*objectname) [4ms]
2025-11-19 22:52:05.035 [info] > git config --get commit.template [23ms]
2025-11-19 22:52:05.038 [info] > git for-each-ref --format=%(refname)%00%(upstream:short)%00%(objectname)%00%(upstream:track)%00%(upstream:remotename)%00%(upstream:remoteref) refs/heads/main refs/remotes/main [5ms]
2025-11-19 22:52:05.101 [info] > git status -z -uall [45ms]
2025-11-19 22:52:05.101 [info] > git for-each-ref --sort -committerdate --format %(refname)%00%(objectname)%00%(*objectname) [31ms]
2025-11-19 22:53:07.085 [info] > git config --get commit.template [2ms]
2025-11-19 22:53:07.099 [info] > git for-each-ref --format=%(refname)%00%(upstream:short)%00%(objectname)%00%(upstream:track)%00%(upstream:remotename)%00%(upstream:remoteref) refs/heads/main refs/remotes/main [3ms]
2025-11-19 22:53:07.119 [info] > git status -z -uall [11ms]
2025-11-19 22:53:07.120 [info] > git for-each-ref --sort -committerdate --format %(refname)%00%(objectname)%00%(*objectname) [2ms]
2025-11-19 22:54:07.454 [info] > git config --get commit.template [10ms]
2025-11-19 22:54:07.454 [info] > git for-each-ref --format=%(refname)%00%(upstream:short)%00%(objectname)%00%(upstream:track)%00%(upstream:remotename)%00%(upstream:remoteref) refs/heads/main refs/remotes/main [1ms]
2025-11-19 22:54:07.474 [info] > git status -z -uall [11ms]
2025-11-19 22:54:07.475 [info] > git for-each-ref --sort -committerdate --format %(refname)%00%(objectname)%00%(*objectname) [2ms]
2025-11-19 22:57:52.869 [info] > git config --get commit.template [1ms]
2025-11-19 22:57:52.900 [info] > git ls-files --stage -- public/styles.css [11ms]
2025-11-19 22:57:52.915 [info] > git for-each-ref --format=%(refname)%00%(upstream:short)%00%(objectname)%00%(upstream:track)%00%(upstream:remotename)%00%(upstream:remoteref) refs/heads/main refs/remotes/main [15ms]
2025-11-19 22:57:52.935 [info] > git status -z -uall [11ms]
2025-11-19 22:57:52.935 [info] > git cat-file -s d87986aeb19cdc3290b9abeff9eb6b1b2cbb55fc [22ms]
2025-11-19 22:57:52.937 [info] > git for-each-ref --sort -committerdate --format %(refname)%00%(objectname)%00%(*objectname) [3ms]
2025-11-19 22:57:52.964 [info] > git show --textconv :public/styles.css [5ms]
2025-11-19 22:57:53.284 [info] > git show --textconv HEAD:public/styles.css [16ms]
2025-11-19 22:57:53.286 [info] > git ls-tree -l HEAD -- public/styles.css [2ms]
2025-11-19 23:03:46.684 [info] > git config --get commit.template [5ms]
2025-11-19 23:03:46.700 [info] > git for-each-ref --format=%(refname)%00%(upstream:short)%00%(objectname)%00%(upstream:track)%00%(upstream:remotename)%00%(upstream:remoteref) refs/heads/main refs/remotes/main [1ms]
2025-11-19 23:03:46.726 [info] > git status -z -uall [14ms]
2025-11-19 23:03:46.727 [info] > git for-each-ref --sort -committerdate --format %(refname)%00%(objectname)%00%(*objectname) [2ms]
2025-11-19 23:06:13.552 [info] > git config --get commit.template [2ms]
2025-11-19 23:06:13.612 [info] > git ls-files --stage -- public/styles.css [20ms]
2025-11-19 23:06:13.644 [info] > git ls-tree -l HEAD -- public/styles.css [34ms]
2025-11-19 23:06:13.645 [info] > git for-each-ref --format=%(refname)%00%(upstream:short)%00%(objectname)%00%(upstream:track)%00%(upstream:remotename)%00%(upstream:remoteref) refs/heads/main refs/remotes/main [2ms]
2025-11-19 23:06:13.646 [info] > git cat-file -s 7a5e4ff4f18132dbc80552d5abb7490c304f9615 [19ms]
2025-11-19 23:06:13.668 [info] > git show --textconv HEAD:public/styles.css [12ms]
2025-11-19 23:06:13.698 [info] > git show --textconv :public/styles.css [31ms]
2025-11-19 23:06:13.698 [info] > git status -z -uall [14ms]
2025-11-19 23:06:13.700 [info] > git for-each-ref --sort -committerdate --format %(refname)%00%(objectname)%00%(*objectname) [4ms]
2025-11-19 23:06:46.590 [info] > git config --get commit.template [28ms]
2025-11-19 23:06:46.591 [info] > git for-each-ref --format=%(refname)%00%(upstream:short)%00%(objectname)%00%(upstream:track)%00%(upstream:remotename)%00%(upstream:remoteref) refs/heads/main refs/remotes/main [4ms]
2025-11-19 23:06:46.647 [info] > git status -z -uall [32ms]
2025-11-19 23:06:46.650 [info] > git for-each-ref --sort -committerdate --format %(refname)%00%(objectname)%00%(*objectname) [4ms]
2025-11-19 23:07:43.785 [info] > git ls-files --stage -- public/styles.css [34ms]
2025-11-19 23:07:43.804 [info] > git config --get commit.template [73ms]
2025-11-19 23:07:43.825 [info] > git ls-tree -l HEAD -- public/styles.css [43ms]
2025-11-19 23:07:43.831 [info] > git for-each-ref --format=%(refname)%00%(upstream:short)%00%(objectname)%00%(upstream:track)%00%(upstream:remotename)%00%(upstream:remoteref) refs/heads/main refs/remotes/main [7ms]
2025-11-19 23:07:43.831 [info] > git cat-file -s 7a5e4ff4f18132dbc80552d5abb7490c304f9615 [28ms]
2025-11-19 23:07:43.955 [info] > git status -z -uall [68ms]
2025-11-19 23:07:43.955 [info] > git for-each-ref --sort -committerdate --format %(refname)%00%(objectname)%00%(*objectname) [28ms]
2025-11-19 23:07:44.056 [info] > git show --textconv HEAD:public/styles.css [101ms]
2025-11-19 23:07:44.057 [info] > git show --textconv :public/styles.css [3ms]
2025-11-19 23:07:44.057 [info] > git merge-base refs/heads/main refs/remotes/origin/main [35ms]
2025-11-19 23:07:44.081 [info] > git blame --root --incremental 8d2b48cf4e2f9c66d99dbb6b90adb2fb15ce4b8f -- public/styles.css [88ms]
2025-11-19 23:07:44.085 [info] > git diff --name-status -z --diff-filter=ADMR --find-renames=50% 8d2b48cf4e2f9c66d99dbb6b90adb2fb15ce4b8f...refs/remotes/origin/main -- [10ms]
2025-11-19 23:08:09.036 [info] > git config --get commit.template [18ms]
2025-11-19 23:08:09.040 [info] > git for-each-ref --format=%(refname)%00%(upstream:short)%00%(objectname)%00%(upstream:track)%00%(upstream:remotename)%00%(upstream:remoteref) refs/heads/main refs/remotes/main [5ms]
2025-11-19 23:08:09.074 [info] > git status -z -uall [21ms]
2025-11-19 23:08:09.077 [info] > git for-each-ref --sort -committerdate --format %(refname)%00%(objectname)%00%(*objectname) [4ms]
2025-11-19 23:09:18.366 [info] > git check-ignore -v -z --stdin [29ms]
2025-11-19 23:10:16.495 [info] > git show --textconv :public/styles.css [151ms]
2025-11-19 23:10:16.499 [info] > git ls-files --stage -- public/styles.css [18ms]
2025-11-19 23:10:16.619 [info] > git cat-file -s 7a5e4ff4f18132dbc80552d5abb7490c304f9615 [33ms]
2025-11-19 23:10:21.038 [info] > git show --textconv :public/styles.css [30ms]
2025-11-19 23:10:21.040 [info] > git ls-files --stage -- public/styles.css [3ms]
2025-11-19 23:10:21.062 [info] > git cat-file -s 7a5e4ff4f18132dbc80552d5abb7490c304f9615 [2ms]
2025-11-19 23:10:26.843 [info] > git show --textconv :public/styles.css [26ms]
2025-11-19 23:10:26.849 [info] > git ls-files --stage -- public/styles.css [7ms]
2025-11-19 23:10:26.868 [info] > git cat-file -s 7a5e4ff4f18132dbc80552d5abb7490c304f9615 [2ms]
2025-11-19 23:10:34.649 [info] > git show --textconv :public/styles.css [168ms]
2025-11-19 23:10:34.667 [info] > git ls-files --stage -- public/styles.css [19ms]
2025-11-19 23:10:34.691 [info] > git cat-file -s 7a5e4ff4f18132dbc80552d5abb7490c304f9615 [1ms]
2025-11-19 23:10:44.133 [info] > git show --textconv :public/styles.css [109ms]
2025-11-19 23:10:44.133 [info] > git ls-files --stage -- public/styles.css [6ms]
2025-11-19 23:10:44.157 [info] > git cat-file -s 7a5e4ff4f18132dbc80552d5abb7490c304f9615 [3ms]
