2025-11-18 21:37:42.293 [info] Reading sessions from keychain...
2025-11-18 21:37:42.293 [info] Got stored sessions!
2025-11-18 21:37:42.293 [info] Got 1 verified sessions.
2025-11-18 21:37:42.293 [info] Getting sessions for all scopes...
2025-11-18 21:37:42.293 [info] Got 1 sessions for ...
2025-11-18 21:37:42.293 [info] Getting sessions for all scopes...
2025-11-18 21:37:42.293 [info] Got 1 sessions for ...
2025-11-18 21:37:42.293 [info] Getting sessions for all scopes...
2025-11-18 21:37:42.293 [info] Got 1 sessions for ...
2025-11-18 21:37:42.293 [info] Getting sessions for all scopes...
2025-11-18 21:37:42.293 [info] Got 1 sessions for ...
2025-11-18 21:37:42.293 [info] Getting sessions for all scopes...
2025-11-18 21:37:42.293 [info] Got 1 sessions for ...
2025-11-18 21:37:42.293 [info] Getting sessions for all scopes...
2025-11-18 21:37:42.293 [info] Got 1 sessions for ...
2025-11-18 21:37:42.293 [info] Getting sessions for all scopes...
2025-11-18 21:37:42.293 [info] Got 1 sessions for ...
2025-11-18 21:37:42.293 [info] Getting sessions for all scopes...
2025-11-18 21:37:42.293 [info] Got 1 sessions for ...
2025-11-18 21:37:42.293 [info] Getting sessions for all scopes...
2025-11-18 21:37:42.293 [info] Got 1 sessions for ...
2025-11-18 21:37:42.293 [info] Getting sessions for all scopes...
2025-11-18 21:37:42.293 [info] Got 1 sessions for ...
2025-11-18 21:37:42.293 [info] Getting sessions for all scopes...
2025-11-18 21:37:42.293 [info] Got 1 sessions for ...
2025-11-18 21:37:42.293 [info] Getting sessions for all scopes...
2025-11-18 21:37:42.293 [info] Got 1 sessions for ...
2025-11-18 21:37:42.293 [info] Getting sessions for all scopes...
2025-11-18 21:37:42.293 [info] Got 1 sessions for ...
2025-11-18 21:37:42.293 [info] Getting sessions for all scopes...
2025-11-18 21:37:42.293 [info] Got 1 sessions for ...
2025-11-18 21:37:42.293 [info] Getting sessions for all scopes...
2025-11-18 21:37:42.293 [info] Got 1 sessions for ...
2025-11-18 21:37:42.293 [info] Getting sessions for all scopes...
2025-11-18 21:37:42.293 [info] Got 1 sessions for ...
2025-11-18 21:37:42.293 [info] Getting sessions for all scopes...
2025-11-18 21:37:42.293 [info] Got 1 sessions for ...
2025-11-18 21:37:42.293 [info] Getting sessions for all scopes...
2025-11-18 21:37:42.293 [info] Got 1 sessions for ...
2025-11-18 21:37:42.293 [info] Getting sessions for read:user,repo,user:email,workflow...
2025-11-18 21:37:42.293 [info] Got 0 sessions for read:user,repo,user:email,workflow...
2025-11-18 21:37:42.318 [info] Getting sessions for user:email...
2025-11-18 21:37:42.318 [info] Got 1 sessions for user:email...
2025-11-18 21:37:42.318 [info] Getting sessions for read:user,repo,user:email,workflow...
2025-11-18 21:37:42.318 [info] Got 0 sessions for read:user,repo,user:email,workflow...
2025-11-18 21:37:42.346 [info] Getting sessions for all scopes...
2025-11-18 21:37:42.346 [info] Got 1 sessions for ...
2025-11-18 21:37:44.641 [info] Getting sessions for read:user,repo,user:email,workflow...
2025-11-18 21:37:44.641 [info] Got 0 sessions for read:user,repo,user:email,workflow...
2025-11-18 21:37:44.794 [info] Getting sessions for all scopes...
2025-11-18 21:37:44.794 [info] Got 1 sessions for ...
2025-11-18 21:37:44.795 [info] Getting sessions for all scopes...
2025-11-18 21:37:44.795 [info] Got 1 sessions for ...
2025-11-18 21:37:44.795 [info] Getting sessions for user:email...
2025-11-18 21:37:44.795 [info] Got 1 sessions for user:email...
2025-11-18 21:37:45.133 [info] Getting sessions for read:user,repo,user:email,workflow...
2025-11-18 21:37:45.134 [info] Got 0 sessions for read:user,repo,user:email,workflow...
2025-11-18 21:37:45.528 [info] Getting sessions for all scopes...
2025-11-18 21:37:45.528 [info] Got 1 sessions for ...
2025-11-18 21:37:45.534 [info] Getting sessions for all scopes...
2025-11-18 21:37:45.534 [info] Got 1 sessions for ...
2025-11-18 21:37:45.534 [info] Getting sessions for read:user,repo,user:email,workflow...
2025-11-18 21:37:45.534 [info] Got 0 sessions for read:user,repo,user:email,workflow...
2025-11-18 21:37:45.535 [info] Getting sessions for user:email...
2025-11-18 21:37:45.535 [info] Got 1 sessions for user:email...
2025-11-18 21:37:45.535 [info] Getting sessions for read:user,repo,user:email,workflow...
2025-11-18 21:37:45.535 [info] Got 0 sessions for read:user,repo,user:email,workflow...
2025-11-18 21:37:45.548 [info] Getting sessions for read:user...
2025-11-18 21:37:45.548 [info] Got 0 sessions for read:user...
2025-11-18 21:37:45.734 [info] FetcherService: Electron fetch failed with status: 429 
2025-11-18 21:37:45.964 [info] Getting sessions for user:email...
2025-11-18 21:37:45.964 [info] Got 1 sessions for user:email...
2025-11-18 21:37:46.957 [info] FetcherService: Node fetch failed with status: 429 Too Many Requests
2025-11-18 21:37:47.889 [info] FetcherService: Node http/s failed with status: 429 Too Many Requests
2025-11-18 21:37:50.720 [info] Getting sessions for all scopes...
2025-11-18 21:37:50.720 [info] Got 1 sessions for ...
2025-11-18 21:37:50.721 [info] Getting sessions for all scopes...
2025-11-18 21:37:50.721 [info] Got 1 sessions for ...
2025-11-18 21:37:50.748 [info] Getting sessions for read:user,repo,user:email,workflow...
2025-11-18 21:37:50.748 [info] Got 0 sessions for read:user,repo,user:email,workflow...
2025-11-18 21:37:50.751 [info] Getting sessions for user:email...
2025-11-18 21:37:50.751 [info] Got 1 sessions for user:email...
2025-11-18 21:37:50.752 [info] Getting sessions for read:user,repo,user:email,workflow...
2025-11-18 21:37:50.752 [info] Got 0 sessions for read:user,repo,user:email,workflow...
2025-11-18 21:37:50.831 [info] Getting sessions for all scopes...
2025-11-18 21:37:50.831 [info] Got 1 sessions for ...
2025-11-18 21:37:50.834 [info] Getting sessions for all scopes...
2025-11-18 21:37:50.834 [info] Got 1 sessions for ...
2025-11-18 21:37:50.837 [info] Getting sessions for all scopes...
2025-11-18 21:37:50.837 [info] Got 1 sessions for ...
2025-11-18 21:37:50.838 [info] Getting sessions for all scopes...
2025-11-18 21:37:50.838 [info] Got 1 sessions for ...
2025-11-18 21:37:50.841 [info] Getting sessions for read:user,repo,user:email,workflow...
2025-11-18 21:37:50.841 [info] Got 0 sessions for read:user,repo,user:email,workflow...
2025-11-18 21:37:50.842 [info] Getting sessions for user:email...
2025-11-18 21:37:50.842 [info] Got 1 sessions for user:email...
2025-11-18 21:37:50.842 [info] Getting sessions for read:user,repo,user:email,workflow...
2025-11-18 21:37:50.842 [info] Got 0 sessions for read:user,repo,user:email,workflow...
2025-11-18 21:37:50.844 [info] Getting sessions for all scopes...
2025-11-18 21:37:50.844 [info] Got 1 sessions for ...
2025-11-18 21:37:50.845 [info] Getting sessions for read:user,repo,user:email,workflow...
2025-11-18 21:37:50.845 [info] Got 0 sessions for read:user,repo,user:email,workflow...
2025-11-18 21:37:50.847 [info] Getting sessions for user:email...
2025-11-18 21:37:50.847 [info] Got 1 sessions for user:email...
2025-11-18 21:38:36.309 [info] Reading sessions from keychain...
2025-11-18 21:38:36.309 [info] Getting sessions for all scopes...
2025-11-18 21:38:36.309 [info] Got stored sessions!
2025-11-18 21:38:36.309 [info] Got 1 verified sessions.
2025-11-18 21:38:36.309 [info] Got 1 sessions for ...
2025-11-18 21:38:36.309 [info] Getting sessions for all scopes...
2025-11-18 21:38:36.309 [info] Got 1 sessions for ...
2025-11-18 21:38:36.309 [info] Getting sessions for all scopes...
2025-11-18 21:38:36.309 [info] Got 1 sessions for ...
2025-11-18 21:38:36.309 [info] Getting sessions for all scopes...
2025-11-18 21:38:36.309 [info] Got 1 sessions for ...
2025-11-18 21:38:36.309 [info] Getting sessions for all scopes...
2025-11-18 21:38:36.309 [info] Got 1 sessions for ...
2025-11-18 21:38:36.309 [info] Getting sessions for all scopes...
2025-11-18 21:38:36.310 [info] Got 1 sessions for ...
2025-11-18 21:38:36.310 [info] Getting sessions for all scopes...
2025-11-18 21:38:36.310 [info] Got 1 sessions for ...
2025-11-18 21:38:36.310 [info] Getting sessions for all scopes...
2025-11-18 21:38:36.310 [info] Got 1 sessions for ...
2025-11-18 21:38:36.310 [info] Getting sessions for all scopes...
2025-11-18 21:38:36.310 [info] Got 1 sessions for ...
2025-11-18 21:38:36.310 [info] Getting sessions for all scopes...
2025-11-18 21:38:36.310 [info] Got 1 sessions for ...
2025-11-18 21:38:36.310 [info] Getting sessions for all scopes...
2025-11-18 21:38:36.310 [info] Got 1 sessions for ...
2025-11-18 21:38:36.310 [info] Getting sessions for all scopes...
2025-11-18 21:38:36.310 [info] Got 1 sessions for ...
2025-11-18 21:38:36.310 [info] Getting sessions for all scopes...
2025-11-18 21:38:36.310 [info] Got 1 sessions for ...
2025-11-18 21:38:36.310 [info] Getting sessions for all scopes...
2025-11-18 21:38:36.310 [info] Got 1 sessions for ...
2025-11-18 21:38:36.310 [info] Getting sessions for all scopes...
2025-11-18 21:38:36.310 [info] Got 1 sessions for ...
2025-11-18 21:38:36.310 [info] Getting sessions for all scopes...
2025-11-18 21:38:36.310 [info] Got 1 sessions for ...
2025-11-18 21:38:36.310 [info] Getting sessions for all scopes...
2025-11-18 21:38:36.310 [info] Got 1 sessions for ...
2025-11-18 21:38:36.310 [info] Getting sessions for all scopes...
2025-11-18 21:38:36.310 [info] Got 1 sessions for ...
2025-11-18 21:38:36.361 [info] Getting sessions for read:user,repo,user:email,workflow...
2025-11-18 21:38:36.361 [info] Got 0 sessions for read:user,repo,user:email,workflow...
2025-11-18 21:38:39.696 [info] Getting sessions for user:email...
2025-11-18 21:38:39.696 [info] Got 1 sessions for user:email...
2025-11-18 21:38:39.697 [info] Getting sessions for read:user,repo,user:email,workflow...
2025-11-18 21:38:39.697 [info] Got 0 sessions for read:user,repo,user:email,workflow...
2025-11-18 21:38:39.853 [info] Getting sessions for all scopes...
2025-11-18 21:38:39.853 [info] Got 1 sessions for ...
2025-11-18 21:38:40.246 [info] FetcherService: Electron fetch failed with status: 429 
2025-11-18 21:38:40.571 [info] Getting sessions for read:user,repo,user:email,workflow...
2025-11-18 21:38:40.571 [info] Got 0 sessions for read:user,repo,user:email,workflow...
2025-11-18 21:38:40.627 [info] Getting sessions for all scopes...
2025-11-18 21:38:40.627 [info] Got 1 sessions for ...
2025-11-18 21:38:40.633 [info] Getting sessions for all scopes...
2025-11-18 21:38:40.633 [info] Got 1 sessions for ...
2025-11-18 21:38:40.633 [info] Getting sessions for read:user,repo,user:email,workflow...
2025-11-18 21:38:40.633 [info] Got 0 sessions for read:user,repo,user:email,workflow...
2025-11-18 21:38:40.634 [info] Getting sessions for user:email...
2025-11-18 21:38:40.634 [info] Got 1 sessions for user:email...
2025-11-18 21:38:40.661 [info] Getting sessions for read:user...
2025-11-18 21:38:40.661 [info] Got 0 sessions for read:user...
2025-11-18 21:38:40.664 [info] Getting sessions for read:user,repo,user:email,workflow...
2025-11-18 21:38:40.664 [info] Got 0 sessions for read:user,repo,user:email,workflow...
2025-11-18 21:38:40.665 [info] Getting sessions for user:email...
2025-11-18 21:38:40.665 [info] Got 1 sessions for user:email...
2025-11-18 21:38:41.149 [info] Getting sessions for all scopes...
2025-11-18 21:38:41.149 [info] Got 1 sessions for ...
2025-11-18 21:38:41.150 [info] Getting sessions for all scopes...
2025-11-18 21:38:41.150 [info] Got 1 sessions for ...
2025-11-18 21:38:41.182 [info] Getting sessions for read:user,repo,user:email,workflow...
2025-11-18 21:38:41.182 [info] Got 0 sessions for read:user,repo,user:email,workflow...
2025-11-18 21:38:41.183 [info] Getting sessions for user:email...
2025-11-18 21:38:41.183 [info] Got 1 sessions for user:email...
2025-11-18 21:38:41.184 [info] Getting sessions for read:user,repo,user:email,workflow...
2025-11-18 21:38:41.184 [info] Got 0 sessions for read:user,repo,user:email,workflow...
2025-11-18 21:38:41.281 [info] Getting sessions for all scopes...
2025-11-18 21:38:41.281 [info] Got 1 sessions for ...
2025-11-18 21:38:41.306 [info] Getting sessions for all scopes...
2025-11-18 21:38:41.307 [info] Got 1 sessions for ...
2025-11-18 21:38:41.307 [info] Getting sessions for all scopes...
2025-11-18 21:38:41.307 [info] Got 1 sessions for ...
2025-11-18 21:38:41.312 [info] Getting sessions for all scopes...
2025-11-18 21:38:41.312 [info] Got 1 sessions for ...
2025-11-18 21:38:41.318 [info] Getting sessions for read:user,repo,user:email,workflow...
2025-11-18 21:38:41.318 [info] Got 0 sessions for read:user,repo,user:email,workflow...
2025-11-18 21:38:41.321 [info] Getting sessions for user:email...
2025-11-18 21:38:41.321 [info] Got 1 sessions for user:email...
2025-11-18 21:38:41.321 [info] Getting sessions for read:user,repo,user:email,workflow...
2025-11-18 21:38:41.321 [info] Got 0 sessions for read:user,repo,user:email,workflow...
2025-11-18 21:38:41.758 [info] FetcherService: Node fetch failed with status: 429 Too Many Requests
2025-11-18 21:38:42.715 [info] FetcherService: Node http/s failed with status: 429 Too Many Requests
2025-11-18 21:38:44.726 [info] Getting sessions for all scopes...
2025-11-18 21:38:44.726 [info] Got 1 sessions for ...
2025-11-18 21:38:44.745 [info] Getting sessions for read:user,repo,user:email,workflow...
2025-11-18 21:38:44.745 [info] Got 0 sessions for read:user,repo,user:email,workflow...
2025-11-18 21:38:44.747 [info] Getting sessions for read:user,repo,user:email,workflow...
2025-11-18 21:38:44.747 [info] Got 0 sessions for read:user,repo,user:email,workflow...
2025-11-18 21:38:44.751 [info] Getting sessions for all scopes...
2025-11-18 21:38:44.751 [info] Got 1 sessions for ...
2025-11-18 21:38:44.756 [info] Getting sessions for read:user,repo,user:email,workflow...
2025-11-18 21:38:44.757 [info] Got 0 sessions for read:user,repo,user:email,workflow...
2025-11-18 21:38:44.761 [info] Getting sessions for user:email...
2025-11-18 21:38:44.761 [info] Got 1 sessions for user:email...
2025-11-18 21:40:17.334 [info] Getting sessions for all scopes...
2025-11-18 21:40:17.334 [info] Got 1 sessions for ...
2025-11-18 21:40:17.483 [info] Getting sessions for read:user,repo,user:email,workflow...
2025-11-18 21:40:17.483 [info] Got 0 sessions for read:user,repo,user:email,workflow...
2025-11-18 21:40:17.493 [info] Getting sessions for read:user,repo,user:email,workflow...
2025-11-18 21:40:17.493 [info] Got 0 sessions for read:user,repo,user:email,workflow...
2025-11-18 21:40:17.540 [info] Getting sessions for all scopes...
2025-11-18 21:40:17.540 [info] Got 1 sessions for ...
2025-11-18 21:40:17.545 [info] Getting sessions for read:user,repo,user:email,workflow...
2025-11-18 21:40:17.545 [info] Got 0 sessions for read:user,repo,user:email,workflow...
2025-11-18 21:40:17.550 [info] Getting sessions for user:email...
2025-11-18 21:40:17.550 [info] Got 1 sessions for user:email...
2025-11-18 21:40:19.068 [info] Getting sessions for all scopes...
2025-11-18 21:40:19.068 [info] Got 1 sessions for ...
2025-11-18 21:40:19.191 [info] Getting sessions for read:user,repo,user:email,workflow...
2025-11-18 21:40:19.192 [info] Got 0 sessions for read:user,repo,user:email,workflow...
2025-11-18 21:40:19.194 [info] Getting sessions for all scopes...
2025-11-18 21:40:19.194 [info] Got 1 sessions for ...
2025-11-18 21:40:19.207 [info] Getting sessions for user:email...
2025-11-18 21:40:19.207 [info] Got 1 sessions for user:email...
2025-11-18 21:40:19.208 [info] Getting sessions for read:user,repo,user:email,workflow...
2025-11-18 21:40:19.208 [info] Got 0 sessions for read:user,repo,user:email,workflow...
2025-11-18 21:40:19.219 [info] Getting sessions for read:user,repo,user:email,workflow...
2025-11-18 21:40:19.219 [info] Got 0 sessions for read:user,repo,user:email,workflow...
2025-11-18 21:40:19.225 [info] Getting sessions for all scopes...
2025-11-18 21:40:19.225 [info] Got 1 sessions for ...
2025-11-18 21:40:19.234 [info] Getting sessions for read:user,repo,user:email,workflow...
2025-11-18 21:40:19.234 [info] Got 0 sessions for read:user,repo,user:email,workflow...
2025-11-18 21:40:19.239 [info] Getting sessions for user:email...
2025-11-18 21:40:19.240 [info] Got 1 sessions for user:email...
2025-11-18 21:40:19.703 [info] Getting sessions for all scopes...
2025-11-18 21:40:19.703 [info] Got 1 sessions for ...
2025-11-18 21:40:19.709 [info] Getting sessions for read:user,repo,user:email,workflow...
2025-11-18 21:40:19.709 [info] Got 0 sessions for read:user,repo,user:email,workflow...
2025-11-18 21:40:19.714 [info] Getting sessions for read:user,repo,user:email,workflow...
2025-11-18 21:40:19.714 [info] Got 0 sessions for read:user,repo,user:email,workflow...
2025-11-18 21:40:19.721 [info] Getting sessions for all scopes...
2025-11-18 21:40:19.721 [info] Got 1 sessions for ...
2025-11-18 21:40:19.726 [info] Getting sessions for read:user,repo,user:email,workflow...
2025-11-18 21:40:19.726 [info] Got 0 sessions for read:user,repo,user:email,workflow...
2025-11-18 21:40:19.731 [info] Getting sessions for user:email...
2025-11-18 21:40:19.731 [info] Got 1 sessions for user:email...
2025-11-18 21:40:20.204 [info] Getting sessions for all scopes...
2025-11-18 21:40:20.204 [info] Got 1 sessions for ...
2025-11-18 21:40:20.205 [info] Getting sessions for all scopes...
2025-11-18 21:40:20.205 [info] Got 1 sessions for ...
2025-11-18 21:40:20.207 [info] Getting sessions for read:user,repo,user:email,workflow...
2025-11-18 21:40:20.207 [info] Got 0 sessions for read:user,repo,user:email,workflow...
2025-11-18 21:40:20.209 [info] Getting sessions for user:email...
2025-11-18 21:40:20.209 [info] Got 1 sessions for user:email...
