2025-11-18 21:58:33.138 [info] [main] Log level: Info
2025-11-18 21:58:33.138 [info] [main] Validating found git in: "git"
2025-11-18 21:58:33.138 [info] [main] Using git "2.47.3" from "git"
2025-11-18 21:58:33.138 [info] [Model][doInitialScan] Initial repository scan started
2025-11-18 21:58:33.138 [info] > git rev-parse --show-toplevel [97ms]
2025-11-18 21:58:33.145 [info] > git rev-parse --git-dir --git-common-dir --show-superproject-working-tree [19ms]
2025-11-18 21:58:33.192 [info] [Model][openRepository] Opened repository (path): /home/trang/localnsv/mAIware-server
2025-11-18 21:58:33.192 [info] [Model][openRepository] Opened repository (real path): /home/trang/localnsv/mAIware-server
2025-11-18 21:58:33.192 [info] [Model][openRepository] Opened repository (kind): repository
2025-11-18 21:58:37.594 [info] > git rev-parse --show-toplevel [4317ms]
2025-11-18 21:58:37.597 [info] > git config --get commit.template [4331ms]
2025-11-18 21:58:38.017 [info] > git rev-parse --show-toplevel [243ms]
2025-11-18 21:58:38.021 [info] [Model][doInitialScan] Initial repository scan completed - repositories (1), closed repositories (0), parent repositories (0), unsafe repositories (0)
2025-11-18 21:58:38.066 [info] > git for-each-ref --format=%(refname)%00%(upstream:short)%00%(objectname)%00%(upstream:track)%00%(upstream:remotename)%00%(upstream:remoteref) refs/heads/main refs/remotes/main [143ms]
2025-11-18 21:58:38.676 [info] > git show --textconv :public/dashboard.html [558ms]
2025-11-18 21:58:38.789 [info] > git ls-files --stage -- public/dashboard.html [649ms]
2025-11-18 21:58:39.519 [info] > git check-ignore -v -z --stdin [824ms]
2025-11-18 21:58:39.521 [info] > git cat-file -s 731ea8724aa4b36f75fdb75999237141e4f97180 [718ms]
2025-11-18 21:58:39.618 [info] > git status -z -uall [66ms]
2025-11-18 21:58:39.619 [info] > git for-each-ref --sort -committerdate --format %(refname)%00%(objectname)%00%(*objectname) [26ms]
2025-11-18 21:58:39.716 [info] > git for-each-ref --format=%(refname)%00%(upstream:short)%00%(objectname)%00%(upstream:track)%00%(upstream:remotename)%00%(upstream:remoteref) refs/heads/main refs/remotes/main [39ms]
2025-11-18 21:58:39.764 [info] > git config --get --local branch.main.vscode-merge-base [33ms]
2025-11-18 21:58:39.764 [warning] [Git][config] git config failed: Failed to execute git
2025-11-18 21:58:39.785 [info] > git config --get commit.template [72ms]
2025-11-18 21:58:40.115 [info] > git reflog main --grep-reflog=branch: Created from *. [330ms]
2025-11-18 21:58:40.185 [info] > git symbolic-ref --short refs/remotes/origin/HEAD [53ms]
2025-11-18 21:58:40.260 [info] > git for-each-ref --format=%(refname)%00%(upstream:short)%00%(objectname)%00%(upstream:track)%00%(upstream:remotename)%00%(upstream:remoteref) refs/heads/origin/main refs/remotes/origin/main [27ms]
2025-11-18 21:58:40.273 [info] > git for-each-ref --format=%(refname)%00%(upstream:short)%00%(objectname)%00%(upstream:track)%00%(upstream:remotename)%00%(upstream:remoteref) refs/heads/main refs/remotes/main [93ms]
2025-11-18 21:58:40.301 [info] > git config --add --local branch.main.vscode-merge-base origin/main [27ms]
2025-11-18 21:58:40.635 [info] > git blame --root --incremental a7ce89f17d50eadefad4dce54e4be94da975168c -- public/dashboard.html [339ms]
2025-11-18 21:58:40.770 [info] > git config --get commit.template [451ms]
2025-11-18 21:58:41.099 [info] > git for-each-ref --format=%(refname)%00%(upstream:short)%00%(objectname)%00%(upstream:track)%00%(upstream:remotename)%00%(upstream:remoteref) refs/heads/main refs/remotes/main [264ms]
2025-11-18 21:58:41.231 [info] > git status -z -uall [15ms]
2025-11-18 21:58:41.231 [info] > git for-each-ref --sort -committerdate --format %(refname)%00%(objectname)%00%(*objectname) [3ms]
2025-11-18 21:58:41.265 [info] > git merge-base refs/heads/main refs/remotes/origin/main [16ms]
2025-11-18 21:58:41.405 [info] > git merge-base refs/heads/main refs/remotes/origin/main [144ms]
2025-11-18 21:58:41.448 [info] > git diff --name-status -z --diff-filter=ADMR --find-renames=50% a7ce89f17d50eadefad4dce54e4be94da975168c...refs/remotes/origin/main -- [24ms]
2025-11-18 21:58:41.449 [info] > git diff --name-status -z --diff-filter=ADMR --find-renames=50% a7ce89f17d50eadefad4dce54e4be94da975168c...refs/remotes/origin/main -- [172ms]
2025-11-18 21:58:41.927 [info] > git ls-files --stage -- public/dashboard.html [7ms]
2025-11-18 21:58:41.959 [info] > git cat-file -s 731ea8724aa4b36f75fdb75999237141e4f97180 [4ms]
2025-11-18 21:58:41.981 [info] > git show --textconv :public/dashboard.html [4ms]
2025-11-18 21:59:09.330 [info] > git config --get commit.template [12ms]
2025-11-18 21:59:09.350 [info] > git for-each-ref --format=%(refname)%00%(upstream:short)%00%(objectname)%00%(upstream:track)%00%(upstream:remotename)%00%(upstream:remoteref) refs/heads/main refs/remotes/main [5ms]
2025-11-18 21:59:09.416 [info] > git status -z -uall [29ms]
2025-11-18 21:59:09.416 [info] > git for-each-ref --sort -committerdate --format %(refname)%00%(objectname)%00%(*objectname) [14ms]
2025-11-18 22:00:32.740 [info] > git for-each-ref --format=%(refname)%00%(upstream:short)%00%(objectname)%00%(upstream:track)%00%(upstream:remotename)%00%(upstream:remoteref) refs/heads/main refs/remotes/main [3ms]
2025-11-18 22:00:32.741 [info] > git config --get commit.template [18ms]
2025-11-18 22:00:32.774 [info] > git status -z -uall [16ms]
2025-11-18 22:00:32.776 [info] > git for-each-ref --sort -committerdate --format %(refname)%00%(objectname)%00%(*objectname) [4ms]
2025-11-18 22:05:16.016 [info] > git config --get commit.template [21ms]
2025-11-18 22:05:16.017 [info] > git for-each-ref --format=%(refname)%00%(upstream:short)%00%(objectname)%00%(upstream:track)%00%(upstream:remotename)%00%(upstream:remoteref) refs/heads/main refs/remotes/main [3ms]
2025-11-18 22:05:16.044 [info] > git status -z -uall [14ms]
2025-11-18 22:05:16.045 [info] > git for-each-ref --sort -committerdate --format %(refname)%00%(objectname)%00%(*objectname) [2ms]
2025-11-18 22:05:25.665 [info] > git config --get commit.template [20ms]
2025-11-18 22:05:25.666 [info] > git for-each-ref --format=%(refname)%00%(upstream:short)%00%(objectname)%00%(upstream:track)%00%(upstream:remotename)%00%(upstream:remoteref) refs/heads/main refs/remotes/main [4ms]
2025-11-18 22:05:25.701 [info] > git status -z -uall [17ms]
2025-11-18 22:05:25.703 [info] > git for-each-ref --sort -committerdate --format %(refname)%00%(objectname)%00%(*objectname) [3ms]
2025-11-18 22:07:25.759 [info] > git show --textconv :public/styles.css [19ms]
2025-11-18 22:07:25.763 [info] > git ls-files --stage -- public/styles.css [7ms]
2025-11-18 22:07:25.783 [info] > git cat-file -s 8645e394d1439f139ae21c0a8513917ab5b46711 [2ms]
2025-11-18 22:07:25.930 [info] > git blame --root --incremental a7ce89f17d50eadefad4dce54e4be94da975168c -- public/styles.css [8ms]
2025-11-18 22:07:26.595 [info] > git config --get commit.template [19ms]
2025-11-18 22:07:26.597 [info] > git for-each-ref --format=%(refname)%00%(upstream:short)%00%(objectname)%00%(upstream:track)%00%(upstream:remotename)%00%(upstream:remoteref) refs/heads/main refs/remotes/main [3ms]
2025-11-18 22:07:26.630 [info] > git status -z -uall [16ms]
2025-11-18 22:07:26.631 [info] > git for-each-ref --sort -committerdate --format %(refname)%00%(objectname)%00%(*objectname) [2ms]
2025-11-18 22:08:31.859 [info] > git config --get commit.template [20ms]
2025-11-18 22:08:31.861 [info] > git for-each-ref --format=%(refname)%00%(upstream:short)%00%(objectname)%00%(upstream:track)%00%(upstream:remotename)%00%(upstream:remoteref) refs/heads/main refs/remotes/main [3ms]
2025-11-18 22:08:31.888 [info] > git status -z -uall [13ms]
2025-11-18 22:08:31.891 [info] > git for-each-ref --sort -committerdate --format %(refname)%00%(objectname)%00%(*objectname) [4ms]
2025-11-18 22:08:40.179 [info] > git config --get commit.template [18ms]
2025-11-18 22:08:40.181 [info] > git for-each-ref --format=%(refname)%00%(upstream:short)%00%(objectname)%00%(upstream:track)%00%(upstream:remotename)%00%(upstream:remoteref) refs/heads/main refs/remotes/main [2ms]
2025-11-18 22:08:40.208 [info] > git status -z -uall [14ms]
2025-11-18 22:08:40.210 [info] > git for-each-ref --sort -committerdate --format %(refname)%00%(objectname)%00%(*objectname) [2ms]
2025-11-18 22:15:42.019 [info] > git config --get commit.template [23ms]
2025-11-18 22:15:42.020 [info] > git for-each-ref --format=%(refname)%00%(upstream:short)%00%(objectname)%00%(upstream:track)%00%(upstream:remotename)%00%(upstream:remoteref) refs/heads/main refs/remotes/main [2ms]
2025-11-18 22:15:42.051 [info] > git status -z -uall [15ms]
2025-11-18 22:15:42.052 [info] > git for-each-ref --sort -committerdate --format %(refname)%00%(objectname)%00%(*objectname) [2ms]
