2025-11-19 23:44:12.377 [info] [main] Log level: Info
2025-11-19 23:44:12.377 [info] [main] Validating found git in: "git"
2025-11-19 23:44:12.377 [info] [main] Using git "2.47.3" from "git"
2025-11-19 23:44:12.377 [info] [Model][doInitialScan] Initial repository scan started
2025-11-19 23:44:12.377 [info] > git rev-parse --show-toplevel [22ms]
2025-11-19 23:44:12.377 [info] > git rev-parse --git-dir --git-common-dir --show-superproject-working-tree [12ms]
2025-11-19 23:44:12.377 [info] [Model][openRepository] Opened repository (path): /home/trang/localnsv/mAIware-server
2025-11-19 23:44:12.377 [info] [Model][openRepository] Opened repository (real path): /home/trang/localnsv/mAIware-server
2025-11-19 23:44:12.377 [info] [Model][openRepository] Opened repository (kind): repository
2025-11-19 23:44:12.377 [info] > git rev-parse --show-toplevel [158ms]
2025-11-19 23:44:12.377 [info] > git config --get commit.template [177ms]
2025-11-19 23:44:12.522 [info] > git rev-parse --show-toplevel [2968ms]
2025-11-19 23:44:12.525 [info] [Model][doInitialScan] Initial repository scan completed - repositories (1), closed repositories (0), parent repositories (0), unsafe repositories (0)
2025-11-19 23:44:12.687 [info] > git for-each-ref --format=%(refname)%00%(upstream:short)%00%(objectname)%00%(upstream:track)%00%(upstream:remotename)%00%(upstream:remoteref) refs/heads/main refs/remotes/main [311ms]
2025-11-19 23:44:12.837 [info] > git check-ignore -v -z --stdin [295ms]
2025-11-19 23:44:13.255 [info] > git show --textconv :public/styles.css [260ms]
2025-11-19 23:44:13.255 [info] > git ls-files --stage -- public/styles.css [246ms]
2025-11-19 23:44:13.291 [info] > git status -z -uall [9ms]
2025-11-19 23:44:13.295 [info] > git cat-file -s d87986aeb19cdc3290b9abeff9eb6b1b2cbb55fc [31ms]
2025-11-19 23:44:14.126 [info] > git for-each-ref --sort -committerdate --format %(refname)%00%(objectname)%00%(*objectname) [836ms]
2025-11-19 23:44:14.285 [info] > git for-each-ref --format=%(refname)%00%(upstream:short)%00%(objectname)%00%(upstream:track)%00%(upstream:remotename)%00%(upstream:remoteref) refs/heads/main refs/remotes/main [75ms]
2025-11-19 23:44:14.345 [info] > git config --get --local branch.main.vscode-merge-base [31ms]
2025-11-19 23:44:14.369 [info] > git config --get commit.template [85ms]
2025-11-19 23:44:14.461 [info] > git for-each-ref --format=%(refname)%00%(upstream:short)%00%(objectname)%00%(upstream:track)%00%(upstream:remotename)%00%(upstream:remoteref) refs/heads/origin/main refs/remotes/origin/main [93ms]
2025-11-19 23:44:14.578 [info] > git merge-base refs/heads/main refs/remotes/origin/main [88ms]
2025-11-19 23:44:14.604 [info] > git for-each-ref --format=%(refname)%00%(upstream:short)%00%(objectname)%00%(upstream:track)%00%(upstream:remotename)%00%(upstream:remoteref) refs/heads/main refs/remotes/main [34ms]
2025-11-19 23:44:14.635 [info] > git diff --name-status -z --diff-filter=ADMR --find-renames=50% 192e9bc3bd9a66d244f01f13626841e70e8f03e6...refs/remotes/origin/main -- [37ms]
2025-11-19 23:44:14.689 [info] > git status -z -uall [26ms]
2025-11-19 23:44:14.699 [info] > git for-each-ref --sort -committerdate --format %(refname)%00%(objectname)%00%(*objectname) [14ms]
2025-11-19 23:44:15.084 [info] > git blame --root --incremental 192e9bc3bd9a66d244f01f13626841e70e8f03e6 -- public/styles.css [451ms]
2025-11-19 23:44:32.572 [info] > git config --get commit.template [34ms]
2025-11-19 23:44:32.590 [info] > git for-each-ref --format=%(refname)%00%(upstream:short)%00%(objectname)%00%(upstream:track)%00%(upstream:remotename)%00%(upstream:remoteref) refs/heads/main refs/remotes/main [6ms]
2025-11-19 23:44:32.637 [info] > git status -z -uall [23ms]
2025-11-19 23:44:32.638 [info] > git for-each-ref --sort -committerdate --format %(refname)%00%(objectname)%00%(*objectname) [6ms]
2025-11-19 23:45:15.863 [info] > git show --textconv :public/dashboard.html [26ms]
2025-11-19 23:45:15.863 [info] > git ls-files --stage -- public/dashboard.html [4ms]
2025-11-19 23:45:15.899 [info] > git cat-file -s ae550f7a698456237067be791136d2de616b1b37 [8ms]
2025-11-19 23:45:16.171 [info] > git blame --root --incremental 192e9bc3bd9a66d244f01f13626841e70e8f03e6 -- public/dashboard.html [119ms]
2025-11-19 23:45:39.509 [info] > git config --get commit.template [16ms]
2025-11-19 23:45:39.509 [info] > git for-each-ref --format=%(refname)%00%(upstream:short)%00%(objectname)%00%(upstream:track)%00%(upstream:remotename)%00%(upstream:remoteref) refs/heads/main refs/remotes/main [1ms]
2025-11-19 23:45:39.533 [info] > git status -z -uall [14ms]
2025-11-19 23:45:39.536 [info] > git for-each-ref --sort -committerdate --format %(refname)%00%(objectname)%00%(*objectname) [3ms]
2025-11-19 23:46:59.133 [info] > git config --get commit.template [1ms]
2025-11-19 23:46:59.146 [info] > git for-each-ref --format=%(refname)%00%(upstream:short)%00%(objectname)%00%(upstream:track)%00%(upstream:remotename)%00%(upstream:remoteref) refs/heads/main refs/remotes/main [1ms]
2025-11-19 23:46:59.166 [info] > git status -z -uall [11ms]
2025-11-19 23:46:59.167 [info] > git for-each-ref --sort -committerdate --format %(refname)%00%(objectname)%00%(*objectname) [2ms]
2025-11-19 23:52:11.777 [info] > git config --get commit.template [5ms]
2025-11-19 23:52:11.799 [info] > git ls-files --stage -- public/dashboard.html [3ms]
2025-11-19 23:52:11.826 [info] > git cat-file -s a6a28717de30653e82d5c627baed427c81dfd6f1 [11ms]
2025-11-19 23:52:11.827 [info] > git for-each-ref --format=%(refname)%00%(upstream:short)%00%(objectname)%00%(upstream:track)%00%(upstream:remotename)%00%(upstream:remoteref) refs/heads/main refs/remotes/main [2ms]
2025-11-19 23:52:11.867 [info] > git show --textconv :public/dashboard.html [26ms]
2025-11-19 23:52:11.867 [info] > git status -z -uall [14ms]
2025-11-19 23:52:11.867 [info] > git for-each-ref --sort -committerdate --format %(refname)%00%(objectname)%00%(*objectname) [1ms]
2025-11-19 23:52:11.922 [info] > git merge-base refs/heads/main refs/remotes/origin/main [13ms]
2025-11-19 23:52:11.942 [info] > git diff --name-status -z --diff-filter=ADMR --find-renames=50% 2f24af2427fbe1476d13c38f1b1be14d38c141d6...refs/remotes/origin/main -- [3ms]
2025-11-19 23:52:11.943 [info] > git blame --root --incremental 2f24af2427fbe1476d13c38f1b1be14d38c141d6 -- public/dashboard.html [53ms]
2025-11-19 23:52:16.934 [info] > git config --get commit.template [2ms]
2025-11-19 23:52:16.953 [info] > git for-each-ref --format=%(refname)%00%(upstream:short)%00%(objectname)%00%(upstream:track)%00%(upstream:remotename)%00%(upstream:remoteref) refs/heads/main refs/remotes/main [0ms]
2025-11-19 23:52:16.979 [info] > git status -z -uall [13ms]
2025-11-19 23:52:16.980 [info] > git for-each-ref --sort -committerdate --format %(refname)%00%(objectname)%00%(*objectname) [3ms]
2025-11-19 23:52:36.925 [info] [main] Log level: Info
2025-11-19 23:52:36.925 [info] [main] Validating found git in: "git"
2025-11-19 23:52:36.925 [info] [main] Using git "2.47.3" from "git"
2025-11-19 23:52:36.925 [info] [Model][doInitialScan] Initial repository scan started
2025-11-19 23:52:36.925 [info] > git rev-parse --show-toplevel [20ms]
2025-11-19 23:52:36.951 [info] > git rev-parse --git-dir --git-common-dir --show-superproject-working-tree [16ms]
2025-11-19 23:52:36.972 [info] [Model][openRepository] Opened repository (path): /home/trang/localnsv/mAIware
2025-11-19 23:52:36.972 [info] [Model][openRepository] Opened repository (real path): /home/trang/localnsv/mAIware
2025-11-19 23:52:36.972 [info] [Model][openRepository] Opened repository (kind): repository
2025-11-19 23:52:37.014 [info] > git rev-parse --show-toplevel [13ms]
2025-11-19 23:52:37.015 [info] > git config --get commit.template [23ms]
2025-11-19 23:52:37.220 [info] > git rev-parse --show-toplevel [195ms]
2025-11-19 23:52:37.222 [info] [Model][doInitialScan] Initial repository scan completed - repositories (1), closed repositories (0), parent repositories (0), unsafe repositories (0)
2025-11-19 23:52:37.233 [info] > git for-each-ref --format=%(refname)%00%(upstream:short)%00%(objectname)%00%(upstream:track)%00%(upstream:remotename)%00%(upstream:remoteref) refs/heads/main refs/remotes/main [146ms]
2025-11-19 23:52:40.243 [info] > git check-ignore -v -z --stdin [86ms]
2025-11-19 23:52:40.645 [info] > git status -z -uall [337ms]
2025-11-19 23:52:40.645 [info] > git for-each-ref --sort -committerdate --format %(refname)%00%(objectname)%00%(*objectname) [320ms]
2025-11-19 23:52:40.707 [info] > git for-each-ref --format=%(refname)%00%(upstream:short)%00%(objectname)%00%(upstream:track)%00%(upstream:remotename)%00%(upstream:remoteref) refs/heads/main refs/remotes/main [21ms]
2025-11-19 23:52:41.295 [info] > git config --get --local branch.main.vscode-merge-base [579ms]
2025-11-19 23:52:41.308 [info] > git config --get commit.template [604ms]
2025-11-19 23:52:41.345 [info] > git for-each-ref --format=%(refname)%00%(upstream:short)%00%(objectname)%00%(upstream:track)%00%(upstream:remotename)%00%(upstream:remoteref) refs/heads/origin/main refs/remotes/origin/main [38ms]
2025-11-19 23:52:41.384 [info] > git merge-base refs/heads/main refs/remotes/origin/main [27ms]
2025-11-19 23:52:41.521 [info] > git diff --name-status -z --diff-filter=ADMR --find-renames=50% 3cb3f0c6280c6eec57c55a4274359286064046e4...refs/remotes/origin/main -- [127ms]
2025-11-19 23:52:41.522 [info] > git for-each-ref --format=%(refname)%00%(upstream:short)%00%(objectname)%00%(upstream:track)%00%(upstream:remotename)%00%(upstream:remoteref) refs/heads/main refs/remotes/main [140ms]
2025-11-19 23:52:41.581 [info] > git status -z -uall [44ms]
2025-11-19 23:52:41.581 [info] > git for-each-ref --sort -committerdate --format %(refname)%00%(objectname)%00%(*objectname) [25ms]
2025-11-19 23:53:44.927 [info] > git config --get commit.template [12ms]
2025-11-19 23:53:44.945 [info] > git for-each-ref --format=%(refname)%00%(upstream:short)%00%(objectname)%00%(upstream:track)%00%(upstream:remotename)%00%(upstream:remoteref) refs/heads/main refs/remotes/main [4ms]
2025-11-19 23:53:45.033 [info] > git status -z -uall [41ms]
2025-11-19 23:53:45.033 [info] > git for-each-ref --sort -committerdate --format %(refname)%00%(objectname)%00%(*objectname) [9ms]
2025-11-19 23:56:26.110 [info] > git config --get commit.template [1ms]
2025-11-19 23:56:26.132 [info] > git for-each-ref --format=%(refname)%00%(upstream:short)%00%(objectname)%00%(upstream:track)%00%(upstream:remotename)%00%(upstream:remoteref) refs/heads/main refs/remotes/main [5ms]
2025-11-19 23:56:26.165 [info] > git status -z -uall [17ms]
2025-11-19 23:56:26.167 [info] > git for-each-ref --sort -committerdate --format %(refname)%00%(objectname)%00%(*objectname) [3ms]
2025-11-19 23:56:46.807 [info] > git show --textconv :style.css [16ms]
2025-11-19 23:56:46.809 [info] > git ls-files --stage -- style.css [3ms]
2025-11-19 23:56:46.822 [info] > git cat-file -s 01cdb8ecf8cb5c7da508c86a6c8b54c91b65a035 [2ms]
2025-11-19 23:56:46.920 [info] > git blame --root --incremental 3cb3f0c6280c6eec57c55a4274359286064046e4 -- style.css [45ms]
2025-11-19 23:59:23.851 [info] > git config --get commit.template [12ms]
2025-11-19 23:59:23.882 [info] > git for-each-ref --format=%(refname)%00%(upstream:short)%00%(objectname)%00%(upstream:track)%00%(upstream:remotename)%00%(upstream:remoteref) refs/heads/main refs/remotes/main [4ms]
2025-11-19 23:59:23.935 [info] > git status -z -uall [27ms]
2025-11-19 23:59:23.938 [info] > git for-each-ref --sort -committerdate --format %(refname)%00%(objectname)%00%(*objectname) [5ms]
2025-11-19 23:59:54.039 [info] > git config --get commit.template [3ms]
2025-11-19 23:59:54.070 [info] > git for-each-ref --format=%(refname)%00%(upstream:short)%00%(objectname)%00%(upstream:track)%00%(upstream:remotename)%00%(upstream:remoteref) refs/heads/main refs/remotes/main [1ms]
2025-11-19 23:59:54.130 [info] > git status -z -uall [34ms]
2025-11-19 23:59:54.132 [info] > git for-each-ref --sort -committerdate --format %(refname)%00%(objectname)%00%(*objectname) [3ms]
2025-11-20 00:00:23.495 [info] > git config --get commit.template [16ms]
2025-11-20 00:00:23.495 [info] > git for-each-ref --format=%(refname)%00%(upstream:short)%00%(objectname)%00%(upstream:track)%00%(upstream:remotename)%00%(upstream:remoteref) refs/heads/main refs/remotes/main [2ms]
2025-11-20 00:00:23.515 [info] > git status -z -uall [10ms]
2025-11-20 00:00:23.517 [info] > git for-each-ref --sort -committerdate --format %(refname)%00%(objectname)%00%(*objectname) [2ms]
2025-11-20 00:01:43.289 [info] > git config --get commit.template [3ms]
2025-11-20 00:01:43.310 [info] > git for-each-ref --format=%(refname)%00%(upstream:short)%00%(objectname)%00%(upstream:track)%00%(upstream:remotename)%00%(upstream:remoteref) refs/heads/main refs/remotes/main [2ms]
2025-11-20 00:01:43.350 [info] > git status -z -uall [22ms]
2025-11-20 00:01:43.352 [info] > git for-each-ref --sort -committerdate --format %(refname)%00%(objectname)%00%(*objectname) [6ms]
2025-11-20 00:02:18.801 [info] > git config --get commit.template [10ms]
2025-11-20 00:02:18.801 [info] > git for-each-ref --format=%(refname)%00%(upstream:short)%00%(objectname)%00%(upstream:track)%00%(upstream:remotename)%00%(upstream:remoteref) refs/heads/main refs/remotes/main [1ms]
2025-11-20 00:02:18.832 [info] > git status -z -uall [21ms]
2025-11-20 00:02:18.837 [info] > git for-each-ref --sort -committerdate --format %(refname)%00%(objectname)%00%(*objectname) [6ms]
2025-11-20 00:06:52.573 [info] > git config --get commit.template [1ms]
2025-11-20 00:06:52.610 [info] > git for-each-ref --format=%(refname)%00%(upstream:short)%00%(objectname)%00%(upstream:track)%00%(upstream:remotename)%00%(upstream:remoteref) refs/heads/main refs/remotes/main [8ms]
2025-11-20 00:06:52.656 [info] > git status -z -uall [21ms]
2025-11-20 00:06:52.659 [info] > git for-each-ref --sort -committerdate --format %(refname)%00%(objectname)%00%(*objectname) [4ms]
2025-11-20 00:08:00.440 [info] > git check-ignore -v -z --stdin [4ms]
2025-11-20 00:08:17.013 [info] > git show --textconv :style.css [43ms]
2025-11-20 00:08:17.014 [info] > git ls-files --stage -- style.css [4ms]
2025-11-20 00:08:17.057 [info] > git cat-file -s 01cdb8ecf8cb5c7da508c86a6c8b54c91b65a035 [7ms]
2025-11-20 00:08:52.924 [info] > git config --get commit.template [14ms]
2025-11-20 00:08:52.924 [info] > git for-each-ref --format=%(refname)%00%(upstream:short)%00%(objectname)%00%(upstream:track)%00%(upstream:remotename)%00%(upstream:remoteref) refs/heads/main refs/remotes/main [2ms]
2025-11-20 00:08:52.955 [info] > git status -z -uall [14ms]
2025-11-20 00:08:52.956 [info] > git for-each-ref --sort -committerdate --format %(refname)%00%(objectname)%00%(*objectname) [2ms]
2025-11-20 00:09:22.640 [info] > git show --textconv :background-controller.js [20ms]
2025-11-20 00:09:22.641 [info] > git ls-files --stage -- background-controller.js [4ms]
2025-11-20 00:09:22.653 [info] > git cat-file -s 4bbdbe4189902f584600485898fc90bca7d7c6ea [1ms]
2025-11-20 00:09:22.716 [info] > git blame --root --incremental 3cb3f0c6280c6eec57c55a4274359286064046e4 -- background-controller.js [5ms]
2025-11-20 00:09:23.460 [info] > git config --get commit.template [17ms]
2025-11-20 00:09:23.460 [info] > git for-each-ref --format=%(refname)%00%(upstream:short)%00%(objectname)%00%(upstream:track)%00%(upstream:remotename)%00%(upstream:remoteref) refs/heads/main refs/remotes/main [1ms]
2025-11-20 00:09:23.492 [info] > git status -z -uall [17ms]
2025-11-20 00:09:23.495 [info] > git for-each-ref --sort -committerdate --format %(refname)%00%(objectname)%00%(*objectname) [3ms]
2025-11-20 00:09:48.433 [info] > git config --get commit.template [19ms]
2025-11-20 00:09:48.434 [info] > git for-each-ref --format=%(refname)%00%(upstream:short)%00%(objectname)%00%(upstream:track)%00%(upstream:remotename)%00%(upstream:remoteref) refs/heads/main refs/remotes/main [2ms]
2025-11-20 00:09:48.461 [info] > git status -z -uall [12ms]
2025-11-20 00:09:48.462 [info] > git for-each-ref --sort -committerdate --format %(refname)%00%(objectname)%00%(*objectname) [1ms]
2025-11-20 00:09:53.504 [info] > git config --get commit.template [19ms]
2025-11-20 00:09:53.505 [info] > git for-each-ref --format=%(refname)%00%(upstream:short)%00%(objectname)%00%(upstream:track)%00%(upstream:remotename)%00%(upstream:remoteref) refs/heads/main refs/remotes/main [2ms]
2025-11-20 00:09:53.534 [info] > git status -z -uall [15ms]
2025-11-20 00:09:53.536 [info] > git for-each-ref --sort -committerdate --format %(refname)%00%(objectname)%00%(*objectname) [3ms]
2025-11-20 00:09:58.576 [info] > git config --get commit.template [15ms]
2025-11-20 00:09:58.577 [info] > git for-each-ref --format=%(refname)%00%(upstream:short)%00%(objectname)%00%(upstream:track)%00%(upstream:remotename)%00%(upstream:remoteref) refs/heads/main refs/remotes/main [1ms]
2025-11-20 00:09:58.602 [info] > git status -z -uall [10ms]
2025-11-20 00:09:58.603 [info] > git for-each-ref --sort -committerdate --format %(refname)%00%(objectname)%00%(*objectname) [2ms]
2025-11-20 00:10:40.308 [info] > git check-ignore -v -z --stdin [3ms]
2025-11-20 00:11:32.412 [info] > git check-ignore -v -z --stdin [2ms]
2025-11-20 00:11:32.863 [info] > git config --get commit.template [4ms]
2025-11-20 00:11:32.913 [info] > git for-each-ref --format=%(refname)%00%(upstream:short)%00%(objectname)%00%(upstream:track)%00%(upstream:remotename)%00%(upstream:remoteref) refs/heads/main refs/remotes/main [2ms]
2025-11-20 00:11:32.973 [info] > git status -z -uall [31ms]
2025-11-20 00:11:32.976 [info] > git for-each-ref --sort -committerdate --format %(refname)%00%(objectname)%00%(*objectname) [7ms]
2025-11-20 00:11:51.329 [info] > git show --textconv :background-controller.js [15ms]
2025-11-20 00:11:51.330 [info] > git ls-files --stage -- background-controller.js [1ms]
2025-11-20 00:11:51.341 [info] > git cat-file -s 4bbdbe4189902f584600485898fc90bca7d7c6ea [1ms]
2025-11-20 00:11:52.081 [info] > git check-ignore -v -z --stdin [2ms]
2025-11-20 00:11:53.453 [info] > git config --get commit.template [4ms]
2025-11-20 00:11:53.484 [info] > git for-each-ref --format=%(refname)%00%(upstream:short)%00%(objectname)%00%(upstream:track)%00%(upstream:remotename)%00%(upstream:remoteref) refs/heads/main refs/remotes/main [6ms]
2025-11-20 00:11:53.516 [info] > git status -z -uall [13ms]
2025-11-20 00:11:53.518 [info] > git for-each-ref --sort -committerdate --format %(refname)%00%(objectname)%00%(*objectname) [4ms]
2025-11-20 00:12:31.059 [info] > git config --get commit.template [4ms]
2025-11-20 00:12:31.083 [info] > git for-each-ref --format=%(refname)%00%(upstream:short)%00%(objectname)%00%(upstream:track)%00%(upstream:remotename)%00%(upstream:remoteref) refs/heads/main refs/remotes/main [5ms]
2025-11-20 00:12:31.118 [info] > git status -z -uall [17ms]
2025-11-20 00:12:31.119 [info] > git for-each-ref --sort -committerdate --format %(refname)%00%(objectname)%00%(*objectname) [2ms]
2025-11-20 00:12:45.543 [info] > git show --textconv :style.css [0ms]
2025-11-20 00:12:45.604 [info] > git ls-files --stage -- style.css [4ms]
2025-11-20 00:12:45.677 [info] > git cat-file -s 01cdb8ecf8cb5c7da508c86a6c8b54c91b65a035 [6ms]
2025-11-20 00:19:06.284 [info] > git for-each-ref --format=%(refname)%00%(upstream:short)%00%(objectname)%00%(upstream:track)%00%(upstream:remotename)%00%(upstream:remoteref) refs/heads/main refs/remotes/main [17ms]
2025-11-20 00:19:06.285 [info] > git config --get commit.template [2ms]
2025-11-20 00:19:06.310 [info] > git status -z -uall [15ms]
2025-11-20 00:19:06.315 [info] > git for-each-ref --sort -committerdate --format %(refname)%00%(objectname)%00%(*objectname) [6ms]
2025-11-20 00:21:26.243 [info] > git config --get commit.template [2ms]
2025-11-20 00:21:26.269 [info] > git ls-files --stage -- style.css [12ms]
2025-11-20 00:21:26.283 [info] > git for-each-ref --format=%(refname)%00%(upstream:short)%00%(objectname)%00%(upstream:track)%00%(upstream:remotename)%00%(upstream:remoteref) refs/heads/main refs/remotes/main [14ms]
2025-11-20 00:21:26.286 [info] > git cat-file -s a7b3a88c948af51b45f1128b5e00ba2a1568ba9d [5ms]
2025-11-20 00:21:26.311 [info] > git status -z -uall [13ms]
2025-11-20 00:21:26.326 [info] > git for-each-ref --sort -committerdate --format %(refname)%00%(objectname)%00%(*objectname) [16ms]
2025-11-20 00:21:26.337 [info] > git show --textconv :style.css [11ms]
2025-11-20 00:21:26.681 [info] > git show --textconv HEAD:style.css [13ms]
2025-11-20 00:21:26.683 [info] > git ls-tree -l HEAD -- style.css [3ms]
2025-11-20 00:22:02.886 [info] > git ls-tree -l HEAD -- style.css [4ms]
2025-11-20 00:22:02.887 [info] > git ls-files --stage -- style.css [25ms]
2025-11-20 00:22:02.917 [info] > git for-each-ref --format=%(refname)%00%(upstream:short)%00%(objectname)%00%(upstream:track)%00%(upstream:remotename)%00%(upstream:remoteref) refs/heads/main refs/remotes/main [106ms]
2025-11-20 00:22:02.918 [info] > git config --get commit.template [161ms]
2025-11-20 00:22:02.919 [info] > git cat-file -s a7b3a88c948af51b45f1128b5e00ba2a1568ba9d [2ms]
2025-11-20 00:22:03.016 [info] > git status -z -uall [15ms]
2025-11-20 00:22:03.020 [info] > git for-each-ref --sort -committerdate --format %(refname)%00%(objectname)%00%(*objectname) [6ms]
2025-11-20 00:22:03.082 [info] > git merge-base refs/heads/main refs/remotes/origin/main [11ms]
2025-11-20 00:22:03.109 [info] > git show --textconv HEAD:style.css [151ms]
2025-11-20 00:22:03.109 [info] > git diff --name-status -z --diff-filter=ADMR --find-renames=50% 3cb3f0c6280c6eec57c55a4274359286064046e4...refs/remotes/origin/main -- [8ms]
2025-11-20 00:22:03.110 [info] > git blame --root --incremental 13535658d209547d9776abde69665ae504f13a3c -- style.css [65ms]
2025-11-20 00:22:03.113 [info] > git show --textconv :style.css [132ms]
2025-11-20 00:22:10.009 [info] > git config --get commit.template [1ms]
2025-11-20 00:22:10.027 [info] > git for-each-ref --format=%(refname)%00%(upstream:short)%00%(objectname)%00%(upstream:track)%00%(upstream:remotename)%00%(upstream:remoteref) refs/heads/main refs/remotes/main [2ms]
2025-11-20 00:22:10.053 [info] > git status -z -uall [16ms]
2025-11-20 00:22:10.055 [info] > git for-each-ref --sort -committerdate --format %(refname)%00%(objectname)%00%(*objectname) [1ms]
2025-11-20 00:22:13.637 [info] > git ls-files --stage -- style.css [2ms]
2025-11-20 00:22:13.651 [info] > git cat-file -s a7b3a88c948af51b45f1128b5e00ba2a1568ba9d [2ms]
2025-11-20 00:22:13.671 [info] > git show --textconv :style.css [8ms]
2025-11-20 00:22:15.100 [info] > git config --get commit.template [16ms]
2025-11-20 00:22:15.140 [info] > git for-each-ref --format=%(refname)%00%(upstream:short)%00%(objectname)%00%(upstream:track)%00%(upstream:remotename)%00%(upstream:remoteref) refs/heads/main refs/remotes/main [40ms]
2025-11-20 00:22:15.173 [info] > git status -z -uall [19ms]
2025-11-20 00:22:15.176 [info] > git for-each-ref --sort -committerdate --format %(refname)%00%(objectname)%00%(*objectname) [3ms]
2025-11-20 00:22:15.221 [info] > git merge-base refs/heads/main refs/remotes/origin/main [3ms]
2025-11-20 00:22:15.233 [info] > git blame --root --incremental 4950bd586325db56125e8661a2ff84c24c0cd074 -- style.css [40ms]
2025-11-20 00:22:15.236 [info] > git diff --name-status -z --diff-filter=ADMR --find-renames=50% 3cb3f0c6280c6eec57c55a4274359286064046e4...refs/remotes/origin/main -- [3ms]
2025-11-20 00:22:29.819 [info] > git config --get commit.template [13ms]
2025-11-20 00:22:29.820 [info] > git for-each-ref --format=%(refname)%00%(upstream:short)%00%(objectname)%00%(upstream:track)%00%(upstream:remotename)%00%(upstream:remoteref) refs/heads/main refs/remotes/main [1ms]
2025-11-20 00:22:29.850 [info] > git status -z -uall [14ms]
2025-11-20 00:22:29.851 [info] > git for-each-ref --sort -committerdate --format %(refname)%00%(objectname)%00%(*objectname) [2ms]
2025-11-20 00:22:29.874 [info] > git merge-base refs/heads/main refs/remotes/origin/main [4ms]
2025-11-20 00:22:29.889 [info] > git diff --name-status -z --diff-filter=ADMR --find-renames=50% 4950bd586325db56125e8661a2ff84c24c0cd074...refs/remotes/origin/main -- [3ms]
2025-11-20 00:22:29.927 [info] > git ls-files --stage -- style.css [6ms]
2025-11-20 00:22:29.955 [info] > git cat-file -s a7b3a88c948af51b45f1128b5e00ba2a1568ba9d [2ms]
2025-11-20 00:22:30.009 [info] > git show --textconv :style.css [27ms]
2025-11-20 00:22:57.960 [info] > git show --textconv :background-controller.js [20ms]
2025-11-20 00:22:57.960 [info] > git ls-files --stage -- background-controller.js [5ms]
2025-11-20 00:22:57.983 [info] > git cat-file -s f89a571e94386d11be1f9e0f860e87ab0901dcf7 [6ms]
2025-11-20 00:22:58.020 [info] > git blame --root --incremental 4950bd586325db56125e8661a2ff84c24c0cd074 -- background-controller.js [3ms]
2025-11-20 00:25:46.823 [info] > git config --get commit.template [25ms]
2025-11-20 00:25:46.824 [info] > git for-each-ref --format=%(refname)%00%(upstream:short)%00%(objectname)%00%(upstream:track)%00%(upstream:remotename)%00%(upstream:remoteref) refs/heads/main refs/remotes/main [2ms]
2025-11-20 00:25:46.862 [info] > git status -z -uall [20ms]
2025-11-20 00:25:46.864 [info] > git for-each-ref --sort -committerdate --format %(refname)%00%(objectname)%00%(*objectname) [2ms]
2025-11-20 00:26:11.070 [info] > git config --get commit.template [1ms]
2025-11-20 00:26:11.125 [info] > git for-each-ref --format=%(refname)%00%(upstream:short)%00%(objectname)%00%(upstream:track)%00%(upstream:remotename)%00%(upstream:remoteref) refs/heads/main refs/remotes/main [9ms]
2025-11-20 00:26:11.202 [info] > git status -z -uall [40ms]
2025-11-20 00:26:11.204 [info] > git for-each-ref --sort -committerdate --format %(refname)%00%(objectname)%00%(*objectname) [4ms]
2025-11-20 00:30:05.695 [info] > git show --textconv :index.html [67ms]
2025-11-20 00:30:05.696 [info] > git ls-files --stage -- index.html [3ms]
2025-11-20 00:30:05.725 [info] > git cat-file -s b8f4676f52d49dbd3be7a7cacd67a88ef0f015ad [5ms]
2025-11-20 00:30:06.012 [info] > git blame --root --incremental 4950bd586325db56125e8661a2ff84c24c0cd074 -- index.html [29ms]
2025-11-20 00:30:06.420 [info] > git config --get commit.template [8ms]
2025-11-20 00:30:06.457 [info] > git for-each-ref --format=%(refname)%00%(upstream:short)%00%(objectname)%00%(upstream:track)%00%(upstream:remotename)%00%(upstream:remoteref) refs/heads/main refs/remotes/main [2ms]
2025-11-20 00:30:06.530 [info] > git status -z -uall [42ms]
2025-11-20 00:30:06.530 [info] > git for-each-ref --sort -committerdate --format %(refname)%00%(objectname)%00%(*objectname) [9ms]
