2025-11-19 23:11:10.691 [info] Reading sessions from keychain...
2025-11-19 23:11:10.691 [info] Getting sessions for all scopes...
2025-11-19 23:11:11.641 [info] Got stored sessions!
2025-11-19 23:11:11.641 [info] Got 1 verified sessions.
2025-11-19 23:11:11.641 [info] Got 1 sessions for ...
2025-11-19 23:11:11.641 [info] Getting sessions for all scopes...
2025-11-19 23:11:11.641 [info] Got 1 sessions for ...
2025-11-19 23:11:11.641 [info] Getting sessions for all scopes...
2025-11-19 23:11:11.641 [info] Got 1 sessions for ...
2025-11-19 23:11:11.641 [info] Getting sessions for all scopes...
2025-11-19 23:11:11.641 [info] Got 1 sessions for ...
2025-11-19 23:11:11.642 [info] Getting sessions for all scopes...
2025-11-19 23:11:11.642 [info] Got 1 sessions for ...
2025-11-19 23:11:11.642 [info] Getting sessions for all scopes...
2025-11-19 23:11:11.642 [info] Got 1 sessions for ...
2025-11-19 23:11:11.642 [info] Getting sessions for all scopes...
2025-11-19 23:11:11.642 [info] Got 1 sessions for ...
2025-11-19 23:11:11.642 [info] Getting sessions for all scopes...
2025-11-19 23:11:11.642 [info] Got 1 sessions for ...
2025-11-19 23:11:11.642 [info] Getting sessions for all scopes...
2025-11-19 23:11:11.642 [info] Got 1 sessions for ...
2025-11-19 23:11:11.642 [info] Getting sessions for all scopes...
2025-11-19 23:11:11.642 [info] Got 1 sessions for ...
2025-11-19 23:11:11.643 [info] Getting sessions for all scopes...
2025-11-19 23:11:11.643 [info] Got 1 sessions for ...
2025-11-19 23:11:12.391 [info] Getting sessions for all scopes...
2025-11-19 23:11:12.392 [info] Got 1 sessions for ...
2025-11-19 23:11:12.392 [info] Getting sessions for all scopes...
2025-11-19 23:11:12.393 [info] Got 1 sessions for ...
2025-11-19 23:11:12.393 [info] Getting sessions for all scopes...
2025-11-19 23:11:12.393 [info] Got 1 sessions for ...
2025-11-19 23:11:12.393 [info] Getting sessions for all scopes...
2025-11-19 23:11:12.393 [info] Got 1 sessions for ...
2025-11-19 23:11:12.394 [info] Getting sessions for all scopes...
2025-11-19 23:11:12.394 [info] Got 1 sessions for ...
2025-11-19 23:11:12.394 [info] Getting sessions for all scopes...
2025-11-19 23:11:12.394 [info] Got 1 sessions for ...
2025-11-19 23:11:13.413 [info] Getting sessions for read:user,repo,user:email,workflow...
2025-11-19 23:11:13.413 [info] Got 0 sessions for read:user,repo,user:email,workflow...
2025-11-19 23:11:21.350 [info] Getting sessions for all scopes...
2025-11-19 23:11:21.350 [info] Got 1 sessions for ...
2025-11-19 23:11:21.395 [info] FetcherService: Electron fetch failed with status: 429 
2025-11-19 23:11:21.503 [info] Getting sessions for all scopes...
2025-11-19 23:11:21.503 [info] Got 1 sessions for ...
2025-11-19 23:11:21.667 [info] Getting sessions for user:email...
2025-11-19 23:11:21.676 [info] Got 1 sessions for user:email...
2025-11-19 23:11:21.676 [info] Getting sessions for read:user,repo,user:email,workflow...
2025-11-19 23:11:21.677 [info] Got 0 sessions for read:user,repo,user:email,workflow...
2025-11-19 23:11:21.734 [info] Getting sessions for all scopes...
2025-11-19 23:11:21.734 [info] Got 1 sessions for ...
2025-11-19 23:11:23.883 [info] Getting sessions for read:user,repo,user:email,workflow...
2025-11-19 23:11:23.883 [info] Got 0 sessions for read:user,repo,user:email,workflow...
2025-11-19 23:11:23.883 [info] Getting sessions for all scopes...
2025-11-19 23:11:23.883 [info] Got 1 sessions for ...
2025-11-19 23:11:24.178 [info] Getting sessions for all scopes...
2025-11-19 23:11:24.178 [info] Got 1 sessions for ...
2025-11-19 23:11:24.179 [info] Getting sessions for read:user,repo,user:email,workflow...
2025-11-19 23:11:24.179 [info] Got 0 sessions for read:user,repo,user:email,workflow...
2025-11-19 23:11:24.323 [info] FetcherService: Node fetch failed with status: 429 Too Many Requests
2025-11-19 23:11:25.090 [info] Getting sessions for read:user,repo,user:email,workflow...
2025-11-19 23:11:25.090 [info] Got 0 sessions for read:user,repo,user:email,workflow...
2025-11-19 23:11:25.105 [info] Getting sessions for user:email...
2025-11-19 23:11:25.105 [info] Got 1 sessions for user:email...
2025-11-19 23:11:25.940 [info] Getting sessions for read:user...
2025-11-19 23:11:25.941 [info] Got 0 sessions for read:user...
2025-11-19 23:11:26.709 [info] Getting sessions for user:email...
2025-11-19 23:11:26.709 [info] Got 1 sessions for user:email...
2025-11-19 23:11:26.734 [info] Getting sessions for all scopes...
2025-11-19 23:11:26.734 [info] Got 1 sessions for ...
2025-11-19 23:11:26.735 [info] Getting sessions for all scopes...
2025-11-19 23:11:26.735 [info] Got 1 sessions for ...
2025-11-19 23:11:27.108 [info] FetcherService: Node http/s failed with status: 429 Too Many Requests
2025-11-19 23:11:27.187 [info] Getting sessions for read:user,repo,user:email,workflow...
2025-11-19 23:11:27.187 [info] Got 0 sessions for read:user,repo,user:email,workflow...
2025-11-19 23:11:27.206 [info] Getting sessions for user:email...
2025-11-19 23:11:27.206 [info] Got 1 sessions for user:email...
2025-11-19 23:11:27.206 [info] Getting sessions for read:user,repo,user:email,workflow...
2025-11-19 23:11:27.206 [info] Got 0 sessions for read:user,repo,user:email,workflow...
2025-11-19 23:11:27.973 [info] Getting sessions for all scopes...
2025-11-19 23:11:27.973 [info] Got 1 sessions for ...
2025-11-19 23:11:28.028 [info] Getting sessions for all scopes...
2025-11-19 23:11:28.028 [info] Got 1 sessions for ...
2025-11-19 23:11:28.030 [info] Getting sessions for all scopes...
2025-11-19 23:11:28.030 [info] Got 1 sessions for ...
2025-11-19 23:11:28.398 [info] Getting sessions for all scopes...
2025-11-19 23:11:28.398 [info] Got 1 sessions for ...
2025-11-19 23:11:28.951 [info] Getting sessions for read:user,repo,user:email,workflow...
2025-11-19 23:11:28.951 [info] Got 0 sessions for read:user,repo,user:email,workflow...
2025-11-19 23:11:29.197 [info] Getting sessions for user:email...
2025-11-19 23:11:29.197 [info] Got 1 sessions for user:email...
2025-11-19 23:11:29.198 [info] Getting sessions for read:user,repo,user:email,workflow...
2025-11-19 23:11:29.199 [info] Got 0 sessions for read:user,repo,user:email,workflow...
2025-11-19 23:11:29.374 [info] Getting sessions for all scopes...
2025-11-19 23:11:29.374 [info] Got 1 sessions for ...
2025-11-19 23:11:29.393 [info] Getting sessions for read:user,repo,user:email,workflow...
2025-11-19 23:11:29.393 [info] Got 0 sessions for read:user,repo,user:email,workflow...
2025-11-19 23:11:29.407 [info] Getting sessions for user:email...
2025-11-19 23:11:29.407 [info] Got 1 sessions for user:email...
