2025-11-23 22:42:07.823 [info] update#setState idle
2025-11-23 22:42:37.828 [info] update#setState checking for updates
2025-11-23 22:42:37.939 [info] update#setState available for download
2025-11-23 22:42:52.462 [info] Extension host with pid 727987 exited with code: 0, signal: unknown.
2025-11-23 22:42:52.883 [error] [UtilityProcess id: 1, type: fileWatcher, pid: 728022]: crashed with code 15 and reason 'killed'
2025-11-23 22:43:56.282 [warning] [perf] profiling STARTED 5469cc3a-3477-4830-a3f9-37e305b521af
2025-11-23 22:44:01.328 [warning] [perf] profiling DONE 5469cc3a-3477-4830-a3f9-37e305b521af
2025-11-23 22:44:01.646 [warning] [perf] profiling STARTED 5469cc3a-3477-4830-a3f9-37e305b521af
2025-11-23 22:44:06.695 [warning] [perf] profiling DONE 5469cc3a-3477-4830-a3f9-37e305b521af
2025-11-23 22:44:06.950 [warning] [perf] profiling STARTED 5469cc3a-3477-4830-a3f9-37e305b521af
2025-11-23 22:44:11.984 [warning] [perf] profiling DONE 5469cc3a-3477-4830-a3f9-37e305b521af
2025-11-23 22:44:55.033 [warning] [perf] profiling STARTED 1b8ea271-2b5f-4612-b0dd-8dc9259b3f8f
2025-11-23 22:45:00.074 [warning] [perf] profiling DONE 1b8ea271-2b5f-4612-b0dd-8dc9259b3f8f
2025-11-23 22:45:00.308 [warning] [perf] profiling STARTED 1b8ea271-2b5f-4612-b0dd-8dc9259b3f8f
2025-11-23 22:45:05.363 [warning] [perf] profiling DONE 1b8ea271-2b5f-4612-b0dd-8dc9259b3f8f
2025-11-23 22:45:05.614 [warning] [perf] profiling STARTED 1b8ea271-2b5f-4612-b0dd-8dc9259b3f8f
2025-11-23 22:45:10.673 [warning] [perf] profiling DONE 1b8ea271-2b5f-4612-b0dd-8dc9259b3f8f
2025-11-23 22:45:55.867 [warning] [perf] profiling STARTED 49c6f4aa-066a-4030-aebd-0aef72bee17b
2025-11-23 22:46:00.908 [warning] [perf] profiling DONE 49c6f4aa-066a-4030-aebd-0aef72bee17b
2025-11-23 22:46:01.197 [warning] [perf] profiling STARTED 49c6f4aa-066a-4030-aebd-0aef72bee17b
2025-11-23 22:46:06.237 [warning] [perf] profiling DONE 49c6f4aa-066a-4030-aebd-0aef72bee17b
2025-11-23 22:46:06.564 [warning] [perf] profiling STARTED 49c6f4aa-066a-4030-aebd-0aef72bee17b
2025-11-23 22:46:11.603 [warning] [perf] profiling DONE 49c6f4aa-066a-4030-aebd-0aef72bee17b
2025-11-23 22:46:55.891 [warning] [perf] profiling STARTED af63bc71-5cee-424b-87d8-1180339bed82
2025-11-23 22:47:00.925 [warning] [perf] profiling DONE af63bc71-5cee-424b-87d8-1180339bed82
2025-11-23 22:47:01.203 [warning] [perf] profiling STARTED af63bc71-5cee-424b-87d8-1180339bed82
2025-11-23 22:47:06.230 [warning] [perf] profiling DONE af63bc71-5cee-424b-87d8-1180339bed82
2025-11-23 22:47:06.487 [warning] [perf] profiling STARTED af63bc71-5cee-424b-87d8-1180339bed82
2025-11-23 22:47:11.535 [warning] [perf] profiling DONE af63bc71-5cee-424b-87d8-1180339bed82
2025-11-23 22:47:57.257 [warning] [perf] profiling STARTED 69deeb9f-981f-45c2-9193-98086fdd27af
2025-11-23 22:48:02.289 [warning] [perf] profiling DONE 69deeb9f-981f-45c2-9193-98086fdd27af
2025-11-23 22:48:02.638 [warning] [perf] profiling STARTED 69deeb9f-981f-45c2-9193-98086fdd27af
2025-11-23 22:48:07.684 [warning] [perf] profiling DONE 69deeb9f-981f-45c2-9193-98086fdd27af
2025-11-23 22:48:07.995 [warning] [perf] profiling STARTED 69deeb9f-981f-45c2-9193-98086fdd27af
2025-11-23 22:48:13.339 [warning] [perf] profiling DONE 69deeb9f-981f-45c2-9193-98086fdd27af
2025-11-23 22:48:57.073 [warning] [perf] profiling STARTED 82e7ce4b-6654-4e88-a0f5-78994c3ced22
2025-11-23 22:49:02.108 [warning] [perf] profiling DONE 82e7ce4b-6654-4e88-a0f5-78994c3ced22
2025-11-23 22:49:02.446 [warning] [perf] profiling STARTED 82e7ce4b-6654-4e88-a0f5-78994c3ced22
2025-11-23 22:49:07.494 [warning] [perf] profiling DONE 82e7ce4b-6654-4e88-a0f5-78994c3ced22
2025-11-23 22:49:07.812 [warning] [perf] profiling STARTED 82e7ce4b-6654-4e88-a0f5-78994c3ced22
2025-11-23 22:49:12.861 [warning] [perf] profiling DONE 82e7ce4b-6654-4e88-a0f5-78994c3ced22
2025-11-23 22:49:57.252 [warning] [perf] profiling STARTED b13f51f2-ace0-4909-9768-0fb28b305d56
2025-11-23 22:50:02.309 [warning] [perf] profiling DONE b13f51f2-ace0-4909-9768-0fb28b305d56
2025-11-23 22:50:02.590 [warning] [perf] profiling STARTED b13f51f2-ace0-4909-9768-0fb28b305d56
2025-11-23 22:50:07.641 [warning] [perf] profiling DONE b13f51f2-ace0-4909-9768-0fb28b305d56
2025-11-23 22:50:07.940 [warning] [perf] profiling STARTED b13f51f2-ace0-4909-9768-0fb28b305d56
2025-11-23 22:50:12.985 [warning] [perf] profiling DONE b13f51f2-ace0-4909-9768-0fb28b305d56
2025-11-23 22:50:56.942 [warning] [perf] profiling STARTED dfc77ce3-9564-4960-9e84-bb67ac6d9187
2025-11-23 22:51:01.976 [warning] [perf] profiling DONE dfc77ce3-9564-4960-9e84-bb67ac6d9187
2025-11-23 22:51:02.277 [warning] [perf] profiling STARTED dfc77ce3-9564-4960-9e84-bb67ac6d9187
2025-11-23 22:51:07.305 [warning] [perf] profiling DONE dfc77ce3-9564-4960-9e84-bb67ac6d9187
2025-11-23 22:51:07.608 [warning] [perf] profiling STARTED dfc77ce3-9564-4960-9e84-bb67ac6d9187
2025-11-23 22:51:12.643 [warning] [perf] profiling DONE dfc77ce3-9564-4960-9e84-bb67ac6d9187
2025-11-23 22:51:57.395 [warning] [perf] profiling STARTED f7f6bc82-c5e8-456f-b6c6-5d97ee636d5d
2025-11-23 22:52:02.429 [warning] [perf] profiling DONE f7f6bc82-c5e8-456f-b6c6-5d97ee636d5d
2025-11-23 22:52:02.780 [warning] [perf] profiling STARTED f7f6bc82-c5e8-456f-b6c6-5d97ee636d5d
2025-11-23 22:52:07.822 [warning] [perf] profiling DONE f7f6bc82-c5e8-456f-b6c6-5d97ee636d5d
2025-11-23 22:52:08.106 [warning] [perf] profiling STARTED f7f6bc82-c5e8-456f-b6c6-5d97ee636d5d
2025-11-23 22:52:13.138 [warning] [perf] profiling DONE f7f6bc82-c5e8-456f-b6c6-5d97ee636d5d
2025-11-23 22:52:57.020 [warning] [perf] profiling STARTED fef5f8b1-ded9-4435-86ac-bcd428b6d9af
2025-11-23 22:53:02.053 [warning] [perf] profiling DONE fef5f8b1-ded9-4435-86ac-bcd428b6d9af
2025-11-23 22:53:02.335 [warning] [perf] profiling STARTED fef5f8b1-ded9-4435-86ac-bcd428b6d9af
2025-11-23 22:53:07.374 [warning] [perf] profiling DONE fef5f8b1-ded9-4435-86ac-bcd428b6d9af
2025-11-23 22:53:07.713 [warning] [perf] profiling STARTED fef5f8b1-ded9-4435-86ac-bcd428b6d9af
2025-11-23 22:53:12.773 [warning] [perf] profiling DONE fef5f8b1-ded9-4435-86ac-bcd428b6d9af
2025-11-23 22:53:56.913 [warning] [perf] profiling STARTED 103292e1-53b6-4914-a989-f999940eca4c
2025-11-23 22:54:01.950 [warning] [perf] profiling DONE 103292e1-53b6-4914-a989-f999940eca4c
2025-11-23 22:54:02.279 [warning] [perf] profiling STARTED 103292e1-53b6-4914-a989-f999940eca4c
2025-11-23 22:54:07.315 [warning] [perf] profiling DONE 103292e1-53b6-4914-a989-f999940eca4c
2025-11-23 22:54:07.611 [warning] [perf] profiling STARTED 103292e1-53b6-4914-a989-f999940eca4c
2025-11-23 22:54:12.652 [warning] [perf] profiling DONE 103292e1-53b6-4914-a989-f999940eca4c
2025-11-23 22:54:56.986 [warning] [perf] profiling STARTED 5df62f9c-896d-4651-857d-544493bf5c0e
2025-11-23 22:55:02.020 [warning] [perf] profiling DONE 5df62f9c-896d-4651-857d-544493bf5c0e
2025-11-23 22:55:02.337 [warning] [perf] profiling STARTED 5df62f9c-896d-4651-857d-544493bf5c0e
2025-11-23 22:55:07.845 [warning] [perf] profiling DONE 5df62f9c-896d-4651-857d-544493bf5c0e
2025-11-23 22:55:57.251 [warning] [perf] profiling STARTED 91f23821-1c39-4da8-8efe-5dfbd8fcfdd9
2025-11-23 22:56:02.288 [warning] [perf] profiling DONE 91f23821-1c39-4da8-8efe-5dfbd8fcfdd9
2025-11-23 22:56:02.627 [warning] [perf] profiling STARTED 91f23821-1c39-4da8-8efe-5dfbd8fcfdd9
2025-11-23 22:56:07.663 [warning] [perf] profiling DONE 91f23821-1c39-4da8-8efe-5dfbd8fcfdd9
2025-11-23 22:56:07.965 [warning] [perf] profiling STARTED 91f23821-1c39-4da8-8efe-5dfbd8fcfdd9
2025-11-23 22:56:13.011 [warning] [perf] profiling DONE 91f23821-1c39-4da8-8efe-5dfbd8fcfdd9
2025-11-23 22:56:57.853 [warning] [perf] profiling STARTED 25e7d970-05cc-466d-9af5-a496404fc9b3
2025-11-23 22:57:02.893 [warning] [perf] profiling DONE 25e7d970-05cc-466d-9af5-a496404fc9b3
2025-11-23 22:57:03.386 [warning] [perf] profiling STARTED 25e7d970-05cc-466d-9af5-a496404fc9b3
2025-11-23 22:57:08.443 [warning] [perf] profiling DONE 25e7d970-05cc-466d-9af5-a496404fc9b3
2025-11-23 22:57:08.821 [warning] [perf] profiling STARTED 25e7d970-05cc-466d-9af5-a496404fc9b3
2025-11-23 22:57:13.871 [warning] [perf] profiling DONE 25e7d970-05cc-466d-9af5-a496404fc9b3
2025-11-23 22:57:57.331 [warning] [perf] profiling STARTED 523aad60-5a1a-440e-9135-cec548cc43dd
2025-11-23 22:58:02.363 [warning] [perf] profiling DONE 523aad60-5a1a-440e-9135-cec548cc43dd
2025-11-23 22:58:02.684 [warning] [perf] profiling STARTED 523aad60-5a1a-440e-9135-cec548cc43dd
2025-11-23 22:58:07.716 [warning] [perf] profiling DONE 523aad60-5a1a-440e-9135-cec548cc43dd
2025-11-23 22:58:08.045 [warning] [perf] profiling STARTED 523aad60-5a1a-440e-9135-cec548cc43dd
2025-11-23 22:58:13.076 [warning] [perf] profiling DONE 523aad60-5a1a-440e-9135-cec548cc43dd
2025-11-23 22:58:57.201 [warning] [perf] profiling STARTED b6ca4719-8e7f-4051-a265-d3b3d84ec428
2025-11-23 22:59:02.267 [warning] [perf] profiling DONE b6ca4719-8e7f-4051-a265-d3b3d84ec428
2025-11-23 22:59:02.625 [warning] [perf] profiling STARTED b6ca4719-8e7f-4051-a265-d3b3d84ec428
2025-11-23 22:59:07.681 [warning] [perf] profiling DONE b6ca4719-8e7f-4051-a265-d3b3d84ec428
2025-11-23 22:59:08.028 [warning] [perf] profiling STARTED b6ca4719-8e7f-4051-a265-d3b3d84ec428
2025-11-23 22:59:13.075 [warning] [perf] profiling DONE b6ca4719-8e7f-4051-a265-d3b3d84ec428
2025-11-23 22:59:57.264 [warning] [perf] profiling STARTED dd9c271e-428c-42a1-aabc-022d255a86b4
2025-11-23 23:00:02.309 [warning] [perf] profiling DONE dd9c271e-428c-42a1-aabc-022d255a86b4
2025-11-23 23:00:02.743 [warning] [perf] profiling STARTED dd9c271e-428c-42a1-aabc-022d255a86b4
2025-11-23 23:00:07.783 [warning] [perf] profiling DONE dd9c271e-428c-42a1-aabc-022d255a86b4
2025-11-23 23:00:08.176 [warning] [perf] profiling STARTED dd9c271e-428c-42a1-aabc-022d255a86b4
2025-11-23 23:00:13.228 [warning] [perf] profiling DONE dd9c271e-428c-42a1-aabc-022d255a86b4
2025-11-23 23:00:57.140 [warning] [perf] profiling STARTED f729b8f4-9156-4f71-89c3-9d8cb5988736
2025-11-23 23:01:02.195 [warning] [perf] profiling DONE f729b8f4-9156-4f71-89c3-9d8cb5988736
2025-11-23 23:01:02.600 [warning] [perf] profiling STARTED f729b8f4-9156-4f71-89c3-9d8cb5988736
2025-11-23 23:01:07.633 [warning] [perf] profiling DONE f729b8f4-9156-4f71-89c3-9d8cb5988736
2025-11-23 23:01:08.001 [warning] [perf] profiling STARTED f729b8f4-9156-4f71-89c3-9d8cb5988736
2025-11-23 23:01:13.054 [warning] [perf] profiling DONE f729b8f4-9156-4f71-89c3-9d8cb5988736
2025-11-23 23:01:57.281 [warning] [perf] profiling STARTED ebea17d8-b073-4b70-ac65-6b4c72e2c3bc
2025-11-23 23:02:02.342 [warning] [perf] profiling DONE ebea17d8-b073-4b70-ac65-6b4c72e2c3bc
2025-11-23 23:02:02.693 [warning] [perf] profiling STARTED ebea17d8-b073-4b70-ac65-6b4c72e2c3bc
2025-11-23 23:02:07.756 [warning] [perf] profiling DONE ebea17d8-b073-4b70-ac65-6b4c72e2c3bc
2025-11-23 23:02:08.119 [warning] [perf] profiling STARTED ebea17d8-b073-4b70-ac65-6b4c72e2c3bc
2025-11-23 23:02:13.176 [warning] [perf] profiling DONE ebea17d8-b073-4b70-ac65-6b4c72e2c3bc
2025-11-23 23:02:57.404 [warning] [perf] profiling STARTED f9528675-1693-48c5-8148-b104f7eaf9aa
2025-11-23 23:03:02.451 [warning] [perf] profiling DONE f9528675-1693-48c5-8148-b104f7eaf9aa
2025-11-23 23:03:02.809 [warning] [perf] profiling STARTED f9528675-1693-48c5-8148-b104f7eaf9aa
2025-11-23 23:03:07.856 [warning] [perf] profiling DONE f9528675-1693-48c5-8148-b104f7eaf9aa
2025-11-23 23:03:08.199 [warning] [perf] profiling STARTED f9528675-1693-48c5-8148-b104f7eaf9aa
2025-11-23 23:03:13.252 [warning] [perf] profiling DONE f9528675-1693-48c5-8148-b104f7eaf9aa
2025-11-23 23:03:57.429 [warning] [perf] profiling STARTED fcd400ef-cce7-4881-a392-f40cb3fc6b99
2025-11-23 23:04:02.473 [warning] [perf] profiling DONE fcd400ef-cce7-4881-a392-f40cb3fc6b99
2025-11-23 23:04:02.852 [warning] [perf] profiling STARTED fcd400ef-cce7-4881-a392-f40cb3fc6b99
2025-11-23 23:04:07.893 [warning] [perf] profiling DONE fcd400ef-cce7-4881-a392-f40cb3fc6b99
2025-11-23 23:04:57.504 [warning] [perf] profiling STARTED 6a28a7b5-3b28-4a69-9116-6e21909c2bc4
2025-11-23 23:05:02.557 [warning] [perf] profiling DONE 6a28a7b5-3b28-4a69-9116-6e21909c2bc4
2025-11-23 23:05:02.904 [warning] [perf] profiling STARTED 6a28a7b5-3b28-4a69-9116-6e21909c2bc4
2025-11-23 23:05:07.956 [warning] [perf] profiling DONE 6a28a7b5-3b28-4a69-9116-6e21909c2bc4
2025-11-23 23:05:08.298 [warning] [perf] profiling STARTED 6a28a7b5-3b28-4a69-9116-6e21909c2bc4
2025-11-23 23:05:13.352 [warning] [perf] profiling DONE 6a28a7b5-3b28-4a69-9116-6e21909c2bc4
2025-11-23 23:05:57.575 [warning] [perf] profiling STARTED e94965c4-ef58-47b9-90fd-b0b9485d8042
2025-11-23 23:06:02.625 [warning] [perf] profiling DONE e94965c4-ef58-47b9-90fd-b0b9485d8042
2025-11-23 23:06:02.987 [warning] [perf] profiling STARTED e94965c4-ef58-47b9-90fd-b0b9485d8042
2025-11-23 23:06:08.033 [warning] [perf] profiling DONE e94965c4-ef58-47b9-90fd-b0b9485d8042
2025-11-23 23:06:08.389 [warning] [perf] profiling STARTED e94965c4-ef58-47b9-90fd-b0b9485d8042
2025-11-23 23:06:13.433 [warning] [perf] profiling DONE e94965c4-ef58-47b9-90fd-b0b9485d8042
2025-11-23 23:06:57.140 [warning] [perf] profiling STARTED e94c963d-4c34-4d6a-bc5d-ff1d897bd433
2025-11-23 23:07:02.171 [warning] [perf] profiling DONE e94c963d-4c34-4d6a-bc5d-ff1d897bd433
2025-11-23 23:07:02.473 [warning] [perf] profiling STARTED e94c963d-4c34-4d6a-bc5d-ff1d897bd433
2025-11-23 23:07:07.504 [warning] [perf] profiling DONE e94c963d-4c34-4d6a-bc5d-ff1d897bd433
2025-11-23 23:07:07.819 [warning] [perf] profiling STARTED e94c963d-4c34-4d6a-bc5d-ff1d897bd433
2025-11-23 23:07:12.867 [warning] [perf] profiling DONE e94c963d-4c34-4d6a-bc5d-ff1d897bd433
2025-11-23 23:07:57.425 [warning] [perf] profiling STARTED 2ff520b7-ac0b-4d2c-8872-a2a269112c66
2025-11-23 23:08:02.482 [warning] [perf] profiling DONE 2ff520b7-ac0b-4d2c-8872-a2a269112c66
2025-11-23 23:08:02.921 [warning] [perf] profiling STARTED 2ff520b7-ac0b-4d2c-8872-a2a269112c66
2025-11-23 23:08:07.984 [warning] [perf] profiling DONE 2ff520b7-ac0b-4d2c-8872-a2a269112c66
2025-11-23 23:08:08.345 [warning] [perf] profiling STARTED 2ff520b7-ac0b-4d2c-8872-a2a269112c66
2025-11-23 23:08:13.388 [warning] [perf] profiling DONE 2ff520b7-ac0b-4d2c-8872-a2a269112c66
2025-11-23 23:08:57.438 [warning] [perf] profiling STARTED 960516d8-ab06-498c-b58b-08d11c1669f9
2025-11-23 23:09:02.493 [warning] [perf] profiling DONE 960516d8-ab06-498c-b58b-08d11c1669f9
2025-11-23 23:09:57.318 [warning] [perf] profiling STARTED 65a65a15-1f0e-4826-ac44-dc7c2fc2027b
2025-11-23 23:10:02.355 [warning] [perf] profiling DONE 65a65a15-1f0e-4826-ac44-dc7c2fc2027b
2025-11-23 23:10:02.717 [warning] [perf] profiling STARTED 65a65a15-1f0e-4826-ac44-dc7c2fc2027b
2025-11-23 23:10:07.769 [warning] [perf] profiling DONE 65a65a15-1f0e-4826-ac44-dc7c2fc2027b
2025-11-23 23:10:08.120 [warning] [perf] profiling STARTED 65a65a15-1f0e-4826-ac44-dc7c2fc2027b
2025-11-23 23:10:13.168 [warning] [perf] profiling DONE 65a65a15-1f0e-4826-ac44-dc7c2fc2027b
2025-11-23 23:10:57.338 [warning] [perf] profiling STARTED 22c020a5-5d83-498b-820d-8132a56b1a3f
2025-11-23 23:11:02.395 [warning] [perf] profiling DONE 22c020a5-5d83-498b-820d-8132a56b1a3f
2025-11-23 23:11:02.738 [warning] [perf] profiling STARTED 22c020a5-5d83-498b-820d-8132a56b1a3f
2025-11-23 23:11:07.784 [warning] [perf] profiling DONE 22c020a5-5d83-498b-820d-8132a56b1a3f
2025-11-23 23:11:08.156 [warning] [perf] profiling STARTED 22c020a5-5d83-498b-820d-8132a56b1a3f
2025-11-23 23:11:13.215 [warning] [perf] profiling DONE 22c020a5-5d83-498b-820d-8132a56b1a3f
2025-11-23 23:11:57.094 [warning] [perf] profiling STARTED b7e394fb-993a-4a4a-a908-c751bf2185fa
2025-11-23 23:12:02.126 [warning] [perf] profiling DONE b7e394fb-993a-4a4a-a908-c751bf2185fa
2025-11-23 23:12:02.439 [warning] [perf] profiling STARTED b7e394fb-993a-4a4a-a908-c751bf2185fa
2025-11-23 23:12:07.472 [warning] [perf] profiling DONE b7e394fb-993a-4a4a-a908-c751bf2185fa
2025-11-23 23:12:07.784 [warning] [perf] profiling STARTED b7e394fb-993a-4a4a-a908-c751bf2185fa
2025-11-23 23:12:12.849 [warning] [perf] profiling DONE b7e394fb-993a-4a4a-a908-c751bf2185fa
2025-11-23 23:12:57.045 [warning] [perf] profiling STARTED f522a577-12d7-4589-8fad-24cab5dbd75c
2025-11-23 23:13:02.081 [warning] [perf] profiling DONE f522a577-12d7-4589-8fad-24cab5dbd75c
2025-11-23 23:13:02.432 [warning] [perf] profiling STARTED f522a577-12d7-4589-8fad-24cab5dbd75c
2025-11-23 23:13:07.466 [warning] [perf] profiling DONE f522a577-12d7-4589-8fad-24cab5dbd75c
2025-11-23 23:13:07.752 [warning] [perf] profiling STARTED f522a577-12d7-4589-8fad-24cab5dbd75c
2025-11-23 23:13:12.787 [warning] [perf] profiling DONE f522a577-12d7-4589-8fad-24cab5dbd75c
2025-11-23 23:13:57.176 [warning] [perf] profiling STARTED 0449e26f-ec42-4ead-8c09-477c88e2e116
2025-11-23 23:14:02.232 [warning] [perf] profiling DONE 0449e26f-ec42-4ead-8c09-477c88e2e116
2025-11-23 23:14:02.554 [warning] [perf] profiling STARTED 0449e26f-ec42-4ead-8c09-477c88e2e116
2025-11-23 23:14:07.599 [warning] [perf] profiling DONE 0449e26f-ec42-4ead-8c09-477c88e2e116
2025-11-23 23:14:07.909 [warning] [perf] profiling STARTED 0449e26f-ec42-4ead-8c09-477c88e2e116
2025-11-23 23:14:12.947 [warning] [perf] profiling DONE 0449e26f-ec42-4ead-8c09-477c88e2e116
2025-11-23 23:14:57.124 [warning] [perf] profiling STARTED 4c46dee7-5ed4-444a-ab22-930a13fb4293
2025-11-23 23:15:02.185 [warning] [perf] profiling DONE 4c46dee7-5ed4-444a-ab22-930a13fb4293
2025-11-23 23:15:02.546 [warning] [perf] profiling STARTED 4c46dee7-5ed4-444a-ab22-930a13fb4293
2025-11-23 23:15:07.593 [warning] [perf] profiling DONE 4c46dee7-5ed4-444a-ab22-930a13fb4293
2025-11-23 23:15:07.942 [warning] [perf] profiling STARTED 4c46dee7-5ed4-444a-ab22-930a13fb4293
2025-11-23 23:15:12.997 [warning] [perf] profiling DONE 4c46dee7-5ed4-444a-ab22-930a13fb4293
2025-11-23 23:15:57.118 [warning] [perf] profiling STARTED 883c4b59-603a-4e96-a23d-f22954074215
2025-11-23 23:16:02.157 [warning] [perf] profiling DONE 883c4b59-603a-4e96-a23d-f22954074215
2025-11-23 23:16:02.472 [warning] [perf] profiling STARTED 883c4b59-603a-4e96-a23d-f22954074215
2025-11-23 23:16:07.510 [warning] [perf] profiling DONE 883c4b59-603a-4e96-a23d-f22954074215
2025-11-23 23:16:07.860 [warning] [perf] profiling STARTED 883c4b59-603a-4e96-a23d-f22954074215
2025-11-23 23:16:12.904 [warning] [perf] profiling DONE 883c4b59-603a-4e96-a23d-f22954074215
2025-11-23 23:16:57.410 [warning] [perf] profiling STARTED 0bcf605b-3033-4680-a43d-ab4b1f3b5f0e
2025-11-23 23:17:02.455 [warning] [perf] profiling DONE 0bcf605b-3033-4680-a43d-ab4b1f3b5f0e
2025-11-23 23:17:02.793 [warning] [perf] profiling STARTED 0bcf605b-3033-4680-a43d-ab4b1f3b5f0e
2025-11-23 23:17:07.837 [warning] [perf] profiling DONE 0bcf605b-3033-4680-a43d-ab4b1f3b5f0e
2025-11-23 23:17:08.186 [warning] [perf] profiling STARTED 0bcf605b-3033-4680-a43d-ab4b1f3b5f0e
2025-11-23 23:17:13.232 [warning] [perf] profiling DONE 0bcf605b-3033-4680-a43d-ab4b1f3b5f0e
2025-11-23 23:17:57.434 [warning] [perf] profiling STARTED 29584321-c9ca-4b93-b9ca-8d716809d05e
2025-11-23 23:18:02.486 [warning] [perf] profiling DONE 29584321-c9ca-4b93-b9ca-8d716809d05e
2025-11-23 23:18:02.831 [warning] [perf] profiling STARTED 29584321-c9ca-4b93-b9ca-8d716809d05e
2025-11-23 23:18:07.884 [warning] [perf] profiling DONE 29584321-c9ca-4b93-b9ca-8d716809d05e
2025-11-23 23:18:08.238 [warning] [perf] profiling STARTED 29584321-c9ca-4b93-b9ca-8d716809d05e
2025-11-23 23:18:13.300 [warning] [perf] profiling DONE 29584321-c9ca-4b93-b9ca-8d716809d05e
2025-11-23 23:18:57.479 [warning] [perf] profiling STARTED bb39e7f5-a64f-4995-917e-66e678f7472d
2025-11-23 23:19:02.537 [warning] [perf] profiling DONE bb39e7f5-a64f-4995-917e-66e678f7472d
2025-11-23 23:19:02.898 [warning] [perf] profiling STARTED bb39e7f5-a64f-4995-917e-66e678f7472d
2025-11-23 23:19:07.942 [warning] [perf] profiling DONE bb39e7f5-a64f-4995-917e-66e678f7472d
2025-11-23 23:19:08.302 [warning] [perf] profiling STARTED bb39e7f5-a64f-4995-917e-66e678f7472d
2025-11-23 23:19:13.355 [warning] [perf] profiling DONE bb39e7f5-a64f-4995-917e-66e678f7472d
2025-11-23 23:19:57.487 [warning] [perf] profiling STARTED e20a47a2-fe51-4976-8125-7f92af67e516
2025-11-23 23:20:02.534 [warning] [perf] profiling DONE e20a47a2-fe51-4976-8125-7f92af67e516
2025-11-23 23:20:02.874 [warning] [perf] profiling STARTED e20a47a2-fe51-4976-8125-7f92af67e516
2025-11-23 23:20:07.922 [warning] [perf] profiling DONE e20a47a2-fe51-4976-8125-7f92af67e516
2025-11-23 23:20:08.336 [warning] [perf] profiling STARTED e20a47a2-fe51-4976-8125-7f92af67e516
2025-11-23 23:20:13.399 [warning] [perf] profiling DONE e20a47a2-fe51-4976-8125-7f92af67e516
2025-11-23 23:20:57.564 [warning] [perf] profiling STARTED d221e7cc-4aca-4fc6-94f3-049a6b5ae7a6
2025-11-23 23:21:02.618 [warning] [perf] profiling DONE d221e7cc-4aca-4fc6-94f3-049a6b5ae7a6
2025-11-23 23:21:02.990 [warning] [perf] profiling STARTED d221e7cc-4aca-4fc6-94f3-049a6b5ae7a6
2025-11-23 23:21:08.048 [warning] [perf] profiling DONE d221e7cc-4aca-4fc6-94f3-049a6b5ae7a6
2025-11-23 23:21:08.400 [warning] [perf] profiling STARTED d221e7cc-4aca-4fc6-94f3-049a6b5ae7a6
2025-11-23 23:21:13.448 [warning] [perf] profiling DONE d221e7cc-4aca-4fc6-94f3-049a6b5ae7a6
2025-11-23 23:21:57.538 [warning] [perf] profiling STARTED df628fb5-8d1d-4200-a84b-d95379b9a513
2025-11-23 23:22:02.590 [warning] [perf] profiling DONE df628fb5-8d1d-4200-a84b-d95379b9a513
2025-11-23 23:22:02.941 [warning] [perf] profiling STARTED df628fb5-8d1d-4200-a84b-d95379b9a513
2025-11-23 23:22:07.988 [warning] [perf] profiling DONE df628fb5-8d1d-4200-a84b-d95379b9a513
2025-11-23 23:22:08.336 [warning] [perf] profiling STARTED df628fb5-8d1d-4200-a84b-d95379b9a513
2025-11-23 23:22:13.377 [warning] [perf] profiling DONE df628fb5-8d1d-4200-a84b-d95379b9a513
2025-11-23 23:22:57.673 [warning] [perf] profiling STARTED 7efacf07-4dfd-47f0-a4c7-e4c590a55015
2025-11-23 23:23:02.736 [warning] [perf] profiling DONE 7efacf07-4dfd-47f0-a4c7-e4c590a55015
2025-11-23 23:23:03.091 [warning] [perf] profiling STARTED 7efacf07-4dfd-47f0-a4c7-e4c590a55015
2025-11-23 23:23:08.139 [warning] [perf] profiling DONE 7efacf07-4dfd-47f0-a4c7-e4c590a55015
2025-11-23 23:23:08.505 [warning] [perf] profiling STARTED 7efacf07-4dfd-47f0-a4c7-e4c590a55015
2025-11-23 23:23:13.563 [warning] [perf] profiling DONE 7efacf07-4dfd-47f0-a4c7-e4c590a55015
2025-11-23 23:23:57.466 [warning] [perf] profiling STARTED 539f4c8c-e556-4d0d-9f47-734cd0801c45
2025-11-23 23:24:02.522 [warning] [perf] profiling DONE 539f4c8c-e556-4d0d-9f47-734cd0801c45
2025-11-23 23:24:02.868 [warning] [perf] profiling STARTED 539f4c8c-e556-4d0d-9f47-734cd0801c45
2025-11-23 23:24:07.911 [warning] [perf] profiling DONE 539f4c8c-e556-4d0d-9f47-734cd0801c45
2025-11-23 23:24:08.268 [warning] [perf] profiling STARTED 539f4c8c-e556-4d0d-9f47-734cd0801c45
2025-11-23 23:24:13.322 [warning] [perf] profiling DONE 539f4c8c-e556-4d0d-9f47-734cd0801c45
2025-11-23 23:24:57.616 [warning] [perf] profiling STARTED b1824ef2-ea8d-4b9b-86f5-a8cee8cc80e0
2025-11-23 23:25:02.670 [warning] [perf] profiling DONE b1824ef2-ea8d-4b9b-86f5-a8cee8cc80e0
2025-11-23 23:25:03.045 [warning] [perf] profiling STARTED b1824ef2-ea8d-4b9b-86f5-a8cee8cc80e0
2025-11-23 23:25:08.100 [warning] [perf] profiling DONE b1824ef2-ea8d-4b9b-86f5-a8cee8cc80e0
2025-11-23 23:25:08.451 [warning] [perf] profiling STARTED b1824ef2-ea8d-4b9b-86f5-a8cee8cc80e0
2025-11-23 23:25:13.512 [warning] [perf] profiling DONE b1824ef2-ea8d-4b9b-86f5-a8cee8cc80e0
2025-11-23 23:25:57.497 [warning] [perf] profiling STARTED f3873931-3ca1-4d61-beda-f1dd31d5c825
2025-11-23 23:26:02.540 [warning] [perf] profiling DONE f3873931-3ca1-4d61-beda-f1dd31d5c825
2025-11-23 23:26:02.883 [warning] [perf] profiling STARTED f3873931-3ca1-4d61-beda-f1dd31d5c825
2025-11-23 23:26:07.934 [warning] [perf] profiling DONE f3873931-3ca1-4d61-beda-f1dd31d5c825
2025-11-23 23:26:08.298 [warning] [perf] profiling STARTED f3873931-3ca1-4d61-beda-f1dd31d5c825
2025-11-23 23:26:13.345 [warning] [perf] profiling DONE f3873931-3ca1-4d61-beda-f1dd31d5c825
2025-11-23 23:26:57.290 [warning] [perf] profiling STARTED cc7b3714-96e4-484c-89b7-69e4a065fa5e
2025-11-23 23:27:02.332 [warning] [perf] profiling DONE cc7b3714-96e4-484c-89b7-69e4a065fa5e
2025-11-23 23:27:57.538 [warning] [perf] profiling STARTED 0348bbc6-47a1-4268-b869-eee47c0677f7
2025-11-23 23:28:02.590 [warning] [perf] profiling DONE 0348bbc6-47a1-4268-b869-eee47c0677f7
2025-11-23 23:28:02.949 [warning] [perf] profiling STARTED 0348bbc6-47a1-4268-b869-eee47c0677f7
2025-11-23 23:28:07.991 [warning] [perf] profiling DONE 0348bbc6-47a1-4268-b869-eee47c0677f7
2025-11-23 23:28:08.344 [warning] [perf] profiling STARTED 0348bbc6-47a1-4268-b869-eee47c0677f7
2025-11-23 23:28:13.399 [warning] [perf] profiling DONE 0348bbc6-47a1-4268-b869-eee47c0677f7
2025-11-23 23:28:57.762 [warning] [perf] profiling STARTED a0dcc222-9cbb-4602-8ffe-212c3aee78cc
2025-11-23 23:29:02.813 [warning] [perf] profiling DONE a0dcc222-9cbb-4602-8ffe-212c3aee78cc
2025-11-23 23:29:03.184 [warning] [perf] profiling STARTED a0dcc222-9cbb-4602-8ffe-212c3aee78cc
2025-11-23 23:29:08.231 [warning] [perf] profiling DONE a0dcc222-9cbb-4602-8ffe-212c3aee78cc
2025-11-23 23:29:08.574 [warning] [perf] profiling STARTED a0dcc222-9cbb-4602-8ffe-212c3aee78cc
2025-11-23 23:29:13.640 [warning] [perf] profiling DONE a0dcc222-9cbb-4602-8ffe-212c3aee78cc
2025-11-23 23:29:57.660 [warning] [perf] profiling STARTED af52d66d-f1a8-429b-a5a0-5b1e5a3c4b87
2025-11-23 23:30:02.698 [warning] [perf] profiling DONE af52d66d-f1a8-429b-a5a0-5b1e5a3c4b87
2025-11-23 23:30:03.015 [warning] [perf] profiling STARTED af52d66d-f1a8-429b-a5a0-5b1e5a3c4b87
2025-11-23 23:30:08.053 [warning] [perf] profiling DONE af52d66d-f1a8-429b-a5a0-5b1e5a3c4b87
2025-11-23 23:30:08.364 [warning] [perf] profiling STARTED af52d66d-f1a8-429b-a5a0-5b1e5a3c4b87
2025-11-23 23:30:13.414 [warning] [perf] profiling DONE af52d66d-f1a8-429b-a5a0-5b1e5a3c4b87
2025-11-23 23:30:57.343 [warning] [perf] profiling STARTED a65d1f88-92f4-44ca-8b51-8dcd4c84ee0f
2025-11-23 23:31:02.407 [warning] [perf] profiling DONE a65d1f88-92f4-44ca-8b51-8dcd4c84ee0f
2025-11-23 23:31:02.724 [warning] [perf] profiling STARTED a65d1f88-92f4-44ca-8b51-8dcd4c84ee0f
2025-11-23 23:31:07.765 [warning] [perf] profiling DONE a65d1f88-92f4-44ca-8b51-8dcd4c84ee0f
2025-11-23 23:31:08.085 [warning] [perf] profiling STARTED a65d1f88-92f4-44ca-8b51-8dcd4c84ee0f
2025-11-23 23:31:13.136 [warning] [perf] profiling DONE a65d1f88-92f4-44ca-8b51-8dcd4c84ee0f
2025-11-23 23:31:58.937 [warning] [perf] profiling STARTED e80d02ad-81ad-4e44-bcc3-bbcf80a3fa06
2025-11-23 23:32:04.001 [warning] [perf] profiling DONE e80d02ad-81ad-4e44-bcc3-bbcf80a3fa06
2025-11-23 23:32:04.456 [warning] [perf] profiling STARTED e80d02ad-81ad-4e44-bcc3-bbcf80a3fa06
2025-11-23 23:32:09.499 [warning] [perf] profiling DONE e80d02ad-81ad-4e44-bcc3-bbcf80a3fa06
2025-11-23 23:32:09.970 [warning] [perf] profiling STARTED e80d02ad-81ad-4e44-bcc3-bbcf80a3fa06
2025-11-23 23:32:15.007 [warning] [perf] profiling DONE e80d02ad-81ad-4e44-bcc3-bbcf80a3fa06
2025-11-23 23:32:57.927 [warning] [perf] profiling STARTED fa56a8e8-9574-46ec-a622-76b9ff037eb6
2025-11-23 23:33:02.975 [warning] [perf] profiling DONE fa56a8e8-9574-46ec-a622-76b9ff037eb6
2025-11-23 23:33:03.353 [warning] [perf] profiling STARTED fa56a8e8-9574-46ec-a622-76b9ff037eb6
2025-11-23 23:33:08.414 [warning] [perf] profiling DONE fa56a8e8-9574-46ec-a622-76b9ff037eb6
2025-11-23 23:33:08.761 [warning] [perf] profiling STARTED fa56a8e8-9574-46ec-a622-76b9ff037eb6
2025-11-23 23:33:13.802 [warning] [perf] profiling DONE fa56a8e8-9574-46ec-a622-76b9ff037eb6
2025-11-23 23:33:57.659 [warning] [perf] profiling STARTED 84a8630f-a8a7-4fcd-a07c-201f082c6799
2025-11-23 23:34:02.711 [warning] [perf] profiling DONE 84a8630f-a8a7-4fcd-a07c-201f082c6799
2025-11-23 23:34:03.036 [warning] [perf] profiling STARTED 84a8630f-a8a7-4fcd-a07c-201f082c6799
2025-11-23 23:34:08.073 [warning] [perf] profiling DONE 84a8630f-a8a7-4fcd-a07c-201f082c6799
2025-11-23 23:34:08.458 [warning] [perf] profiling STARTED 84a8630f-a8a7-4fcd-a07c-201f082c6799
2025-11-23 23:34:13.506 [warning] [perf] profiling DONE 84a8630f-a8a7-4fcd-a07c-201f082c6799
2025-11-23 23:34:57.863 [warning] [perf] profiling STARTED 8861788b-d92f-445a-a4f6-252c0629df27
2025-11-23 23:35:02.909 [warning] [perf] profiling DONE 8861788b-d92f-445a-a4f6-252c0629df27
2025-11-23 23:35:03.460 [warning] [perf] profiling STARTED 8861788b-d92f-445a-a4f6-252c0629df27
2025-11-23 23:35:08.524 [warning] [perf] profiling DONE 8861788b-d92f-445a-a4f6-252c0629df27
2025-11-23 23:35:08.868 [warning] [perf] profiling STARTED 8861788b-d92f-445a-a4f6-252c0629df27
2025-11-23 23:35:13.916 [warning] [perf] profiling DONE 8861788b-d92f-445a-a4f6-252c0629df27
2025-11-23 23:35:57.657 [warning] [perf] profiling STARTED 05c456da-39bb-440c-9c86-b7b5517c3080
2025-11-23 23:36:02.711 [warning] [perf] profiling DONE 05c456da-39bb-440c-9c86-b7b5517c3080
2025-11-23 23:36:03.060 [warning] [perf] profiling STARTED 05c456da-39bb-440c-9c86-b7b5517c3080
2025-11-23 23:36:08.112 [warning] [perf] profiling DONE 05c456da-39bb-440c-9c86-b7b5517c3080
2025-11-23 23:36:08.466 [warning] [perf] profiling STARTED 05c456da-39bb-440c-9c86-b7b5517c3080
2025-11-23 23:36:13.518 [warning] [perf] profiling DONE 05c456da-39bb-440c-9c86-b7b5517c3080
2025-11-23 23:36:57.258 [warning] [perf] profiling STARTED 782f89d4-d8ba-475a-91f1-856260fb84ba
2025-11-23 23:37:02.323 [warning] [perf] profiling DONE 782f89d4-d8ba-475a-91f1-856260fb84ba
2025-11-23 23:37:02.677 [warning] [perf] profiling STARTED 782f89d4-d8ba-475a-91f1-856260fb84ba
2025-11-23 23:37:07.724 [warning] [perf] profiling DONE 782f89d4-d8ba-475a-91f1-856260fb84ba
2025-11-23 23:37:08.065 [warning] [perf] profiling STARTED 782f89d4-d8ba-475a-91f1-856260fb84ba
2025-11-23 23:37:13.130 [warning] [perf] profiling DONE 782f89d4-d8ba-475a-91f1-856260fb84ba
2025-11-23 23:37:57.704 [warning] [perf] profiling STARTED 54f1f80c-9c10-44f1-8efe-f4e6f03b54cc
2025-11-23 23:38:02.744 [warning] [perf] profiling DONE 54f1f80c-9c10-44f1-8efe-f4e6f03b54cc
2025-11-23 23:38:03.084 [warning] [perf] profiling STARTED 54f1f80c-9c10-44f1-8efe-f4e6f03b54cc
2025-11-23 23:38:08.138 [warning] [perf] profiling DONE 54f1f80c-9c10-44f1-8efe-f4e6f03b54cc
2025-11-23 23:38:08.495 [warning] [perf] profiling STARTED 54f1f80c-9c10-44f1-8efe-f4e6f03b54cc
2025-11-23 23:38:13.541 [warning] [perf] profiling DONE 54f1f80c-9c10-44f1-8efe-f4e6f03b54cc
2025-11-23 23:38:57.571 [warning] [perf] profiling STARTED 8c5a6ccf-1e52-4df8-970e-ad21cdc21c97
2025-11-23 23:39:02.632 [warning] [perf] profiling DONE 8c5a6ccf-1e52-4df8-970e-ad21cdc21c97
2025-11-23 23:39:02.991 [warning] [perf] profiling STARTED 8c5a6ccf-1e52-4df8-970e-ad21cdc21c97
2025-11-23 23:39:08.040 [warning] [perf] profiling DONE 8c5a6ccf-1e52-4df8-970e-ad21cdc21c97
2025-11-23 23:39:08.410 [warning] [perf] profiling STARTED 8c5a6ccf-1e52-4df8-970e-ad21cdc21c97
2025-11-23 23:39:13.459 [warning] [perf] profiling DONE 8c5a6ccf-1e52-4df8-970e-ad21cdc21c97
2025-11-23 23:39:57.620 [warning] [perf] profiling STARTED 04e11727-d928-4e27-95bc-37054e9b6e9a
2025-11-23 23:40:02.684 [warning] [perf] profiling DONE 04e11727-d928-4e27-95bc-37054e9b6e9a
2025-11-23 23:40:03.038 [warning] [perf] profiling STARTED 04e11727-d928-4e27-95bc-37054e9b6e9a
2025-11-23 23:40:08.100 [warning] [perf] profiling DONE 04e11727-d928-4e27-95bc-37054e9b6e9a
2025-11-23 23:40:08.457 [warning] [perf] profiling STARTED 04e11727-d928-4e27-95bc-37054e9b6e9a
2025-11-23 23:40:13.512 [warning] [perf] profiling DONE 04e11727-d928-4e27-95bc-37054e9b6e9a
2025-11-23 23:40:57.370 [warning] [perf] profiling STARTED 88bad8f3-5c93-4d19-ba1c-7f9c23e34273
2025-11-23 23:41:02.416 [warning] [perf] profiling DONE 88bad8f3-5c93-4d19-ba1c-7f9c23e34273
2025-11-23 23:41:02.725 [warning] [perf] profiling STARTED 88bad8f3-5c93-4d19-ba1c-7f9c23e34273
2025-11-23 23:41:07.776 [warning] [perf] profiling DONE 88bad8f3-5c93-4d19-ba1c-7f9c23e34273
2025-11-23 23:41:08.177 [warning] [perf] profiling STARTED 88bad8f3-5c93-4d19-ba1c-7f9c23e34273
2025-11-23 23:41:13.222 [warning] [perf] profiling DONE 88bad8f3-5c93-4d19-ba1c-7f9c23e34273
2025-11-23 23:41:57.411 [warning] [perf] profiling STARTED 6366a622-fc1f-4074-8c27-9b1b4dfb4270
2025-11-23 23:42:02.444 [warning] [perf] profiling DONE 6366a622-fc1f-4074-8c27-9b1b4dfb4270
2025-11-23 23:42:02.777 [warning] [perf] profiling STARTED 6366a622-fc1f-4074-8c27-9b1b4dfb4270
2025-11-23 23:42:07.821 [warning] [perf] profiling DONE 6366a622-fc1f-4074-8c27-9b1b4dfb4270
2025-11-23 23:42:08.135 [warning] [perf] profiling STARTED 6366a622-fc1f-4074-8c27-9b1b4dfb4270
2025-11-23 23:42:13.185 [warning] [perf] profiling DONE 6366a622-fc1f-4074-8c27-9b1b4dfb4270
2025-11-23 23:42:57.638 [warning] [perf] profiling STARTED 4733c961-c66f-4715-aa0c-4aa10b2fec5b
2025-11-23 23:43:02.694 [warning] [perf] profiling DONE 4733c961-c66f-4715-aa0c-4aa10b2fec5b
2025-11-23 23:43:03.046 [warning] [perf] profiling STARTED 4733c961-c66f-4715-aa0c-4aa10b2fec5b
2025-11-23 23:43:08.099 [warning] [perf] profiling DONE 4733c961-c66f-4715-aa0c-4aa10b2fec5b
2025-11-23 23:43:08.452 [warning] [perf] profiling STARTED 4733c961-c66f-4715-aa0c-4aa10b2fec5b
2025-11-23 23:43:13.502 [warning] [perf] profiling DONE 4733c961-c66f-4715-aa0c-4aa10b2fec5b
2025-11-23 23:43:57.427 [warning] [perf] profiling STARTED 4073a9ac-171b-47b8-8081-d50bf029d558
2025-11-23 23:44:02.480 [warning] [perf] profiling DONE 4073a9ac-171b-47b8-8081-d50bf029d558
2025-11-23 23:44:02.844 [warning] [perf] profiling STARTED 4073a9ac-171b-47b8-8081-d50bf029d558
2025-11-23 23:44:07.897 [warning] [perf] profiling DONE 4073a9ac-171b-47b8-8081-d50bf029d558
2025-11-23 23:44:08.255 [warning] [perf] profiling STARTED 4073a9ac-171b-47b8-8081-d50bf029d558
2025-11-23 23:44:13.305 [warning] [perf] profiling DONE 4073a9ac-171b-47b8-8081-d50bf029d558
2025-11-23 23:44:57.806 [warning] [perf] profiling STARTED bff52a07-343b-45b5-b277-b03a62a178f1
2025-11-23 23:45:02.865 [warning] [perf] profiling DONE bff52a07-343b-45b5-b277-b03a62a178f1
2025-11-23 23:45:03.221 [warning] [perf] profiling STARTED bff52a07-343b-45b5-b277-b03a62a178f1
2025-11-23 23:45:08.285 [warning] [perf] profiling DONE bff52a07-343b-45b5-b277-b03a62a178f1
2025-11-23 23:45:08.647 [warning] [perf] profiling STARTED bff52a07-343b-45b5-b277-b03a62a178f1
2025-11-23 23:45:13.698 [warning] [perf] profiling DONE bff52a07-343b-45b5-b277-b03a62a178f1
2025-11-23 23:45:57.630 [warning] [perf] profiling STARTED 8256ed51-1b15-44f4-893a-9a2021cc7894
2025-11-23 23:46:02.686 [warning] [perf] profiling DONE 8256ed51-1b15-44f4-893a-9a2021cc7894
2025-11-23 23:46:03.031 [warning] [perf] profiling STARTED 8256ed51-1b15-44f4-893a-9a2021cc7894
2025-11-23 23:46:08.080 [warning] [perf] profiling DONE 8256ed51-1b15-44f4-893a-9a2021cc7894
2025-11-23 23:46:08.434 [warning] [perf] profiling STARTED 8256ed51-1b15-44f4-893a-9a2021cc7894
2025-11-23 23:46:13.483 [warning] [perf] profiling DONE 8256ed51-1b15-44f4-893a-9a2021cc7894
2025-11-23 23:46:57.603 [warning] [perf] profiling STARTED 5c66ce0f-68ff-4582-abc3-dbcf864a2dc5
2025-11-23 23:47:02.650 [warning] [perf] profiling DONE 5c66ce0f-68ff-4582-abc3-dbcf864a2dc5
2025-11-23 23:47:02.994 [warning] [perf] profiling STARTED 5c66ce0f-68ff-4582-abc3-dbcf864a2dc5
2025-11-23 23:47:08.083 [warning] [perf] profiling DONE 5c66ce0f-68ff-4582-abc3-dbcf864a2dc5
2025-11-23 23:47:08.433 [warning] [perf] profiling STARTED 5c66ce0f-68ff-4582-abc3-dbcf864a2dc5
2025-11-23 23:47:13.488 [warning] [perf] profiling DONE 5c66ce0f-68ff-4582-abc3-dbcf864a2dc5
2025-11-23 23:47:57.597 [warning] [perf] profiling STARTED 1bcd003f-e827-4e35-b837-9bb2c2163bde
2025-11-23 23:48:02.640 [warning] [perf] profiling DONE 1bcd003f-e827-4e35-b837-9bb2c2163bde
2025-11-23 23:48:02.981 [warning] [perf] profiling STARTED 1bcd003f-e827-4e35-b837-9bb2c2163bde
2025-11-23 23:48:08.033 [warning] [perf] profiling DONE 1bcd003f-e827-4e35-b837-9bb2c2163bde
2025-11-23 23:48:08.383 [warning] [perf] profiling STARTED 1bcd003f-e827-4e35-b837-9bb2c2163bde
2025-11-23 23:48:13.439 [warning] [perf] profiling DONE 1bcd003f-e827-4e35-b837-9bb2c2163bde
2025-11-23 23:48:57.670 [warning] [perf] profiling STARTED e32c1e02-0a79-406d-a01d-8dd0d8a9fac7
2025-11-23 23:49:02.729 [warning] [perf] profiling DONE e32c1e02-0a79-406d-a01d-8dd0d8a9fac7
2025-11-23 23:49:03.071 [warning] [perf] profiling STARTED e32c1e02-0a79-406d-a01d-8dd0d8a9fac7
2025-11-23 23:49:08.126 [warning] [perf] profiling DONE e32c1e02-0a79-406d-a01d-8dd0d8a9fac7
2025-11-23 23:49:08.481 [warning] [perf] profiling STARTED e32c1e02-0a79-406d-a01d-8dd0d8a9fac7
2025-11-23 23:49:13.533 [warning] [perf] profiling DONE e32c1e02-0a79-406d-a01d-8dd0d8a9fac7
2025-11-23 23:49:57.669 [warning] [perf] profiling STARTED 1c30fb1e-2aaa-40c2-8730-458307eee2a8
2025-11-23 23:50:02.723 [warning] [perf] profiling DONE 1c30fb1e-2aaa-40c2-8730-458307eee2a8
2025-11-23 23:50:03.080 [warning] [perf] profiling STARTED 1c30fb1e-2aaa-40c2-8730-458307eee2a8
2025-11-23 23:50:08.129 [warning] [perf] profiling DONE 1c30fb1e-2aaa-40c2-8730-458307eee2a8
2025-11-23 23:50:08.489 [warning] [perf] profiling STARTED 1c30fb1e-2aaa-40c2-8730-458307eee2a8
2025-11-23 23:50:13.540 [warning] [perf] profiling DONE 1c30fb1e-2aaa-40c2-8730-458307eee2a8
2025-11-23 23:50:57.307 [warning] [perf] profiling STARTED 9496c079-2df9-4004-bfe3-41bc5eabcf8d
2025-11-23 23:51:02.360 [warning] [perf] profiling DONE 9496c079-2df9-4004-bfe3-41bc5eabcf8d
2025-11-23 23:51:02.720 [warning] [perf] profiling STARTED 9496c079-2df9-4004-bfe3-41bc5eabcf8d
2025-11-23 23:51:07.760 [warning] [perf] profiling DONE 9496c079-2df9-4004-bfe3-41bc5eabcf8d
2025-11-23 23:51:08.111 [warning] [perf] profiling STARTED 9496c079-2df9-4004-bfe3-41bc5eabcf8d
2025-11-23 23:51:13.171 [warning] [perf] profiling DONE 9496c079-2df9-4004-bfe3-41bc5eabcf8d
2025-11-23 23:51:57.878 [warning] [perf] profiling STARTED 6c246981-fe9b-4576-be89-366f1271f1a8
2025-11-23 23:52:02.923 [warning] [perf] profiling DONE 6c246981-fe9b-4576-be89-366f1271f1a8
2025-11-23 23:52:03.271 [warning] [perf] profiling STARTED 6c246981-fe9b-4576-be89-366f1271f1a8
2025-11-23 23:52:08.346 [warning] [perf] profiling DONE 6c246981-fe9b-4576-be89-366f1271f1a8
2025-11-23 23:52:08.688 [warning] [perf] profiling STARTED 6c246981-fe9b-4576-be89-366f1271f1a8
2025-11-23 23:52:13.735 [warning] [perf] profiling DONE 6c246981-fe9b-4576-be89-366f1271f1a8
2025-11-23 23:52:57.729 [warning] [perf] profiling STARTED 9bb8a440-9bc8-493d-b6fc-c18c01cf28a5
2025-11-23 23:53:02.789 [warning] [perf] profiling DONE 9bb8a440-9bc8-493d-b6fc-c18c01cf28a5
2025-11-23 23:53:03.156 [warning] [perf] profiling STARTED 9bb8a440-9bc8-493d-b6fc-c18c01cf28a5
2025-11-23 23:53:08.213 [warning] [perf] profiling DONE 9bb8a440-9bc8-493d-b6fc-c18c01cf28a5
2025-11-23 23:53:08.556 [warning] [perf] profiling STARTED 9bb8a440-9bc8-493d-b6fc-c18c01cf28a5
2025-11-23 23:53:13.604 [warning] [perf] profiling DONE 9bb8a440-9bc8-493d-b6fc-c18c01cf28a5
2025-11-23 23:53:57.756 [warning] [perf] profiling STARTED c89356eb-5700-476a-acd9-15a347ce5019
2025-11-23 23:54:02.802 [warning] [perf] profiling DONE c89356eb-5700-476a-acd9-15a347ce5019
2025-11-23 23:54:03.155 [warning] [perf] profiling STARTED c89356eb-5700-476a-acd9-15a347ce5019
2025-11-23 23:54:08.214 [warning] [perf] profiling DONE c89356eb-5700-476a-acd9-15a347ce5019
2025-11-23 23:54:08.589 [warning] [perf] profiling STARTED c89356eb-5700-476a-acd9-15a347ce5019
2025-11-23 23:54:13.636 [warning] [perf] profiling DONE c89356eb-5700-476a-acd9-15a347ce5019
2025-11-23 23:54:57.790 [warning] [perf] profiling STARTED ab3ff0a2-fad7-49ea-931b-2adca5eed776
2025-11-23 23:55:02.846 [warning] [perf] profiling DONE ab3ff0a2-fad7-49ea-931b-2adca5eed776
2025-11-23 23:55:03.181 [warning] [perf] profiling STARTED ab3ff0a2-fad7-49ea-931b-2adca5eed776
2025-11-23 23:55:08.240 [warning] [perf] profiling DONE ab3ff0a2-fad7-49ea-931b-2adca5eed776
2025-11-23 23:55:08.584 [warning] [perf] profiling STARTED ab3ff0a2-fad7-49ea-931b-2adca5eed776
2025-11-23 23:55:13.634 [warning] [perf] profiling DONE ab3ff0a2-fad7-49ea-931b-2adca5eed776
2025-11-23 23:55:57.682 [warning] [perf] profiling STARTED 9a153715-39f5-49b2-89c0-03a618060433
2025-11-23 23:56:02.727 [warning] [perf] profiling DONE 9a153715-39f5-49b2-89c0-03a618060433
2025-11-23 23:56:03.075 [warning] [perf] profiling STARTED 9a153715-39f5-49b2-89c0-03a618060433
2025-11-23 23:56:08.130 [warning] [perf] profiling DONE 9a153715-39f5-49b2-89c0-03a618060433
2025-11-23 23:56:08.504 [warning] [perf] profiling STARTED 9a153715-39f5-49b2-89c0-03a618060433
2025-11-23 23:56:13.550 [warning] [perf] profiling DONE 9a153715-39f5-49b2-89c0-03a618060433
2025-11-23 23:57:01.358 [warning] [perf] profiling STARTED 7d04b43c-381c-45d2-b509-375258951909
2025-11-23 23:57:06.399 [warning] [perf] profiling DONE 7d04b43c-381c-45d2-b509-375258951909
2025-11-23 23:58:01.135 [warning] [perf] profiling STARTED 7b83b5cd-435c-4f6d-a89b-bf4ef032babc
2025-11-23 23:58:06.168 [warning] [perf] profiling DONE 7b83b5cd-435c-4f6d-a89b-bf4ef032babc
2025-11-23 23:58:06.462 [warning] [perf] profiling STARTED 7b83b5cd-435c-4f6d-a89b-bf4ef032babc
2025-11-23 23:58:11.515 [warning] [perf] profiling DONE 7b83b5cd-435c-4f6d-a89b-bf4ef032babc
2025-11-23 23:58:11.872 [warning] [perf] profiling STARTED 7b83b5cd-435c-4f6d-a89b-bf4ef032babc
2025-11-23 23:58:16.932 [warning] [perf] profiling DONE 7b83b5cd-435c-4f6d-a89b-bf4ef032babc
2025-11-23 23:59:02.253 [warning] [perf] profiling STARTED 2a3e8822-8ad5-4144-bd6b-45b659114713
2025-11-23 23:59:07.305 [warning] [perf] profiling DONE 2a3e8822-8ad5-4144-bd6b-45b659114713
2025-11-23 23:59:07.657 [warning] [perf] profiling STARTED 2a3e8822-8ad5-4144-bd6b-45b659114713
2025-11-23 23:59:12.736 [warning] [perf] profiling DONE 2a3e8822-8ad5-4144-bd6b-45b659114713
2025-11-23 23:59:13.176 [warning] [perf] profiling STARTED 2a3e8822-8ad5-4144-bd6b-45b659114713
2025-11-23 23:59:18.212 [warning] [perf] profiling DONE 2a3e8822-8ad5-4144-bd6b-45b659114713
2025-11-24 00:00:01.938 [warning] [perf] profiling STARTED e6cd304b-e71a-40b0-9bfb-45cb9a09ce5d
2025-11-24 00:00:06.984 [warning] [perf] profiling DONE e6cd304b-e71a-40b0-9bfb-45cb9a09ce5d
2025-11-24 00:00:07.349 [warning] [perf] profiling STARTED e6cd304b-e71a-40b0-9bfb-45cb9a09ce5d
2025-11-24 00:00:12.398 [warning] [perf] profiling DONE e6cd304b-e71a-40b0-9bfb-45cb9a09ce5d
2025-11-24 00:00:12.745 [warning] [perf] profiling STARTED e6cd304b-e71a-40b0-9bfb-45cb9a09ce5d
2025-11-24 00:00:17.792 [warning] [perf] profiling DONE e6cd304b-e71a-40b0-9bfb-45cb9a09ce5d
2025-11-24 00:01:01.686 [warning] [perf] profiling STARTED 808f7718-d848-46c0-905e-0db556739815
2025-11-24 00:01:06.743 [warning] [perf] profiling DONE 808f7718-d848-46c0-905e-0db556739815
2025-11-24 00:01:07.104 [warning] [perf] profiling STARTED 808f7718-d848-46c0-905e-0db556739815
2025-11-24 00:01:12.158 [warning] [perf] profiling DONE 808f7718-d848-46c0-905e-0db556739815
2025-11-24 00:01:12.546 [warning] [perf] profiling STARTED 808f7718-d848-46c0-905e-0db556739815
2025-11-24 00:01:17.596 [warning] [perf] profiling DONE 808f7718-d848-46c0-905e-0db556739815
2025-11-24 00:02:01.555 [warning] [perf] profiling STARTED 8178d8db-d5f1-44b6-b568-19c2a0431a52
2025-11-24 00:02:06.595 [warning] [perf] profiling DONE 8178d8db-d5f1-44b6-b568-19c2a0431a52
2025-11-24 00:02:06.942 [warning] [perf] profiling STARTED 8178d8db-d5f1-44b6-b568-19c2a0431a52
2025-11-24 00:02:11.987 [warning] [perf] profiling DONE 8178d8db-d5f1-44b6-b568-19c2a0431a52
2025-11-24 00:02:12.307 [warning] [perf] profiling STARTED 8178d8db-d5f1-44b6-b568-19c2a0431a52
2025-11-24 00:02:17.347 [warning] [perf] profiling DONE 8178d8db-d5f1-44b6-b568-19c2a0431a52
2025-11-24 00:03:01.614 [warning] [perf] profiling STARTED d458180c-3dd2-4ad2-953d-36cbdbfa9f3e
2025-11-24 00:03:06.660 [warning] [perf] profiling DONE d458180c-3dd2-4ad2-953d-36cbdbfa9f3e
2025-11-24 00:04:01.976 [warning] [perf] profiling STARTED 535f9d23-091d-4a97-8a60-1f39f3abff09
2025-11-24 00:04:07.036 [warning] [perf] profiling DONE 535f9d23-091d-4a97-8a60-1f39f3abff09
2025-11-24 00:04:07.412 [warning] [perf] profiling STARTED 535f9d23-091d-4a97-8a60-1f39f3abff09
2025-11-24 00:04:12.466 [warning] [perf] profiling DONE 535f9d23-091d-4a97-8a60-1f39f3abff09
2025-11-24 00:04:12.859 [warning] [perf] profiling STARTED 535f9d23-091d-4a97-8a60-1f39f3abff09
2025-11-24 00:04:17.908 [warning] [perf] profiling DONE 535f9d23-091d-4a97-8a60-1f39f3abff09
2025-11-24 00:05:02.009 [warning] [perf] profiling STARTED a84e845f-a68e-48ad-932c-660021dfe861
2025-11-24 00:05:07.061 [warning] [perf] profiling DONE a84e845f-a68e-48ad-932c-660021dfe861
2025-11-24 00:05:07.458 [warning] [perf] profiling STARTED a84e845f-a68e-48ad-932c-660021dfe861
2025-11-24 00:05:12.512 [warning] [perf] profiling DONE a84e845f-a68e-48ad-932c-660021dfe861
2025-11-24 00:05:12.948 [warning] [perf] profiling STARTED a84e845f-a68e-48ad-932c-660021dfe861
2025-11-24 00:05:18.116 [warning] [perf] profiling DONE a84e845f-a68e-48ad-932c-660021dfe861
2025-11-24 00:06:01.740 [warning] [perf] profiling STARTED 3e92833d-3c95-43b3-88fa-452f9a691fd8
2025-11-24 00:06:06.820 [warning] [perf] profiling DONE 3e92833d-3c95-43b3-88fa-452f9a691fd8
2025-11-24 00:06:16.681 [info] Extension host with pid 728799 exited with code: 0, signal: unknown.
