2025-11-24 01:13:25.668 [info] Getting Manifest... ms-python.python
2025-11-24 01:13:25.747 [info] Installing extension: ms-python.python {"isMachineScoped":false,"profileLocation":{"$mid":1,"external":"vscode-userdata:/home/trang/.vscode/extensions/extensions.json","path":"/home/trang/.vscode/extensions/extensions.json","scheme":"vscode-userdata"},"isApplicationScoped":false,"productVersion":{"version":"1.106.0","date":"2025-11-11T16:02:25.943Z"}}
2025-11-24 01:13:26.124 [info] Getting Manifest... ms-python.vscode-pylance
2025-11-24 01:13:26.999 [info] Getting Manifest... ms-python.vscode-python-envs
2025-11-24 01:13:27.162 [info] Getting Manifest... ms-python.debugpy
2025-11-24 01:13:27.180 [info] Installing extension: ms-python.vscode-pylance {"isMachineScoped":false,"profileLocation":{"$mid":1,"external":"vscode-userdata:/home/trang/.vscode/extensions/extensions.json","path":"/home/trang/.vscode/extensions/extensions.json","scheme":"vscode-userdata"},"isApplicationScoped":false,"productVersion":{"version":"1.106.0","date":"2025-11-11T16:02:25.943Z"},"pinned":false,"installGivenVersion":false,"context":{"dependecyOrPackExtensionInstall":true}}
2025-11-24 01:13:27.180 [info] Installing extension: ms-python.vscode-python-envs {"isMachineScoped":false,"profileLocation":{"$mid":1,"external":"vscode-userdata:/home/trang/.vscode/extensions/extensions.json","path":"/home/trang/.vscode/extensions/extensions.json","scheme":"vscode-userdata"},"isApplicationScoped":false,"productVersion":{"version":"1.106.0","date":"2025-11-11T16:02:25.943Z"},"pinned":false,"installGivenVersion":false,"context":{"dependecyOrPackExtensionInstall":true}}
2025-11-24 01:13:27.180 [info] Installing extension: ms-python.debugpy {"isMachineScoped":false,"profileLocation":{"$mid":1,"external":"vscode-userdata:/home/trang/.vscode/extensions/extensions.json","path":"/home/trang/.vscode/extensions/extensions.json","scheme":"vscode-userdata"},"isApplicationScoped":false,"productVersion":{"version":"1.106.0","date":"2025-11-11T16:02:25.943Z"},"pinned":false,"installGivenVersion":false,"context":{"dependecyOrPackExtensionInstall":true}}
2025-11-24 01:13:29.241 [info] Extension signature verification result for ms-python.debugpy: Success. Internal Code: 0. Executed: true. Duration: 1434ms.
2025-11-24 01:13:29.566 [info] Extension signature verification result for ms-python.vscode-python-envs: Success. Internal Code: 0. Executed: true. Duration: 1417ms.
2025-11-24 01:13:29.609 [info] Extension signature verification result for ms-python.python: Success. Internal Code: 0. Executed: true. Duration: 1468ms.
2025-11-24 01:13:30.026 [info] Extracted extension to file:///home/trang/.vscode/extensions/ms-python.vscode-python-envs-1.12.0-linux-x64: ms-python.vscode-python-envs
2025-11-24 01:13:30.045 [info] Renamed to /home/trang/.vscode/extensions/ms-python.vscode-python-envs-1.12.0-linux-x64
2025-11-24 01:13:30.437 [info] Extracted extension to file:///home/trang/.vscode/extensions/ms-python.debugpy-2025.16.0: ms-python.debugpy
2025-11-24 01:13:30.468 [info] Renamed to /home/trang/.vscode/extensions/ms-python.debugpy-2025.16.0
2025-11-24 01:13:32.037 [info] Extracted extension to file:///home/trang/.vscode/extensions/ms-python.python-2025.18.0-linux-x64: ms-python.python
2025-11-24 01:13:32.196 [info] Renamed to /home/trang/.vscode/extensions/ms-python.python-2025.18.0-linux-x64
2025-11-24 01:13:32.988 [info] Extension signature verification result for ms-python.vscode-pylance: Success. Internal Code: 0. Executed: true. Duration: 1234ms.
2025-11-24 01:13:40.805 [info] Extracted extension to file:///home/trang/.vscode/extensions/ms-python.vscode-pylance-2025.9.1: ms-python.vscode-pylance
2025-11-24 01:13:41.077 [info] Renamed to /home/trang/.vscode/extensions/ms-python.vscode-pylance-2025.9.1
2025-11-24 01:13:41.106 [info] Extension installed successfully: ms-python.vscode-python-envs vscode-userdata:/home/trang/.vscode/extensions/extensions.json
2025-11-24 01:13:41.106 [info] Extension installed successfully: ms-python.debugpy vscode-userdata:/home/trang/.vscode/extensions/extensions.json
2025-11-24 01:13:41.106 [info] Extension installed successfully: ms-python.python vscode-userdata:/home/trang/.vscode/extensions/extensions.json
2025-11-24 01:13:41.107 [info] Extension installed successfully: ms-python.vscode-pylance vscode-userdata:/home/trang/.vscode/extensions/extensions.json
2025-11-24 01:28:42.651 [info] Getting Manifest... mechatroner.rainbow-csv
2025-11-24 01:28:42.704 [info] Installing extension: mechatroner.rainbow-csv {"isMachineScoped":false,"profileLocation":{"$mid":1,"external":"vscode-userdata:/home/trang/.vscode/extensions/extensions.json","path":"/home/trang/.vscode/extensions/extensions.json","scheme":"vscode-userdata"},"isApplicationScoped":false,"productVersion":{"version":"1.106.0","date":"2025-11-11T16:02:25.943Z"}}
2025-11-24 01:28:44.509 [info] Extension signature verification result for mechatroner.rainbow-csv: Success. Internal Code: 0. Executed: true. Duration: 878ms.
2025-11-24 01:28:44.607 [info] Extracted extension to file:///home/trang/.vscode/extensions/mechatroner.rainbow-csv-3.23.0: mechatroner.rainbow-csv
2025-11-24 01:28:44.622 [info] Renamed to /home/trang/.vscode/extensions/mechatroner.rainbow-csv-3.23.0
2025-11-24 01:28:44.648 [info] Extension installed successfully: mechatroner.rainbow-csv vscode-userdata:/home/trang/.vscode/extensions/extensions.json
2025-11-24 01:28:45.900 [info] Uninstalling extension from the profile: mechatroner.rainbow-csv@3.23.0 vscode-userdata:/home/trang/.vscode/extensions/extensions.json
2025-11-24 01:28:45.962 [info] Marked extension as removed mechatroner.rainbow-csv-3.23.0
2025-11-24 01:28:46.235 [info] Successfully uninstalled extension from the profile mechatroner.rainbow-csv@3.23.0 vscode-userdata:/home/trang/.vscode/extensions/extensions.json
