2025-11-24 01:13:43.229 [info] Native locator: Refresh started
2025-11-24 01:13:43.290 [info] > pyenv which python
2025-11-24 01:13:43.290 [info] cwd: .
2025-11-24 01:13:43.678 [info] Active interpreter [/home/trang/localnsv]:  /bin/python3
2025-11-24 01:13:43.968 [info] Native locator: Refresh finished in 736 ms
2025-11-24 01:13:47.016 [info] Starting Pylance language server.
2025-11-24 01:24:57.335 [info] Discover tests for workspace name: localnsv - uri: /home/trang/localnsv/mAIware---AI/predict_single.py
2025-11-24 01:33:21.694 [info] Discover tests for workspace name: localnsv - uri: /home/trang/localnsv/mAIware---AI/predict_single.py
2025-11-24 02:08:22.768 [info] Discover tests for workspace name: localnsv - uri: /home/trang/localnsv/mAIware---AI/predict_single.py
2025-11-24 02:08:46.484 [info] Discover tests for workspace name: localnsv - uri: /home/trang/localnsv/mAIware---AI/predict_single.py
2025-11-24 02:09:02.263 [info] Discover tests for workspace name: localnsv - uri: /home/trang/localnsv/mAIware---AI/predict_single.py
2025-11-24 02:09:56.314 [info] Running installed packages checker:  {
  id: '/bin/python3',
  displayName: 'Python 3.13.5',
  detailedDisplayName: 'Python 3.13.5',
  envType: 'System',
  envPath: '/usr',
  type: undefined,
  path: '/bin/python3',
  version: {
    raw: '3.13.5.final.0',
    major: 3,
    minor: 13,
    patch: 5,
    build: [],
    prerelease: []
  },
  sysVersion: '3.13.5.final.0',
  architecture: 3,
  sysPrefix: '/usr'
} /home/trang/.vscode/extensions/ms-python.python-2025.18.0-linux-x64/python_files/installed_check.py /home/trang/localnsv/mAIware---AI/requirements.txt
2025-11-24 02:09:56.314 [info] > /bin/python3 ~/.vscode/extensions/ms-python.python-2025.18.0-linux-x64/python_files/installed_check.py ./mAIware---AI/requirements.txt
2025-11-24 02:10:04.632 [info] Running installed packages checker:  {
  id: '/bin/python3',
  displayName: 'Python 3.13.5',
  detailedDisplayName: 'Python 3.13.5',
  envType: 'System',
  envPath: '/usr',
  type: undefined,
  path: '/bin/python3',
  version: {
    raw: '3.13.5.final.0',
    major: 3,
    minor: 13,
    patch: 5,
    build: [],
    prerelease: []
  },
  sysVersion: '3.13.5.final.0',
  architecture: 3,
  sysPrefix: '/usr'
} /home/trang/.vscode/extensions/ms-python.python-2025.18.0-linux-x64/python_files/installed_check.py /home/trang/localnsv/mAIware---AI/requirements.txt
2025-11-24 02:10:04.632 [info] > /bin/python3 ~/.vscode/extensions/ms-python.python-2025.18.0-linux-x64/python_files/installed_check.py ./mAIware---AI/requirements.txt
2025-11-24 02:10:04.767 [info] Running installed packages checker:  {
  id: '/bin/python3',
  displayName: 'Python 3.13.5',
  detailedDisplayName: 'Python 3.13.5',
  envType: 'System',
  envPath: '/usr',
  type: undefined,
  path: '/bin/python3',
  version: {
    raw: '3.13.5.final.0',
    major: 3,
    minor: 13,
    patch: 5,
    build: [],
    prerelease: []
  },
  sysVersion: '3.13.5.final.0',
  architecture: 3,
  sysPrefix: '/usr'
} /home/trang/.vscode/extensions/ms-python.python-2025.18.0-linux-x64/python_files/installed_check.py /home/trang/localnsv/mAIware---AI/requirements.txt
2025-11-24 02:10:04.767 [info] > /bin/python3 ~/.vscode/extensions/ms-python.python-2025.18.0-linux-x64/python_files/installed_check.py ./mAIware---AI/requirements.txt
2025-11-24 02:10:04.801 [info] Running installed packages checker:  {
  id: '/bin/python3',
  displayName: 'Python 3.13.5',
  detailedDisplayName: 'Python 3.13.5',
  envType: 'System',
  envPath: '/usr',
  type: undefined,
  path: '/bin/python3',
  version: {
    raw: '3.13.5.final.0',
    major: 3,
    minor: 13,
    patch: 5,
    build: [],
    prerelease: []
  },
  sysVersion: '3.13.5.final.0',
  architecture: 3,
  sysPrefix: '/usr'
} /home/trang/.vscode/extensions/ms-python.python-2025.18.0-linux-x64/python_files/installed_check.py /home/trang/localnsv/mAIware---AI/requirements.txt
2025-11-24 02:10:04.802 [info] > /bin/python3 ~/.vscode/extensions/ms-python.python-2025.18.0-linux-x64/python_files/installed_check.py ./mAIware---AI/requirements.txt
2025-11-24 02:10:04.869 [info] Running installed packages checker:  {
  id: '/bin/python3',
  displayName: 'Python 3.13.5',
  detailedDisplayName: 'Python 3.13.5',
  envType: 'System',
  envPath: '/usr',
  type: undefined,
  path: '/bin/python3',
  version: {
    raw: '3.13.5.final.0',
    major: 3,
    minor: 13,
    patch: 5,
    build: [],
    prerelease: []
  },
  sysVersion: '3.13.5.final.0',
  architecture: 3,
  sysPrefix: '/usr'
} /home/trang/.vscode/extensions/ms-python.python-2025.18.0-linux-x64/python_files/installed_check.py /home/trang/localnsv/mAIware---AI/requirements.txt
2025-11-24 02:10:04.869 [info] > /bin/python3 ~/.vscode/extensions/ms-python.python-2025.18.0-linux-x64/python_files/installed_check.py ./mAIware---AI/requirements.txt
