2025-11-17 22:49:04.862 [info] RunInTerminalTool#CommandLineFileWriteAnalyzer: File writes detected [[]]
2025-11-17 22:49:04.863 [info] RunInTerminalTool#CommandLineAutoApproveAnalyzer: Parsed sub-commands via bash grammar [["cd /home/trang/localnsv/mAIware","node -c scanner-worker.js","node -c jsonsamples.js","echo \"✓ Syntax valid\""]]
2025-11-17 22:49:04.865 [info] RunInTerminalTool#CommandLineAutoApproveAnalyzer: All sub-commands NOT auto-approved [null]
2025-11-17 22:49:04.865 [info] RunInTerminalTool#CommandLineAutoApproveAnalyzer: Command line NOT auto-approved [null]
2025-11-17 22:49:04.865 [info] RunInTerminalTool#CommandLineAutoApproveAnalyzer: - Command 'cd /home/trang/localnsv/mAIware' is approved by allow list rule: cd [null]
2025-11-17 22:49:04.866 [info] RunInTerminalTool#CommandLineAutoApproveAnalyzer: - Command 'node -c scanner-worker.js' has no matching auto approve entries [null]
2025-11-17 22:49:04.866 [info] RunInTerminalTool#CommandLineAutoApproveAnalyzer: - Command 'node -c jsonsamples.js' has no matching auto approve entries [null]
2025-11-17 22:49:04.866 [info] RunInTerminalTool#CommandLineAutoApproveAnalyzer: - Command 'echo "✓ Syntax valid"' is approved by allow list rule: echo [null]
2025-11-17 22:49:04.866 [info] RunInTerminalTool#CommandLineAutoApproveAnalyzer: - Command line 'cd /home/trang/localnsv/mAIware && node -c scanner-worker.js && node -c jsonsamples.js && echo "✓ Syntax valid"' has no matching auto approve entries [null]
2025-11-17 22:51:03.439 [info] ToolTerminalCreator#createTerminal: Waiting 4989ms for shell integration []
2025-11-17 22:51:04.729 [info] ToolTerminalCreator#_waitForShellIntegration: Rich SI available eventually []
2025-11-17 22:51:04.730 [info] ToolTerminalCreator#_waitForShellIntegration: Promise complete, disposing store []
2025-11-17 22:51:04.731 [info] ToolTerminalCreator#createTerminal: Waiting up to 2s for PromptInputModel state to change []
2025-11-17 22:51:13.620 [info] RunInTerminalTool: Command rewritten by Kan: Removed redundant cd command []
2025-11-17 22:51:13.642 [info] RunInTerminalTool#CommandLineFileWriteAnalyzer: File writes detected [[]]
2025-11-17 22:51:13.643 [info] RunInTerminalTool#CommandLineAutoApproveAnalyzer: Parsed sub-commands via bash grammar [["node -c scanner-worker.js","node -c jsonsamples.js","echo \"Syntax OK\""]]
2025-11-17 22:51:13.647 [info] RunInTerminalTool#CommandLineAutoApproveAnalyzer: All sub-commands NOT auto-approved [null]
2025-11-17 22:51:13.648 [info] RunInTerminalTool#CommandLineAutoApproveAnalyzer: Command line NOT auto-approved [null]
2025-11-17 22:51:13.648 [info] RunInTerminalTool#CommandLineAutoApproveAnalyzer: - Command 'node -c scanner-worker.js' has no matching auto approve entries [null]
2025-11-17 22:51:13.649 [info] RunInTerminalTool#CommandLineAutoApproveAnalyzer: - Command 'node -c jsonsamples.js' has no matching auto approve entries [null]
2025-11-17 22:51:13.649 [info] RunInTerminalTool#CommandLineAutoApproveAnalyzer: - Command 'echo "Syntax OK"' is approved by allow list rule: echo [null]
2025-11-17 22:51:13.650 [info] RunInTerminalTool#CommandLineAutoApproveAnalyzer: - Command line 'node -c scanner-worker.js && node -c jsonsamples.js && echo "Syntax OK"' has no matching auto approve entries [null]
2025-11-17 23:00:52.306 [info] RunInTerminalTool: Command rewritten by Kan: Removed redundant cd command []
2025-11-17 23:00:52.321 [info] RunInTerminalTool#CommandLineFileWriteAnalyzer: File writes detected [[]]
2025-11-17 23:00:52.321 [info] RunInTerminalTool#CommandLineAutoApproveAnalyzer: Parsed sub-commands via bash grammar [["node -c scanner-worker.js","echo \"Scanner worker syntax OK\""]]
2025-11-17 23:00:52.321 [info] RunInTerminalTool#CommandLineAutoApproveAnalyzer: All sub-commands NOT auto-approved [null]
2025-11-17 23:00:52.322 [info] RunInTerminalTool#CommandLineAutoApproveAnalyzer: Command line NOT auto-approved [null]
2025-11-17 23:00:52.322 [info] RunInTerminalTool#CommandLineAutoApproveAnalyzer: - Command 'node -c scanner-worker.js' has no matching auto approve entries [null]
2025-11-17 23:00:52.322 [info] RunInTerminalTool#CommandLineAutoApproveAnalyzer: - Command 'echo "Scanner worker syntax OK"' is approved by allow list rule: echo [null]
2025-11-17 23:00:52.322 [info] RunInTerminalTool#CommandLineAutoApproveAnalyzer: - Command line 'node -c scanner-worker.js && echo "Scanner worker syntax OK"' has no matching auto approve entries [null]
2025-11-17 23:28:44.505 [info] RunInTerminalTool#CommandLineFileWriteAnalyzer: File writes detected [[]]
2025-11-17 23:28:44.505 [info] RunInTerminalTool#CommandLineAutoApproveAnalyzer: Parsed sub-commands via bash grammar [["cd /home/trang/localnsv/mAIware-server","node -c server.js","echo \"Server syntax OK\""]]
2025-11-17 23:28:44.505 [info] RunInTerminalTool#CommandLineAutoApproveAnalyzer: All sub-commands NOT auto-approved [null]
2025-11-17 23:28:44.505 [info] RunInTerminalTool#CommandLineAutoApproveAnalyzer: Command line NOT auto-approved [null]
2025-11-17 23:28:44.506 [info] RunInTerminalTool#CommandLineAutoApproveAnalyzer: - Command 'cd /home/trang/localnsv/mAIware-server' is approved by allow list rule: cd [null]
2025-11-17 23:28:44.506 [info] RunInTerminalTool#CommandLineAutoApproveAnalyzer: - Command 'node -c server.js' has no matching auto approve entries [null]
2025-11-17 23:28:44.506 [info] RunInTerminalTool#CommandLineAutoApproveAnalyzer: - Command 'echo "Server syntax OK"' is approved by allow list rule: echo [null]
2025-11-17 23:28:44.506 [info] RunInTerminalTool#CommandLineAutoApproveAnalyzer: - Command line 'cd /home/trang/localnsv/mAIware-server && node -c server.js && echo "Server syntax OK"' has no matching auto approve entries [null]
