2025-11-23 22:42:17.229 [info] Reading sessions from keychain...
2025-11-23 22:42:17.229 [info] Getting sessions for all scopes...
2025-11-23 22:42:17.229 [info] Got stored sessions!
2025-11-23 22:42:17.229 [info] Got 1 verified sessions.
2025-11-23 22:42:17.229 [info] Got 1 sessions for ...
2025-11-23 22:42:17.229 [info] Getting sessions for all scopes...
2025-11-23 22:42:17.229 [info] Got 1 sessions for ...
2025-11-23 22:42:17.229 [info] Getting sessions for all scopes...
2025-11-23 22:42:17.229 [info] Got 1 sessions for ...
2025-11-23 22:42:17.229 [info] Getting sessions for all scopes...
2025-11-23 22:42:17.229 [info] Got 1 sessions for ...
2025-11-23 22:42:17.229 [info] Getting sessions for all scopes...
2025-11-23 22:42:17.229 [info] Got 1 sessions for ...
2025-11-23 22:42:17.229 [info] Getting sessions for all scopes...
2025-11-23 22:42:17.229 [info] Got 1 sessions for ...
2025-11-23 22:42:17.229 [info] Getting sessions for all scopes...
2025-11-23 22:42:17.229 [info] Got 1 sessions for ...
2025-11-23 22:42:17.229 [info] Getting sessions for all scopes...
2025-11-23 22:42:17.229 [info] Got 1 sessions for ...
2025-11-23 22:42:17.229 [info] Getting sessions for all scopes...
2025-11-23 22:42:17.229 [info] Got 1 sessions for ...
2025-11-23 22:42:17.229 [info] Getting sessions for all scopes...
2025-11-23 22:42:17.229 [info] Got 1 sessions for ...
2025-11-23 22:42:17.229 [info] Getting sessions for all scopes...
2025-11-23 22:42:17.229 [info] Got 1 sessions for ...
2025-11-23 22:42:17.229 [info] Getting sessions for all scopes...
2025-11-23 22:42:17.229 [info] Got 1 sessions for ...
2025-11-23 22:42:17.229 [info] Getting sessions for all scopes...
2025-11-23 22:42:17.229 [info] Got 1 sessions for ...
2025-11-23 22:42:17.229 [info] Getting sessions for all scopes...
2025-11-23 22:42:17.229 [info] Got 1 sessions for ...
2025-11-23 22:42:17.229 [info] Getting sessions for all scopes...
2025-11-23 22:42:17.229 [info] Got 1 sessions for ...
2025-11-23 22:42:17.229 [info] Getting sessions for all scopes...
2025-11-23 22:42:17.229 [info] Got 1 sessions for ...
2025-11-23 22:42:17.229 [info] Getting sessions for all scopes...
2025-11-23 22:42:17.229 [info] Got 1 sessions for ...
2025-11-23 22:42:17.229 [info] Getting sessions for read:user,repo,user:email,workflow...
2025-11-23 22:42:17.229 [info] Got 0 sessions for read:user,repo,user:email,workflow...
2025-11-23 22:42:17.362 [info] Getting sessions for user:email...
2025-11-23 22:42:17.362 [info] Got 1 sessions for user:email...
2025-11-23 22:42:17.363 [info] Getting sessions for read:user,repo,user:email,workflow...
2025-11-23 22:42:17.363 [info] Got 0 sessions for read:user,repo,user:email,workflow...
2025-11-23 22:42:23.451 [info] FetcherService: Electron fetch failed with status: 429 
2025-11-23 22:42:23.455 [info] Getting sessions for all scopes...
2025-11-23 22:42:23.456 [info] Got 1 sessions for ...
2025-11-23 22:42:23.480 [info] Getting sessions for all scopes...
2025-11-23 22:42:23.481 [info] Got 1 sessions for ...
2025-11-23 22:42:23.558 [info] Getting sessions for all scopes...
2025-11-23 22:42:23.558 [info] Got 1 sessions for ...
2025-11-23 22:42:25.155 [info] Getting sessions for read:user,repo,user:email,workflow...
2025-11-23 22:42:25.156 [info] Got 0 sessions for read:user,repo,user:email,workflow...
2025-11-23 22:42:26.737 [info] Getting sessions for all scopes...
2025-11-23 22:42:26.737 [info] Got 1 sessions for ...
2025-11-23 22:42:27.107 [info] Getting sessions for all scopes...
2025-11-23 22:42:27.107 [info] Got 1 sessions for ...
2025-11-23 22:42:27.621 [info] FetcherService: Node fetch failed with status: 429 Too Many Requests
2025-11-23 22:42:27.749 [info] Getting sessions for read:user,repo,user:email,workflow...
2025-11-23 22:42:27.749 [info] Got 0 sessions for read:user,repo,user:email,workflow...
2025-11-23 22:42:27.751 [info] Getting sessions for user:email...
2025-11-23 22:42:27.751 [info] Got 1 sessions for user:email...
2025-11-23 22:42:28.648 [info] Getting sessions for read:user...
2025-11-23 22:42:28.648 [info] Got 0 sessions for read:user...
2025-11-23 22:42:29.174 [info] Getting sessions for user:email...
2025-11-23 22:42:29.174 [info] Got 1 sessions for user:email...
2025-11-23 22:42:29.176 [info] Getting sessions for all scopes...
2025-11-23 22:42:29.176 [info] Got 1 sessions for ...
2025-11-23 22:42:29.176 [info] Getting sessions for all scopes...
2025-11-23 22:42:29.176 [info] Got 1 sessions for ...
2025-11-23 22:42:29.250 [info] Getting sessions for read:user,repo,user:email,workflow...
2025-11-23 22:42:29.250 [info] Got 0 sessions for read:user,repo,user:email,workflow...
2025-11-23 22:42:29.470 [info] Getting sessions for read:user,repo,user:email,workflow...
2025-11-23 22:42:29.470 [info] Got 0 sessions for read:user,repo,user:email,workflow...
2025-11-23 22:42:29.473 [info] FetcherService: Node http/s failed with status: 429 Too Many Requests
2025-11-23 22:42:29.562 [info] Getting sessions for user:email...
2025-11-23 22:42:29.562 [info] Got 1 sessions for user:email...
2025-11-23 22:42:29.565 [info] Getting sessions for read:user,repo,user:email,workflow...
2025-11-23 22:42:29.565 [info] Got 0 sessions for read:user,repo,user:email,workflow...
2025-11-23 22:42:29.737 [info] Getting sessions for all scopes...
2025-11-23 22:42:29.737 [info] Got 1 sessions for ...
2025-11-23 22:42:29.739 [info] Getting sessions for all scopes...
2025-11-23 22:42:29.739 [info] Got 1 sessions for ...
2025-11-23 22:42:29.740 [info] Getting sessions for all scopes...
2025-11-23 22:42:29.740 [info] Got 1 sessions for ...
2025-11-23 22:42:29.745 [info] Getting sessions for all scopes...
2025-11-23 22:42:29.745 [info] Got 1 sessions for ...
2025-11-23 22:42:29.749 [info] Getting sessions for read:user,repo,user:email,workflow...
2025-11-23 22:42:29.749 [info] Got 0 sessions for read:user,repo,user:email,workflow...
2025-11-23 22:42:29.760 [info] Getting sessions for user:email...
2025-11-23 22:42:29.760 [info] Got 1 sessions for user:email...
2025-11-23 22:42:29.763 [info] Getting sessions for read:user,repo,user:email,workflow...
2025-11-23 22:42:29.763 [info] Got 0 sessions for read:user,repo,user:email,workflow...
2025-11-23 22:42:29.790 [info] Getting sessions for all scopes...
2025-11-23 22:42:29.790 [info] Got 1 sessions for ...
2025-11-23 22:42:29.793 [info] Getting sessions for read:user,repo,user:email,workflow...
2025-11-23 22:42:29.793 [info] Got 0 sessions for read:user,repo,user:email,workflow...
2025-11-23 22:42:29.795 [info] Getting sessions for user:email...
2025-11-23 22:42:29.795 [info] Got 1 sessions for user:email...
2025-11-23 22:43:04.117 [info] Reading sessions from keychain...
2025-11-23 22:43:04.117 [info] Getting sessions for all scopes...
2025-11-23 22:43:04.117 [info] Got stored sessions!
2025-11-23 22:43:04.117 [info] Got 1 verified sessions.
2025-11-23 22:43:04.117 [info] Got 1 sessions for ...
2025-11-23 22:43:04.117 [info] Getting sessions for all scopes...
2025-11-23 22:43:04.117 [info] Got 1 sessions for ...
2025-11-23 22:43:04.117 [info] Getting sessions for all scopes...
2025-11-23 22:43:04.117 [info] Got 1 sessions for ...
2025-11-23 22:43:04.117 [info] Getting sessions for all scopes...
2025-11-23 22:43:04.117 [info] Got 1 sessions for ...
2025-11-23 22:43:04.117 [info] Getting sessions for all scopes...
2025-11-23 22:43:04.117 [info] Got 1 sessions for ...
2025-11-23 22:43:04.117 [info] Getting sessions for all scopes...
2025-11-23 22:43:04.117 [info] Got 1 sessions for ...
2025-11-23 22:43:04.117 [info] Getting sessions for all scopes...
2025-11-23 22:43:04.117 [info] Got 1 sessions for ...
2025-11-23 22:43:04.117 [info] Getting sessions for all scopes...
2025-11-23 22:43:04.117 [info] Got 1 sessions for ...
2025-11-23 22:43:04.117 [info] Getting sessions for all scopes...
2025-11-23 22:43:04.117 [info] Got 1 sessions for ...
2025-11-23 22:43:04.117 [info] Getting sessions for all scopes...
2025-11-23 22:43:04.117 [info] Got 1 sessions for ...
2025-11-23 22:43:04.117 [info] Getting sessions for all scopes...
2025-11-23 22:43:04.117 [info] Got 1 sessions for ...
2025-11-23 22:43:04.117 [info] Getting sessions for all scopes...
2025-11-23 22:43:04.117 [info] Got 1 sessions for ...
2025-11-23 22:43:04.117 [info] Getting sessions for all scopes...
2025-11-23 22:43:04.117 [info] Got 1 sessions for ...
2025-11-23 22:43:04.117 [info] Getting sessions for all scopes...
2025-11-23 22:43:04.117 [info] Got 1 sessions for ...
2025-11-23 22:43:04.117 [info] Getting sessions for all scopes...
2025-11-23 22:43:04.117 [info] Got 1 sessions for ...
2025-11-23 22:43:04.117 [info] Getting sessions for all scopes...
2025-11-23 22:43:04.117 [info] Got 1 sessions for ...
2025-11-23 22:43:04.117 [info] Getting sessions for all scopes...
2025-11-23 22:43:04.117 [info] Got 1 sessions for ...
2025-11-23 22:43:04.117 [info] Getting sessions for all scopes...
2025-11-23 22:43:04.117 [info] Got 1 sessions for ...
2025-11-23 22:43:04.356 [info] Getting sessions for read:user,repo,user:email,workflow...
2025-11-23 22:43:04.356 [info] Got 0 sessions for read:user,repo,user:email,workflow...
2025-11-23 22:43:11.043 [info] FetcherService: Electron fetch failed with status: 429 
2025-11-23 22:43:11.105 [info] Getting sessions for user:email...
2025-11-23 22:43:11.105 [info] Got 1 sessions for user:email...
2025-11-23 22:43:11.106 [info] Getting sessions for read:user,repo,user:email,workflow...
2025-11-23 22:43:11.106 [info] Got 0 sessions for read:user,repo,user:email,workflow...
2025-11-23 22:43:11.179 [info] Getting sessions for all scopes...
2025-11-23 22:43:11.179 [info] Got 1 sessions for ...
2025-11-23 22:43:11.225 [info] Getting sessions for all scopes...
2025-11-23 22:43:11.225 [info] Got 1 sessions for ...
2025-11-23 22:43:12.095 [info] Getting sessions for read:user,repo,user:email,workflow...
2025-11-23 22:43:12.095 [info] Got 0 sessions for read:user,repo,user:email,workflow...
2025-11-23 22:43:12.660 [info] Getting sessions for all scopes...
2025-11-23 22:43:12.660 [info] Got 1 sessions for ...
2025-11-23 22:43:12.741 [info] Getting sessions for all scopes...
2025-11-23 22:43:12.741 [info] Got 1 sessions for ...
2025-11-23 22:43:12.741 [info] Getting sessions for read:user,repo,user:email,workflow...
2025-11-23 22:43:12.741 [info] Got 0 sessions for read:user,repo,user:email,workflow...
2025-11-23 22:43:12.805 [info] Getting sessions for user:email...
2025-11-23 22:43:12.805 [info] Got 1 sessions for user:email...
2025-11-23 22:43:13.040 [info] Getting sessions for read:user,repo,user:email,workflow...
2025-11-23 22:43:13.040 [info] Got 0 sessions for read:user,repo,user:email,workflow...
2025-11-23 22:43:13.084 [info] Getting sessions for read:user...
2025-11-23 22:43:13.084 [info] Got 0 sessions for read:user...
2025-11-23 22:43:13.113 [info] FetcherService: Node fetch failed with status: 429 Too Many Requests
2025-11-23 22:43:13.773 [info] Getting sessions for read:user,repo,user:email,workflow...
2025-11-23 22:43:13.773 [info] Got 0 sessions for read:user,repo,user:email,workflow...
2025-11-23 22:43:13.843 [info] Getting sessions for user:email...
2025-11-23 22:43:13.843 [info] Got 1 sessions for user:email...
2025-11-23 22:43:14.273 [info] Getting sessions for read:user,repo,user:email,workflow...
2025-11-23 22:43:14.274 [info] Got 0 sessions for read:user,repo,user:email,workflow...
2025-11-23 22:43:14.364 [info] Getting sessions for all scopes...
2025-11-23 22:43:14.364 [info] Got 1 sessions for ...
2025-11-23 22:43:14.364 [info] Getting sessions for all scopes...
2025-11-23 22:43:14.364 [info] Got 1 sessions for ...
2025-11-23 22:43:14.456 [info] Getting sessions for read:user,repo,user:email,workflow...
2025-11-23 22:43:14.456 [info] Got 0 sessions for read:user,repo,user:email,workflow...
2025-11-23 22:43:14.588 [info] FetcherService: Node http/s failed with status: 429 Too Many Requests
2025-11-23 22:43:14.789 [info] Getting sessions for read:user,repo,user:email,workflow...
2025-11-23 22:43:14.789 [info] Got 0 sessions for read:user,repo,user:email,workflow...
2025-11-23 22:43:14.896 [info] Getting sessions for user:email...
2025-11-23 22:43:14.896 [info] Got 1 sessions for user:email...
2025-11-23 22:43:14.927 [info] Getting sessions for read:user,repo,user:email,workflow...
2025-11-23 22:43:14.929 [info] Got 0 sessions for read:user,repo,user:email,workflow...
2025-11-23 22:43:15.250 [info] Getting sessions for all scopes...
2025-11-23 22:43:15.250 [info] Got 1 sessions for ...
2025-11-23 22:43:15.265 [info] Getting sessions for all scopes...
2025-11-23 22:43:15.265 [info] Got 1 sessions for ...
2025-11-23 22:43:15.266 [info] Getting sessions for all scopes...
2025-11-23 22:43:15.266 [info] Got 1 sessions for ...
2025-11-23 22:43:15.271 [info] Getting sessions for all scopes...
2025-11-23 22:43:15.271 [info] Got 1 sessions for ...
2025-11-23 22:43:15.333 [info] Getting sessions for read:user,repo,user:email,workflow...
2025-11-23 22:43:15.333 [info] Got 0 sessions for read:user,repo,user:email,workflow...
2025-11-23 22:43:15.367 [info] Getting sessions for user:email...
2025-11-23 22:43:15.367 [info] Got 1 sessions for user:email...
2025-11-23 22:43:15.370 [info] Getting sessions for read:user,repo,user:email,workflow...
2025-11-23 22:43:15.370 [info] Got 0 sessions for read:user,repo,user:email,workflow...
2025-11-23 22:44:42.029 [info] Getting sessions for all scopes...
2025-11-23 22:44:42.029 [info] Got 1 sessions for ...
2025-11-23 22:44:42.040 [info] Getting sessions for read:user,repo,user:email,workflow...
2025-11-23 22:44:42.040 [info] Got 0 sessions for read:user,repo,user:email,workflow...
2025-11-23 22:44:42.062 [info] Getting sessions for read:user,repo,user:email,workflow...
2025-11-23 22:44:42.062 [info] Got 0 sessions for read:user,repo,user:email,workflow...
2025-11-23 22:44:42.085 [info] Getting sessions for all scopes...
2025-11-23 22:44:42.085 [info] Got 1 sessions for ...
2025-11-23 22:44:42.086 [info] Getting sessions for read:user,repo,user:email,workflow...
2025-11-23 22:44:42.086 [info] Got 0 sessions for read:user,repo,user:email,workflow...
2025-11-23 22:44:42.087 [info] Getting sessions for user:email...
2025-11-23 22:44:42.087 [info] Got 1 sessions for user:email...
2025-11-23 22:45:48.491 [info] Getting sessions for all scopes...
2025-11-23 22:45:48.491 [info] Got 1 sessions for ...
2025-11-23 22:45:48.496 [info] Getting sessions for read:user,repo,user:email,workflow...
2025-11-23 22:45:48.496 [info] Got 0 sessions for read:user,repo,user:email,workflow...
2025-11-23 22:45:48.501 [info] Getting sessions for read:user,repo,user:email,workflow...
2025-11-23 22:45:48.501 [info] Got 0 sessions for read:user,repo,user:email,workflow...
2025-11-23 22:45:48.510 [info] Getting sessions for all scopes...
2025-11-23 22:45:48.511 [info] Got 1 sessions for ...
2025-11-23 22:45:48.513 [info] Getting sessions for read:user,repo,user:email,workflow...
2025-11-23 22:45:48.513 [info] Got 0 sessions for read:user,repo,user:email,workflow...
2025-11-23 22:45:48.516 [info] Getting sessions for user:email...
2025-11-23 22:45:48.516 [info] Got 1 sessions for user:email...
2025-11-23 22:45:52.242 [info] Getting sessions for all scopes...
2025-11-23 22:45:52.242 [info] Got 1 sessions for ...
2025-11-23 22:45:52.256 [info] Getting sessions for all scopes...
2025-11-23 22:45:52.256 [info] Got 1 sessions for ...
2025-11-23 22:45:52.265 [info] Getting sessions for read:user,repo,user:email,workflow...
2025-11-23 22:45:52.265 [info] Got 0 sessions for read:user,repo,user:email,workflow...
2025-11-23 22:45:52.290 [info] Getting sessions for user:email...
2025-11-23 22:45:52.290 [info] Got 1 sessions for user:email...
2025-11-23 22:45:52.292 [info] Getting sessions for read:user,repo,user:email,workflow...
2025-11-23 22:45:52.292 [info] Got 0 sessions for read:user,repo,user:email,workflow...
2025-11-23 22:45:52.317 [info] Getting sessions for all scopes...
2025-11-23 22:45:52.317 [info] Got 1 sessions for ...
2025-11-23 22:45:52.340 [info] Getting sessions for read:user,repo,user:email,workflow...
2025-11-23 22:45:52.340 [info] Got 0 sessions for read:user,repo,user:email,workflow...
2025-11-23 22:45:52.355 [info] Getting sessions for user:email...
2025-11-23 22:45:52.355 [info] Got 1 sessions for user:email...
2025-11-23 22:45:52.788 [info] Getting sessions for all scopes...
2025-11-23 22:45:52.788 [info] Got 1 sessions for ...
2025-11-23 22:45:52.788 [info] Getting sessions for all scopes...
2025-11-23 22:45:52.788 [info] Got 1 sessions for ...
2025-11-23 22:45:52.798 [info] Getting sessions for read:user,repo,user:email,workflow...
2025-11-23 22:45:52.798 [info] Got 0 sessions for read:user,repo,user:email,workflow...
2025-11-23 22:45:52.800 [info] Getting sessions for user:email...
2025-11-23 22:45:52.800 [info] Got 1 sessions for user:email...
2025-11-23 22:45:52.800 [info] Getting sessions for read:user,repo,user:email,workflow...
2025-11-23 22:45:52.800 [info] Got 0 sessions for read:user,repo,user:email,workflow...
2025-11-23 22:45:52.900 [info] Getting sessions for all scopes...
2025-11-23 22:45:52.900 [info] Got 1 sessions for ...
2025-11-23 22:45:52.925 [info] Getting sessions for read:user,repo,user:email,workflow...
2025-11-23 22:45:52.925 [info] Got 0 sessions for read:user,repo,user:email,workflow...
2025-11-23 22:45:52.937 [info] Getting sessions for user:email...
2025-11-23 22:45:52.937 [info] Got 1 sessions for user:email...
2025-11-23 22:45:53.402 [info] Getting sessions for all scopes...
2025-11-23 22:45:53.402 [info] Got 1 sessions for ...
2025-11-23 22:45:53.403 [info] Getting sessions for all scopes...
2025-11-23 22:45:53.403 [info] Got 1 sessions for ...
2025-11-23 22:45:53.405 [info] Getting sessions for read:user,repo,user:email,workflow...
2025-11-23 22:45:53.405 [info] Got 0 sessions for read:user,repo,user:email,workflow...
2025-11-23 22:45:53.409 [info] Getting sessions for user:email...
2025-11-23 22:45:53.410 [info] Got 1 sessions for user:email...
2025-11-23 22:46:11.848 [info] Getting sessions for all scopes...
2025-11-23 22:46:11.848 [info] Got 1 sessions for ...
2025-11-23 22:46:11.850 [info] Getting sessions for read:user,repo,user:email,workflow...
2025-11-23 22:46:11.850 [info] Got 0 sessions for read:user,repo,user:email,workflow...
2025-11-23 22:46:11.855 [info] Getting sessions for user:email...
2025-11-23 22:46:11.855 [info] Got 1 sessions for user:email...
2025-11-23 22:55:52.128 [info] Getting sessions for all scopes...
2025-11-23 22:55:52.128 [info] Got 1 sessions for ...
2025-11-23 22:55:52.129 [info] Getting sessions for read:user,repo,user:email,workflow...
2025-11-23 22:55:52.129 [info] Got 0 sessions for read:user,repo,user:email,workflow...
2025-11-23 22:55:52.132 [info] Getting sessions for read:user,repo,user:email,workflow...
2025-11-23 22:55:52.132 [info] Got 0 sessions for read:user,repo,user:email,workflow...
2025-11-23 22:55:52.133 [info] Getting sessions for all scopes...
2025-11-23 22:55:52.133 [info] Got 1 sessions for ...
2025-11-23 22:55:52.134 [info] Getting sessions for read:user,repo,user:email,workflow...
2025-11-23 22:55:52.134 [info] Got 0 sessions for read:user,repo,user:email,workflow...
2025-11-23 22:55:52.136 [info] Getting sessions for user:email...
2025-11-23 22:55:52.136 [info] Got 1 sessions for user:email...
2025-11-23 22:55:53.159 [info] Getting sessions for all scopes...
2025-11-23 22:55:53.159 [info] Got 1 sessions for ...
2025-11-23 22:55:53.176 [info] Getting sessions for all scopes...
2025-11-23 22:55:53.176 [info] Got 1 sessions for ...
2025-11-23 22:55:53.449 [info] Getting sessions for read:user,repo,user:email,workflow...
2025-11-23 22:55:53.450 [info] Got 0 sessions for read:user,repo,user:email,workflow...
2025-11-23 22:55:53.463 [info] Getting sessions for user:email...
2025-11-23 22:55:53.463 [info] Got 1 sessions for user:email...
2025-11-23 22:55:53.465 [info] Getting sessions for read:user,repo,user:email,workflow...
2025-11-23 22:55:53.465 [info] Got 0 sessions for read:user,repo,user:email,workflow...
2025-11-23 22:55:53.477 [info] Getting sessions for all scopes...
2025-11-23 22:55:53.477 [info] Got 1 sessions for ...
2025-11-23 22:55:53.483 [info] Getting sessions for read:user,repo,user:email,workflow...
2025-11-23 22:55:53.483 [info] Got 0 sessions for read:user,repo,user:email,workflow...
2025-11-23 22:55:53.493 [info] Getting sessions for user:email...
2025-11-23 22:55:53.493 [info] Got 1 sessions for user:email...
2025-11-23 22:55:54.360 [info] Getting sessions for all scopes...
2025-11-23 22:55:54.360 [info] Got 1 sessions for ...
2025-11-23 22:55:54.365 [info] Getting sessions for read:user,repo,user:email,workflow...
2025-11-23 22:55:54.365 [info] Got 0 sessions for read:user,repo,user:email,workflow...
2025-11-23 22:55:54.366 [info] Getting sessions for user:email...
2025-11-23 22:55:54.366 [info] Got 1 sessions for user:email...
2025-11-23 23:00:57.856 [info] Getting sessions for read:user,repo,user:email,workflow...
2025-11-23 23:00:57.856 [info] Got 0 sessions for read:user,repo,user:email,workflow...
2025-11-23 23:03:21.117 [info] Getting sessions for all scopes...
2025-11-23 23:03:21.117 [info] Got 1 sessions for ...
2025-11-23 23:03:21.135 [info] Getting sessions for read:user,repo,user:email,workflow...
2025-11-23 23:03:21.135 [info] Got 0 sessions for read:user,repo,user:email,workflow...
2025-11-23 23:03:21.197 [info] Getting sessions for read:user,repo,user:email,workflow...
2025-11-23 23:03:21.197 [info] Got 0 sessions for read:user,repo,user:email,workflow...
2025-11-23 23:03:21.230 [info] Getting sessions for all scopes...
2025-11-23 23:03:21.230 [info] Got 1 sessions for ...
2025-11-23 23:03:21.231 [info] Getting sessions for read:user,repo,user:email,workflow...
2025-11-23 23:03:21.231 [info] Got 0 sessions for read:user,repo,user:email,workflow...
2025-11-23 23:03:21.232 [info] Getting sessions for user:email...
2025-11-23 23:03:21.232 [info] Got 1 sessions for user:email...
2025-11-23 23:12:40.166 [info] Getting sessions for all scopes...
2025-11-23 23:12:40.167 [info] Got 1 sessions for ...
2025-11-23 23:12:40.168 [info] Getting sessions for read:user,repo,user:email,workflow...
2025-11-23 23:12:40.168 [info] Got 0 sessions for read:user,repo,user:email,workflow...
2025-11-23 23:12:40.169 [info] Getting sessions for user:email...
2025-11-23 23:12:40.169 [info] Got 1 sessions for user:email...
2025-11-23 23:12:40.773 [info] Getting sessions for all scopes...
2025-11-23 23:12:40.773 [info] Got 1 sessions for ...
2025-11-23 23:12:40.773 [info] Getting sessions for all scopes...
2025-11-23 23:12:40.773 [info] Got 1 sessions for ...
2025-11-23 23:12:40.774 [info] Getting sessions for read:user,repo,user:email,workflow...
2025-11-23 23:12:40.774 [info] Got 0 sessions for read:user,repo,user:email,workflow...
2025-11-23 23:12:40.775 [info] Getting sessions for user:email...
2025-11-23 23:12:40.775 [info] Got 1 sessions for user:email...
2025-11-23 23:12:40.775 [info] Getting sessions for read:user,repo,user:email,workflow...
2025-11-23 23:12:40.775 [info] Got 0 sessions for read:user,repo,user:email,workflow...
2025-11-23 23:12:40.784 [info] Getting sessions for all scopes...
2025-11-23 23:12:40.784 [info] Got 1 sessions for ...
2025-11-23 23:12:40.785 [info] Getting sessions for read:user,repo,user:email,workflow...
2025-11-23 23:12:40.785 [info] Got 0 sessions for read:user,repo,user:email,workflow...
2025-11-23 23:12:40.786 [info] Getting sessions for read:user,repo,user:email,workflow...
2025-11-23 23:12:40.786 [info] Got 0 sessions for read:user,repo,user:email,workflow...
2025-11-23 23:12:40.787 [info] Getting sessions for all scopes...
2025-11-23 23:12:40.787 [info] Got 1 sessions for ...
2025-11-23 23:12:40.788 [info] Getting sessions for read:user,repo,user:email,workflow...
2025-11-23 23:12:40.788 [info] Got 0 sessions for read:user,repo,user:email,workflow...
2025-11-23 23:12:40.788 [info] Getting sessions for user:email...
2025-11-23 23:12:40.788 [info] Got 1 sessions for user:email...
2025-11-23 23:12:47.796 [info] Getting sessions for all scopes...
2025-11-23 23:12:47.796 [info] Got 1 sessions for ...
2025-11-23 23:12:47.834 [info] Getting sessions for read:user,repo,user:email,workflow...
2025-11-23 23:12:47.834 [info] Got 0 sessions for read:user,repo,user:email,workflow...
2025-11-23 23:12:47.836 [info] Getting sessions for read:user,repo,user:email,workflow...
2025-11-23 23:12:47.836 [info] Got 0 sessions for read:user,repo,user:email,workflow...
2025-11-23 23:12:47.837 [info] Getting sessions for all scopes...
2025-11-23 23:12:47.838 [info] Got 1 sessions for ...
2025-11-23 23:12:47.838 [info] Getting sessions for read:user,repo,user:email,workflow...
2025-11-23 23:12:47.838 [info] Got 0 sessions for read:user,repo,user:email,workflow...
2025-11-23 23:12:47.840 [info] Getting sessions for user:email...
2025-11-23 23:12:47.840 [info] Got 1 sessions for user:email...
2025-11-24 00:02:25.271 [info] Getting sessions for all scopes...
2025-11-24 00:02:25.271 [info] Got 1 sessions for ...
2025-11-24 00:02:25.276 [info] Getting sessions for read:user,repo,user:email,workflow...
2025-11-24 00:02:25.276 [info] Got 0 sessions for read:user,repo,user:email,workflow...
2025-11-24 00:02:25.280 [info] Getting sessions for user:email...
2025-11-24 00:02:25.280 [info] Got 1 sessions for user:email...
2025-11-24 00:02:25.881 [info] Getting sessions for all scopes...
2025-11-24 00:02:25.881 [info] Got 1 sessions for ...
2025-11-24 00:02:25.881 [info] Getting sessions for all scopes...
2025-11-24 00:02:25.881 [info] Got 1 sessions for ...
2025-11-24 00:02:25.893 [info] Getting sessions for read:user,repo,user:email,workflow...
2025-11-24 00:02:25.893 [info] Got 0 sessions for read:user,repo,user:email,workflow...
2025-11-24 00:02:25.895 [info] Getting sessions for user:email...
2025-11-24 00:02:25.895 [info] Got 1 sessions for user:email...
2025-11-24 00:02:25.895 [info] Getting sessions for read:user,repo,user:email,workflow...
2025-11-24 00:02:25.895 [info] Got 0 sessions for read:user,repo,user:email,workflow...
2025-11-24 00:02:25.905 [info] Getting sessions for all scopes...
2025-11-24 00:02:25.905 [info] Got 1 sessions for ...
2025-11-24 00:02:25.906 [info] Getting sessions for read:user,repo,user:email,workflow...
2025-11-24 00:02:25.906 [info] Got 0 sessions for read:user,repo,user:email,workflow...
2025-11-24 00:02:25.907 [info] Getting sessions for read:user,repo,user:email,workflow...
2025-11-24 00:02:25.907 [info] Got 0 sessions for read:user,repo,user:email,workflow...
2025-11-24 00:02:25.908 [info] Getting sessions for all scopes...
2025-11-24 00:02:25.909 [info] Got 1 sessions for ...
2025-11-24 00:02:25.910 [info] Getting sessions for read:user,repo,user:email,workflow...
2025-11-24 00:02:25.910 [info] Got 0 sessions for read:user,repo,user:email,workflow...
2025-11-24 00:02:25.911 [info] Getting sessions for user:email...
2025-11-24 00:02:25.911 [info] Got 1 sessions for user:email...
2025-11-24 00:02:27.406 [info] Getting sessions for all scopes...
2025-11-24 00:02:27.406 [info] Got 1 sessions for ...
2025-11-24 00:02:27.413 [info] Getting sessions for read:user,repo,user:email,workflow...
2025-11-24 00:02:27.413 [info] Got 0 sessions for read:user,repo,user:email,workflow...
2025-11-24 00:02:27.416 [info] Getting sessions for read:user,repo,user:email,workflow...
2025-11-24 00:02:27.416 [info] Got 0 sessions for read:user,repo,user:email,workflow...
2025-11-24 00:02:27.419 [info] Getting sessions for all scopes...
2025-11-24 00:02:27.419 [info] Got 1 sessions for ...
2025-11-24 00:02:27.420 [info] Getting sessions for read:user,repo,user:email,workflow...
2025-11-24 00:02:27.420 [info] Got 0 sessions for read:user,repo,user:email,workflow...
2025-11-24 00:02:27.421 [info] Getting sessions for user:email...
2025-11-24 00:02:27.421 [info] Got 1 sessions for user:email...
2025-11-24 00:02:28.218 [info] Getting sessions for all scopes...
2025-11-24 00:02:28.218 [info] Got 1 sessions for ...
2025-11-24 00:02:28.218 [info] Getting sessions for all scopes...
2025-11-24 00:02:28.218 [info] Got 1 sessions for ...
2025-11-24 00:02:28.219 [info] Getting sessions for read:user,repo,user:email,workflow...
2025-11-24 00:02:28.219 [info] Got 0 sessions for read:user,repo,user:email,workflow...
2025-11-24 00:02:28.220 [info] Getting sessions for user:email...
2025-11-24 00:02:28.220 [info] Got 1 sessions for user:email...
2025-11-24 00:02:28.220 [info] Getting sessions for read:user,repo,user:email,workflow...
2025-11-24 00:02:28.220 [info] Got 0 sessions for read:user,repo,user:email,workflow...
2025-11-24 00:02:28.223 [info] Getting sessions for all scopes...
2025-11-24 00:02:28.223 [info] Got 1 sessions for ...
2025-11-24 00:02:28.225 [info] Getting sessions for read:user,repo,user:email,workflow...
2025-11-24 00:02:28.225 [info] Got 0 sessions for read:user,repo,user:email,workflow...
2025-11-24 00:02:28.226 [info] Getting sessions for user:email...
2025-11-24 00:02:28.226 [info] Got 1 sessions for user:email...
2025-11-24 00:02:29.099 [info] Getting sessions for all scopes...
2025-11-24 00:02:29.100 [info] Got 1 sessions for ...
2025-11-24 00:02:29.102 [info] Getting sessions for read:user,repo,user:email,workflow...
2025-11-24 00:02:29.102 [info] Got 0 sessions for read:user,repo,user:email,workflow...
2025-11-24 00:02:29.105 [info] Getting sessions for user:email...
2025-11-24 00:02:29.105 [info] Got 1 sessions for user:email...
2025-11-24 00:02:54.830 [info] Getting sessions for all scopes...
2025-11-24 00:02:54.830 [info] Got 1 sessions for ...
2025-11-24 00:02:54.831 [info] Getting sessions for read:user,repo,user:email,workflow...
2025-11-24 00:02:54.831 [info] Got 0 sessions for read:user,repo,user:email,workflow...
2025-11-24 00:02:54.833 [info] Getting sessions for user:email...
2025-11-24 00:02:54.833 [info] Got 1 sessions for user:email...
