2025-11-19 23:44:09.196 [info] Reading sessions from keychain...
2025-11-19 23:44:09.196 [info] Getting sessions for all scopes...
2025-11-19 23:44:09.196 [info] Got stored sessions!
2025-11-19 23:44:09.196 [info] Got 1 verified sessions.
2025-11-19 23:44:09.196 [info] Got 1 sessions for ...
2025-11-19 23:44:09.196 [info] Getting sessions for all scopes...
2025-11-19 23:44:09.196 [info] Got 1 sessions for ...
2025-11-19 23:44:09.196 [info] Getting sessions for all scopes...
2025-11-19 23:44:09.196 [info] Got 1 sessions for ...
2025-11-19 23:44:09.196 [info] Getting sessions for all scopes...
2025-11-19 23:44:09.196 [info] Got 1 sessions for ...
2025-11-19 23:44:09.196 [info] Getting sessions for all scopes...
2025-11-19 23:44:09.196 [info] Got 1 sessions for ...
2025-11-19 23:44:09.196 [info] Getting sessions for all scopes...
2025-11-19 23:44:09.196 [info] Got 1 sessions for ...
2025-11-19 23:44:09.196 [info] Getting sessions for all scopes...
2025-11-19 23:44:09.196 [info] Got 1 sessions for ...
2025-11-19 23:44:09.196 [info] Getting sessions for all scopes...
2025-11-19 23:44:09.196 [info] Got 1 sessions for ...
2025-11-19 23:44:09.196 [info] Getting sessions for all scopes...
2025-11-19 23:44:09.196 [info] Got 1 sessions for ...
2025-11-19 23:44:09.196 [info] Getting sessions for all scopes...
2025-11-19 23:44:09.196 [info] Got 1 sessions for ...
2025-11-19 23:44:09.196 [info] Getting sessions for all scopes...
2025-11-19 23:44:09.196 [info] Got 1 sessions for ...
2025-11-19 23:44:09.196 [info] Getting sessions for all scopes...
2025-11-19 23:44:09.196 [info] Got 1 sessions for ...
2025-11-19 23:44:09.196 [info] Getting sessions for all scopes...
2025-11-19 23:44:09.196 [info] Got 1 sessions for ...
2025-11-19 23:44:09.196 [info] Getting sessions for all scopes...
2025-11-19 23:44:09.196 [info] Got 1 sessions for ...
2025-11-19 23:44:09.196 [info] Getting sessions for all scopes...
2025-11-19 23:44:09.196 [info] Got 1 sessions for ...
2025-11-19 23:44:09.196 [info] Getting sessions for all scopes...
2025-11-19 23:44:09.196 [info] Got 1 sessions for ...
2025-11-19 23:44:09.196 [info] Getting sessions for all scopes...
2025-11-19 23:44:09.196 [info] Got 1 sessions for ...
2025-11-19 23:44:09.295 [info] Getting sessions for read:user,repo,user:email,workflow...
2025-11-19 23:44:09.295 [info] Got 0 sessions for read:user,repo,user:email,workflow...
2025-11-19 23:44:12.552 [info] Getting sessions for all scopes...
2025-11-19 23:44:12.552 [info] Got 1 sessions for ...
2025-11-19 23:44:12.667 [info] Getting sessions for all scopes...
2025-11-19 23:44:12.667 [info] Got 1 sessions for ...
2025-11-19 23:44:12.692 [info] Getting sessions for user:email...
2025-11-19 23:44:12.692 [info] Got 1 sessions for user:email...
2025-11-19 23:44:12.693 [info] Getting sessions for read:user,repo,user:email,workflow...
2025-11-19 23:44:12.693 [info] Got 0 sessions for read:user,repo,user:email,workflow...
2025-11-19 23:44:12.958 [info] Getting sessions for all scopes...
2025-11-19 23:44:12.958 [info] Got 1 sessions for ...
2025-11-19 23:44:14.249 [info] FetcherService: Electron fetch failed with status: 429 
2025-11-19 23:44:14.326 [info] Getting sessions for read:user,repo,user:email,workflow...
2025-11-19 23:44:14.326 [info] Got 0 sessions for read:user,repo,user:email,workflow...
2025-11-19 23:44:14.333 [info] Getting sessions for all scopes...
2025-11-19 23:44:14.333 [info] Got 1 sessions for ...
2025-11-19 23:44:14.524 [info] Getting sessions for all scopes...
2025-11-19 23:44:14.524 [info] Got 1 sessions for ...
2025-11-19 23:44:14.525 [info] Getting sessions for read:user,repo,user:email,workflow...
2025-11-19 23:44:14.526 [info] Got 0 sessions for read:user,repo,user:email,workflow...
2025-11-19 23:44:15.131 [info] Getting sessions for user:email...
2025-11-19 23:44:15.131 [info] Got 1 sessions for user:email...
2025-11-19 23:44:15.210 [info] Getting sessions for read:user...
2025-11-19 23:44:15.210 [info] Got 0 sessions for read:user...
2025-11-19 23:44:15.210 [info] Getting sessions for read:user,repo,user:email,workflow...
2025-11-19 23:44:15.210 [info] Got 0 sessions for read:user,repo,user:email,workflow...
2025-11-19 23:44:16.036 [info] FetcherService: Node fetch failed with status: 429 Too Many Requests
2025-11-19 23:44:16.097 [info] Getting sessions for user:email...
2025-11-19 23:44:16.097 [info] Got 1 sessions for user:email...
2025-11-19 23:44:16.155 [info] Getting sessions for all scopes...
2025-11-19 23:44:16.155 [info] Got 1 sessions for ...
2025-11-19 23:44:16.155 [info] Getting sessions for all scopes...
2025-11-19 23:44:16.155 [info] Got 1 sessions for ...
2025-11-19 23:44:16.418 [info] Getting sessions for read:user,repo,user:email,workflow...
2025-11-19 23:44:16.418 [info] Got 0 sessions for read:user,repo,user:email,workflow...
2025-11-19 23:44:16.429 [info] Getting sessions for user:email...
2025-11-19 23:44:16.430 [info] Got 1 sessions for user:email...
2025-11-19 23:44:16.437 [info] Getting sessions for read:user,repo,user:email,workflow...
2025-11-19 23:44:16.437 [info] Got 0 sessions for read:user,repo,user:email,workflow...
2025-11-19 23:44:16.760 [info] Getting sessions for all scopes...
2025-11-19 23:44:16.760 [info] Got 1 sessions for ...
2025-11-19 23:44:16.765 [info] Getting sessions for all scopes...
2025-11-19 23:44:16.765 [info] Got 1 sessions for ...
2025-11-19 23:44:16.770 [info] Getting sessions for all scopes...
2025-11-19 23:44:16.770 [info] Got 1 sessions for ...
2025-11-19 23:44:16.803 [info] Getting sessions for all scopes...
2025-11-19 23:44:16.803 [info] Got 1 sessions for ...
2025-11-19 23:44:16.863 [info] Getting sessions for read:user,repo,user:email,workflow...
2025-11-19 23:44:16.863 [info] Got 0 sessions for read:user,repo,user:email,workflow...
2025-11-19 23:44:16.873 [info] Getting sessions for user:email...
2025-11-19 23:44:16.873 [info] Got 1 sessions for user:email...
2025-11-19 23:44:16.874 [info] Getting sessions for read:user,repo,user:email,workflow...
2025-11-19 23:44:16.874 [info] Got 0 sessions for read:user,repo,user:email,workflow...
2025-11-19 23:44:16.902 [info] Getting sessions for all scopes...
2025-11-19 23:44:16.902 [info] Got 1 sessions for ...
2025-11-19 23:44:16.915 [info] Getting sessions for read:user,repo,user:email,workflow...
2025-11-19 23:44:16.915 [info] Got 0 sessions for read:user,repo,user:email,workflow...
2025-11-19 23:44:16.928 [info] Getting sessions for user:email...
2025-11-19 23:44:16.928 [info] Got 1 sessions for user:email...
2025-11-19 23:44:17.045 [info] FetcherService: Node http/s failed with status: 429 Too Many Requests
2025-11-19 23:44:31.355 [info] Getting sessions for all scopes...
2025-11-19 23:44:31.355 [info] Got 1 sessions for ...
2025-11-19 23:44:31.367 [info] Getting sessions for read:user,repo,user:email,workflow...
2025-11-19 23:44:31.367 [info] Got 0 sessions for read:user,repo,user:email,workflow...
2025-11-19 23:44:31.374 [info] Getting sessions for read:user,repo,user:email,workflow...
2025-11-19 23:44:31.374 [info] Got 0 sessions for read:user,repo,user:email,workflow...
2025-11-19 23:44:31.384 [info] Getting sessions for all scopes...
2025-11-19 23:44:31.385 [info] Got 1 sessions for ...
2025-11-19 23:44:31.394 [info] Getting sessions for read:user,repo,user:email,workflow...
2025-11-19 23:44:31.394 [info] Got 0 sessions for read:user,repo,user:email,workflow...
2025-11-19 23:44:31.404 [info] Getting sessions for user:email...
2025-11-19 23:44:31.405 [info] Got 1 sessions for user:email...
2025-11-19 23:44:32.647 [info] Getting sessions for all scopes...
2025-11-19 23:44:32.647 [info] Got 1 sessions for ...
2025-11-19 23:44:32.656 [info] Getting sessions for all scopes...
2025-11-19 23:44:32.656 [info] Got 1 sessions for ...
2025-11-19 23:44:32.666 [info] Getting sessions for read:user,repo,user:email,workflow...
2025-11-19 23:44:32.666 [info] Got 0 sessions for read:user,repo,user:email,workflow...
2025-11-19 23:44:32.668 [info] Getting sessions for user:email...
2025-11-19 23:44:32.668 [info] Got 1 sessions for user:email...
2025-11-19 23:44:32.669 [info] Getting sessions for read:user,repo,user:email,workflow...
2025-11-19 23:44:32.669 [info] Got 0 sessions for read:user,repo,user:email,workflow...
2025-11-19 23:44:32.679 [info] Getting sessions for all scopes...
2025-11-19 23:44:32.679 [info] Got 1 sessions for ...
2025-11-19 23:44:32.680 [info] Getting sessions for read:user,repo,user:email,workflow...
2025-11-19 23:44:32.681 [info] Got 0 sessions for read:user,repo,user:email,workflow...
2025-11-19 23:44:32.687 [info] Getting sessions for user:email...
2025-11-19 23:44:32.687 [info] Got 1 sessions for user:email...
2025-11-19 23:44:33.032 [info] Getting sessions for all scopes...
2025-11-19 23:44:33.032 [info] Got 1 sessions for ...
2025-11-19 23:44:33.032 [info] Getting sessions for all scopes...
2025-11-19 23:44:33.032 [info] Got 1 sessions for ...
2025-11-19 23:44:33.034 [info] Getting sessions for read:user,repo,user:email,workflow...
2025-11-19 23:44:33.034 [info] Got 0 sessions for read:user,repo,user:email,workflow...
2025-11-19 23:44:33.036 [info] Getting sessions for user:email...
2025-11-19 23:44:33.036 [info] Got 1 sessions for user:email...
2025-11-19 23:44:33.036 [info] Getting sessions for read:user,repo,user:email,workflow...
2025-11-19 23:44:33.036 [info] Got 0 sessions for read:user,repo,user:email,workflow...
2025-11-19 23:44:33.063 [info] Getting sessions for all scopes...
2025-11-19 23:44:33.063 [info] Got 1 sessions for ...
2025-11-19 23:44:33.067 [info] Getting sessions for read:user,repo,user:email,workflow...
2025-11-19 23:44:33.067 [info] Got 0 sessions for read:user,repo,user:email,workflow...
2025-11-19 23:44:33.068 [info] Getting sessions for user:email...
2025-11-19 23:44:33.068 [info] Got 1 sessions for user:email...
2025-11-19 23:44:33.567 [info] Getting sessions for all scopes...
2025-11-19 23:44:33.568 [info] Got 1 sessions for ...
2025-11-19 23:44:33.569 [info] Getting sessions for all scopes...
2025-11-19 23:44:33.569 [info] Got 1 sessions for ...
2025-11-19 23:44:33.572 [info] Getting sessions for read:user,repo,user:email,workflow...
2025-11-19 23:44:33.572 [info] Got 0 sessions for read:user,repo,user:email,workflow...
2025-11-19 23:44:33.577 [info] Getting sessions for user:email...
2025-11-19 23:44:33.577 [info] Got 1 sessions for user:email...
2025-11-19 23:52:36.778 [info] Reading sessions from keychain...
2025-11-19 23:52:36.778 [info] Getting sessions for all scopes...
2025-11-19 23:52:36.778 [info] Got stored sessions!
2025-11-19 23:52:36.778 [info] Got 1 verified sessions.
2025-11-19 23:52:36.778 [info] Got 1 sessions for ...
2025-11-19 23:52:36.778 [info] Getting sessions for all scopes...
2025-11-19 23:52:36.778 [info] Got 1 sessions for ...
2025-11-19 23:52:36.778 [info] Getting sessions for all scopes...
2025-11-19 23:52:36.778 [info] Got 1 sessions for ...
2025-11-19 23:52:36.778 [info] Getting sessions for all scopes...
2025-11-19 23:52:36.778 [info] Got 1 sessions for ...
2025-11-19 23:52:36.778 [info] Getting sessions for all scopes...
2025-11-19 23:52:36.778 [info] Got 1 sessions for ...
2025-11-19 23:52:36.778 [info] Getting sessions for all scopes...
2025-11-19 23:52:36.778 [info] Got 1 sessions for ...
2025-11-19 23:52:36.778 [info] Getting sessions for all scopes...
2025-11-19 23:52:36.778 [info] Got 1 sessions for ...
2025-11-19 23:52:36.778 [info] Getting sessions for all scopes...
2025-11-19 23:52:36.778 [info] Got 1 sessions for ...
2025-11-19 23:52:36.778 [info] Getting sessions for all scopes...
2025-11-19 23:52:36.778 [info] Got 1 sessions for ...
2025-11-19 23:52:36.778 [info] Getting sessions for all scopes...
2025-11-19 23:52:36.778 [info] Got 1 sessions for ...
2025-11-19 23:52:36.778 [info] Getting sessions for all scopes...
2025-11-19 23:52:36.778 [info] Got 1 sessions for ...
2025-11-19 23:52:36.778 [info] Getting sessions for all scopes...
2025-11-19 23:52:36.778 [info] Got 1 sessions for ...
2025-11-19 23:52:36.778 [info] Getting sessions for all scopes...
2025-11-19 23:52:36.778 [info] Got 1 sessions for ...
2025-11-19 23:52:36.778 [info] Getting sessions for all scopes...
2025-11-19 23:52:36.778 [info] Got 1 sessions for ...
2025-11-19 23:52:36.778 [info] Getting sessions for all scopes...
2025-11-19 23:52:36.778 [info] Got 1 sessions for ...
2025-11-19 23:52:36.778 [info] Getting sessions for all scopes...
2025-11-19 23:52:36.778 [info] Got 1 sessions for ...
2025-11-19 23:52:36.778 [info] Getting sessions for all scopes...
2025-11-19 23:52:36.778 [info] Got 1 sessions for ...
2025-11-19 23:52:36.778 [info] Getting sessions for all scopes...
2025-11-19 23:52:36.778 [info] Got 1 sessions for ...
2025-11-19 23:52:36.835 [info] Getting sessions for read:user,repo,user:email,workflow...
2025-11-19 23:52:36.836 [info] Got 0 sessions for read:user,repo,user:email,workflow...
2025-11-19 23:52:36.950 [info] Getting sessions for user:email...
2025-11-19 23:52:36.950 [info] Got 1 sessions for user:email...
2025-11-19 23:52:36.950 [info] Getting sessions for read:user,repo,user:email,workflow...
2025-11-19 23:52:36.950 [info] Got 0 sessions for read:user,repo,user:email,workflow...
2025-11-19 23:52:40.232 [info] Getting sessions for all scopes...
2025-11-19 23:52:40.232 [info] Got 1 sessions for ...
2025-11-19 23:52:40.232 [info] Getting sessions for all scopes...
2025-11-19 23:52:40.232 [info] Got 1 sessions for ...
2025-11-19 23:52:40.232 [info] Getting sessions for all scopes...
2025-11-19 23:52:40.232 [info] Got 1 sessions for ...
2025-11-19 23:52:40.716 [info] Getting sessions for read:user,repo,user:email,workflow...
2025-11-19 23:52:40.716 [info] Got 0 sessions for read:user,repo,user:email,workflow...
2025-11-19 23:52:41.336 [info] FetcherService: Electron fetch failed with status: 429 
2025-11-19 23:52:41.365 [info] Getting sessions for all scopes...
2025-11-19 23:52:41.365 [info] Got 1 sessions for ...
2025-11-19 23:52:41.520 [info] Getting sessions for all scopes...
2025-11-19 23:52:41.520 [info] Got 1 sessions for ...
2025-11-19 23:52:41.523 [info] Getting sessions for read:user,repo,user:email,workflow...
2025-11-19 23:52:41.523 [info] Got 0 sessions for read:user,repo,user:email,workflow...
2025-11-19 23:52:41.523 [info] Getting sessions for user:email...
2025-11-19 23:52:41.523 [info] Got 1 sessions for user:email...
2025-11-19 23:52:41.523 [info] Getting sessions for read:user,repo,user:email,workflow...
2025-11-19 23:52:41.523 [info] Got 0 sessions for read:user,repo,user:email,workflow...
2025-11-19 23:52:41.875 [info] Getting sessions for read:user...
2025-11-19 23:52:41.875 [info] Got 0 sessions for read:user...
2025-11-19 23:52:41.880 [info] Getting sessions for read:user,repo,user:email,workflow...
2025-11-19 23:52:41.881 [info] Got 0 sessions for read:user,repo,user:email,workflow...
2025-11-19 23:52:42.151 [info] Getting sessions for user:email...
2025-11-19 23:52:42.151 [info] Got 1 sessions for user:email...
2025-11-19 23:52:42.904 [info] FetcherService: Node fetch failed with status: 429 Too Many Requests
2025-11-19 23:52:43.024 [info] Getting sessions for all scopes...
2025-11-19 23:52:43.025 [info] Got 1 sessions for ...
2025-11-19 23:52:43.025 [info] Getting sessions for all scopes...
2025-11-19 23:52:43.025 [info] Got 1 sessions for ...
2025-11-19 23:52:43.110 [info] Getting sessions for read:user,repo,user:email,workflow...
2025-11-19 23:52:43.110 [info] Got 0 sessions for read:user,repo,user:email,workflow...
2025-11-19 23:52:43.123 [info] Getting sessions for user:email...
2025-11-19 23:52:43.123 [info] Got 1 sessions for user:email...
2025-11-19 23:52:43.123 [info] Getting sessions for read:user,repo,user:email,workflow...
2025-11-19 23:52:43.123 [info] Got 0 sessions for read:user,repo,user:email,workflow...
2025-11-19 23:52:43.400 [info] Getting sessions for all scopes...
2025-11-19 23:52:43.400 [info] Got 1 sessions for ...
2025-11-19 23:52:43.410 [info] Getting sessions for all scopes...
2025-11-19 23:52:43.410 [info] Got 1 sessions for ...
2025-11-19 23:52:43.410 [info] Getting sessions for all scopes...
2025-11-19 23:52:43.410 [info] Got 1 sessions for ...
2025-11-19 23:52:43.422 [info] Getting sessions for all scopes...
2025-11-19 23:52:43.422 [info] Got 1 sessions for ...
2025-11-19 23:52:43.452 [info] Getting sessions for read:user,repo,user:email,workflow...
2025-11-19 23:52:43.452 [info] Got 0 sessions for read:user,repo,user:email,workflow...
2025-11-19 23:52:43.468 [info] Getting sessions for user:email...
2025-11-19 23:52:43.468 [info] Got 1 sessions for user:email...
2025-11-19 23:52:43.476 [info] Getting sessions for read:user,repo,user:email,workflow...
2025-11-19 23:52:43.476 [info] Got 0 sessions for read:user,repo,user:email,workflow...
2025-11-19 23:52:43.494 [info] Getting sessions for all scopes...
2025-11-19 23:52:43.494 [info] Got 1 sessions for ...
2025-11-19 23:52:43.498 [info] Getting sessions for read:user,repo,user:email,workflow...
2025-11-19 23:52:43.499 [info] Got 0 sessions for read:user,repo,user:email,workflow...
2025-11-19 23:52:43.543 [info] Getting sessions for user:email...
2025-11-19 23:52:43.543 [info] Got 1 sessions for user:email...
2025-11-19 23:52:43.947 [info] FetcherService: Node http/s failed with status: 429 Too Many Requests
2025-11-19 23:53:43.099 [info] Getting sessions for all scopes...
2025-11-19 23:53:43.100 [info] Got 1 sessions for ...
2025-11-19 23:53:43.144 [info] Getting sessions for read:user,repo,user:email,workflow...
2025-11-19 23:53:43.144 [info] Got 0 sessions for read:user,repo,user:email,workflow...
2025-11-19 23:53:43.150 [info] Getting sessions for read:user,repo,user:email,workflow...
2025-11-19 23:53:43.150 [info] Got 0 sessions for read:user,repo,user:email,workflow...
2025-11-19 23:53:43.152 [info] Getting sessions for all scopes...
2025-11-19 23:53:43.152 [info] Got 1 sessions for ...
2025-11-19 23:53:43.153 [info] Getting sessions for read:user,repo,user:email,workflow...
2025-11-19 23:53:43.153 [info] Got 0 sessions for read:user,repo,user:email,workflow...
2025-11-19 23:53:43.154 [info] Getting sessions for user:email...
2025-11-19 23:53:43.154 [info] Got 1 sessions for user:email...
2025-11-19 23:53:45.041 [info] Getting sessions for all scopes...
2025-11-19 23:53:45.041 [info] Got 1 sessions for ...
2025-11-19 23:53:45.052 [info] Getting sessions for all scopes...
2025-11-19 23:53:45.052 [info] Got 1 sessions for ...
2025-11-19 23:53:45.055 [info] Getting sessions for read:user,repo,user:email,workflow...
2025-11-19 23:53:45.055 [info] Got 0 sessions for read:user,repo,user:email,workflow...
2025-11-19 23:53:45.067 [info] Getting sessions for user:email...
2025-11-19 23:53:45.067 [info] Got 1 sessions for user:email...
2025-11-19 23:53:45.068 [info] Getting sessions for read:user,repo,user:email,workflow...
2025-11-19 23:53:45.068 [info] Got 0 sessions for read:user,repo,user:email,workflow...
2025-11-19 23:53:45.073 [info] Getting sessions for all scopes...
2025-11-19 23:53:45.073 [info] Got 1 sessions for ...
2025-11-19 23:53:45.075 [info] Getting sessions for read:user,repo,user:email,workflow...
2025-11-19 23:53:45.075 [info] Got 0 sessions for read:user,repo,user:email,workflow...
2025-11-19 23:53:45.085 [info] Getting sessions for user:email...
2025-11-19 23:53:45.085 [info] Got 1 sessions for user:email...
2025-11-19 23:53:45.471 [info] Getting sessions for all scopes...
2025-11-19 23:53:45.471 [info] Got 1 sessions for ...
2025-11-19 23:53:45.474 [info] Getting sessions for read:user,repo,user:email,workflow...
2025-11-19 23:53:45.474 [info] Got 0 sessions for read:user,repo,user:email,workflow...
2025-11-19 23:53:45.479 [info] Getting sessions for read:user,repo,user:email,workflow...
2025-11-19 23:53:45.479 [info] Got 0 sessions for read:user,repo,user:email,workflow...
2025-11-19 23:53:45.488 [info] Getting sessions for all scopes...
2025-11-19 23:53:45.488 [info] Got 1 sessions for ...
2025-11-19 23:53:45.489 [info] Getting sessions for read:user,repo,user:email,workflow...
2025-11-19 23:53:45.489 [info] Got 0 sessions for read:user,repo,user:email,workflow...
2025-11-19 23:53:45.493 [info] Getting sessions for user:email...
2025-11-19 23:53:45.493 [info] Got 1 sessions for user:email...
2025-11-19 23:53:45.909 [info] Getting sessions for all scopes...
2025-11-19 23:53:45.909 [info] Got 1 sessions for ...
2025-11-19 23:53:45.910 [info] Getting sessions for all scopes...
2025-11-19 23:53:45.910 [info] Got 1 sessions for ...
2025-11-19 23:53:45.913 [info] Getting sessions for read:user,repo,user:email,workflow...
2025-11-19 23:53:45.913 [info] Got 0 sessions for read:user,repo,user:email,workflow...
2025-11-19 23:53:45.916 [info] Getting sessions for user:email...
2025-11-19 23:53:45.916 [info] Got 1 sessions for user:email...
2025-11-19 23:53:56.859 [info] Getting sessions for all scopes...
2025-11-19 23:53:56.859 [info] Got 1 sessions for ...
2025-11-19 23:53:56.865 [info] Getting sessions for read:user,repo,user:email,workflow...
2025-11-19 23:53:56.865 [info] Got 0 sessions for read:user,repo,user:email,workflow...
2025-11-19 23:53:56.872 [info] Getting sessions for user:email...
2025-11-19 23:53:56.872 [info] Got 1 sessions for user:email...
2025-11-19 23:59:33.676 [info] Getting sessions for all scopes...
2025-11-19 23:59:33.676 [info] Got 1 sessions for ...
2025-11-19 23:59:33.697 [info] Getting sessions for read:user,repo,user:email,workflow...
2025-11-19 23:59:33.697 [info] Got 0 sessions for read:user,repo,user:email,workflow...
2025-11-19 23:59:33.699 [info] Getting sessions for read:user,repo,user:email,workflow...
2025-11-19 23:59:33.699 [info] Got 0 sessions for read:user,repo,user:email,workflow...
2025-11-19 23:59:33.700 [info] Getting sessions for all scopes...
2025-11-19 23:59:33.700 [info] Got 1 sessions for ...
2025-11-19 23:59:33.701 [info] Getting sessions for read:user,repo,user:email,workflow...
2025-11-19 23:59:33.701 [info] Got 0 sessions for read:user,repo,user:email,workflow...
2025-11-19 23:59:33.710 [info] Getting sessions for user:email...
2025-11-19 23:59:33.710 [info] Got 1 sessions for user:email...
2025-11-19 23:59:34.694 [info] Getting sessions for all scopes...
2025-11-19 23:59:34.694 [info] Got 1 sessions for ...
2025-11-19 23:59:34.710 [info] Getting sessions for read:user,repo,user:email,workflow...
2025-11-19 23:59:34.710 [info] Got 0 sessions for read:user,repo,user:email,workflow...
2025-11-19 23:59:34.713 [info] Getting sessions for all scopes...
2025-11-19 23:59:34.713 [info] Got 1 sessions for ...
2025-11-19 23:59:34.715 [info] Getting sessions for user:email...
2025-11-19 23:59:34.715 [info] Got 1 sessions for user:email...
2025-11-19 23:59:34.715 [info] Getting sessions for read:user,repo,user:email,workflow...
2025-11-19 23:59:34.715 [info] Got 0 sessions for read:user,repo,user:email,workflow...
2025-11-19 23:59:34.724 [info] Getting sessions for read:user,repo,user:email,workflow...
2025-11-19 23:59:34.724 [info] Got 0 sessions for read:user,repo,user:email,workflow...
2025-11-19 23:59:34.725 [info] Getting sessions for all scopes...
2025-11-19 23:59:34.725 [info] Got 1 sessions for ...
2025-11-19 23:59:34.726 [info] Getting sessions for read:user,repo,user:email,workflow...
2025-11-19 23:59:34.726 [info] Got 0 sessions for read:user,repo,user:email,workflow...
2025-11-19 23:59:34.727 [info] Getting sessions for user:email...
2025-11-19 23:59:34.727 [info] Got 1 sessions for user:email...
2025-11-19 23:59:35.576 [info] Getting sessions for all scopes...
2025-11-19 23:59:35.576 [info] Got 1 sessions for ...
2025-11-19 23:59:35.578 [info] Getting sessions for read:user,repo,user:email,workflow...
2025-11-19 23:59:35.578 [info] Got 0 sessions for read:user,repo,user:email,workflow...
2025-11-19 23:59:35.582 [info] Getting sessions for user:email...
2025-11-19 23:59:35.582 [info] Got 1 sessions for user:email...
2025-11-20 00:06:13.770 [info] Getting sessions for all scopes...
2025-11-20 00:06:13.770 [info] Got 1 sessions for ...
2025-11-20 00:06:13.773 [info] Getting sessions for read:user,repo,user:email,workflow...
2025-11-20 00:06:13.773 [info] Got 0 sessions for read:user,repo,user:email,workflow...
2025-11-20 00:06:13.775 [info] Getting sessions for read:user,repo,user:email,workflow...
2025-11-20 00:06:13.775 [info] Got 0 sessions for read:user,repo,user:email,workflow...
2025-11-20 00:06:13.777 [info] Getting sessions for all scopes...
2025-11-20 00:06:13.777 [info] Got 1 sessions for ...
2025-11-20 00:06:13.778 [info] Getting sessions for read:user,repo,user:email,workflow...
2025-11-20 00:06:13.778 [info] Got 0 sessions for read:user,repo,user:email,workflow...
2025-11-20 00:06:13.780 [info] Getting sessions for user:email...
2025-11-20 00:06:13.780 [info] Got 1 sessions for user:email...
2025-11-20 00:06:15.110 [info] Getting sessions for all scopes...
2025-11-20 00:06:15.110 [info] Got 1 sessions for ...
2025-11-20 00:06:15.116 [info] Getting sessions for all scopes...
2025-11-20 00:06:15.116 [info] Got 1 sessions for ...
2025-11-20 00:06:15.117 [info] Getting sessions for read:user,repo,user:email,workflow...
2025-11-20 00:06:15.117 [info] Got 0 sessions for read:user,repo,user:email,workflow...
2025-11-20 00:06:15.118 [info] Getting sessions for user:email...
2025-11-20 00:06:15.118 [info] Got 1 sessions for user:email...
2025-11-20 00:06:15.118 [info] Getting sessions for read:user,repo,user:email,workflow...
2025-11-20 00:06:15.118 [info] Got 0 sessions for read:user,repo,user:email,workflow...
2025-11-20 00:06:15.126 [info] Getting sessions for all scopes...
2025-11-20 00:06:15.126 [info] Got 1 sessions for ...
2025-11-20 00:06:15.128 [info] Getting sessions for read:user,repo,user:email,workflow...
2025-11-20 00:06:15.128 [info] Got 0 sessions for read:user,repo,user:email,workflow...
2025-11-20 00:06:15.131 [info] Getting sessions for user:email...
2025-11-20 00:06:15.131 [info] Got 1 sessions for user:email...
2025-11-20 00:06:15.986 [info] Getting sessions for all scopes...
2025-11-20 00:06:15.986 [info] Got 1 sessions for ...
2025-11-20 00:06:15.989 [info] Getting sessions for read:user,repo,user:email,workflow...
2025-11-20 00:06:15.989 [info] Got 0 sessions for read:user,repo,user:email,workflow...
2025-11-20 00:06:15.992 [info] Getting sessions for user:email...
2025-11-20 00:06:15.992 [info] Got 1 sessions for user:email...
2025-11-20 00:13:25.332 [info] Getting sessions for all scopes...
2025-11-20 00:13:25.332 [info] Got 1 sessions for ...
2025-11-20 00:13:25.344 [info] Getting sessions for read:user,repo,user:email,workflow...
2025-11-20 00:13:25.344 [info] Got 0 sessions for read:user,repo,user:email,workflow...
2025-11-20 00:13:25.347 [info] Getting sessions for read:user,repo,user:email,workflow...
2025-11-20 00:13:25.347 [info] Got 0 sessions for read:user,repo,user:email,workflow...
2025-11-20 00:13:25.349 [info] Getting sessions for all scopes...
2025-11-20 00:13:25.349 [info] Got 1 sessions for ...
2025-11-20 00:13:25.351 [info] Getting sessions for read:user,repo,user:email,workflow...
2025-11-20 00:13:25.351 [info] Got 0 sessions for read:user,repo,user:email,workflow...
2025-11-20 00:13:25.352 [info] Getting sessions for user:email...
2025-11-20 00:13:25.352 [info] Got 1 sessions for user:email...
2025-11-20 00:13:26.970 [info] Getting sessions for all scopes...
2025-11-20 00:13:26.970 [info] Got 1 sessions for ...
2025-11-20 00:13:26.978 [info] Getting sessions for all scopes...
2025-11-20 00:13:26.978 [info] Got 1 sessions for ...
2025-11-20 00:13:26.980 [info] Getting sessions for read:user,repo,user:email,workflow...
2025-11-20 00:13:26.980 [info] Got 0 sessions for read:user,repo,user:email,workflow...
2025-11-20 00:13:26.982 [info] Getting sessions for user:email...
2025-11-20 00:13:26.982 [info] Got 1 sessions for user:email...
2025-11-20 00:13:26.983 [info] Getting sessions for read:user,repo,user:email,workflow...
2025-11-20 00:13:26.983 [info] Got 0 sessions for read:user,repo,user:email,workflow...
2025-11-20 00:13:26.986 [info] Getting sessions for all scopes...
2025-11-20 00:13:26.986 [info] Got 1 sessions for ...
2025-11-20 00:13:26.993 [info] Getting sessions for read:user,repo,user:email,workflow...
2025-11-20 00:13:26.993 [info] Got 0 sessions for read:user,repo,user:email,workflow...
2025-11-20 00:13:26.996 [info] Getting sessions for user:email...
2025-11-20 00:13:26.996 [info] Got 1 sessions for user:email...
2025-11-20 00:13:27.411 [info] Getting sessions for all scopes...
2025-11-20 00:13:27.411 [info] Got 1 sessions for ...
2025-11-20 00:13:27.415 [info] Getting sessions for read:user,repo,user:email,workflow...
2025-11-20 00:13:27.415 [info] Got 0 sessions for read:user,repo,user:email,workflow...
2025-11-20 00:13:27.416 [info] Getting sessions for user:email...
2025-11-20 00:13:27.416 [info] Got 1 sessions for user:email...
2025-11-20 00:13:44.941 [info] Getting sessions for all scopes...
2025-11-20 00:13:44.941 [info] Got 1 sessions for ...
2025-11-20 00:13:44.943 [info] Getting sessions for read:user,repo,user:email,workflow...
2025-11-20 00:13:44.943 [info] Got 0 sessions for read:user,repo,user:email,workflow...
2025-11-20 00:13:44.944 [info] Getting sessions for user:email...
2025-11-20 00:13:44.944 [info] Got 1 sessions for user:email...
2025-11-20 00:13:45.875 [info] Getting sessions for all scopes...
2025-11-20 00:13:45.875 [info] Got 1 sessions for ...
2025-11-20 00:13:45.875 [info] Getting sessions for all scopes...
2025-11-20 00:13:45.875 [info] Got 1 sessions for ...
2025-11-20 00:13:45.888 [info] Getting sessions for read:user,repo,user:email,workflow...
2025-11-20 00:13:45.888 [info] Got 0 sessions for read:user,repo,user:email,workflow...
2025-11-20 00:13:45.890 [info] Getting sessions for user:email...
2025-11-20 00:13:45.890 [info] Got 1 sessions for user:email...
2025-11-20 00:13:45.891 [info] Getting sessions for read:user,repo,user:email,workflow...
2025-11-20 00:13:45.891 [info] Got 0 sessions for read:user,repo,user:email,workflow...
2025-11-20 00:13:45.899 [info] Getting sessions for all scopes...
2025-11-20 00:13:45.899 [info] Got 1 sessions for ...
2025-11-20 00:13:45.900 [info] Getting sessions for read:user,repo,user:email,workflow...
2025-11-20 00:13:45.900 [info] Got 0 sessions for read:user,repo,user:email,workflow...
2025-11-20 00:13:45.901 [info] Getting sessions for read:user,repo,user:email,workflow...
2025-11-20 00:13:45.901 [info] Got 0 sessions for read:user,repo,user:email,workflow...
2025-11-20 00:13:45.902 [info] Getting sessions for all scopes...
2025-11-20 00:13:45.902 [info] Got 1 sessions for ...
2025-11-20 00:13:45.902 [info] Getting sessions for read:user,repo,user:email,workflow...
2025-11-20 00:13:45.902 [info] Got 0 sessions for read:user,repo,user:email,workflow...
2025-11-20 00:13:45.903 [info] Getting sessions for user:email...
2025-11-20 00:13:45.903 [info] Got 1 sessions for user:email...
2025-11-20 00:13:49.735 [info] Getting sessions for all scopes...
2025-11-20 00:13:49.735 [info] Got 1 sessions for ...
2025-11-20 00:13:49.769 [info] Getting sessions for read:user,repo,user:email,workflow...
2025-11-20 00:13:49.770 [info] Got 0 sessions for read:user,repo,user:email,workflow...
2025-11-20 00:13:49.786 [info] Getting sessions for read:user,repo,user:email,workflow...
2025-11-20 00:13:49.786 [info] Got 0 sessions for read:user,repo,user:email,workflow...
2025-11-20 00:13:49.790 [info] Getting sessions for all scopes...
2025-11-20 00:13:49.790 [info] Got 1 sessions for ...
2025-11-20 00:13:49.792 [info] Getting sessions for read:user,repo,user:email,workflow...
2025-11-20 00:13:49.792 [info] Got 0 sessions for read:user,repo,user:email,workflow...
2025-11-20 00:13:49.799 [info] Getting sessions for user:email...
2025-11-20 00:13:49.799 [info] Got 1 sessions for user:email...
2025-11-20 00:24:51.814 [info] Getting sessions for all scopes...
2025-11-20 00:24:51.823 [info] Got 1 sessions for ...
2025-11-20 00:24:51.825 [info] Getting sessions for read:user,repo,user:email,workflow...
2025-11-20 00:24:51.825 [info] Got 0 sessions for read:user,repo,user:email,workflow...
2025-11-20 00:24:51.826 [info] Getting sessions for read:user,repo,user:email,workflow...
2025-11-20 00:24:51.826 [info] Got 0 sessions for read:user,repo,user:email,workflow...
2025-11-20 00:24:51.826 [info] Getting sessions for all scopes...
2025-11-20 00:24:51.826 [info] Got 1 sessions for ...
2025-11-20 00:24:51.827 [info] Getting sessions for read:user,repo,user:email,workflow...
2025-11-20 00:24:51.827 [info] Got 0 sessions for read:user,repo,user:email,workflow...
2025-11-20 00:24:51.828 [info] Getting sessions for user:email...
2025-11-20 00:24:51.828 [info] Got 1 sessions for user:email...
2025-11-20 00:24:53.564 [info] Getting sessions for all scopes...
2025-11-20 00:24:53.564 [info] Got 1 sessions for ...
2025-11-20 00:24:53.565 [info] Getting sessions for all scopes...
2025-11-20 00:24:53.565 [info] Got 1 sessions for ...
2025-11-20 00:24:53.583 [info] Getting sessions for read:user,repo,user:email,workflow...
2025-11-20 00:24:53.583 [info] Got 0 sessions for read:user,repo,user:email,workflow...
2025-11-20 00:24:53.593 [info] Getting sessions for user:email...
2025-11-20 00:24:53.593 [info] Got 1 sessions for user:email...
2025-11-20 00:24:53.597 [info] Getting sessions for read:user,repo,user:email,workflow...
2025-11-20 00:24:53.597 [info] Got 0 sessions for read:user,repo,user:email,workflow...
2025-11-20 00:24:53.615 [info] Getting sessions for all scopes...
2025-11-20 00:24:53.615 [info] Got 1 sessions for ...
2025-11-20 00:24:53.635 [info] Getting sessions for read:user,repo,user:email,workflow...
2025-11-20 00:24:53.635 [info] Got 0 sessions for read:user,repo,user:email,workflow...
2025-11-20 00:24:53.652 [info] Getting sessions for user:email...
2025-11-20 00:24:53.652 [info] Got 1 sessions for user:email...
2025-11-20 00:24:54.079 [info] Getting sessions for all scopes...
2025-11-20 00:24:54.079 [info] Got 1 sessions for ...
2025-11-20 00:24:54.083 [info] Getting sessions for read:user,repo,user:email,workflow...
2025-11-20 00:24:54.083 [info] Got 0 sessions for read:user,repo,user:email,workflow...
2025-11-20 00:24:54.085 [info] Getting sessions for user:email...
2025-11-20 00:24:54.085 [info] Got 1 sessions for user:email...
